180905112151:Miner17664[C13]Status:已加载ip117.82.127.158:10040
180905112151:Miner17664[C13]Status:初始化完成
180905112151:Miner17664[C13]Status:更新设置
180905112151:Miner17664[C13]Status:目标服务器加载完成,共计1个
180905112202:Miner17664[C13]Status:无涯子7538/23000.00
180905112202:Miner17664[C13]Status:1次刷新 剑烛沧海 结束
180905112207:Miner17664[C13]Status:2次刷新 剑烛沧海 结束
180905112212:Miner17664[C13]Status:3次刷新 剑烛沧海 结束
180905112215:Miner17664[C13]Status:4次刷新 剑烛沧海 结束
180905112221:Miner17664[C13]Status:5次刷新 剑烛沧海 结束
180905112229:Miner17664[C13]Status:6次刷新 剑烛沧海 结束
180905112234:Miner17664[C13]Status:7次刷新 剑烛沧海 结束
180905112239:Miner17664[C13]Status:8次刷新 剑烛沧海 结束
180905112245:Miner17664[C13]Status:9次刷新 剑烛沧海 结束
180905112251:Miner17664[C13]Status:10次刷新 剑烛沧海 结束
180905112255:Miner17664[C13]Status:11次刷新 剑烛沧海 结束
180905112259:Miner17664[C13]Status:12次刷新 剑烛沧海 结束
180905112304:Miner17664[C13]Status:13次刷新 剑烛沧海 结束
180905112308:Miner17664[C13]Status:14次刷新 剑烛沧海 结束
180905112312:Miner17664[C13]Status:15次刷新 剑烛沧海 结束
180905112316:Miner17664[C13]Status:16次刷新 剑烛沧海 结束
180905112320:Miner17664[C13]Status:17次刷新 剑烛沧海 结束
180905112325:Miner17664[C13]Status:18次刷新 剑烛沧海 结束
180905112327:Miner17664[C13]Status:19次刷新 剑烛沧海 结束
180905112331:Miner17664[C13]Status:20次刷新 剑烛沧海 结束
180905112335:Miner17664[C13]Status:21次刷新 剑烛沧海 结束
180905112340:Miner17664[C13]Status:22次刷新 剑烛沧海 结束
180905112346:Miner17664[C13]Status:23次刷新 剑烛沧海 结束
180905112350:Miner17664[C13]Status:24次刷新 剑烛沧海 结束
180905112356:Miner17664[C13]Status:25次刷新 剑烛沧海 结束
180905112401:Miner17664[C13]Status:26次刷新 剑烛沧海 结束
180905112406:Miner17664[C13]Status:27次刷新 剑烛沧海 结束
180905112410:Miner17664[C13]Status:28次刷新 剑烛沧海 结束
180905112414:Miner17664[C13]Status:29次刷新 剑烛沧海 结束
180905112418:Miner17664[C13]Status:30次刷新 剑烛沧海 结束
