180905112202:Miner17664[C13]新物品召唤兽种类:
松鼠$普$1.605$不变色
拨浪鼓$普$1.294$变色
冥灵妃子$普$1.585$不变色
拨浪鼓$普$1.324$变色
泥石怪$普$1.634$变色
松鼠$普$1.575$不变色
吉祥果$普$1.324$变色
拨浪鼓$普$1.324$变色
拨浪鼓$普$1.324$变色
冰雪魔$普$1.634$不变色
冰雪魔$普$1.634$不变色
冰雪魔$普$1.634$不变色
冰雪魔$普$1.634$不变色
精卫$普$1.653$不变色
拨浪鼓$普$1.294$变色
泥石怪$普$1.634$变色
剑精灵$普$1.605$不变色

180905112202:Miner17664[C13]人物估价: Max(等级(180),飞升等级=> 天赋(1200)+成就(500))+财产(11)+帮派成就(7)+家具回灵(0)
180905112202:Miner17664[C13]召唤兽估价max((等级点化177级(70)+技能高级分裂攻击.春风拂面,妙手回春,吉人天相,高级分裂攻击,神工鬼力(80)+技能数量5(100)+基础松鼠$普$1.605$不变色(0)+修炼无修炼(0)),(觉醒技能已觉醒(100)+饰品-1(0)))
180905112202:Miner17664[C13]召唤兽估价max((等级点化181级(70)+技能.回源,视死如归,帐饮东都,烈火诀(0)+技能数量4(0)+基础拨浪鼓$普$1.294$变色(0)+修炼无修炼(0)),(觉醒技能未觉醒(0)+饰品-1(0)))
180905112202:Miner17664[C13]召唤兽估价max((等级点化174级(70)+技能义之金叶神.义之金叶神,春风拂面,遗患,吉人天相,仙风道骨(80)+技能数量5(100)+基础冥灵妃子$普$1.585$不变色(0)+修炼无修炼(0)),(觉醒技能未觉醒(0)+饰品-1(0)))
180905112202:Miner17664[C13]召唤兽估价max((等级点化172级(70)+技能大隐于朝.如人饮水,福禄双全,大隐于朝,仙风道骨(150)+技能数量4(0)+基础拨浪鼓$普$1.324$变色(0)+修炼无修炼(0)),(觉醒技能未觉醒(0)+饰品-1(0)))
180905112202:Miner17664[C13]召唤兽估价max((等级点化169级(50)+技能信之土叶神.信之土叶神,高级分裂攻击,仙风道骨,遗产,神工鬼力(80)+技能数量5(0)+基础泥石怪$普$1.634$变色(0)+修炼无修炼(0)),(觉醒技能未觉醒(0)+饰品-1(0)))
180905112202:Miner17664[C13]召唤兽估价max((等级点化175级(70)+技能大隐于朝.吉人天相,大隐于朝,物以类聚,仙风道骨,已开启(150)+技能数量5(100)+基础松鼠$普$1.575$不变色(0)+修炼无修炼(0)),(觉醒技能未觉醒(0)+饰品-1(0)))
180905112202:Miner17664[C13]召唤兽估价max((等级点化189级(70)+技能神出鬼没.视死如归,沧海诀,春意盎然,如人饮水,神出鬼没,仙风道骨(180)+技能数量6(500)+基础吉祥果$普$1.324$变色(150)+修炼无修炼(0)),(觉醒技能未觉醒(0)+饰品269(60)))
180905112202:Miner17664[C13]召唤兽估价max((等级点化181级(70)+技能.如人饮水,牵制,福禄双全,物以类聚,帐饮东都(0)+技能数量5(150)+基础拨浪鼓$普$1.324$变色(0)+修炼无修炼(0)),(觉醒技能未觉醒(0)+饰品-1(0)))
180905112202:Miner17664[C13]召唤兽估价max((等级点化177级(70)+技能大隐于朝.视死如归,福禄双全,如人饮水,春意盎然,大隐于朝(150)+技能数量5(150)+基础拨浪鼓$普$1.324$变色(0)+修炼无修炼(0)),(觉醒技能已觉醒(100)+饰品-1(0)))
180905112202:Miner17664[C13]召唤兽估价max((等级点化170级(70)+技能神出鬼没.厚土诀,神出鬼没,舍生取义,仙风道骨,已开启(180)+技能数量5(100)+基础冰雪魔$普$1.634$不变色(0)+修炼无修炼(0)),(觉醒技能未觉醒(0)+饰品-1(0)))
180905112202:Miner17664[C13]召唤兽估价max((等级点化174级(70)+技能神出鬼没.妙手回春,神出鬼没,仙风道骨,回源,已开启(180)+技能数量5(100)+基础冰雪魔$普$1.634$不变色(0)+修炼无修炼(0)),(觉醒技能未觉醒(0)+饰品-1(0)))
180905112202:Miner17664[C13]召唤兽估价max((等级点化172级(70)+技能神出鬼没.春风拂面,神出鬼没,吉人天相,仙风道骨(180)+技能数量4(0)+基础冰雪魔$普$1.634$不变色(0)+修炼无修炼(0)),(觉醒技能未觉醒(0)+饰品-1(0)))
180905112202:Miner17664[C13]召唤兽估价max((等级点化174级(70)+技能神出鬼没.妙手回春,吉人天相,神出鬼没,仙风道骨,已开启(180)+技能数量5(100)+基础冰雪魔$普$1.634$不变色(0)+修炼无修炼(0)),(觉醒技能未觉醒(0)+饰品-1(0)))
180905112202:Miner17664[C13]召唤兽估价max((等级点化171级(70)+技能鬼神莫测.鬼神莫测,仙风道骨,已开启(150)+技能数量3(0)+基础精卫$普$1.653$不变色(0)+修炼无修炼(0)),(觉醒技能未觉醒(0)+饰品-1(0)))
180905112202:Miner17664[C13]召唤兽估价max((等级点化170级(70)+技能.春意盎然,福禄双全,遗产(0)+技能数量3(0)+基础拨浪鼓$普$1.294$变色(0)+修炼无修炼(0)),(觉醒技能已觉醒(100)+饰品-1(0)))
180905112202:Miner17664[C13]召唤兽估价max((等级点化173级(50)+技能大隐于朝.木灵诀,福禄双全,妙手回春,仙风道骨,大隐于朝,已开启(150)+技能数量6(100)+基础泥石怪$普$1.634$变色(0)+修炼无修炼(0)),(觉醒技能已觉醒(100)+饰品-1(0)))
180905112202:Miner17664[C13]召唤兽估价max((等级点化180级(70)+技能.沧海诀,妙手回春,春意盎然,如人饮水,高级禅机顿悟,已开启(0)+技能数量6(200)+基础剑精灵$普$1.605$不变色(0)+修炼无修炼(0)),(觉醒技能未觉醒(0)+饰品-1(0)))
180905112202:Miner17664[C13]共有58件装备
180905112202:Miner17664[C13]7级装备默契:11872/12000,价值:80
180905112202:Miner17664[C13]0阶仙器价值0'虎啸雷鼓出关去，立马横刀破军来。破军者，纵横六合之良材，气吞八荒之虎将。#r【品质】把玩#r【装备部位】腰带#r【装备角色】男性角色'#r7级佩饰
180905112202:Miner17664[C13]不存在的名称祥云流带
180905112202:Miner17664[C13]符石价值总价:0
180905112202:Miner17664[C13]6级装备默契:10000/10000,价值:30
180905112202:Miner17664[C13]0阶仙器价值0'顶摩霄汉中，根接须弥脉。#r【品质】把玩#r【装备部位】挂件#r【装备角色】男性角色'#r6级佩饰
180905112202:Miner17664[C13]不存在的名称霁月古镜
180905112202:Miner17664[C13]符石价值总价:0
180905112202:Miner17664[C13]7级装备默契:12000/12000,价值:80
180905112202:Miner17664[C13]0阶仙器价值0'顶摩霄汉中，根接须弥脉。#r【品质】把玩#r【装备部位】披风#r【装备角色】男性角色'#r7级佩饰
180905112202:Miner17664[C13]不存在的名称流火披风
180905112202:Miner17664[C13]符石价值总价:0
180905112202:Miner17664[C13]7级装备默契:12000/12000,价值:80
180905112202:Miner17664[C13]0阶仙器价值0'顶摩霄汉中，根接须弥脉。#r【品质】把玩#r【装备部位】右戒指#r【装备角色】男性角色'#r7级佩饰
180905112202:Miner17664[C13]不存在的名称翠玉扳指
180905112202:Miner17664[C13]符石价值总价:0
180905112202:Miner17664[C13]7级装备默契:11767/12000,价值:80
180905112202:Miner17664[C13]0阶仙器价值0'虎啸雷鼓出关去，立马横刀破军来。破军者，纵横六合之良材，气吞八荒之虎将。#r【品质】把玩#r【装备部位】左戒指#r【装备角色】男性角色'#r7级佩饰
180905112202:Miner17664[C13]不存在的名称翠玉扳指
180905112202:Miner17664[C13]符石价值总价:0
180905112202:Miner17664[C13]7级装备默契:12000/12000,价值:80
180905112202:Miner17664[C13]0阶仙器价值0'顶摩霄汉中，根接须弥脉。#r【品质】把玩#r【装备部位】面具#r【装备角色】男性角色'#r7级佩饰
180905112202:Miner17664[C13]不存在的名称琅琊梦断
180905112202:Miner17664[C13]符石价值总价:0
180905112202:Miner17664[C13]不存在的等级规则:1
180905112202:Miner17664[C13]0阶仙器价值0'鸿蒙太初，无字天书。#r【等级】十五级#r【装备部位】武器#r【装备角色】无涯子、纯阳子'#r
180905112202:Miner17664[C13]不存在的名称太初
180905112202:Miner17664[C13]符石价值总价:0
180905112202:Miner17664[C13]不存在的等级规则:1
180905112202:Miner17664[C13]0阶仙器价值0'虎啸雷鼓出关去，立马横刀破军来。破军者，纵横六合之良材，气吞八荒之虎将。#r【品质】把玩#r【装备部位】项链#r【装备角色】男性角色'#r11级高级装备
180905112202:Miner17664[C13]不存在的名称九转水晶
180905112202:Miner17664[C13]符石价值总价:0
180905112202:Miner17664[C13]不存在的等级规则:1
180905112202:Miner17664[C13]0阶仙器价值0'#r出人行藏礼义恭#r言必忠良听入聪#r心下了然俱洞澈#r光明如日正当空#r#r【等级】七级#r【装备部位】护身符#r【装备角色】全部'#r
180905112202:Miner17664[C13]不存在的名称红日当空
180905112202:Miner17664[C13]符石价值总价:0
180905112202:Miner17664[C13]不存在的等级规则:1
180905112202:Miner17664[C13]0阶仙器价值0'追星踏月什么的已经过时了，现在的高端人士都改走“陌上花开当缓缓归矣”这种闷骚路线了。#r【等级】十五级#r【耐久度】1500#r【装备条件】等级140#r【装备角色】所有'#r
180905112202:Miner17664[C13]不存在的名称缓归
180905112202:Miner17664[C13]符石价值总价:0
180905112202:Miner17664[C13]不存在的等级规则:1
180905112202:Miner17664[C13]0阶仙器价值0'顶摩霄汉中，根接须弥脉。#r【品质】把玩#r【装备部位】衣服#r【装备角色】男性角色'#r14级高级装备
180905112202:Miner17664[C13]不存在的名称狂雷
180905112202:Miner17664[C13]符石价值总价:0
180905112202:Miner17664[C13]不存在的等级规则:1
180905112202:Miner17664[C13]0阶仙器价值0'虎啸雷鼓出关去，立马横刀破军来。破军者，纵横六合之良材，气吞八荒之虎将。#r【品质】把玩#r【装备部位】帽子#r【装备角色】男性角色'#r15级高级装备
180905112202:Miner17664[C13]不存在的名称云障
180905112202:Miner17664[C13]符石价值总价:0
180905112202:Miner17664[C13]不存在的等级规则:1
180905112202:Miner17664[C13]0阶仙器价值0'虎啸雷鼓出关去，立马横刀破军来。破军者，纵横六合之良材，气吞八荒之虎将。#r【品质】贴身#r【装备部位】项链#r【装备角色】男性角色'#r16级高级装备
180905112202:Miner17664[C13]不存在的名称夜皎
180905112202:Miner17664[C13]符石价值总价:0
180905112202:Miner17664[C13]不存在的等级规则:1
180905112202:Miner17664[C13]0阶仙器价值0'虎啸雷鼓出关去，立马横刀破军来。破军者，纵横六合之良材，气吞八荒之虎将。#r【品质】贴身#r【装备部位】帽子#r【装备角色】男性角色'#r5级神兵
180905112202:Miner17664[C13]符石价值总价:0
180905112202:Miner17664[C13]不存在的等级规则:1
180905112202:Miner17664[C13]0阶仙器价值0'崔判官的生死簿，簿上的每个人都会死。每个人都能在簿上找到自己的名字。早死晚死只是时间问题。#r【装备部位】武器#r【装备角色】无涯子'#r
180905112202:Miner17664[C13]装备 生死簿：忽视抗鬼火,，等级5,价值1000
180905112202:Miner17664[C13]符石价值总价:0
180905112202:Miner17664[C13]7级装备默契:12000/12000,价值:80
180905112202:Miner17664[C13]0阶仙器价值0'虎啸雷鼓出关去，立马横刀破军来。破军者，纵横六合之良材，气吞八荒之虎将。#r【品质】贴身#r【装备部位】腰带#r【装备角色】男性角色'#r7级佩饰
180905112202:Miner17664[C13]不存在的名称祥云流带
180905112202:Miner17664[C13]符石价值总价:0
180905112202:Miner17664[C13]不存在的等级规则:1
180905112202:Miner17664[C13]0阶仙器价值0'虎啸雷鼓出关去，立马横刀破军来。破军者，纵横六合之良材，气吞八荒之虎将。#r【品质】把玩#r【装备部位】帽子#r【装备角色】男性角色'#r15级高级装备
180905112202:Miner17664[C13]不存在的名称云障
180905112202:Miner17664[C13]符石价值总价:0
180905112202:Miner17664[C13]不存在的等级规则:1
180905112202:Miner17664[C13]0阶仙器价值0'虎啸雷鼓出关去，立马横刀破军来。破军者，纵横六合之良材，气吞八荒之虎将。#r【品质】把玩#r【装备部位】项链#r【装备角色】男性角色'#r11级高级装备
180905112202:Miner17664[C13]不存在的名称九转水晶
180905112202:Miner17664[C13]符石价值总价:0
180905112202:Miner17664[C13]不存在的等级规则:1
180905112202:Miner17664[C13]0阶仙器价值0'一气化三清，封神榜中留。72地煞星之一。'#r
180905112202:Miner17664[C13]不存在的名称地魁星
180905112202:Miner17664[C13]符石价值总价:0
180905112202:Miner17664[C13]不存在的等级规则:1
180905112202:Miner17664[C13]0阶仙器价值0'一气化三清，封神榜中留。72地煞星之一。'#r
180905112202:Miner17664[C13]不存在的名称地魁星
180905112202:Miner17664[C13]符石价值总价:0
180905112202:Miner17664[C13]7级装备默契:11987/12000,价值:80
180905112202:Miner17664[C13]0阶仙器价值0'虎啸雷鼓出关去，立马横刀破军来。破军者，纵横六合之良材，气吞八荒之虎将。#r【品质】贴身#r【装备部位】左戒指#r【装备角色】男性角色'#r7级佩饰
180905112202:Miner17664[C13]不存在的名称翠玉扳指
180905112202:Miner17664[C13]符石价值总价:0
180905112202:Miner17664[C13]7级装备默契:9472/12000,价值:60
180905112202:Miner17664[C13]0阶仙器价值0'虎啸雷鼓出关去，立马横刀破军来。破军者，纵横六合之良材，气吞八荒之虎将。#r【品质】贴身#r【装备部位】左戒指#r【装备角色】男性角色'#r7级佩饰
180905112202:Miner17664[C13]不存在的名称翠玉扳指
180905112202:Miner17664[C13]符石价值总价:0
180905112202:Miner17664[C13]不存在的等级规则:1
180905112202:Miner17664[C13]0阶仙器价值0'一气化三清，封神榜中留。72地煞星之一。'#r
180905112202:Miner17664[C13]不存在的名称地暗星
180905112202:Miner17664[C13]符石价值总价:0
180905112202:Miner17664[C13]不存在的等级规则:1
180905112202:Miner17664[C13]0阶仙器价值0'#r出人行藏礼义恭#r言必忠良听入聪#r心下了然俱洞澈#r光明如日正当空#r#r【等级】七级#r【装备部位】护身符#r【装备角色】全部'#r
180905112202:Miner17664[C13]不存在的名称红日当空
180905112202:Miner17664[C13]符石价值总价:0
180905112202:Miner17664[C13]不存在的等级规则:1
180905112202:Miner17664[C13]0阶仙器价值0'#r出人行藏礼义恭#r言必忠良听入聪#r心下了然俱洞澈#r光明如日正当空#r#r【等级】七级#r【装备部位】护身符#r【装备角色】全部'#r
180905112202:Miner17664[C13]不存在的名称红日当空
180905112202:Miner17664[C13]符石价值总价:0
180905112202:Miner17664[C13]不存在的等级规则:1
180905112202:Miner17664[C13]0阶仙器价值0'寒山石径斜，白云有人家。是用来合成装备的神奇矿石，可打造到鞋子上。'#r
180905112202:Miner17664[C13]不存在的名称寒山石
180905112202:Miner17664[C13]符石价值总价:0
180905112202:Miner17664[C13]不存在的等级规则:1
180905112202:Miner17664[C13]0阶仙器价值0'有色同寒冰，无物隔纤尘。是用来合成装备的神奇矿石，可打造到鞋子上。'#r
180905112202:Miner17664[C13]不存在的名称琉璃石
180905112202:Miner17664[C13]符石价值总价:0
180905112202:Miner17664[C13]不存在的等级规则:1
180905112202:Miner17664[C13]0阶仙器价值0'昆山玉碎凤凰叫，芙蓉泣泪香兰笑。是用来合成装备的神奇矿石，可打造到项链、帽子上。'#r
180905112202:Miner17664[C13]不存在的名称芙蓉石
180905112202:Miner17664[C13]符石价值总价:0
180905112202:Miner17664[C13]不存在的等级规则:1
180905112202:Miner17664[C13]0阶仙器价值0'赤血染黄石，焰火永不熄。是用来合成装备的神奇矿石，可打造到武器上。'#r
180905112202:Miner17664[C13]不存在的名称赤焰石
180905112202:Miner17664[C13]符石价值总价:0
180905112202:Miner17664[C13]7级装备默契:12000/12000,价值:80
180905112202:Miner17664[C13]0阶仙器价值0'顶摩霄汉中，根接须弥脉。#r【品质】把玩#r【装备部位】挂件#r【装备角色】男性角色'#r7级佩饰
180905112202:Miner17664[C13]不存在的名称伽蓝碎雨
180905112202:Miner17664[C13]符石价值总价:0
180905112202:Miner17664[C13]7级装备默契:12000/12000,价值:80
180905112202:Miner17664[C13]0阶仙器价值0'顶摩霄汉中，根接须弥脉。#r【品质】把玩#r【装备部位】披风#r【装备角色】男性角色'#r7级佩饰
180905112202:Miner17664[C13]不存在的名称流火披风
180905112202:Miner17664[C13]符石价值总价:0
180905112202:Miner17664[C13]7级装备默契:12000/12000,价值:80
180905112202:Miner17664[C13]0阶仙器价值0'顶摩霄汉中，根接须弥脉。#r【品质】把玩#r【装备部位】右戒指#r【装备角色】男性角色'#r7级佩饰
180905112202:Miner17664[C13]不存在的名称翠玉扳指
180905112202:Miner17664[C13]符石价值总价:0
180905112202:Miner17664[C13]7级装备默契:11931/12000,价值:80
180905112202:Miner17664[C13]0阶仙器价值0'顶摩霄汉中，根接须弥脉。#r【品质】把玩#r【装备部位】右戒指#r【装备角色】男性角色'#r7级佩饰
180905112202:Miner17664[C13]不存在的名称翠玉扳指
180905112202:Miner17664[C13]符石价值总价:0
180905112202:Miner17664[C13]7级装备默契:12000/12000,价值:80
180905112202:Miner17664[C13]0阶仙器价值0'顶摩霄汉中，根接须弥脉。#r【品质】把玩#r【装备部位】面具#r【装备角色】男性角色'#r7级佩饰
180905112202:Miner17664[C13]不存在的名称琅琊梦断
180905112202:Miner17664[C13]符石价值总价:0
180905112202:Miner17664[C13]不存在的等级规则:1
180905112202:Miner17664[C13]0阶仙器价值0'顶摩霄汉中，根接须弥脉。#r【品质】把玩#r【装备部位】衣服#r【装备角色】男性角色'#r15级高级装备
180905112202:Miner17664[C13]不存在的名称焚冰
180905112202:Miner17664[C13]符石价值总价:0
180905112202:Miner17664[C13]7级装备默契:12000/12000,价值:80
180905112202:Miner17664[C13]0阶仙器价值0'法音弥天，螺号齐地，雅声奏乐，以利众生。#r【品质】珍藏#r【装备部位】披风#r【装备角色】男性角色'#r7级佩饰
180905112202:Miner17664[C13]不存在的名称流火披风
180905112202:Miner17664[C13]符石价值总价:0
180905112202:Miner17664[C13]7级装备默契:12000/12000,价值:80
180905112202:Miner17664[C13]0阶仙器价值0'法音弥天，螺号齐地，雅声奏乐，以利众生。#r【品质】珍藏#r【装备部位】面具#r【装备角色】男性角色'#r7级佩饰
180905112202:Miner17664[C13]不存在的名称琅琊梦断
180905112202:Miner17664[C13]符石价值总价:0
180905112202:Miner17664[C13]不存在的等级规则:1
180905112202:Miner17664[C13]0阶仙器价值0'法音弥天，螺号齐地，雅声奏乐，以利众生。#r【品质】珍藏#r【装备部位】衣服#r【装备角色】男性角色'#r15级高级装备
180905112202:Miner17664[C13]不存在的名称焚冰
180905112202:Miner17664[C13]符石价值总价:0
180905112202:Miner17664[C13]不存在的等级规则:1
180905112202:Miner17664[C13]0阶仙器价值0'般若须将法相宗，四生九类化归空。#r【等级】十六级#r【装备部位】武器#r【装备角色】夺命妖、无涯子、紫薇神'#r
180905112202:Miner17664[C13]不存在的名称般若
180905112202:Miner17664[C13]符石价值总价:0
180905112202:Miner17664[C13]7级装备默契:12000/12000,价值:80
180905112202:Miner17664[C13]0阶仙器价值0'人中出烦恼，山下即伽蓝。#r【等级】七级#r【装备部位】挂件#r【装备角色】全部'#r
180905112202:Miner17664[C13]不存在的名称伽蓝碎雨
180905112202:Miner17664[C13]符石价值总价:0
180905112202:Miner17664[C13]不存在的等级规则:1
180905112202:Miner17664[C13]0阶仙器价值0'鸳鸯织就欲双飞。这件披风与紫鸯披风是一对。#r【等级】三级#r【耐久度】1500#r【最大默契度】无#r【装备部位】披风#r【装备角色】女'#r
180905112202:Miner17664[C13]不存在的名称蓝鸳披风
180905112202:Miner17664[C13]符石价值总价:0
180905112202:Miner17664[C13]不存在的等级规则:1
180905112202:Miner17664[C13]0阶仙器价值0'黑白无常拘人魂魄之物，勾魂则魂失，取魄则魄灭。'#r
180905112202:Miner17664[C13]不存在的名称索命钩
180905112202:Miner17664[C13]符石价值总价:0
180905112202:Miner17664[C13]不存在的等级规则:1
180905112202:Miner17664[C13]0阶仙器价值0'雷公施术之物，滚动雷槌，惊天动地。'#r
180905112202:Miner17664[C13]不存在的名称震雷鼓
180905112202:Miner17664[C13]符石价值总价:0
180905112202:Miner17664[C13]不存在的等级规则:1
180905112202:Miner17664[C13]0阶仙器价值0'至情化蝶，千秋同穴．'#r
180905112202:Miner17664[C13]不存在的名称化蝶
180905112202:Miner17664[C13]符石价值总价:0
180905112202:Miner17664[C13]不存在的等级规则:1
180905112202:Miner17664[C13]0阶仙器价值0'如意真仙之武器，据说能随意变换，诡异非常。'#r
180905112202:Miner17664[C13]不存在的名称如意金钩
180905112202:Miner17664[C13]符石价值总价:0
180905112202:Miner17664[C13]不存在的等级规则:1
180905112202:Miner17664[C13]0阶仙器价值0'一顶嵌金花帽，唐僧用来约束孙悟空的法宝．'#r
180905112202:Miner17664[C13]不存在的名称金箍儿
180905112202:Miner17664[C13]符石价值总价:0
180905112202:Miner17664[C13]不存在的等级规则:1
180905112202:Miner17664[C13]0阶仙器价值0'二郎神的法宝，能够明心见性一体真如．'#r
180905112202:Miner17664[C13]不存在的名称宝莲灯
180905112202:Miner17664[C13]符石价值总价:0
180905112202:Miner17664[C13]不存在的等级规则:1
180905112202:Miner17664[C13]0阶仙器价值0'用红豆和情丝织就的大网，令世间有情种子在劫难逃．'#r
180905112202:Miner17664[C13]不存在的名称情网
180905112202:Miner17664[C13]符石价值总价:0
180905112202:Miner17664[C13]不存在的等级规则:1
180905112202:Miner17664[C13]0阶仙器价值0'镇元大仙之物，常用以采下人参果。'#r
180905112202:Miner17664[C13]不存在的名称金击子
180905112202:Miner17664[C13]符石价值总价:0
180905112202:Miner17664[C13]不存在的等级规则:1
180905112202:Miner17664[C13]0阶仙器价值0'佛门密宗大手印，渡众生一切苦厄．'#r
180905112202:Miner17664[C13]不存在的名称大手印
180905112202:Miner17664[C13]符石价值总价:0
180905112202:Miner17664[C13]不存在的等级规则:1
180905112202:Miner17664[C13]0阶仙器价值0'地狱饿鬼的爪子，含沙射影，阴毒无比．'#r
180905112202:Miner17664[C13]不存在的名称幽冥鬼手
180905112202:Miner17664[C13]符石价值总价:0
180905112202:Miner17664[C13]不存在的等级规则:1
180905112202:Miner17664[C13]0阶仙器价值0'毗蓝婆菩萨在其子昴日星官眼中淬炼出的至阳神针，可破世间万般邪秽；曾助悟空击败百眼道人。'#r
180905112202:Miner17664[C13]不存在的名称宸午针
180905112202:Miner17664[C13]符石价值5:80 5:80 5:80 5:80 5:80 总价:400
180905112202:Miner17664[C13]不存在的等级规则:1
180905112202:Miner17664[C13]0阶仙器价值0'托塔天王李靖的法宝，能够反震法力伤害．'#r
180905112202:Miner17664[C13]不存在的名称七宝玲珑塔
180905112202:Miner17664[C13]符石价值总价:0
180905112202:Miner17664[C13]不存在的等级规则:1
180905112202:Miner17664[C13]0阶仙器价值0'大势至菩萨的独门法宝，能破一切魔障．'#r
180905112202:Miner17664[C13]不存在的名称大势锤
180905112202:Miner17664[C13]符石价值总价:0
180905112202:Miner17664[C13]不存在的等级规则:1
180905112202:Miner17664[C13]0阶仙器价值0'本是老君炼丹束衣的带子，被金银二角偷出后下落不明。'#r
180905112202:Miner17664[C13]不存在的名称幌金绳
180905112202:Miner17664[C13]符石价值总价:0
180905112202:Miner17664[C13]不存在的等级规则:1
180905112202:Miner17664[C13]0阶仙器价值0'紫霞仙子的法宝，能够将转化伤害．'#r
180905112202:Miner17664[C13]不存在的名称银索金铃
180905112202:Miner17664[C13]符石价值总价:0
180905112202:Miner17664[C13]不存在的等级规则:1
180905112202:Miner17664[C13]0阶仙器价值0'一气化三清，封神榜中留。72地煞星之一。'#r
180905112202:Miner17664[C13]不存在的名称地藏星
180905112202:Miner17664[C13]符石价值总价:0
180905112202:Miner17664[C13]不存在的等级规则:1
180905112202:Miner17664[C13]0阶仙器价值0'一气化三清，封神榜中留。72地煞星之一。'#r
180905112202:Miner17664[C13]不存在的名称地壮星
180905112202:Miner17664[C13]符石价值总价:0
180905112202:Miner17664[C13]总估价:(1718+3130+2690=7538*100%=7538),TimeStamp=1536160922211
