1534667669324:Miner11632[C12]进程加载完成,等待1000ms
1534667670238:Miner11632[C12]Status:更新设置
1534667670242:Miner11632[C12]Status:目标服务器加载完成,共计1个
1534667670504:Miner11632[C12]Status:加载页面失败.
1534667670505:Miner11632[C12]加载页面失败.即将结束:1000
1534669034232:Miner3640[C12]Status:更新设置
1534669034233:Miner3640[C12]Status:目标服务器加载完成,共计1个
1534669034235:Miner3640[C12]Status:已加载ip125.107.222.51:10045
1534669038780:Miner3640[C12]Status:飞剑侠售价过高
1534669038781:Miner3640[C12]Status:2次刷新 水帘洞天 结束
1534669041544:Miner3640[C12]Status:3次刷新 水帘洞天 结束
1534669044277:Miner3640[C12]Status:4次刷新 水帘洞天 结束
1534669046816:Miner3640[C12]Status:5次刷新 水帘洞天 结束
1534669049379:Miner3640[C12]Status:6次刷新 水帘洞天 结束
1534669052185:Miner3640[C12]Status:7次刷新 水帘洞天 结束
1534669055131:Miner3640[C12]Status:8次刷新 水帘洞天 结束
1534669058099:Miner3640[C12]Status:9次刷新 水帘洞天 结束
1534669061569:Miner3640[C12]Status:10次刷新 水帘洞天 结束
1534669066312:Miner3640[C12]Status:11次刷新 水帘洞天 结束
1534669069412:Miner3640[C12]Status:12次刷新 水帘洞天 结束
1534669072781:Miner3640[C12]Status:13次刷新 水帘洞天 结束
