190113060947:Miner[js]新物品召唤兽种类:
成年蟾宫兔$普$1.543$变色
冥灵妃子$普$1.575$不变色
冥灵妃子$普$1.575$不变色
佳音小使$普$1.623$不变色
凤凰$普$1.604$变色
蛟龙$普$1.588$变色
金不换$普$1.114$不变色
冥灵妃子$普$1.575$不变色
如意娃娃$普$1.523$不变色

190113060947:Miner[js]人物估价: Max(等级(180),飞升等级=> 天赋(500)+成就(500))+财产(7)+帮派成就(0)+家具回灵(60)
190113060947:Miner[js]召唤兽估价max((等级点化169级(50)+技能.探海屠龙,柳暗花明,分裂攻击(0)+技能数量3(0)+基础成年蟾宫兔$普$1.543$变色(0)+修炼无修炼(0)),(觉醒技能未觉醒(0)+饰品-1(0)))
190113060947:Miner[js]召唤兽估价max((等级点化174级(70)+技能.沧海诀,柳暗花明,报复,倍道兼行(0)+技能数量4(0)+基础冥灵妃子$普$1.575$不变色(0)+修炼无修炼(0)),(觉醒技能未觉醒(0)+饰品-1(0)))
190113060947:Miner[js]召唤兽估价max((等级点化120级(70)+技能.如人饮水,已开启(0)+技能数量2(0)+基础冥灵妃子$普$1.575$不变色(0)+修炼无修炼(0)),(觉醒技能未觉醒(0)+饰品-1(0)))
190113060947:Miner[js]召唤兽估价max((等级点化170级(50)+技能.视死如归,智之水叶神,春风拂面(0)+技能数量3(0)+基础佳音小使$普$1.623$不变色(0)+修炼无修炼(0)),(觉醒技能未觉醒(0)+饰品-1(0)))
190113060947:Miner[js]召唤兽估价max((等级点化170级(50)+技能.烈火诀,回源,福禄双全(0)+技能数量3(0)+基础凤凰$普$1.604$变色(0)+修炼无修炼(0)),(觉醒技能未觉醒(0)+饰品-1(0)))
190113060947:Miner[js]召唤兽估价max((等级点化164级(50)+技能.厚土诀,帐饮东都,高级暮鼓晨钟(0)+技能数量3(0)+基础蛟龙$普$1.588$变色(0)+修炼无修炼(0)),(觉醒技能未觉醒(0)+饰品-1(0)))
190113060947:Miner[js]召唤兽估价max((等级点化121级(50)+技能.金铭诀,已开启(0)+技能数量2(0)+基础金不换$普$1.114$不变色(0)+修炼无修炼(0)),(觉醒技能未觉醒(0)+饰品-1(0)))
190113060947:Miner[js]召唤兽估价max((等级点化170级(70)+技能.万籁俱寂,顺水推舟,帐饮东都,挥戈回日(0)+技能数量4(0)+基础冥灵妃子$普$1.575$不变色(0)+修炼无修炼(0)),(觉醒技能未觉醒(0)+饰品-1(0)))
190113060947:Miner[js]召唤兽估价max((等级2转127级(-99999)+技能.讨命,帐饮东都(0)+技能数量2(0)+基础如意娃娃$普$1.523$不变色(0)+修炼无修炼(0)),(觉醒技能未觉醒(0)+饰品-1(0)))
190113060947:Miner[js]共有44件装备
190113060947:Miner[js]装备=>#cFEFF72原物品 7级佩饰 祥云流带#r#cFEFF72等级需求 3转160级#r#cFEFF72力量要求 550#r #cFEFF72#cFEFF72附加攻击 +2000#r 根骨 +8#r 抗遗忘 +42.0%#r 默契度 12000/12000#r 耐久 3479/3500#r#c4BF24B连击率 +18.7%#r 抗震慑 +8.3%#r #c00FFF0培养 0#r #r#r#cF8FCF8【套装】#c00FFFF把玩#r#c4BF24B水法反击 +1.0%#r 抗火 +1.4%#r 
190113060947:Miner[js]7级默契:12000/12000,价值:80
190113060947:Miner[js]无阶数
190113060947:Miner[js]不存在的名称祥云流带
190113060947:Miner[js]符石价值总价:0
190113060947:Miner[js]装备=>#cFEFF72原物品 6级佩饰 霁月古镜#r#cFEFF72等级需求 2转120级#r#cFEFF72根骨要求 10#r #cFEFF72#cFEFF72附加气血 +2600#r 附加魔法 +2600#r 抗雷 +33.1%#r 耐久 2979/3000#r#c4BF24B加成攻击 +10.1%#r 致命几率 +12.1%#r #r#cF8FCF8【套装】#c00FFFF把玩#r#c4BF24B强力克木 +1.7%#r 被攻击时释放魔神附身 +2.0%#r 
190113060947:Miner[js]不存在的等级规则:1
190113060947:Miner[js]无阶数
190113060947:Miner[js]不存在的名称霁月古镜
190113060947:Miner[js]符石价值总价:0
190113060947:Miner[js]装备=>#cFEFF72原物品 6级佩饰 尺玉披肩#r#cFEFF72等级需求 2转120级#r#cFEFF72力量要求 450#r #cFEFF72#cFEFF72附加攻击 +1600#r 灵性 +12#r 抗遗忘 +31.3%#r 耐久 2979/3000#r#c4BF24B致命几率 +12.1%#r 连击 +5#r #r#cF8FCF8【套装】#c00FFFF把玩#r#c4BF24B抗水 +2.6%#r 
190113060947:Miner[js]不存在的等级规则:1
190113060947:Miner[js]无阶数
190113060947:Miner[js]不存在的名称尺玉披肩
190113060947:Miner[js]符石价值总价:0
190113060947:Miner[js]装备=>#cFEFF72原物品 7级佩饰 翠玉扳指#r#cFEFF72等级需求 3转160级#r#cFEFF72力量要求 550#r #cFEFF72#cFEFF72力量 +70#r 附加攻击 +1800#r 物理吸收率 +10.0%#r 默契度 12000/12000#r 耐久 3479/3500#r#c4BF24B力量 +17#r 根骨 +17#r #c00FFF0培养 0#r #r#r#cF8FCF8【套装】#c00FFFF把玩#r#c4BF24B附火攻击 +3.6%#r 抗雷 +2.1%#r 
190113060947:Miner[js]7级默契:12000/12000,价值:80
190113060947:Miner[js]无阶数
190113060947:Miner[js]不存在的名称翠玉扳指
190113060947:Miner[js]符石价值总价:0
190113060947:Miner[js]装备=>#cFEFF72原物品 7级佩饰 翠玉扳指#r#cFEFF72等级需求 3转160级#r#cFEFF72力量要求 550#r #cFEFF72#cFEFF72力量 +70#r 附加攻击 +1800#r 物理吸收率 +10.0%#r 默契度 12000/12000#r 耐久 3479/3500#r#c4BF24B力量 +17#r 根骨 +17#r #c00FFF0培养 0#r #r#r#cF8FCF8【套装】#c00FFFF把玩#r#c4BF24B强力克金 +1.4%#r 强力克水 +1.5%#r 
190113060947:Miner[js]7级默契:12000/12000,价值:80
190113060947:Miner[js]无阶数
190113060947:Miner[js]不存在的名称翠玉扳指
190113060947:Miner[js]符石价值总价:0
190113060947:Miner[js]装备=>#cFEFF72原物品 6级佩饰 月牙梳#r#cFEFF72等级需求 2转120级#r#cFEFF72力量要求 450#r #cFEFF72#cFEFF72力量 +8#r 附加攻击 +1600#r 抗混乱 +30.4%#r 耐久 2979/3000#r#c4BF24B连击率 +15.1%#r 反击率 +14.1%#r #r#cF8FCF8【套装】#c00FFFF把玩#r#c4BF24B反震率 +1.4%#r 抗雷 +1.7%#r 
190113060947:Miner[js]不存在的等级规则:1
190113060947:Miner[js]无阶数
190113060947:Miner[js]不存在的名称月牙梳
190113060947:Miner[js]符石价值总价:0
190113060947:Miner[js]装备=>#cFEFF72#cFEFF72#cFEFF72力量要求 160#r #cFEFF72#cFEFF72致命几率 +16.0%#r 忽视防御几率 +80.0%#r 对无属性目标伤害 +40.0%#r 忽视防御程度 +100.0%#r 基础攻击 +8000#r 灵气 293/300#r#cE89A4D附加攻击 +5000#r 属性需求 +100.0%#r 命中率 +60.0%#r #cF0640F#o25602 6级 加攻暴击几率 +9.4% 禁交易#r#o25612 6级 附加攻击 +5040 禁交易#r#n#r#cF8FCF8【炼器】#c00FFFF开光次数 4#r#c4BF24B加成攻击 +15.3%#r 火法反击 +1.8%#r #cA098C8特技#r#cA098C8碧海青天: #r飘渺孤鸿，碧海青天。#r傲临绝顶，吾谁与归？#r#cFEFF72等级 4#r#cFEFF72编号为 377@525 
190113060947:Miner[js]不存在的等级规则:1
190113060947:Miner[js]无阶数
190113060947:Miner[js]装备 枯骨刀：忽视防御几率,，等级4,价值500 '力量要求 160#r #r致命几率 +16.0%#r 忽视防御几率 +80.0%#r 对无属性目标伤害 +40.0%#r 忽视防御程度 +100.0%#r 基础攻击 +8000#r 灵气 293/300#r#r等级 4#r#r编号为 377@525 #r
190113060947:Miner[js]符石价值总价:0
190113060947:Miner[js]装备=>#cFEFF72原物品 14级高级装备 星辰#r#cFEFF72等级需求 130级或3转#r#cFEFF72#cFEFF72力量 +8#r 附加气血 +3840#r 附加魔法 +3424#r 抗封印 +37.4%#r 耐久 1393/1400#r#c4BF24B加成攻击 +61.0%#r 物理吸收率 +11.0%#r 反震程度 +13.0%#r 抗水 +1.0%#r #r#R时间锁保护时间：#n#Y3天#r#r#cF8FCF8【套装】#c00FFFF传世#r#c4BF24B强力克木 +4.0%#r 加强遗忘 +1.0%#r #cE43D31制作人 い逆戰。#r 
190113060947:Miner[js]不存在的等级规则:1
190113060947:Miner[js]无阶数
190113060947:Miner[js]不存在的名称星辰
190113060947:Miner[js]符石价值总价:0
190113060947:Miner[js]装备=>#cFEFF72#cFEFF72等级需求 3转160级#r功绩需求 4800#r#cFEFF72#cFEFF72附加攻击 +6104#r 对无属性目标伤害 +13.5%#r 品质 969/1000#r 耐久 6993/7000#r#c4BF24B每回合HP +169#r 附加气血 +4748#r 命中率 +20.3%#r #c00FFFF培养 0#n#r#r#R时间锁保护时间：#n#Y3天#r 
190113060947:Miner[js]不存在的等级规则:1
190113060947:Miner[js]无阶数
190113060947:Miner[js]不存在的名称红日当空
190113060947:Miner[js]符石价值总价:0
190113060947:Miner[js]装备=>#cFEFF72#cFEFF72等级需求 130级或3转#r#cFEFF72#cFEFF72附加速度 +103#r 敏捷 +7#r 抗封印 +13.9%#r 耐久 1393/1400#r#c4BF24B每回合HP +27#r 致命几率 +24.0%#r 狂暴几率 +19.0%#r 连击率 +19.0%#r 抗封印 +7.0%#r #cE43D31制作人 千古传说#r#r#R时间锁保护时间：#n#Y3天#r 
190113060947:Miner[js]不存在的等级规则:1
190113060947:Miner[js]无阶数
190113060947:Miner[js]不存在的名称追日
190113060947:Miner[js]符石价值总价:0
190113060947:Miner[js]装备=>#cFEFF72#cFEFF72等级需求 100级或3转#r#cFEFF72力量要求 450#r #cFEFF72#cFEFF72物理吸收率 +20.4%#r 抗混乱 +36.1%#r 防御 +11115#r 耐久 1393/1400#r#c4BF24B加成攻击 +17.0%#r 灵性 +7#r 强力克木 +13.0%#r 反震率 +14.0%#r 抗水 +7.0%#r #cE43D31制作人 小别意心酸酸#r 
190113060947:Miner[js]不存在的等级规则:1
190113060947:Miner[js]无阶数
190113060947:Miner[js]不存在的名称玄火
190113060947:Miner[js]符石价值总价:0
190113060947:Miner[js]装备=>#cFEFF72原物品 14级高级装备 神羽#r#cFEFF72等级需求 100级或3转#r#cFEFF72力量要求 450#r #cFEFF72#cFEFF72命中率 -11.2%#r 物理吸收率 +17.0%#r 抗混乱 +33.2%#r 耐久 1393/1400#r#c4BF24B被攻击时释放含情脉脉 +14.0%#r 致命几率 +17.0%#r 连击率 +24.0%#r 抗中毒 +9.0%#r #r#cF8FCF8【套装】#c00FFFF把玩#r#c4BF24B附火攻击 +1.4%#r 附风攻击 +1.5%#r #cE43D31制作人 メ擎天柱◎#r 
190113060947:Miner[js]不存在的等级规则:1
190113060947:Miner[js]无阶数
190113060947:Miner[js]不存在的名称神羽
190113060947:Miner[js]符石价值总价:0
190113060947:Miner[js]装备=>#cFEFF72#cFEFF72原物品 6级佩饰 霁月古镜#r#cFEFF72等级需求 2转120级#r#cFEFF72敏捷要求 10#r #cFEFF72#cFEFF72附加气血 +2600#r 附加魔法 +2600#r 抗封印 +31.0%#r 耐久 2556/3000#r#c4BF24B致命几率 +12.1%#r 抗混乱 +7.6%#r #r#cF8FCF8【套装】#r#c4BF24B雷法反击 +1.1%#r 抗雷 +1.2%#r  
190113060947:Miner[js]不存在的等级规则:1
190113060947:Miner[js]无阶数
190113060947:Miner[js]不存在的名称霁月古镜
190113060947:Miner[js]符石价值总价:0
190113060947:Miner[js]装备=>#cFEFF72#cFEFF72原物品 6级佩饰 尺玉披肩#r#cFEFF72等级需求 2转120级#r#cFEFF72力量要求 450#r #cFEFF72#cFEFF72力量 +12#r 附加攻击 +1600#r 抗鬼火 +33.8%#r 耐久 2946/3000#r#c4BF24B加成攻击 +6.7%#r 致命几率 +8.1%#r 连击 +3#r #r#cF8FCF8【套装】#r#c4BF24B雷法反击 +1.1%#r 抗水 +2.0%#r  
190113060947:Miner[js]不存在的等级规则:1
190113060947:Miner[js]无阶数
190113060947:Miner[js]不存在的名称尺玉披肩
190113060947:Miner[js]符石价值总价:0
190113060947:Miner[js]装备=>#cFEFF72#cFEFF72#cFEFF72等级需求 90级#r#cFEFF72#cFEFF72附加气血 +3037#r 附加魔法 +3037#r #cFEFF72狂暴几率 +43.6%#r 打造次数 3#r#c4BF24B狂暴几率 +2.0%#r #cE43D31制作人 小别意心酸酸#r 
190113060947:Miner[js]不存在的等级规则:1
190113060947:Miner[js]无阶数
190113060947:Miner[js]不存在的名称万里卷云
190113060947:Miner[js]符石价值总价:0
190113060947:Miner[js]装备=>#cFEFF72#cFEFF72#cFEFF72等级需求 100级或3转#r#cFEFF72#cFEFF72根骨 +16#r 附加速度 +119#r 抗水 +5.5%#r 耐久 1100/1100#r#c4BF24B致命几率 +22.0%#r 狂暴几率 +23.0%#r 反击率 +24.0%#r 抗雷 +3.0%#r 抗封印 +7.0%#r #cE43D31制作人 天妒我速#r 
190113060947:Miner[js]不存在的等级规则:1
190113060947:Miner[js]无阶数
190113060947:Miner[js]不存在的名称八宝仙履
190113060947:Miner[js]符石价值总价:0
190113060947:Miner[js]装备=>#cFEFF72#cFEFF72#cFEFF72等级需求 100级或3转#r#cFEFF72力量要求 450#r #cFEFF72#cFEFF72物理吸收率 +17.8%#r 抗混乱 +38.4%#r 防御 +10450#r 耐久 1400/1400#r#c4BF24B灵性 +8#r 风法反击 +11.0%#r 敏捷 +13#r 抗遗忘 +3.0%#r 抗雷 +6.0%#r #cE43D31制作人 礼·玲珑#r 
190113060947:Miner[js]不存在的等级规则:1
190113060947:Miner[js]无阶数
190113060947:Miner[js]不存在的名称玄火
190113060947:Miner[js]符石价值总价:0
190113060947:Miner[js]装备=>#cFEFF72#cFEFF72#cFEFF72等级需求 100级或3转#r#cFEFF72力量要求 450#r #cFEFF72#cFEFF72抗鬼火 +38.8%#r 物理吸收率 +20.0%#r 防御 +11115#r 耐久 1169/1400#r#c4BF24B敏捷 +24#r 反震率 +22.0%#r 抗混乱 +7.0%#r #cE43D31制作人 礼·玲珑#r 
190113060947:Miner[js]不存在的等级规则:1
190113060947:Miner[js]无阶数
190113060947:Miner[js]不存在的名称玄火
190113060947:Miner[js]符石价值总价:0
190113060947:Miner[js]装备=>#cFEFF72#cFEFF72#cFEFF72等级需求 80级#r#cFEFF72力量要求 110#r #cFEFF72#cFEFF72物理吸收率 +20.0%#r 防御 +5856#r 附加速度 -50#r 耐久 1000/1000#r#cFEFF72反击率 +36.4%#r 打造次数 3#r#c4BF24B反击 +1#r #cE43D31制作人 小别意心酸酸#r 
190113060947:Miner[js]不存在的等级规则:1
190113060947:Miner[js]无阶数
190113060947:Miner[js]不存在的名称七宝天衣
190113060947:Miner[js]符石价值总价:0
190113060947:Miner[js]装备=>#cFEFF72#cFEFF72#cFEFF72等级需求 40级#r#cFEFF72力量要求 80#r #cFEFF72#cFEFF72物理吸收率 +20.0%#r 防御 +742#r 附加速度 -10#r 耐久 330/600#r#cFEFF72物理吸收率 +38.7%#r 打造次数 3#r#c4BF24B物理吸收率 +6.0%#r #cE43D31制作人 嚣张￡纛顶#r 
190113060947:Miner[js]不存在的等级规则:1
190113060947:Miner[js]无阶数
190113060947:Miner[js]不存在的名称金缕羽衣
190113060947:Miner[js]符石价值总价:0
190113060947:Miner[js]装备=>#cFEFF72#cFEFF72#cFEFF72等级需求 10级#r#cFEFF72力量要求 15#r #cFEFF72#cFEFF72物理吸收率 +10.0%#r 防御 +175#r 耐久 263/300#r#cFEFF72抗雷 +24.6%#r 抗混乱 +12.5%#r 打造次数 3#r#c4BF24B抗遗忘 +4.0%#r #cE43D31制作人 笑·吉祥#r 
190113060947:Miner[js]不存在的等级规则:1
190113060947:Miner[js]无阶数
190113060947:Miner[js]不存在的名称丝绸长裙
190113060947:Miner[js]符石价值总价:0
190113060947:Miner[js]装备=>#cFEFF72#cFEFF72#cFEFF72等级需求 10级#r#cFEFF72力量要求 15#r #cFEFF72#cFEFF72物理吸收率 +10.0%#r 防御 +165#r 耐久 282/300#r#cFEFF72抗鬼火 +37.0%#r 打造次数 3#r#c4BF24B抗鬼火 +2.0%#r #cE43D31制作人 名字11105393#r 
190113060947:Miner[js]不存在的等级规则:1
190113060947:Miner[js]无阶数
190113060947:Miner[js]不存在的名称丝绸长裙
190113060947:Miner[js]符石价值总价:0
190113060947:Miner[js]装备=>#cFEFF72#cFEFF72#cFEFF72等级需求 60级#r#cFEFF72力量要求 80#r #cFEFF72#cFEFF72命中率 -15.0%#r 物理吸收率 +27.0%#r 耐久 661/800#r#cFEFF72抗封印 +38.2%#r 打造次数 3#r#c4BF24B障眼法 #r 抗封印 +1.0%#r #cE43D31制作人 玄冰丑妞#r 
190113060947:Miner[js]不存在的等级规则:1
190113060947:Miner[js]无阶数
190113060947:Miner[js]不存在的名称七彩花环
190113060947:Miner[js]符石价值总价:0
190113060947:Miner[js]装备=>#cFEFF72#cFEFF72#cFEFF72等级需求 30级#r#cFEFF72#cFEFF72物理吸收率 +18.0%#r 耐久 205/500#r#cFEFF72物理吸收率 +35.5%#r 打造次数 3#r 
190113060947:Miner[js]不存在的等级规则:1
190113060947:Miner[js]无阶数
190113060947:Miner[js]不存在的名称梅花簪子
190113060947:Miner[js]符石价值总价:0
190113060947:Miner[js]装备=>#cFEFF72#cFEFF72#cFEFF72等级需求 10级#r#cFEFF72#cFEFF72物理吸收率 +14.0%#r 耐久 263/300#r#cFEFF72抗雷 +39.0%#r 打造次数 3#r#c4BF24B抗鬼火 +1.0%#r #cE43D31制作人 笑·吉祥#r 
190113060947:Miner[js]不存在的等级规则:1
190113060947:Miner[js]无阶数
190113060947:Miner[js]不存在的名称玉钗
190113060947:Miner[js]符石价值总价:0
190113060947:Miner[js]装备=>#R品质#s:#s无价#r#R等级#s:#s128#r#G契合度#s#s#s#s#s#s229482#G活跃度#s#s#s2474(600)#r#G速度#s#s#s#s#s#s#s1367(0)#G援助#s#s#s#s#s#s10.0(0.0)#r#G伤害#s#s#s#s#s#s52.0(0.0)#G抗落宝#s#s#s#s1.2(1.2)#r#Y抗混乱#s7.1#r#cACDBEE符石#s:#s#r#Y#s#s#s#s#o100038#Y朱雀符石[4级] 活跃度1039#s伤害23.2#s#r#s#s#s#s#o100034#Y白虎符石[4级] 速度472#s伤害9.9#s活跃度835#s#r#s#s#s#s#o100035#Y麒麟符石[4级] 速度895#s伤害18.9#s#r#s#s#s#s#o100040未开启#r#s#s#s#s#o100040未开启#r#cACDBEE天赋技能#s:#s#r#Y#s#s#s#s高级力量增强#s#s#s#s#s低级挣扎#s#r#cACDBEE擅长技能#s:#s#r#Y#s#s#s#s金虹贯日#s#s#s#s#s果上随缘#s#r#cACDBEE技能#s:#s#r#Y#s#s#s#s#o100001(金虹贯日)#s1人合技#r#s#s#s#s#o100002(果上随缘)#s3人合技#r#s#s#s#s#o100001(金虹贯日)#s5人合技#r#s#s#s#s#o100001(金虹贯日)#s2人合技#r#s#s#s#s#o100011(急杀令)#s2人合技#r
190113060947:Miner[js]不存在的等级规则:1
190113060947:Miner[js]无阶数
190113060947:Miner[js]不存在的名称紫金铃
190113060947:Miner[js]符石价值4:15 4:15 4:15 总价:45
190113060947:Miner[js]装备=>#R品质#s:#s把玩#r#R等级#s:#s39#r#G契合度#s#s#s#s#s#s#s#s1835#G活跃度#s#s#s#s#s1190(0)#r#G速度#s#s#s#s#s#s#s#s981(3)#G援助#s#s#s#s#s#s12.7(0.0)#r#G伤害#s#s#s#s#s#s17.0(0.0)#G抗落宝#s#s#s#s10.4(0.0)#r#Y抗混乱#s5.0#r#cACDBEE符石#s:#s#r#Y#s#s#s#s#o100038#Y朱雀符石[4级] 速度191#s援助2.7#s活跃度1190#s#r#s#s#s#s#o100035#Y麒麟符石[4级] 速度787#s抗落宝10.4#s伤害17.0#s#r#s#s#s#s#o100040未开启#r#s#s#s#s#o100040未开启#r#s#s#s#s#o100040未开启#r#cACDBEE天赋技能#s:#s#r#Y#s#s#s#s低级回光#s#r#cACDBEE擅长技能#s:#s#r#Y#s#s#s#s疾风骤雨#s#r#cACDBEE技能#s:#s#r#Y#s#s#s#s#o100011(急杀令)#s2人合技#r#s#s#s#s#o100001(金虹贯日)#s3人合技#r#s#s#s#s#o100011(急杀令)#s4人合技#r#s#s#s#s#o100042未开启#r#s#s#s#s#o100042未开启#r
190113060947:Miner[js]不存在的等级规则:1
190113060947:Miner[js]无阶数
190113060947:Miner[js]不存在的名称宸午针
190113060947:Miner[js]符石价值4:15 4:15 总价:30
190113060947:Miner[js]装备=>#R品质#s:#s把玩#r#R等级#s:#s44#r#r#Y抗昏睡#s5.2#r
190113060947:Miner[js]不存在的等级规则:1
190113060947:Miner[js]无阶数
190113060947:Miner[js]不存在的名称化蝶
190113060947:Miner[js]符石价值总价:0
190113060947:Miner[js]装备=>#R品质#s:#s把玩#r#R等级#s:#s25#r#r#Y抗昏睡#s4.4#r
190113060947:Miner[js]不存在的等级规则:1
190113060947:Miner[js]无阶数
190113060947:Miner[js]不存在的名称白骨爪
190113060947:Miner[js]符石价值总价:0
190113060947:Miner[js]装备=>#R品质#s:#s把玩#r#R等级#s:#s1#r#r#Y抗鬼火#s2.2#r
190113060947:Miner[js]不存在的等级规则:1
190113060947:Miner[js]无阶数
190113060947:Miner[js]不存在的名称锦斓袈裟
190113060947:Miner[js]符石价值总价:0
190113060947:Miner[js]装备=>#R品质#s:#s把玩#r#R等级#s:#s1#r#r#Y抗鬼火#s2.2#r
190113060947:Miner[js]不存在的等级规则:1
190113060947:Miner[js]无阶数
190113060947:Miner[js]不存在的名称番天印
190113060947:Miner[js]符石价值总价:0
190113060947:Miner[js]装备=>#R品质#s:#s把玩#r#R等级#s:#s127#r#r#Y抗混乱#s7.1#r
190113060947:Miner[js]不存在的等级规则:1
190113060947:Miner[js]无阶数
190113060947:Miner[js]不存在的名称金箍儿
190113060947:Miner[js]符石价值总价:0
190113060947:Miner[js]装备=>#R品质#s:#s把玩#r#R等级#s:#s112#r#r#Y抗混乱#s6.9#r
190113060947:Miner[js]不存在的等级规则:1
190113060947:Miner[js]无阶数
190113060947:Miner[js]不存在的名称宝莲灯
190113060947:Miner[js]符石价值总价:0
190113060947:Miner[js]装备=>#R品质#s:#s把玩#r#R等级#s:#s73#r#r#Y抗混乱#s6.0#r
190113060947:Miner[js]不存在的等级规则:1
190113060947:Miner[js]无阶数
190113060947:Miner[js]不存在的名称情网
190113060947:Miner[js]符石价值总价:0
190113060947:Miner[js]装备=>#R品质#s:#s把玩#r#R等级#s:#s2#r#r#Y抗混乱#s2.4#r
190113060947:Miner[js]不存在的等级规则:1
190113060947:Miner[js]无阶数
190113060947:Miner[js]不存在的名称绝情鞭
190113060947:Miner[js]符石价值总价:0
190113060947:Miner[js]装备=>#R品质#s:#s把玩#r#R等级#s:#s110#r#r#Y抗雷#s6.8#r
190113060947:Miner[js]不存在的等级规则:1
190113060947:Miner[js]无阶数
190113060947:Miner[js]不存在的名称大手印
190113060947:Miner[js]符石价值总价:0
190113060947:Miner[js]装备=>#R品质#s:#s把玩#r#R等级#s:#s102#r#r#Y抗混乱#s6.7#r
190113060947:Miner[js]不存在的等级规则:1
190113060947:Miner[js]无阶数
190113060947:Miner[js]不存在的名称幽冥鬼手
190113060947:Miner[js]符石价值总价:0
190113060947:Miner[js]装备=>#R品质#s:#s把玩#r#R等级#s:#s1#r#r#Y抗三尸虫#s227#r
190113060947:Miner[js]不存在的等级规则:1
190113060947:Miner[js]无阶数
190113060947:Miner[js]不存在的名称黑龙珠
190113060947:Miner[js]符石价值总价:0
190113060947:Miner[js]装备=>#R品质#s:#s把玩#r#R等级#s:#s31#r#r#Y抗昏睡#s4.7#r
190113060947:Miner[js]不存在的等级规则:1
190113060947:Miner[js]无阶数
190113060947:Miner[js]不存在的名称七宝玲珑塔
190113060947:Miner[js]符石价值总价:0
190113060947:Miner[js]装备=>#R品质#s:#s把玩#r#R等级#s:#s44#r#r#Y抗混乱#s5.2#r
190113060947:Miner[js]不存在的等级规则:1
190113060947:Miner[js]无阶数
190113060947:Miner[js]不存在的名称大势锤
190113060947:Miner[js]符石价值总价:0
190113060947:Miner[js]装备=>#R品质#s:#s把玩#r#R等级#s:#s1#r#r#Y抗昏睡#s2.2#r
190113060947:Miner[js]不存在的等级规则:1
190113060947:Miner[js]无阶数
190113060947:Miner[js]不存在的名称将军令
190113060947:Miner[js]符石价值总价:0
190113060947:Miner[js]装备=>#R品质#s:#s把玩#r#R等级#s:#s2#r#r#Y抗鬼火#s2.4#r
190113060947:Miner[js]不存在的等级规则:1
190113060947:Miner[js]无阶数
190113060947:Miner[js]不存在的名称银索金铃
190113060947:Miner[js]符石价值总价:0
190113060947:Miner[js]装备=>#Y【等级】11/11#r【神力】1/2200#r【战力】137/1100#r#n【神通】资质：97/100#r#G对无属性目标伤害 +12.8%#r 狂暴几率 +12.8%#r #n#c00FFFF培养 0#n#r#r【五行】#r#Y#Y水 88/100#r#n#c00FFFF无星阵，五行暂不生效#r
190113060947:Miner[js]不存在的等级规则:1
190113060947:Miner[js]无阶数
190113060947:Miner[js]不存在的名称地速星
190113060947:Miner[js]符石价值总价:0
190113060947:Miner[js]装备=>#Y【等级】1/9#r【神力】1/200#r【战力】10/100#r#n【神通】资质：93/100#r#G忽视抗混 +0.1%#r 对召唤兽伤害 +1.1%#r #n#c00FFFF培养 0#n#r#r【五行】#r#Y#Y火 10/100#r#Y水 26/100#r#Y木 91/100#r#Y金 80/100#r#n#c00FFFF无星阵，五行暂不生效#r
190113060947:Miner[js]不存在的等级规则:1
190113060947:Miner[js]无阶数
190113060947:Miner[js]不存在的名称地壮星
190113060947:Miner[js]符石价值总价:0
190113060947:Miner[js]总估价:(1067+460+815)*110=460*110%=506),TimeStamp=1547374187537
