190113060900:<serverRun>#$%&'<newScheduleServerRun><taskStamp>0</taskStamp>#$%&'
190113060901:heartBeatResponse#$%&'<newScheduleServerRun><taskStamp>0</taskStamp>#$%&'<welcome>2019/1/13 ????????? 18:10:11</welcome>#$%&'
190113060902:<newScheduleServerRun><taskStamp>0</taskStamp>#$%&'<newScheduleServerRun><taskStamp>0</taskStamp>#$%&'
190113060904:<newScheduleServerRun><taskStamp>0</taskStamp>#$%&'
190113060906:<newScheduleServerRun><taskStamp>0</taskStamp>#$%&'
190113060907:<newScheduleServerRun><taskStamp>0</taskStamp>#$%&'
190113060908:<newScheduleServerRun><taskStamp>0</taskStamp>#$%&'
190113060910:<newScheduleServerRun><taskStamp>0</taskStamp>#$%&'
190113060911:<newScheduleServerRun><taskStamp>0</taskStamp>#$%&'
190113060912:<newScheduleServerRun><taskStamp>0</taskStamp>#$%&'
190113060913:<newScheduleServerRun><taskStamp>0</taskStamp>#$%&'
190113060915:<newScheduleServerRun><taskStamp>0</taskStamp>#$%&'
190113060916:<newScheduleServerRun><taskStamp>0</taskStamp>#$%&'
190113060917:<newScheduleServerRun><taskStamp>0</taskStamp>#$%&'
190113060919:<newScheduleServerRun><taskStamp>-16</taskStamp>#$%&'
190113060922:<newScheduleServerRun><taskStamp>0</taskStamp>#$%&'
190113060923:<newScheduleServerRun><taskStamp>0</taskStamp>#$%&'
190113060925:<newScheduleServerRun><taskStamp>0</taskStamp>#$%&'
190113060926:<newScheduleServerRun><taskStamp>0</taskStamp>#$%&'
190113060927:<newScheduleServerRun><taskStamp>0</taskStamp>#$%&'
190113060929:<newScheduleServerRun><taskStamp>0</taskStamp>#$%&'
190113060930:<newScheduleServerRun><taskStamp>0</taskStamp>#$%&'
190113060932:<newScheduleServerRun><taskStamp>0</taskStamp>#$%&'
190113060934:<newScheduleServerRun><taskStamp>0</taskStamp>#$%&'
190113060936:<newScheduleServerRun><taskStamp>0</taskStamp>#$%&'
190113060939:<newScheduleServerRun><taskStamp>0</taskStamp>#$%&'
190113060942:<newScheduleServerRun><taskStamp>0</taskStamp>#$%&'
190113060944:<newScheduleServerRun><taskStamp>0</taskStamp>#$%&'
190113060945:<newScheduleServerRun><taskStamp>0</taskStamp>#$%&'
190113060946:<newScheduleServerRun><taskStamp>0</taskStamp>#$%&'
190113060948:<newScheduleServerRun><taskStamp>0</taskStamp>#$%&'
190113060950:<newScheduleServerRun><taskStamp>0</taskStamp>#$%&'
190113060952:<newScheduleServerRun><taskStamp>0</taskStamp>#$%&'
190113060955:<newScheduleServerRun><taskStamp>0</taskStamp>#$%&'
190113060956:<newScheduleServerRun><taskStamp>0</taskStamp>#$%&'
190113060958:<newScheduleServerRun><taskStamp>0</taskStamp>#$%&'
190113061007:<newScheduleServerRun><taskStamp>0</taskStamp>#$%&'
190113061010:<newScheduleServerRun><taskStamp>0</taskStamp>#$%&'
190113061012:<newScheduleServerRun><taskStamp>0</taskStamp>#$%&'
190113061013:<newScheduleServerRun><taskStamp>0</taskStamp>#$%&'
190113061015:<newScheduleServerRun><taskStamp>0</taskStamp>#$%&'
190113061018:<newScheduleServerRun><taskStamp>0</taskStamp>#$%&'
190113061019:<newScheduleServerRun><taskStamp>0</taskStamp>#$%&'
190113061021:<newScheduleServerRun><taskStamp>0</taskStamp>#$%&'
190113061023:<newScheduleServerRun><taskStamp>-15</taskStamp>#$%&'
190113061024:<newScheduleServerRun><taskStamp>0</taskStamp>#$%&'
190113061026:<newScheduleServerRun><taskStamp>0</taskStamp>#$%&'
190113061027:<newScheduleServerRun><taskStamp>0</taskStamp>#$%&'
190113061029:<newScheduleServerRun><taskStamp>0</taskStamp>#$%&'
190113061030:<newScheduleServerRun><taskStamp>0</taskStamp>#$%&'
190113061031:<newScheduleServerRun><taskStamp>0</taskStamp>#$%&'
190113061033:<newScheduleServerRun><taskStamp>0</taskStamp>#$%&'
190113061034:<newScheduleServerRun><taskStamp>0</taskStamp>#$%&'
190113061036:<newScheduleServerRun><taskStamp>0</taskStamp>#$%&'
190113061037:<newScheduleServerRun><taskStamp>0</taskStamp>#$%&'
190113061039:<newScheduleServerRun><taskStamp>0</taskStamp>#$%&'
190113061040:<newScheduleServerRun><taskStamp>0</taskStamp>#$%&'
190113061041:<newScheduleServerRun><taskStamp>0</taskStamp>#$%&'
190113061042:<newScheduleServerRun><taskStamp>0</taskStamp>#$%&'
190113061045:<newScheduleServerRun><taskStamp>0</taskStamp>#$%&'
190113061046:<newScheduleServerRun><taskStamp>0</taskStamp>#$%&'
190113061047:<newScheduleServerRun><taskStamp>0</taskStamp>#$%&'
190113061049:<newScheduleServerRun><taskStamp>0</taskStamp>#$%&'
190113061050:<newScheduleServerRun><taskStamp>0</taskStamp>#$%&'
190113061052:<newScheduleServerRun><taskStamp>0</taskStamp>#$%&'
190113061053:<newScheduleServerRun><taskStamp>0</taskStamp>#$%&'
190113061054:<newScheduleServerRun><taskStamp>0</taskStamp>#$%&'
190113061055:<newScheduleServerRun><taskStamp>0</taskStamp>#$%&'
190113061057:<newScheduleServerRun><taskStamp>0</taskStamp>#$%&'
190113061058:<newScheduleServerRun><taskStamp>0</taskStamp>#$%&'
190113061102:<newScheduleServerRun><taskStamp>0</taskStamp>#$%&'
190113061104:<newScheduleServerRun><taskStamp>0</taskStamp>#$%&'
190113061106:<newScheduleServerRun><taskStamp>0</taskStamp>#$%&'
190113061108:<newScheduleServerRun><taskStamp>0</taskStamp>#$%&'
190113061109:<newScheduleServerRun><taskStamp>0</taskStamp>#$%&'
190113061111:<newScheduleServerRun><taskStamp>0</taskStamp>#$%&'
190113061112:<newScheduleServerRun><taskStamp>0</taskStamp>#$%&'
190113061114:<newScheduleServerRun><taskStamp>0</taskStamp>#$%&'
190113061116:<newScheduleServerRun><taskStamp>0</taskStamp>#$%&'
190113061118:<newScheduleServerRun><taskStamp>0</taskStamp>#$%&'
190113061119:<newScheduleServerRun><taskStamp>0</taskStamp>#$%&'
190113061120:<newScheduleServerRun><taskStamp>0</taskStamp>#$%&'
190113061122:<newScheduleServerRun><taskStamp>0</taskStamp>#$%&'
190113061123:<newScheduleServerRun><taskStamp>0</taskStamp>#$%&'
190113061124:<newScheduleServerRun><taskStamp>0</taskStamp>#$%&'
190113061126:<newScheduleServerRun><taskStamp>0</taskStamp>#$%&'
190113061127:<newScheduleServerRun><taskStamp>0</taskStamp>#$%&'
190113061129:<newScheduleServerRun><taskStamp>0</taskStamp>#$%&'
190113061130:<newScheduleServerRun><taskStamp>0</taskStamp>#$%&'
190113061131:<newScheduleServerRun><taskStamp>0</taskStamp>#$%&'
190113061132:<newScheduleServerRun><taskStamp>0</taskStamp>#$%&'
190113061135:<newScheduleServerRun><taskStamp>0</taskStamp>#$%&'
190113061136:<newScheduleServerRun><taskStamp>0</taskStamp>#$%&'
190113061138:<newScheduleServerRun><taskStamp>0</taskStamp>#$%&'
190113061140:<newScheduleServerRun><taskStamp>0</taskStamp>#$%&'
190113061141:<newScheduleServerRun><taskStamp>0</taskStamp>#$%&'
190113061143:<newScheduleServerRun><taskStamp>0</taskStamp>#$%&'
190113061144:<newScheduleServerRun><taskStamp>0</taskStamp>#$%&'
190113061146:<newScheduleServerRun><taskStamp>0</taskStamp>#$%&'
