190113061038:Miner[js]新物品召唤兽种类:

190113061038:Miner[js]人物估价: Max(等级(-999999),3转等级=> 天赋(0)+成就(0))+财产(0)+帮派成就(0)+家具回灵(0)
190113061038:Miner[js]共有10件装备
190113061038:Miner[js]装备=>#cFEFF72#cFEFF72等级需求 60级#r#cFEFF72灵性要求 60#r #cFEFF72#cFEFF72力量 +6#r 附加气血 +600#r 抗水 +13.6%#r 耐久 500/500#r#c4BF24B抗遗忘 +0.9%#r 反击 +1#r 抗水 +0.9%#r  
190113061038:Miner[js]不存在的等级规则:1
190113061038:Miner[js]无阶数
190113061038:Miner[js]不存在的名称一口钟
190113061038:Miner[js]符石价值总价:0
190113061038:Miner[js]装备=>#cFEFF72#cFEFF72等级需求 60级#r#cFEFF72敏捷要求 60#r #cFEFF72#cFEFF72力量 +8#r 附加气血 +200#r 耐久 500/500#r#c4BF24B灵性 +1#r 尘埃落定 +267#r 化血成碧 +267#r  
190113061038:Miner[js]不存在的等级规则:1
190113061038:Miner[js]无阶数
190113061038:Miner[js]不存在的名称灵草戒指
190113061038:Miner[js]符石价值总价:0
190113061038:Miner[js]装备=>#cFEFF72#cFEFF72#cFEFF72等级需求 1转100级#r#cFEFF72敏捷要求 200#r #cFEFF72#cFEFF72抗遗忘 +30.0%#r 耐久 2000/2000#r#c4BF24B新手物品 #r  
190113061038:Miner[js]不存在的等级规则:1
190113061038:Miner[js]无阶数
190113061038:Miner[js]不存在的名称月影犀带
190113061038:Miner[js]符石价值总价:0
190113061038:Miner[js]装备=>#cFEFF72#cFEFF72#cFEFF72等级需求 70级#r#cFEFF72#cFEFF72物理吸收率 +35.0%#r 附加气血 +1850#r 附加魔法 +1850#r #c4BF24B新手物品 #r  
190113061038:Miner[js]不存在的等级规则:1
190113061038:Miner[js]无阶数
190113061038:Miner[js]不存在的名称魔龙之心
190113061038:Miner[js]符石价值总价:0
190113061038:Miner[js]装备=>#cFEFF72#cFEFF72#cFEFF72等级需求 1转100级#r#cFEFF72敏捷要求 200#r #cFEFF72#cFEFF72抗遗忘 +5.0%#r 抗封印 +5.0%#r 抗混乱 +20.0%#r 耐久 1174/2000#r#c4BF24B新手物品 #r  
190113061038:Miner[js]不存在的等级规则:1
190113061038:Miner[js]无阶数
190113061038:Miner[js]不存在的名称行军眼罩
190113061038:Miner[js]符石价值总价:0
190113061038:Miner[js]装备=>#cFEFF72#cFEFF72#cFEFF72等级需求 60级#r#cFEFF72力量要求 65#r #cFEFF72#cFEFF72物理吸收率 +40.0%#r 耐久 781/800#r#c4BF24B新手物品 #r  
190113061038:Miner[js]不存在的等级规则:1
190113061038:Miner[js]无阶数
190113061038:Miner[js]不存在的名称乾坤帽
190113061038:Miner[js]符石价值总价:0
190113061038:Miner[js]装备=>#cFEFF72#cFEFF72#cFEFF72等级需求 20级#r#cFEFF72力量要求 30#r #cFEFF72#cFEFF72抗混乱 +36.0%#r 防御 +272#r 耐久 393/400#r#c4BF24B新手物品 #r  
190113061038:Miner[js]不存在的等级规则:1
190113061038:Miner[js]无阶数
190113061038:Miner[js]不存在的名称妖气斗篷
190113061038:Miner[js]符石价值总价:0
190113061038:Miner[js]装备=>#R品质#s:#s把玩#r#R等级#s:#s38#r#r#Y抗混乱#s5.0#r
190113061038:Miner[js]不存在的等级规则:1
190113061038:Miner[js]无阶数
190113061038:Miner[js]不存在的名称宝莲灯
190113061038:Miner[js]符石价值总价:0
190113061038:Miner[js]装备=>#R品质#s:#s把玩#r#R等级#s:#s38#r#r#Y抗混乱#s5.0#r
190113061038:Miner[js]不存在的等级规则:1
190113061038:Miner[js]无阶数
190113061038:Miner[js]不存在的名称金箍儿
190113061038:Miner[js]符石价值总价:0
190113061038:Miner[js]装备=>#Y【等级】1/4#r【神力】1/200#r【战力】10/100#r#n【神通】资质：75/100#r#G加强火 +0.9%#r 被攻击时释放乾坤借速 +1.1%#r #n#c00FFFF培养 0#n#r#r【五行】#r#Y#Y火 15/100#r#Y木 13/100#r#n#c00FFFF无星阵，五行暂不生效#r
190113061038:Miner[js]不存在的等级规则:1
190113061038:Miner[js]无阶数
190113061038:Miner[js]不存在的名称地魔星
190113061038:Miner[js]符石价值总价:0
190113061038:Miner[js]总估价:(0+0+0)*110=0*110%=0),TimeStamp=1547374238333
