190113060939:Miner[js]新物品召唤兽种类:

190113060939:Miner[js]人物估价: Max(等级(-999999),3转等级=> 天赋(0)+成就(0))+财产(1)+帮派成就(1)+家具回灵(0)
190113060939:Miner[js]共有29件装备
190113060939:Miner[js]装备=>#cFEFF72原物品 6级佩饰 星辰之约#r#cFEFF72等级需求 2转120级#r#cFEFF72敏捷要求 420#r #cFEFF72#cFEFF72灵性 +4#r 抗鬼火 +31.6%#r 耐久 2505/3000#r#c4BF24B附加速度 +26#r 狂暴几率 +12.1%#r #r#cF8FCF8【套装】#c00FFFF珍藏#r#c4BF24B强力克火 +2.9%#r 抗雷 +2.0%#r 
190113060939:Miner[js]不存在的等级规则:1
190113060939:Miner[js]无阶数
190113060939:Miner[js]不存在的名称星辰之约
190113060939:Miner[js]符石价值总价:0
190113060939:Miner[js]装备=>#cFEFF72原物品 6级佩饰 霁月古镜#r#cFEFF72等级需求 2转120级#r#cFEFF72灵性要求 10#r #cFEFF72#cFEFF72附加气血 +2600#r 附加魔法 +2600#r 抗混乱 +30.7%#r 耐久 2505/3000#r#c4BF24B附加速度 +26#r 抗水 +7.6%#r #r#cF8FCF8【套装】#c00FFFF珍藏#r#c4BF24B附风攻击 +2.5%#r 强力克火 +2.8%#r 
190113060939:Miner[js]不存在的等级规则:1
190113060939:Miner[js]无阶数
190113060939:Miner[js]不存在的名称霁月古镜
190113060939:Miner[js]符石价值总价:0
190113060939:Miner[js]装备=>#cFEFF72原物品 6级佩饰 冰河披风#r#cFEFF72等级需求 2转120级#r#cFEFF72敏捷要求 420#r #cFEFF72#cFEFF72附加气血 +1200#r 敏捷 +8#r 抗火 +31.9%#r 耐久 2505/3000#r#c4BF24B被攻击时释放含情脉脉 +14.1%#r 附加速度 +26#r #r#cF8FCF8【套装】#c00FFFF珍藏#r#c4BF24B每回合HP +250#r 强力克火 +2.6%#r 
190113060939:Miner[js]不存在的等级规则:1
190113060939:Miner[js]无阶数
190113060939:Miner[js]不存在的名称冰河披风
190113060939:Miner[js]符石价值总价:0
190113060939:Miner[js]装备=>#cFEFF72原物品 6级佩饰 血瓷戒指#r#cFEFF72等级需求 2转120级#r#cFEFF72敏捷要求 420#r #cFEFF72#cFEFF72附加气血 +1200#r 敏捷 +48#r 耐久 2505/3000#r#c4BF24B根骨 +8#r 附加速度 +26#r #r#cF8FCF8【套装】#c00FFFF珍藏#r#c4BF24B抗风 +4.9%#r 
190113060939:Miner[js]不存在的等级规则:1
190113060939:Miner[js]无阶数
190113060939:Miner[js]不存在的名称血瓷戒指
190113060939:Miner[js]符石价值总价:0
190113060939:Miner[js]装备=>#cFEFF72原物品 6级佩饰 血瓷戒指#r#cFEFF72等级需求 2转120级#r#cFEFF72敏捷要求 420#r #cFEFF72#cFEFF72附加气血 +1200#r 敏捷 +48#r 耐久 2505/3000#r#c4BF24B力量 +8#r 附加速度 +26#r #r#cF8FCF8【套装】#c00FFFF珍藏#r#c4BF24B强力克火 +2.2%#r 被攻击时释放魔神附身 +3.0%#r 
190113060939:Miner[js]不存在的等级规则:1
190113060939:Miner[js]无阶数
190113060939:Miner[js]不存在的名称血瓷戒指
190113060939:Miner[js]符石价值总价:0
190113060939:Miner[js]装备=>#cFEFF72原物品 6级佩饰 黑曜石冠#r#cFEFF72等级需求 2转120级#r#cFEFF72敏捷要求 420#r #cFEFF72#cFEFF72根骨 +4#r 附加气血 +1200#r 抗混乱 +29.4%#r 耐久 2505/3000#r#c4BF24B水法反击 +15.1%#r 附加速度 +26#r #r#cF8FCF8【套装】#c00FFFF珍藏#r#c4BF24B强力克木 +2.4%#r 强力克火 +3.0%#r 
190113060939:Miner[js]不存在的等级规则:1
190113060939:Miner[js]无阶数
190113060939:Miner[js]不存在的名称黑曜石冠
190113060939:Miner[js]符石价值总价:0
190113060939:Miner[js]装备=>#cFEFF72#cFEFF72等级需求 100级或3转#r#cFEFF72敏捷要求 420#r #cFEFF72#cFEFF72加强震慑 +6.0%#r 命中率 +20.8%#r 基础攻击 +2650#r 耐久 1235/1400#r#c4BF24B强力克火 +28.0%#r 鬼火狂暴几率 +12.0%#r #cF0640F#o25591 5级 加强震慑 +6.0% 禁交易#r#o25601 5级 震慑暴击几率 +7.3% 禁交易#r#n#r#cF8FCF8【炼器】#c00FFFF开光次数 3#r#c4BF24B附加攻击 +112#r 强力克火 +9.5%#r 附加毒攻击几率 +4.4%#r #cE43D31制作人 童话么么哒#r 
190113060939:Miner[js]不存在的等级规则:1
190113060939:Miner[js]无阶数
190113060939:Miner[js]不存在的名称破日
190113060939:Miner[js]符石价值总价:0
190113060939:Miner[js]装备=>#cFEFF72原物品 11级高级装备 九转水晶#r#cFEFF72等级需求 100级或3转#r#cFEFF72#cFEFF72附加气血 +2816#r 附加魔法 +3776#r 敏捷 +25#r 抗混乱 +20.0%#r 耐久 935/1100#r#c4BF24B强力克火 +31.0%#r #cF0640F#o25641 5级 抗鬼火 +7.6% 禁交易#r#n#r#cF8FCF8【套装】#c00FFFF珍藏#r#c4BF24B强力克火 +2.6%#r 被攻击时释放含情脉脉 +5.4%#r #cE43D31制作人 疯狂的小鸟°#r 
190113060939:Miner[js]不存在的等级规则:1
190113060939:Miner[js]无阶数
190113060939:Miner[js]不存在的名称九转水晶
190113060939:Miner[js]符石价值总价:0
190113060939:Miner[js]装备=>#cFEFF72#cFEFF72等级需求 1转100级#r功绩需求 1800#r#cFEFF72#cFEFF72美人迟暮 +3704#r 抗震慑魔法 +18.5%#r 品质 926/1000#r 耐久 3835/4000#r#c4BF24B忽视抗震慑 +1.1%#r #c00FFFF培养 0#n#r 
190113060939:Miner[js]不存在的等级规则:1
190113060939:Miner[js]无阶数
190113060939:Miner[js]不存在的名称鹍鸟化鹏
190113060939:Miner[js]符石价值总价:0
190113060939:Miner[js]装备=>#cFEFF72#cFEFF72等级需求 140级或3转#r#cFEFF72#cFEFF72附加速度 +108#r 敏捷 +34#r 抗风 +19.8%#r 耐久 1335/1500#r#c4BF24B力量 +5#r 强力克火 +6.0%#r 物理吸收率 +6.0%#r #cF0640F#o25651 5级 附加魔法 +9700 禁交易#r#o25661 5级 强力克火 +23.6% 禁交易#r#n#cE43D31制作人 安然浅眠。#r 
190113060939:Miner[js]不存在的等级规则:1
190113060939:Miner[js]无阶数
190113060939:Miner[js]不存在的名称缓归
190113060939:Miner[js]符石价值总价:0
190113060939:Miner[js]装备=>#cFEFF72原物品 14级高级装备 狂雷#r#cFEFF72等级需求 100级或3转#r#cFEFF72敏捷要求 420#r #cFEFF72#cFEFF72加强震慑 +4.6%#r 附加气血 +332#r 物理吸收率 +9.7%#r 抗风 +36.2%#r 防御 +2624#r 耐久 1235/1400#r#c4BF24B强力克水 +9.0%#r 强力克火 +13.0%#r 敏捷 +8#r 抗雷 +6.0%#r #r#cF8FCF8【套装】#c00FFFF珍藏#r#c4BF24B强力克火 +4.3%#r #cE43D31制作人 吓老子三跳#r 
190113060939:Miner[js]不存在的等级规则:1
190113060939:Miner[js]无阶数
190113060939:Miner[js]不存在的名称狂雷
190113060939:Miner[js]符石价值总价:0
190113060939:Miner[js]装备=>#cFEFF72原物品 14级高级装备 龙吟#r#cFEFF72等级需求 100级或3转#r#cFEFF72敏捷要求 420#r #cFEFF72#cFEFF72加强震慑 +4.2%#r 附加气血 +180#r 命中率 -8.1%#r 抗火 +42.5%#r 耐久 1235/1400#r#c4BF24B强力克火 +14.0%#r 抗灵宝伤害 +1.0%#r 致命几率 +16.0%#r 狂暴几率 +4.0%#r #r#cF8FCF8【套装】#c00FFFF珍藏#r#c4BF24B附加攻击 +210#r 抗风 +2.6%#r #cE43D31制作人 海棠湾、阿二#r 
190113060940:Miner[js]不存在的等级规则:1
190113060940:Miner[js]无阶数
190113060940:Miner[js]不存在的名称龙吟
190113060940:Miner[js]符石价值总价:0
190113060940:Miner[js]装备=>#cFEFF72#cFEFF72#cFEFF72等级需求 60级#r#cFEFF72敏捷要求 60#r #cFEFF72#cFEFF72力量 +2#r 附加气血 +200#r 抗三尸虫 +285#r 耐久 500/500#r#c4BF24B每回合HP +34#r 连击率 +2.6%#r  
190113060940:Miner[js]不存在的等级规则:1
190113060940:Miner[js]无阶数
190113060940:Miner[js]不存在的名称昆仑奴面具
190113060940:Miner[js]符石价值总价:0
190113060940:Miner[js]装备=>#cFEFF72#cFEFF72#cFEFF72等级需求 60级#r#cFEFF72灵性要求 60#r #cFEFF72#cFEFF72力量 +6#r 附加气血 +600#r 抗三尸虫 +372#r 耐久 500/500#r#c4BF24B被攻击时释放乾坤借速 +1.6%#r 附加气血 +445#r 抗混乱 +0.9%#r  
190113060940:Miner[js]不存在的等级规则:1
190113060940:Miner[js]无阶数
190113060940:Miner[js]不存在的名称昆仑奴面具
190113060940:Miner[js]符石价值总价:0
190113060940:Miner[js]装备=>#R品质#s:#s把玩#r#R等级#s:#s1#r#r#Y抗鬼火#s2.2#r
190113060940:Miner[js]不存在的等级规则:1
190113060940:Miner[js]无阶数
190113060940:Miner[js]不存在的名称大手印
190113060940:Miner[js]符石价值总价:0
190113060940:Miner[js]装备=>#R品质#s:#s把玩#r#R等级#s:#s1#r#r#Y抗三尸虫#s227#r
190113060940:Miner[js]不存在的等级规则:1
190113060940:Miner[js]无阶数
190113060940:Miner[js]不存在的名称化蝶
190113060940:Miner[js]符石价值总价:0
190113060940:Miner[js]装备=>#R品质#s:#s把玩#r#R等级#s:#s1#r#r#Y抗封印#s2.2#r
190113060940:Miner[js]不存在的等级规则:1
190113060940:Miner[js]无阶数
190113060940:Miner[js]不存在的名称幽冥鬼手
190113060940:Miner[js]符石价值总价:0
190113060940:Miner[js]装备=>#R品质#s:#s把玩#r#R等级#s:#s1#r#r#Y抗火#s2.2#r
190113060940:Miner[js]不存在的等级规则:1
190113060940:Miner[js]无阶数
190113060940:Miner[js]不存在的名称七宝玲珑塔
190113060940:Miner[js]符石价值总价:0
190113060940:Miner[js]装备=>#R品质#s:#s把玩#r#R等级#s:#s1#r#r#Y抗昏睡#s2.2#r
190113060940:Miner[js]不存在的等级规则:1
190113060940:Miner[js]无阶数
190113060940:Miner[js]不存在的名称大势锤
190113060940:Miner[js]符石价值总价:0
190113060940:Miner[js]装备=>#R品质#s:#s把玩#r#R等级#s:#s1#r#r#Y抗鬼火#s2.2#r
190113060940:Miner[js]不存在的等级规则:1
190113060940:Miner[js]无阶数
190113060940:Miner[js]不存在的名称情网
190113060940:Miner[js]符石价值总价:0
190113060940:Miner[js]装备=>#R品质#s:#s把玩#r#R等级#s:#s1#r#r#Y抗风#s2.2#r
190113060940:Miner[js]不存在的等级规则:1
190113060940:Miner[js]无阶数
190113060940:Miner[js]不存在的名称银索金铃
190113060940:Miner[js]符石价值总价:0
190113060940:Miner[js]装备=>#R品质#s:#s把玩#r#R等级#s:#s1#r#r#Y抗火#s2.2#r
190113060940:Miner[js]不存在的等级规则:1
190113060940:Miner[js]无阶数
190113060940:Miner[js]不存在的名称番天印
190113060940:Miner[js]符石价值总价:0
190113060940:Miner[js]装备=>#R品质#s:#s把玩#r#R等级#s:#s1#r#r#Y抗火#s2.2#r
190113060940:Miner[js]不存在的等级规则:1
190113060940:Miner[js]无阶数
190113060940:Miner[js]不存在的名称黑龙珠
190113060940:Miner[js]符石价值总价:0
190113060940:Miner[js]装备=>#R品质#s:#s把玩#r#R等级#s:#s1#r#r#Y抗遗忘#s2.2#r
190113060940:Miner[js]不存在的等级规则:1
190113060940:Miner[js]无阶数
190113060940:Miner[js]不存在的名称白骨爪
190113060940:Miner[js]符石价值总价:0
190113060940:Miner[js]装备=>#R品质#s:#s把玩#r#R等级#s:#s1#r#r#Y抗封印#s2.2#r
190113060940:Miner[js]不存在的等级规则:1
190113060940:Miner[js]无阶数
190113060940:Miner[js]不存在的名称锦斓袈裟
190113060940:Miner[js]符石价值总价:0
190113060940:Miner[js]装备=>#R品质#s:#s把玩#r#R等级#s:#s1#r#r#Y抗三尸虫#s227#r
190113060940:Miner[js]不存在的等级规则:1
190113060940:Miner[js]无阶数
190113060940:Miner[js]不存在的名称绝情鞭
190113060940:Miner[js]符石价值总价:0
190113060940:Miner[js]装备=>#R品质#s:#s把玩#r#R等级#s:#s1#r#r#Y抗遗忘#s2.2#r
190113060940:Miner[js]不存在的等级规则:1
190113060940:Miner[js]无阶数
190113060940:Miner[js]不存在的名称将军令
190113060940:Miner[js]符石价值总价:0
190113060940:Miner[js]装备=>#R品质#s:#s把玩#r#R等级#s:#s77#r#r#Y抗混乱#s6.1#r
190113060940:Miner[js]不存在的等级规则:1
190113060940:Miner[js]无阶数
190113060940:Miner[js]不存在的名称宝莲灯
190113060940:Miner[js]符石价值总价:0
190113060940:Miner[js]装备=>#R品质#s:#s把玩#r#R等级#s:#s77#r#r#Y抗混乱#s6.1#r
190113060940:Miner[js]不存在的等级规则:1
190113060940:Miner[js]无阶数
190113060940:Miner[js]不存在的名称金箍儿
190113060940:Miner[js]符石价值总价:0
190113060940:Miner[js]总估价:(2+0+0)*110=0*110%=0),TimeStamp=1547374180055
190113061008:Miner[js]新物品召唤兽种类:
黄金兽$普$1.575$不变色
冰雪魔$普$1.575$不变色

190113061008:Miner[js]人物估价: Max(等级(-999999),3转等级=> 天赋(0)+成就(0))+财产(1)+帮派成就(1)+家具回灵(0)
190113061008:Miner[js]召唤兽估价max((等级3转170级(35)+技能.帐饮东都,分裂攻击,忠不避危(0)+技能数量3(0)+基础黄金兽$普$1.575$不变色(0)+修炼无修炼(0)),(觉醒技能未觉醒(0)+饰品-1(0)))
190113061008:Miner[js]召唤兽估价max((等级3转170级(35)+技能.风火燎原,倍道兼行,刀枪不入(0)+技能数量3(0)+基础冰雪魔$普$1.575$不变色(0)+修炼无修炼(0)),(觉醒技能未觉醒(0)+饰品-1(0)))
190113061008:Miner[js]共有20件装备
190113061008:Miner[js]装备=>#cFEFF72原物品 4级佩饰 月影犀带#r#cFEFF72等级需求 1转100级#r#cFEFF72灵性要求 180#r #cFEFF72#cFEFF72附加气血 +1800#r 敏捷 +6#r 抗遗忘 +30.0%#r 默契度 3000/6000#r 耐久 442/2000#r#c4BF24B附加速度 +17#r 抗鬼火 +7.2%#r #c00FFF0培养 0#r #r#r#R时间锁在#n#Y70天22小时25分47秒#n#R后解除#r#r#cF8FCF8【套装】#c00FFFF把玩#r#c4BF24B雷法反击 +1.6%#r 强力克土 +2.0%#r 
190113061008:Miner[js]不存在的等级规则:4
190113061008:Miner[js]无阶数
190113061008:Miner[js]不存在的名称月影犀带
190113061008:Miner[js]符石价值总价:0
190113061008:Miner[js]装备=>#cFEFF72#cFEFF72等级需求 1转100级#r#cFEFF72敏捷要求 10#r #cFEFF72#cFEFF72附加气血 +1800#r 附加魔法 +1800#r 抗混乱 +30.0%#r 默契度 2913/6000#r 耐久 442/2000#r#c4BF24B附加速度 +17#r 抗封印 +7.1%#r #c00FFF0培养 0#r #r#r#R时间锁保护时间：#n#Y180天#r 
190113061008:Miner[js]不存在的等级规则:4
190113061008:Miner[js]无阶数
190113061008:Miner[js]不存在的名称落雪风铃
190113061008:Miner[js]符石价值总价:0
190113061008:Miner[js]装备=>#cFEFF72原物品 4级佩饰 沙图什#r#cFEFF72等级需求 1转100级#r#cFEFF72灵性要求 180#r #cFEFF72#cFEFF72力量 +8#r 附加气血 +1800#r 抗遗忘 +30.0%#r 默契度 3817/6000#r 耐久 442/2000#r#c4BF24B附加速度 +19#r 抗遗忘 +8.1%#r #c00FFF0培养 0#r #r#r#R时间锁在#n#Y70天22小时26分1秒#n#R后解除#r#r#cF8FCF8【套装】#c00FFFF把玩#r#c4BF24B被攻击时释放含情脉脉 +5.3%#r 抗火 +2.1%#r 
190113061008:Miner[js]不存在的等级规则:4
190113061008:Miner[js]无阶数
190113061008:Miner[js]不存在的名称沙图什
190113061008:Miner[js]符石价值总价:0
190113061008:Miner[js]装备=>#cFEFF72#cFEFF72等级需求 2转100级#r#cFEFF72灵性要求 320#r #cFEFF72#cFEFF72附加气血 +2200#r 敏捷 +50#r 默契度 3739/8000#r 耐久 942/2500#r#c4BF24B灵性 +10#r 附加速度 +19#r #c00FFF0培养 0#r #r#r#R时间锁在#n#Y70天22小时25分56秒#n#R后解除#r 
190113061008:Miner[js]不存在的等级规则:5
190113061008:Miner[js]无阶数
190113061008:Miner[js]不存在的名称冥灵戒指
190113061008:Miner[js]符石价值总价:0
190113061008:Miner[js]装备=>#cFEFF72#cFEFF72等级需求 2转100级#r#cFEFF72敏捷要求 360#r #cFEFF72#cFEFF72附加气血 +1000#r 敏捷 +50#r 默契度 4211/8000#r 耐久 942/2500#r#c4BF24B灵性 +10#r 敏捷 +10#r #c00FFF0培养 0#r #r#r#R时间锁在#n#Y70天22小时25分50秒#n#R后解除#r 
190113061008:Miner[js]不存在的等级规则:5
190113061008:Miner[js]无阶数
190113061008:Miner[js]不存在的名称冥灵戒指
190113061008:Miner[js]符石价值总价:0
190113061008:Miner[js]装备=>#cFEFF72原物品 4级佩饰 落梅妆#r#cFEFF72等级需求 1转100级#r#cFEFF72灵性要求 180#r #cFEFF72#cFEFF72附加气血 +1800#r 敏捷 +6#r 抗混乱 +30.0%#r 默契度 4598/6000#r 耐久 442/2000#r#c4BF24B抗遗忘 +8.9%#r 抗封印 +8.9%#r #c00FFF0培养 0#r #r#r#R时间锁在#n#Y70天22小时25分58秒#n#R后解除#r#r#cF8FCF8【套装】#c00FFFF把玩#r#c4BF24B水法反击 +1.7%#r 强力克水 +1.5%#r 
190113061008:Miner[js]不存在的等级规则:4
190113061008:Miner[js]无阶数
190113061008:Miner[js]不存在的名称落梅妆
190113061008:Miner[js]符石价值总价:0
190113061008:Miner[js]装备=>#cFEFF72#cFEFF72等级需求 100级或3转#r#cFEFF72灵性要求 400#r #cFEFF72#cFEFF72狂暴几率 +16.5%#r 加强雷 +48.0%#r 基础攻击 +2125#r 耐久 621/1400#r#c4BF24B强力克火 +47.0%#r #cF0640F#o25591 5级 加强雷 +13.4% 禁交易#r#o25601 5级 雷法暴击几率 +5.8% 禁交易#r#o25612 6级 忽视抗雷 +9.8% 禁交易#r#n#r#cF8FCF8【炼器】#c00FFFF开光次数 4#r#c4BF24B忽视抗雷 +2.9%#r 反击 +1#r #cE43D31制作人 岁_月#r#r#R时间锁保护时间：#n#Y10天#r 
190113061008:Miner[js]不存在的等级规则:1
190113061008:Miner[js]无阶数
190113061008:Miner[js]不存在的名称破日
190113061008:Miner[js]符石价值总价:0
190113061008:Miner[js]装备=>#cFEFF72#cFEFF72等级需求 100级或3转#r#cFEFF72#cFEFF72灵性 +20#r 附加气血 +3584#r 附加魔法 +3584#r 抗遗忘 +23.4%#r 耐久 321/1100#r#c4BF24B力量 +8#r 强力克火 +27.0%#r 风系狂暴几率 +6.0%#r 抗鬼火 +8.0%#r 抗雷 +5.0%#r #cE43D31制作人 醉过VS轮回#r 
190113061008:Miner[js]不存在的等级规则:1
190113061008:Miner[js]无阶数
190113061008:Miner[js]不存在的名称九转水晶
190113061008:Miner[js]符石价值总价:0
190113061008:Miner[js]装备=>#cFEFF72#cFEFF72等级需求 0转60级#r功绩需求 300#r#cFEFF72#cFEFF72附加攻击 +720#r 增加强克效果 +1.6%#r 品质 800/1000#r 耐久 636/1000#r#c4BF24B附火攻击 +1.2%#r #c00FFFF培养 0#n#r 
190113061008:Miner[js]不存在的等级规则:1
190113061008:Miner[js]无阶数
190113061008:Miner[js]不存在的名称久雨初晴
190113061008:Miner[js]符石价值总价:0
190113061008:Miner[js]装备=>#cFEFF72#cFEFF72等级需求 90级#r#cFEFF72#cFEFF72附加速度 +110#r #c4BF24B强力克金 +6.0%#r 强力克火 +7.0%#r 抗鬼火 +1.0%#r 抗三尸虫 +341#r 命中率 +21.0%#r #cF0640F#o25661 5级 强力克火 +23.1% 禁交易#r#n#cE43D31制作人 理科挺好的#r 
190113061008:Miner[js]不存在的等级规则:1
190113061008:Miner[js]无阶数
190113061008:Miner[js]不存在的名称万里追云履
190113061008:Miner[js]符石价值总价:0
190113061008:Miner[js]装备=>#cFEFF72原物品 14级高级装备 玄火#r#cFEFF72等级需求 100级或3转#r#cFEFF72灵性要求 400#r #cFEFF72#cFEFF72附加魔法 +3240#r 物理吸收率 +9.4%#r 抗封印 +35.2%#r 加强雷 +19.0%#r 防御 +2752#r 耐久 621/1400#r#c4BF24B强力克火 +12.0%#r 抗三尸虫 +922#r #r#cF8FCF8【套装】#c00FFFF把玩#r#c4BF24B强力克金 +1.9%#r 被攻击时释放乾坤借速 +2.0%#r #cE43D31制作人 积心稿#r 
190113061008:Miner[js]不存在的等级规则:1
190113061008:Miner[js]无阶数
190113061008:Miner[js]不存在的名称玄火
190113061008:Miner[js]符石价值总价:0
190113061008:Miner[js]装备=>#cFEFF72原物品 14级高级装备 神羽#r#cFEFF72等级需求 100级或3转#r#cFEFF72灵性要求 400#r #cFEFF72#cFEFF72附加魔法 +1476#r 命中率 -10.7%#r 抗火 +43.2%#r 加强雷 +18.2%#r 耐久 621/1400#r#c4BF24B强力克火 +13.0%#r 属性需求 -10.0%#r 抗中毒 +6.0%#r 抗昏睡 +3.0%#r #r#R时间锁保护时间：#n#Y10天#r#r#cF8FCF8【套装】#c00FFFF把玩#r#c4BF24B雷法反击 +1.8%#r 抗水 +1.8%#r #cE43D31制作人 白天么么哒#r 
190113061008:Miner[js]不存在的等级规则:1
190113061008:Miner[js]无阶数
190113061008:Miner[js]不存在的名称神羽
190113061008:Miner[js]符石价值总价:0
190113061008:Miner[js]装备=>#cFEFF72#cFEFF72#cFEFF72等级需求 70级#r#cFEFF72#cFEFF72物理吸收率 +35.0%#r 附加气血 +1850#r 附加魔法 +1850#r #c4BF24B新手物品 #r  
190113061008:Miner[js]不存在的等级规则:1
190113061008:Miner[js]无阶数
190113061008:Miner[js]不存在的名称魔龙之心
190113061008:Miner[js]符石价值总价:0
190113061008:Miner[js]装备=>#cFEFF72#cFEFF72#cFEFF72等级需求 40级#r#cFEFF72力量要求 65#r #cFEFF72#cFEFF72物理吸收率 +40.0%#r 防御 +731#r 附加速度 -10#r 耐久 597/600#r#c4BF24B新手物品 #r  
190113061008:Miner[js]不存在的等级规则:1
190113061008:Miner[js]无阶数
190113061008:Miner[js]不存在的名称金缕羽衣
190113061008:Miner[js]符石价值总价:0
190113061008:Miner[js]装备=>#R品质#s:#s贴身#r#R等级#s:#s57#r#G契合度#s#s#s#s#s#s#s#s8301#G活跃度#s#s#s#s100(100)#r#G援助#s#s#s#s#s#s10.0(0.0)#G伤害#s#s#s#s15.5(15.5)#r#Y抗混乱#s5.6#r#cACDBEE符石#s:#s#r#Y#s#s#s#s#o100039空#r#s#s#s#s#o100039空#r#s#s#s#s#o100040未开启#r#s#s#s#s#o100040未开启#r#s#s#s#s#o100040未开启#r#cACDBEE天赋技能#s:#s#r#Y#s#s#s#s低级灵性增强#s#r#cACDBEE擅长技能#s:#s#r#Y#s#s#s#s刹那光电#s#r#cACDBEE技能#s:#s#r#Y#s#s#s#s#o100011(急杀令)#s1人合技#r#s#s#s#s#o100004(疾风骤雨)#s3人合技#r#s#s#s#s#o100012(断后斩)#s1人合技#r#s#s#s#s#o100042未开启#r#s#s#s#s#o100042未开启#r
190113061008:Miner[js]不存在的等级规则:1
190113061008:Miner[js]无阶数
190113061008:Miner[js]不存在的名称如意金钩
190113061008:Miner[js]符石价值总价:0
190113061008:Miner[js]装备=>#R品质#s:#s把玩#r#R等级#s:#s86#r#r#Y抗混乱#s6.3#r
190113061008:Miner[js]不存在的等级规则:1
190113061008:Miner[js]无阶数
190113061008:Miner[js]不存在的名称金箍儿
190113061008:Miner[js]符石价值总价:0
190113061008:Miner[js]装备=>#R品质#s:#s把玩#r#R等级#s:#s86#r#r#Y抗混乱#s6.3#r
190113061008:Miner[js]不存在的等级规则:1
190113061008:Miner[js]无阶数
190113061008:Miner[js]不存在的名称幽冥鬼手
190113061008:Miner[js]符石价值总价:0
190113061008:Miner[js]装备=>#Y【等级】1/1#r【神力】1/200#r【战力】10/100#r#n【神通】资质：100/100#r#G抗混乱 +0.9%#r 加强加防法术 +0.4%#r #n#c00FFFF培养 0#n#r#r【五行】#r#Y#Y土 30/100#r#Y金 58/100#r#n#c00FFFF无星阵，五行暂不生效#r
190113061008:Miner[js]不存在的等级规则:1
190113061008:Miner[js]无阶数
190113061008:Miner[js]不存在的名称地劣星
190113061008:Miner[js]符石价值总价:0
190113061008:Miner[js]装备=>#Y【等级】1/2#r【神力】1/200#r【战力】10/100#r#n【神通】资质：73/100#r#G抗金箍 +0.5%#r 加强遗忘 +0.4%#r #n#c00FFFF培养 0#n#r#r【五行】#r#Y#Y木 38/100#r#Y水 27/100#r#n#c00FFFF无星阵，五行暂不生效#r
190113061008:Miner[js]不存在的等级规则:1
190113061008:Miner[js]无阶数
190113061008:Miner[js]不存在的名称地恶星
190113061008:Miner[js]符石价值总价:0
190113061008:Miner[js]装备=>#Y【等级】1/9#r【神力】1/200#r【战力】10/100#r#n【神通】资质：83/100#r#G三尸虫狂暴程度 +1.2%#r 附火攻击 +1.2%#r #n#c00FFFF培养 0#n#r#r【五行】#r#Y#Y火 21/100#r#Y土 36/100#r#n#c00FFFF无星阵，五行暂不生效#r
190113061008:Miner[js]不存在的等级规则:1
190113061008:Miner[js]无阶数
190113061008:Miner[js]不存在的名称地壮星
190113061008:Miner[js]符石价值总价:0
190113061008:Miner[js]总估价:(2+70+0)*110=70*110%=77),TimeStamp=1547374208869
190113061105:Miner[js]新物品召唤兽种类:
黄金兽$普$1.475$不变色

190113061105:Miner[js]人物估价: Max(等级(-999999),3转等级=> 天赋(0)+成就(0))+财产(5)+帮派成就(14)+家具回灵(0)
190113061105:Miner[js]召唤兽估价max((等级2转140级(-99999)+技能.神工鬼力,忠不避危(0)+技能数量2(0)+基础黄金兽$普$1.475$不变色(0)+修炼无修炼(0)),(觉醒技能未觉醒(0)+饰品-1(0)))
190113061105:Miner[js]共有30件装备
190113061105:Miner[js]装备=>#cFEFF72原物品 6级佩饰 星辰之约#r#cFEFF72等级需求 2转120级#r#cFEFF72敏捷要求 420#r #cFEFF72#cFEFF72根骨 +4#r 抗鬼火 +30.6%#r 耐久 2508/3000#r#c4BF24B附风攻击 +15.1%#r 附加速度 +26#r #r#cF8FCF8【套装】#c00FFFF珍藏#r#c4BF24B附火攻击 +2.9%#r 强力克火 +2.2%#r 
190113061105:Miner[js]不存在的等级规则:1
190113061105:Miner[js]无阶数
190113061105:Miner[js]不存在的名称星辰之约
190113061105:Miner[js]符石价值总价:0
190113061105:Miner[js]装备=>#cFEFF72原物品 6级佩饰 霁月古镜#r#cFEFF72等级需求 2转120级#r#cFEFF72灵性要求 10#r #cFEFF72#cFEFF72附加气血 +2600#r 附加魔法 +2600#r 抗混乱 +31.0%#r 耐久 2508/3000#r#c4BF24B附加攻击 +1001#r 附加速度 +26#r #r#cF8FCF8【套装】#c00FFFF珍藏#r#c4BF24B强力克土 +2.5%#r 强力克火 +2.5%#r 
190113061105:Miner[js]不存在的等级规则:1
190113061105:Miner[js]无阶数
190113061105:Miner[js]不存在的名称霁月古镜
190113061105:Miner[js]符石价值总价:0
190113061105:Miner[js]装备=>#cFEFF72原物品 6级佩饰 尺玉披肩#r#cFEFF72等级需求 2转120级#r#cFEFF72敏捷要求 420#r #cFEFF72#cFEFF72灵性 +8#r 附加气血 +1200#r 抗风 +32.6%#r 耐久 2508/3000#r#c4BF24B附加速度 +26#r 连击 +5#r #r#cF8FCF8【套装】#c00FFFF珍藏#r#c4BF24B强力克火 +3.0%#r 被攻击时释放含情脉脉 +5.1%#r 
190113061105:Miner[js]不存在的等级规则:1
190113061105:Miner[js]无阶数
190113061105:Miner[js]不存在的名称尺玉披肩
190113061105:Miner[js]符石价值总价:0
190113061105:Miner[js]装备=>#cFEFF72原物品 6级佩饰 血瓷戒指#r#cFEFF72等级需求 2转120级#r#cFEFF72敏捷要求 420#r #cFEFF72#cFEFF72附加气血 +1200#r 敏捷 +48#r 耐久 2508/3000#r#c4BF24B附加速度 +26#r 抗毒伤害 +1201#r #r#cF8FCF8【套装】#c00FFFF珍藏#r#c4BF24B强力克火 +2.5%#r 附加魔法 +209#r 
190113061105:Miner[js]不存在的等级规则:1
190113061105:Miner[js]无阶数
190113061105:Miner[js]不存在的名称血瓷戒指
190113061105:Miner[js]符石价值总价:0
190113061105:Miner[js]装备=>#cFEFF72原物品 6级佩饰 血瓷戒指#r#cFEFF72等级需求 2转120级#r#cFEFF72敏捷要求 420#r #cFEFF72#cFEFF72附加气血 +1200#r 敏捷 +48#r 耐久 2508/3000#r#c4BF24B附加速度 +26#r 明珠有泪 +2401#r #r#cF8FCF8【套装】#c00FFFF珍藏#r#c4BF24B强力克火 +2.2%#r 抗水 +2.7%#r 
190113061105:Miner[js]不存在的等级规则:1
190113061105:Miner[js]无阶数
190113061105:Miner[js]不存在的名称血瓷戒指
190113061105:Miner[js]符石价值总价:0
190113061105:Miner[js]装备=>#cFEFF72原物品 6级佩饰 月牙梳#r#cFEFF72等级需求 2转120级#r#cFEFF72敏捷要求 420#r #cFEFF72#cFEFF72附加气血 +1200#r 敏捷 +4#r 抗混乱 +28.5%#r 耐久 2508/3000#r#c4BF24B附加速度 +17#r 狂暴几率 +8.1%#r 连击率 +10.1%#r #r#cF8FCF8【套装】#c00FFFF珍藏#r#c4BF24B附水攻击 +2.3%#r 强力克火 +2.4%#r 
190113061105:Miner[js]不存在的等级规则:1
190113061105:Miner[js]无阶数
190113061105:Miner[js]不存在的名称月牙梳
190113061105:Miner[js]符石价值总价:0
190113061105:Miner[js]装备=>#cFEFF72#cFEFF72等级需求 100级或3转#r#cFEFF72敏捷要求 420#r #cFEFF72#cFEFF72加强震慑 +5.8%#r 致命几率 +18.0%#r 基础攻击 +2275#r 耐久 1236/1400#r#c4BF24B灵性 +13#r 强力克火 +29.0%#r 敏捷 +13#r 加强水 +5.0%#r #cF0640F#o25591 5级 加强震慑 +5.8% 禁交易#r#o25601 5级 震慑暴击几率 +7.2% 禁交易#r#n#r#cF8FCF8【炼器】#c00FFFF开光次数 4#r#c4BF24B附火攻击 +2.7%#r 火法反击 +6.0%#r 强力克火 +7.1%#r #cE43D31制作人 乐福武器01#r#r#R重铸过的武器禁止交易#r 
190113061105:Miner[js]不可交易的装备
190113061105:Miner[js]装备=>#cFEFF72原物品 14级高级装备 星辰#r#cFEFF72等级需求 130级或3转#r#cFEFF72#cFEFF72附加气血 +3808#r 附加魔法 +2592#r 敏捷 +8#r 抗火 +39.2%#r 耐久 1236/1400#r#c4BF24B灵性 +16#r 强力克土 +4.0%#r 强力克火 +28.0%#r 加强遗忘 +3.0%#r 加强混乱 +1.0%#r #cF0640F#o25641 5级 抗鬼火 +8.2% 禁交易#r#n#r#cF8FCF8【套装】#c00FFFF珍藏#r#c4BF24B强力克水 +2.9%#r 强力克火 +2.7%#r #cE43D31制作人 施主140地宫#r 
190113061105:Miner[js]不存在的等级规则:1
190113061105:Miner[js]无阶数
190113061105:Miner[js]不存在的名称星辰
190113061105:Miner[js]符石价值总价:0
190113061105:Miner[js]装备=>#cFEFF72#cFEFF72等级需求 1转100级#r功绩需求 1800#r#cFEFF72#cFEFF72抗震慑魔法 +19.4%#r 抗昏睡上限 +3.8%#r抗昏睡 -3.8%#r品质 974/1000#r 耐久 3836/4000#r#c4BF24B忽视抗震慑 +1.1%#r #c00FFFF培养 0#n#r 
190113061105:Miner[js]不存在的等级规则:1
190113061105:Miner[js]无阶数
190113061105:Miner[js]不存在的名称鹍鸟化鹏
190113061105:Miner[js]符石价值总价:0
190113061105:Miner[js]装备=>#cFEFF72#cFEFF72等级需求 140级或3转#r#cFEFF72#cFEFF72根骨 +37#r 附加速度 +114#r 抗火 +20.5%#r 耐久 1336/1500#r#c4BF24B强力克火 +8.0%#r 抗火 +7.0%#r #cF0640F#o25651 5级 附加魔法 +10200 禁交易#r#o25662 6级 强力克火 +25.9% 禁交易#r#n#cE43D31制作人 我草五个字#r 
190113061105:Miner[js]不存在的等级规则:1
190113061105:Miner[js]无阶数
190113061105:Miner[js]不存在的名称缓归
190113061105:Miner[js]符石价值总价:0
190113061105:Miner[js]装备=>#cFEFF72原物品 14级高级装备 玄火#r#cFEFF72等级需求 100级或3转#r#cFEFF72敏捷要求 420#r #cFEFF72#cFEFF72加强震慑 +4.3%#r 附加气血 +468#r 抗鬼火 +36.6%#r 物理吸收率 +11.7%#r 防御 +3712#r 耐久 1236/1400#r#c4BF24B强力克火 +9.0%#r 敏捷 +10#r 反震率 +14.0%#r #cF0640F#o25631 5级 抗风 +7.9% 禁交易#r#n#r#cF8FCF8【套装】#c00FFFF珍藏#r#c4BF24B强力克火 +2.2%#r 抗水 +2.2%#r #cE43D31制作人 乐福衣服02#r 
190113061105:Miner[js]不存在的等级规则:1
190113061105:Miner[js]无阶数
190113061105:Miner[js]不存在的名称玄火
190113061105:Miner[js]符石价值总价:0
190113061105:Miner[js]装备=>#cFEFF72原物品 14级高级装备 神羽#r#cFEFF72等级需求 100级或3转#r#cFEFF72敏捷要求 420#r #cFEFF72#cFEFF72加强震慑 +4.4%#r 附加气血 +174#r 命中率 -8.1%#r 抗风 +36.6%#r 耐久 1236/1400#r#c4BF24B强力克水 +5.0%#r 强力克火 +11.0%#r 致命几率 +4.0%#r #r#cF8FCF8【套装】#c00FFFF珍藏#r#c4BF24B强力克火 +2.9%#r 附加气血 +258#r #cE43D31制作人 百思不得其故#r 
190113061105:Miner[js]不存在的等级规则:1
190113061105:Miner[js]无阶数
190113061105:Miner[js]不存在的名称神羽
190113061105:Miner[js]符石价值总价:0
190113061105:Miner[js]装备=>#cFEFF72#cFEFF72#cFEFF72等级需求 100级#r#cFEFF72力量要求 80#r #cFEFF72#cFEFF72附加攻击 +800#r 灵性 +6#r 抗鬼火 +19.0%#r 耐久 1000/1000#r#c4BF24B被攻击时释放含情脉脉 +4.7%#r 反击 +2#r  
190113061105:Miner[js]不存在的等级规则:1
190113061105:Miner[js]无阶数
190113061105:Miner[js]不存在的名称鱼袋斗篷
190113061105:Miner[js]符石价值总价:0
190113061105:Miner[js]装备=>#cFEFF72#cFEFF72#cFEFF72等级需求 60级#r#cFEFF72敏捷要求 60#r #cFEFF72#cFEFF72力量 +2#r 抗鬼火 +13.0%#r 耐久 500/500#r#c4BF24B附风攻击 +2.6%#r 狂暴几率 +2.1%#r  
190113061105:Miner[js]不存在的等级规则:1
190113061105:Miner[js]无阶数
190113061105:Miner[js]不存在的名称流纨束带
190113061105:Miner[js]符石价值总价:0
190113061105:Miner[js]装备=>#cFEFF72#cFEFF72#cFEFF72等级需求 1转60级#r#cFEFF72根骨要求 120#r #cFEFF72#cFEFF72根骨 +6#r 附加气血 +1500#r 抗遗忘 +22.3%#r 耐久 1500/1500#r#c4BF24B每回合HP +67#r 附混乱攻击 +5.1%#r 反震率 +4.7%#r  
190113061105:Miner[js]不存在的等级规则:1
190113061105:Miner[js]无阶数
190113061105:Miner[js]不存在的名称辟寒犀带
190113061105:Miner[js]符石价值总价:0
190113061105:Miner[js]装备=>#R品质#s:#s把玩#r#R等级#s:#s1#r#r#Y抗遗忘#s2.2#r
190113061105:Miner[js]不存在的等级规则:1
190113061105:Miner[js]无阶数
190113061105:Miner[js]不存在的名称化蝶
190113061105:Miner[js]符石价值总价:0
190113061105:Miner[js]装备=>#R品质#s:#s把玩#r#R等级#s:#s74#r#r#Y抗混乱#s6.1#r
190113061105:Miner[js]不存在的等级规则:1
190113061105:Miner[js]无阶数
190113061105:Miner[js]不存在的名称大手印
190113061105:Miner[js]符石价值总价:0
190113061105:Miner[js]装备=>#R品质#s:#s把玩#r#R等级#s:#s1#r#r#Y抗昏睡#s2.2#r
190113061105:Miner[js]不存在的等级规则:1
190113061105:Miner[js]无阶数
190113061105:Miner[js]不存在的名称银索金铃
190113061105:Miner[js]符石价值总价:0
190113061105:Miner[js]装备=>#R品质#s:#s把玩#r#R等级#s:#s1#r#r#Y抗风#s2.2#r
190113061105:Miner[js]不存在的等级规则:1
190113061105:Miner[js]无阶数
190113061105:Miner[js]不存在的名称幽冥鬼手
190113061105:Miner[js]符石价值总价:0
190113061105:Miner[js]装备=>#R品质#s:#s把玩#r#R等级#s:#s1#r#r#Y抗风#s2.2#r
190113061105:Miner[js]不存在的等级规则:1
190113061105:Miner[js]无阶数
190113061105:Miner[js]不存在的名称白骨爪
190113061105:Miner[js]符石价值总价:0
190113061105:Miner[js]装备=>#R品质#s:#s把玩#r#R等级#s:#s1#r#r#Y抗雷#s2.2#r
190113061105:Miner[js]不存在的等级规则:1
190113061105:Miner[js]无阶数
190113061105:Miner[js]不存在的名称黑龙珠
190113061105:Miner[js]符石价值总价:0
190113061105:Miner[js]装备=>#R品质#s:#s把玩#r#R等级#s:#s1#r#r#Y抗水#s2.2#r
190113061105:Miner[js]不存在的等级规则:1
190113061105:Miner[js]无阶数
190113061105:Miner[js]不存在的名称锦斓袈裟
190113061105:Miner[js]符石价值总价:0
190113061105:Miner[js]装备=>#R品质#s:#s把玩#r#R等级#s:#s1#r#r#Y抗混乱#s2.2#r
190113061105:Miner[js]不存在的等级规则:1
190113061105:Miner[js]无阶数
190113061105:Miner[js]不存在的名称七宝玲珑塔
190113061105:Miner[js]符石价值总价:0
190113061105:Miner[js]装备=>#R品质#s:#s把玩#r#R等级#s:#s1#r#r#Y抗三尸虫#s227#r
190113061105:Miner[js]不存在的等级规则:1
190113061105:Miner[js]无阶数
190113061105:Miner[js]不存在的名称番天印
190113061105:Miner[js]符石价值总价:0
190113061105:Miner[js]装备=>#R品质#s:#s把玩#r#R等级#s:#s1#r#r#Y抗昏睡#s2.2#r
190113061105:Miner[js]不存在的等级规则:1
190113061105:Miner[js]无阶数
190113061105:Miner[js]不存在的名称大势锤
190113061105:Miner[js]符石价值总价:0
190113061105:Miner[js]装备=>#R品质#s:#s把玩#r#R等级#s:#s1#r#r#Y抗雷#s2.2#r
190113061105:Miner[js]不存在的等级规则:1
190113061105:Miner[js]无阶数
190113061105:Miner[js]不存在的名称绝情鞭
190113061105:Miner[js]符石价值总价:0
190113061105:Miner[js]装备=>#R品质#s:#s把玩#r#R等级#s:#s1#r#r#Y抗封印#s2.2#r
190113061105:Miner[js]不存在的等级规则:1
190113061105:Miner[js]无阶数
190113061105:Miner[js]不存在的名称将军令
190113061105:Miner[js]符石价值总价:0
190113061105:Miner[js]装备=>#R品质#s:#s把玩#r#R等级#s:#s29#r#r#Y抗混乱#s4.6#r
190113061105:Miner[js]不存在的等级规则:1
190113061105:Miner[js]无阶数
190113061105:Miner[js]不存在的名称宝莲灯
190113061105:Miner[js]符石价值总价:0
190113061105:Miner[js]装备=>#R品质#s:#s把玩#r#R等级#s:#s48#r#r#Y抗混乱#s5.3#r
190113061105:Miner[js]不存在的等级规则:1
190113061105:Miner[js]无阶数
190113061105:Miner[js]不存在的名称情网
190113061105:Miner[js]符石价值总价:0
190113061105:Miner[js]装备=>#R品质#s:#s把玩#r#R等级#s:#s77#r#r#Y抗混乱#s6.1#r
190113061105:Miner[js]不存在的等级规则:1
190113061105:Miner[js]无阶数
190113061105:Miner[js]不存在的名称金箍儿
190113061105:Miner[js]符石价值总价:0
190113061105:Miner[js]总估价:(19+0+0)*110=0*110%=0),TimeStamp=1547374265143
190113061106:Miner[js]新物品召唤兽种类:
黄金兽$普$1.575$不变色
麒麟兽$普$1.475$不变色

190113061106:Miner[js]人物估价: Max(等级(-999999),3转等级=> 天赋(0)+成就(0))+财产(1)+帮派成就(1)+家具回灵(0)
190113061106:Miner[js]召唤兽估价max((等级3转170级(35)+技能.吉人天相,分裂攻击,神工鬼力(0)+技能数量3(0)+基础黄金兽$普$1.575$不变色(0)+修炼无修炼(0)),(觉醒技能未觉醒(0)+饰品-1(0)))
190113061106:Miner[js]召唤兽估价max((等级2转101级(-99999)+技能.高级慈乌反哺(0)+技能数量1(0)+基础麒麟兽$普$1.475$不变色(0)+修炼无修炼(0)),(觉醒技能未觉醒(0)+饰品-1(0)))
190113061106:Miner[js]共有33件装备
190113061106:Miner[js]装备=>#cFEFF72原物品 4级佩饰 月影犀带#r#cFEFF72等级需求 1转100级#r#cFEFF72敏捷要求 200#r #cFEFF72#cFEFF72敏捷 +2#r 抗遗忘 +28.0%#r 默契度 2133/6000#r 耐久 1194/2000#r#c4BF24B附加速度 +14#r 抗遗忘 +6.1%#r #c00FFF0培养 0#r #r#r#R时间锁在#n#Y70天22小时24分31秒#n#R后解除#r#r#cF8FCF8【套装】#c00FFFF把玩#r#c4BF24B风法反击 +1.9%#r 强力克土 +1.8%#r 
190113061106:Miner[js]不存在的等级规则:4
190113061106:Miner[js]无阶数
190113061106:Miner[js]不存在的名称月影犀带
190113061106:Miner[js]符石价值总价:0
190113061106:Miner[js]装备=>#cFEFF72#cFEFF72等级需求 1转60级#r#cFEFF72力量要求 10#r #cFEFF72#cFEFF72附加气血 +1400#r 附加魔法 +1400#r 抗混乱 +20.7%#r 耐久 1097/1500#r#c4BF24B加成攻击 +3.4%#r 反震率 +4.7%#r 抗昏睡 +2.6%#r  
190113061106:Miner[js]不存在的等级规则:1
190113061106:Miner[js]无阶数
190113061106:Miner[js]不存在的名称黄琅如意
190113061106:Miner[js]符石价值总价:0
190113061106:Miner[js]装备=>#cFEFF72原物品 4级佩饰 抹月披风#r#cFEFF72等级需求 1转100级#r#cFEFF72敏捷要求 200#r #cFEFF72#cFEFF72灵性 +4#r 附加气血 +800#r 抗遗忘 +28.0%#r 默契度 3298/6000#r 耐久 1194/2000#r#c4BF24B附加速度 +18#r 抗鬼火 +7.5%#r #c00FFF0培养 0#r #r#r#R时间锁在#n#Y70天22小时24分40秒#n#R后解除#r#r#cF8FCF8【套装】#c00FFFF把玩#r#c4BF24B火法反击 +4.9%#r 反震率 +3.6%#r 
190113061106:Miner[js]不存在的等级规则:4
190113061106:Miner[js]无阶数
190113061106:Miner[js]不存在的名称抹月披风
190113061106:Miner[js]符石价值总价:0
190113061106:Miner[js]装备=>#cFEFF72#cFEFF72等级需求 2转100级#r#cFEFF72敏捷要求 360#r #cFEFF72#cFEFF72附加气血 +1000#r 敏捷 +50#r 默契度 4464/8000#r 耐久 1694/2500#r#c4BF24B附加速度 +21#r 敏捷 +11#r #c00FFF0培养 0#r #r#r#R时间锁在#n#Y70天22小时24分35秒#n#R后解除#r 
190113061106:Miner[js]不存在的等级规则:5
190113061106:Miner[js]无阶数
190113061106:Miner[js]不存在的名称冥灵戒指
190113061106:Miner[js]符石价值总价:0
190113061106:Miner[js]装备=>#cFEFF72#cFEFF72等级需求 2转100级#r#cFEFF72敏捷要求 360#r #cFEFF72#cFEFF72附加气血 +1000#r 敏捷 +50#r 默契度 4971/8000#r 耐久 1694/2500#r#c4BF24B附加速度 +22#r 敏捷 +11#r #c00FFF0培养 0#r #r#r#R时间锁在#n#Y70天22小时24分33秒#n#R后解除#r 
190113061106:Miner[js]不存在的等级规则:5
190113061106:Miner[js]无阶数
190113061106:Miner[js]不存在的名称冥灵戒指
190113061106:Miner[js]符石价值总价:0
190113061106:Miner[js]装备=>#cFEFF72原物品 4级佩饰 行军眼罩#r#cFEFF72等级需求 1转100级#r#cFEFF72敏捷要求 200#r #cFEFF72#cFEFF72附加气血 +800#r 敏捷 +2#r 抗混乱 +28.0%#r 默契度 5276/6000#r 耐久 1194/2000#r#c4BF24B附加速度 +22#r 抗封印 +9.5%#r #c00FFF0培养 0#r #r#r#R时间锁在#n#Y70天22小时24分37秒#n#R后解除#r#r#cF8FCF8【套装】#c00FFFF把玩#r#c4BF24B抗致命几率 +1.0%#r 抗雷 +2.0%#r 
190113061106:Miner[js]不存在的等级规则:4
190113061106:Miner[js]无阶数
190113061106:Miner[js]不存在的名称行军眼罩
190113061106:Miner[js]符石价值总价:0
190113061106:Miner[js]装备=>#cFEFF72#cFEFF72等级需求 100级或3转#r#cFEFF72敏捷要求 420#r #cFEFF72#cFEFF72加强震慑 +4.8%#r 连击率 +21.4%#r 基础攻击 +2600#r 耐久 997/1400#r#c4BF24B强力克火 +27.0%#r 等级需求 -10#r 加强封印 +5.0%#r #cF0640F#o25592 6级 加强震慑 +7.3% 禁交易#r#n#r#cF8FCF8【炼器】#c00FFFF开光次数 1#r#cE43D31制作人 Lucky丶五总#r 
190113061106:Miner[js]不存在的等级规则:1
190113061106:Miner[js]无阶数
190113061106:Miner[js]不存在的名称破日
190113061106:Miner[js]符石价值总价:0
190113061106:Miner[js]装备=>#cFEFF72#cFEFF72等级需求 100级或3转#r#cFEFF72#cFEFF72附加气血 +3616#r 附加魔法 +3840#r 敏捷 +24#r 抗遗忘 +24.0%#r 耐久 697/1100#r#c4BF24B每回合HP +152#r 强力克火 +21.0%#r 水系狂暴几率 +6.0%#r 鬼火狂暴几率 +6.0%#r 抗水 +4.0%#r #cE43D31制作人 醉☆无痕#r 
190113061106:Miner[js]不存在的等级规则:1
190113061106:Miner[js]无阶数
190113061106:Miner[js]不存在的名称九转水晶
190113061106:Miner[js]符石价值总价:0
190113061106:Miner[js]装备=>#cFEFF72#cFEFF72等级需求 100级或3转#r#cFEFF72#cFEFF72根骨 +19#r 附加速度 +108#r 抗鬼火 +5.7%#r 耐久 697/1100#r#c00FFFF附加属性：强力克木 +2.9%#r #c4BF24B强力克木 +7.0%#r 强力克火 +6.0%#r 抗中毒 +1.0%#r #cF0640F#o25651 5级 附加魔法 +9800 禁交易#r#o25661 5级 强力克火 +21.8% 禁交易#r#n#cE43D31制作人 ⒋男鬼回不动#r 
190113061106:Miner[js]不存在的等级规则:1
190113061106:Miner[js]无阶数
190113061106:Miner[js]不存在的名称八宝仙履
190113061106:Miner[js]符石价值总价:0
190113061106:Miner[js]装备=>#cFEFF72原物品 14级高级装备 狂雷#r#cFEFF72等级需求 100级或3转#r#cFEFF72敏捷要求 420#r #cFEFF72#cFEFF72加强震慑 +4.4%#r 附加气血 +456#r 物理吸收率 +8.8%#r 抗雷 +34.7%#r 防御 +2880#r 耐久 997/1400#r#c4BF24B强力克火 +11.0%#r 根骨 +4#r 敏捷 +3#r 抗三尸虫 +844#r 抗火 +3.0%#r #r#cF8FCF8【套装】#c00FFFF把玩#r#c4BF24B抗致命几率 +1.4%#r 附加毒攻击几率 +2.0%#r #cE43D31制作人 ⒊女仙秒不死#r 
190113061106:Miner[js]不存在的等级规则:1
190113061106:Miner[js]无阶数
190113061106:Miner[js]不存在的名称狂雷
190113061106:Miner[js]符石价值总价:0
190113061106:Miner[js]装备=>#cFEFF72原物品 14级高级装备 龙吟#r#cFEFF72等级需求 100级或3转#r#cFEFF72敏捷要求 420#r #cFEFF72#cFEFF72附加气血 +204#r 命中率 -9.3%#r 抗混乱 +32.0%#r 加强水 +3.2%#r 耐久 997/1400#r#c4BF24B强力克土 +10.0%#r 强力克火 +10.0%#r 被攻击时释放魔神附身 +2.0%#r 敏捷 +4#r 反震程度 +9.0%#r #r#cF8FCF8【套装】#c00FFFF把玩#r#c4BF24B水法反击 +1.0%#r 抗火 +1.1%#r #cE43D31制作人 ⒉男魔速不起#r 
190113061106:Miner[js]不存在的等级规则:1
190113061106:Miner[js]无阶数
190113061106:Miner[js]不存在的名称龙吟
190113061106:Miner[js]符石价值总价:0
190113061106:Miner[js]装备=>#cFEFF72#cFEFF72#cFEFF72等级需求 70级#r#cFEFF72#cFEFF72物理吸收率 +35.0%#r 附加气血 +1850#r 附加魔法 +1850#r #c4BF24B新手物品 #r  
190113061106:Miner[js]不存在的等级规则:1
190113061106:Miner[js]无阶数
190113061106:Miner[js]不存在的名称魔龙之心
190113061106:Miner[js]符石价值总价:0
190113061106:Miner[js]装备=>#cFEFF72#cFEFF72#cFEFF72等级需求 40级#r#cFEFF72力量要求 65#r #cFEFF72#cFEFF72物理吸收率 +40.0%#r 防御 +772#r 附加速度 -10#r 耐久 599/600#r#c4BF24B新手物品 #r  
190113061106:Miner[js]不存在的等级规则:1
190113061106:Miner[js]无阶数
190113061106:Miner[js]不存在的名称避水甲
190113061106:Miner[js]符石价值总价:0
190113061106:Miner[js]装备=>#cFEFF72#cFEFF72#cFEFF72等级需求 60级#r#cFEFF72力量要求 65#r #cFEFF72#cFEFF72物理吸收率 +40.0%#r 耐久 799/800#r#c4BF24B新手物品 #r  
190113061106:Miner[js]不存在的等级规则:1
190113061106:Miner[js]无阶数
190113061106:Miner[js]不存在的名称乾坤帽
190113061106:Miner[js]符石价值总价:0
190113061106:Miner[js]装备=>#R品质#s:#s把玩#r#R等级#s:#s1#r#r#Y抗三尸虫#s227#r
190113061106:Miner[js]不存在的等级规则:1
190113061106:Miner[js]无阶数
190113061106:Miner[js]不存在的名称化蝶
190113061106:Miner[js]符石价值总价:0
190113061106:Miner[js]装备=>#R品质#s:#s把玩#r#R等级#s:#s1#r#r#Y抗遗忘#s2.2#r
190113061106:Miner[js]不存在的等级规则:1
190113061106:Miner[js]无阶数
190113061106:Miner[js]不存在的名称情网
190113061106:Miner[js]符石价值总价:0
190113061106:Miner[js]装备=>#R品质#s:#s把玩#r#R等级#s:#s1#r#r#Y抗混乱#s2.2#r
190113061106:Miner[js]不存在的等级规则:1
190113061106:Miner[js]无阶数
190113061106:Miner[js]不存在的名称宝莲灯
190113061106:Miner[js]符石价值总价:0
190113061106:Miner[js]装备=>#R品质#s:#s把玩#r#R等级#s:#s1#r#r#Y抗水#s2.2#r
190113061106:Miner[js]不存在的等级规则:1
190113061106:Miner[js]无阶数
190113061106:Miner[js]不存在的名称番天印
190113061106:Miner[js]符石价值总价:0
190113061106:Miner[js]装备=>#R品质#s:#s把玩#r#R等级#s:#s1#r#r#Y抗混乱#s2.2#r
190113061106:Miner[js]不存在的等级规则:1
190113061106:Miner[js]无阶数
190113061106:Miner[js]不存在的名称锦斓袈裟
190113061106:Miner[js]符石价值总价:0
190113061106:Miner[js]装备=>#R品质#s:#s把玩#r#R等级#s:#s1#r#r#Y抗火#s2.2#r
190113061106:Miner[js]不存在的等级规则:1
190113061106:Miner[js]无阶数
190113061106:Miner[js]不存在的名称白骨爪
190113061106:Miner[js]符石价值总价:0
190113061106:Miner[js]装备=>#R品质#s:#s把玩#r#R等级#s:#s1#r#r#Y抗混乱#s2.2#r
190113061106:Miner[js]不存在的等级规则:1
190113061106:Miner[js]无阶数
190113061106:Miner[js]不存在的名称绝情鞭
190113061106:Miner[js]符石价值总价:0
190113061106:Miner[js]装备=>#R品质#s:#s把玩#r#R等级#s:#s1#r#r#Y抗风#s2.2#r
190113061106:Miner[js]不存在的等级规则:1
190113061106:Miner[js]无阶数
190113061106:Miner[js]不存在的名称银索金铃
190113061106:Miner[js]符石价值总价:0
190113061106:Miner[js]装备=>#R品质#s:#s把玩#r#R等级#s:#s1#r#r#Y抗封印#s2.2#r
190113061106:Miner[js]不存在的等级规则:1
190113061106:Miner[js]无阶数
190113061106:Miner[js]不存在的名称大手印
190113061106:Miner[js]符石价值总价:0
190113061106:Miner[js]装备=>#R品质#s:#s把玩#r#R等级#s:#s1#r#r#Y抗风#s2.2#r
190113061106:Miner[js]不存在的等级规则:1
190113061106:Miner[js]无阶数
190113061106:Miner[js]不存在的名称黑龙珠
190113061106:Miner[js]符石价值总价:0
190113061106:Miner[js]装备=>#R品质#s:#s珍藏#r#R等级#s:#s87#r#G契合度#s#s#s#s#s#s#s#s1080#G活跃度#s#s#s#s300(300)#r#G援助#s#s#s#s#s#s10.0(0.0)#G抗落宝#s#s14.5(14.5)#r#Y抗混乱#s6.4#r#cACDBEE符石#s:#s#r#Y#s#s#s#s#o100039空#r#s#s#s#s#o100039空#r#s#s#s#s#o100039空#r#s#s#s#s#o100040未开启#r#s#s#s#s#o100040未开启#r#cACDBEE天赋技能#s:#s#r#Y#s#s#s#s低级归根#s#r#cACDBEE擅长技能#s:#s#r#Y#s#s#s#s刹那光电#s#r#cACDBEE技能#s:#s#r#Y#s#s#s#s#o100003(刹那光电)#s1人合技#r#s#s#s#s#o100003(刹那光电)#s2人合技#r#s#s#s#s#o100003(刹那光电)#s3人合技#r#s#s#s#s#o100042未开启#r#s#s#s#s#o100042未开启#r
190113061106:Miner[js]不存在的等级规则:1
190113061106:Miner[js]无阶数
190113061106:Miner[js]不存在的名称如意金钩
190113061106:Miner[js]符石价值总价:0
190113061106:Miner[js]装备=>#R品质#s:#s把玩#r#R等级#s:#s1#r#r#Y抗三尸虫#s227#r
190113061106:Miner[js]不存在的等级规则:1
190113061106:Miner[js]无阶数
190113061106:Miner[js]不存在的名称七宝玲珑塔
190113061106:Miner[js]符石价值总价:0
190113061106:Miner[js]装备=>#R品质#s:#s把玩#r#R等级#s:#s1#r#r#Y抗水#s2.2#r
190113061106:Miner[js]不存在的等级规则:1
190113061106:Miner[js]无阶数
190113061106:Miner[js]不存在的名称大势锤
190113061106:Miner[js]符石价值总价:0
190113061106:Miner[js]装备=>#R品质#s:#s把玩#r#R等级#s:#s1#r#r#Y抗鬼火#s2.2#r
190113061106:Miner[js]不存在的等级规则:1
190113061106:Miner[js]无阶数
190113061106:Miner[js]不存在的名称将军令
190113061106:Miner[js]符石价值总价:0
190113061106:Miner[js]装备=>#R品质#s:#s把玩#r#R等级#s:#s86#r#r#Y抗混乱#s6.3#r
190113061106:Miner[js]不存在的等级规则:1
190113061106:Miner[js]无阶数
190113061106:Miner[js]不存在的名称幽冥鬼手
190113061106:Miner[js]符石价值总价:0
190113061106:Miner[js]装备=>#R品质#s:#s把玩#r#R等级#s:#s86#r#r#Y抗混乱#s6.3#r
190113061106:Miner[js]不存在的等级规则:1
190113061106:Miner[js]无阶数
190113061106:Miner[js]不存在的名称金箍儿
190113061106:Miner[js]符石价值总价:0
190113061106:Miner[js]装备=>#Y【等级】1/5#r【神力】1/200#r【战力】10/100#r#n【神通】资质：70/100#r#G抗遗忘 +0.6%#r 忽视抗遗忘 +0.1%#r #n#c00FFFF培养 0#n#r#r【五行】#r#Y#Y木 93/100#r#n#c00FFFF无星阵，五行暂不生效#r
190113061106:Miner[js]不存在的等级规则:1
190113061106:Miner[js]无阶数
190113061106:Miner[js]不存在的名称地周星
190113061106:Miner[js]符石价值总价:0
190113061106:Miner[js]装备=>#Y【等级】1/7#r【神力】1/200#r【战力】10/100#r#n【神通】资质：73/100#r#G加强魅惑 +0.3%#r 被攻击时释放乾坤借速 +1.0%#r #n#c00FFFF培养 0#n#r#r【五行】#r#Y#Y金 18/100#r#n#c00FFFF无星阵，五行暂不生效#r
190113061106:Miner[js]不存在的等级规则:1
190113061106:Miner[js]无阶数
190113061106:Miner[js]不存在的名称地轴星
190113061106:Miner[js]符石价值总价:0
190113061106:Miner[js]装备=>#Y【等级】1/3#r【神力】1/200#r【战力】10/100#r#n【神通】资质：77/100#r#G风系狂暴几率 +0.6%#r #n#c00FFFF培养 0#n#r#r【五行】#r#Y#Y水 20/100#r#n#c00FFFF无星阵，五行暂不生效#r
190113061106:Miner[js]不存在的等级规则:1
190113061106:Miner[js]无阶数
190113061106:Miner[js]不存在的名称地囚星
190113061106:Miner[js]符石价值总价:0
190113061106:Miner[js]总估价:(2+35+0)*110=35*110%=38.5),TimeStamp=1547374266888
