190113060949:Miner[js]新物品召唤兽种类:

190113060949:Miner[js]人物估价: Max(等级(180),飞升等级=> 天赋(0)+成就(0))+财产(9)+帮派成就(1)+家具回灵(60)
190113060949:Miner[js]共有23件装备
190113060949:Miner[js]装备=>#cFEFF72#cFEFF72#cFEFF72等级需求 110级或3转#r#cFEFF72#cFEFF72灵性 +20#r 附加气血 +3584#r 附加魔法 +3040#r 抗遗忘 +24.0%#r 耐久 1200/1200#r#c4BF24B反震率 +24.0%#r 反震程度 +45.0%#r 加强昏睡 +1.0%#r #cE43D31制作人 爱之魂→小琼#r 
190113060949:Miner[js]不存在的等级规则:1
190113060949:Miner[js]无阶数
190113060949:Miner[js]不存在的名称月之守护
190113060949:Miner[js]符石价值总价:0
190113060949:Miner[js]装备=>#cFEFF72#cFEFF72#cFEFF72等级需求 100级或3转#r#cFEFF72敏捷要求 420#r #cFEFF72#cFEFF72命中率 -10.0%#r 抗混乱 +18.4%#r 加强水 +4.3%#r 附加气血 +186#r 耐久 1400/1400#r#c4BF24B雷法反击 +9.0%#r 敏捷 +9#r 障眼法 #r 抗封印 +17.0%#r 抗混乱 +14.0%#r #cE43D31制作人 111vv1#r 
190113060949:Miner[js]不存在的等级规则:1
190113060949:Miner[js]无阶数
190113060949:Miner[js]不存在的名称神羽
190113060949:Miner[js]符石价值总价:0
190113060949:Miner[js]装备=>#cFEFF72#cFEFF72#cFEFF72等级需求 130级或3转#r#cFEFF72#cFEFF72力量 +9#r 抗混乱 +12.9%#r 附加速度 +115#r 耐久 1226/1400#r#c4BF24B敏捷 +14#r 障眼法 #r 连击率 +11.0%#r 抗火 +14.0%#r 抗封印 +6.0%#r #cE43D31制作人 魔翼天使☆#r 
190113060949:Miner[js]不存在的等级规则:1
190113060949:Miner[js]无阶数
190113060949:Miner[js]不存在的名称追日
190113060949:Miner[js]符石价值总价:0
190113060949:Miner[js]装备=>#cFEFF72#cFEFF72#cFEFF72等级需求 140级或3转#r#cFEFF72根骨要求 500#r #cFEFF72#cFEFF72附加气血 +970#r 强三尸虫 +672#r 加强遗忘 +4.9%#r 物理吸收率 +11.2%#r 抗昏睡 +17.6%#r 抗混乱 +18.2%#r 防御 +2835#r 耐久 1497/1500#r#c4BF24B灵性 +7#r 风法反击 +13.0%#r 抗遗忘 +14.0%#r 抗昏睡 +6.0%#r #cE43D31制作人 伊人泪、酷儿#r 
190113060949:Miner[js]不存在的等级规则:1
190113060949:Miner[js]无阶数
190113060949:Miner[js]不存在的名称焚冰
190113060949:Miner[js]符石价值总价:0
190113060949:Miner[js]装备=>#cFEFF72#cFEFF72#cFEFF72等级需求 140级或3转#r#cFEFF72根骨要求 500#r #cFEFF72#cFEFF72附加气血 +800#r 加强鬼火 +14.8%#r 命中率 -8.1%#r 加强三尸虫回血程度 +17.6%#r 抗昏睡 +19.0%#r 抗混乱 +19.4%#r 耐久 1497/1500#r#c4BF24B强力克金 +14.0%#r 反震率 +4.0%#r 抗昏睡 +9.0%#r 抗混乱 +9.0%#r #cE43D31制作人 伊人泪、信仰#r 
190113060949:Miner[js]不存在的等级规则:1
190113060949:Miner[js]无阶数
190113060949:Miner[js]不存在的名称云障
190113060949:Miner[js]符石价值总价:0
190113060949:Miner[js]装备=>#cFEFF72#cFEFF72#cFEFF72等级需求 100级或3转#r#cFEFF72敏捷要求 420#r #cFEFF72#cFEFF72附加气血 +194#r 命中率 -9.8%#r 抗封印 +30.7%#r 加强雷 +4.2%#r 耐久 1361/1400#r#c4BF24B雷法反击 +5.0%#r 敏捷 +12#r #cE43D31制作人 雪雨冰天#r 
190113060949:Miner[js]不存在的等级规则:1
190113060949:Miner[js]无阶数
190113060949:Miner[js]不存在的名称龙吟
190113060949:Miner[js]符石价值总价:0
190113060949:Miner[js]装备=>#cFEFF72#cFEFF72#cFEFF72等级需求 130级或3转#r#cFEFF72#cFEFF72根骨 +8#r 抗昏睡 +15.1%#r 附加气血 +3520#r 附加魔法 +3584#r 耐久 1287/1400#r#c4BF24B附加速度 +14#r 障眼法 #r 抗封印 +19.0%#r 抗昏睡 +16.0%#r #cE43D31制作人 寂寞男人#r 
190113060949:Miner[js]不存在的等级规则:1
190113060949:Miner[js]无阶数
190113060949:Miner[js]不存在的名称星辰
190113060949:Miner[js]符石价值总价:0
190113060949:Miner[js]装备=>#R品质#s:#s把玩#r#R等级#s:#s19#r#r#Y抗混乱#s4.1#r
190113060949:Miner[js]不存在的等级规则:1
190113060949:Miner[js]无阶数
190113060949:Miner[js]不存在的名称化蝶
190113060949:Miner[js]符石价值总价:0
190113060949:Miner[js]装备=>#R品质#s:#s把玩#r#R等级#s:#s23#r#r#Y抗封印#s4.3#r
190113060949:Miner[js]不存在的等级规则:1
190113060949:Miner[js]无阶数
190113060949:Miner[js]不存在的名称白骨爪
190113060949:Miner[js]符石价值总价:0
190113060949:Miner[js]装备=>#R品质#s:#s把玩#r#R等级#s:#s20#r#r#Y抗遗忘#s4.2#r
190113060949:Miner[js]不存在的等级规则:1
190113060949:Miner[js]无阶数
190113060949:Miner[js]不存在的名称锦斓袈裟
190113060949:Miner[js]符石价值总价:0
190113060949:Miner[js]装备=>#R品质#s:#s把玩#r#R等级#s:#s39#r#r#Y抗鬼火#s5.0#r
190113060949:Miner[js]不存在的等级规则:1
190113060949:Miner[js]无阶数
190113060949:Miner[js]不存在的名称番天印
190113060949:Miner[js]符石价值总价:0
190113060949:Miner[js]装备=>#R品质#s:#s把玩#r#R等级#s:#s85#r#r#Y抗混乱#s6.3#r
190113060949:Miner[js]不存在的等级规则:1
190113060949:Miner[js]无阶数
190113060949:Miner[js]不存在的名称金箍儿
190113060949:Miner[js]符石价值总价:0
190113060949:Miner[js]装备=>#R品质#s:#s把玩#r#R等级#s:#s51#r#r#Y抗鬼火#s5.4#r
190113060949:Miner[js]不存在的等级规则:1
190113060949:Miner[js]无阶数
190113060949:Miner[js]不存在的名称宝莲灯
190113060949:Miner[js]符石价值总价:0
190113060949:Miner[js]装备=>#R品质#s:#s把玩#r#R等级#s:#s83#r#r#Y抗混乱#s6.3#r
190113060949:Miner[js]不存在的等级规则:1
190113060949:Miner[js]无阶数
190113060949:Miner[js]不存在的名称情网
190113060949:Miner[js]符石价值总价:0
190113060949:Miner[js]装备=>#R品质#s:#s把玩#r#R等级#s:#s29#r#r#Y抗昏睡#s4.6#r
190113060949:Miner[js]不存在的等级规则:1
190113060949:Miner[js]无阶数
190113060949:Miner[js]不存在的名称绝情鞭
190113060949:Miner[js]符石价值总价:0
190113060949:Miner[js]装备=>#R品质#s:#s把玩#r#R等级#s:#s33#r#r#Y抗三尸虫#s483#r
190113060949:Miner[js]不存在的等级规则:1
190113060949:Miner[js]无阶数
190113060949:Miner[js]不存在的名称大手印
190113060949:Miner[js]符石价值总价:0
190113060949:Miner[js]装备=>#R品质#s:#s把玩#r#R等级#s:#s75#r#r#Y抗混乱#s6.1#r
190113060949:Miner[js]不存在的等级规则:1
190113060949:Miner[js]无阶数
190113060949:Miner[js]不存在的名称幽冥鬼手
190113060949:Miner[js]符石价值总价:0
190113060949:Miner[js]装备=>#R品质#s:#s把玩#r#R等级#s:#s5#r#r#Y抗遗忘#s2.9#r
190113060949:Miner[js]不存在的等级规则:1
190113060949:Miner[js]无阶数
190113060949:Miner[js]不存在的名称黑龙珠
190113060949:Miner[js]符石价值总价:0
190113060949:Miner[js]装备=>#R品质#s:#s把玩#r#R等级#s:#s1#r#r#Y抗三尸虫#s227#r
190113060949:Miner[js]不存在的等级规则:1
190113060949:Miner[js]无阶数
190113060949:Miner[js]不存在的名称七宝玲珑塔
190113060949:Miner[js]符石价值总价:0
190113060949:Miner[js]装备=>#R品质#s:#s把玩#r#R等级#s:#s72#r#r#Y抗混乱#s6.0#r
190113060949:Miner[js]不存在的等级规则:1
190113060949:Miner[js]无阶数
190113060949:Miner[js]不存在的名称大势锤
190113060949:Miner[js]符石价值总价:0
190113060949:Miner[js]装备=>#R品质#s:#s把玩#r#R等级#s:#s19#r#r#Y抗水#s4.1#r
190113060949:Miner[js]不存在的等级规则:1
190113060949:Miner[js]无阶数
190113060949:Miner[js]不存在的名称将军令
190113060949:Miner[js]符石价值总价:0
190113060949:Miner[js]装备=>#R品质#s:#s把玩#r#R等级#s:#s70#r#r#Y抗混乱#s6.0#r
190113060949:Miner[js]不存在的等级规则:1
190113060949:Miner[js]无阶数
190113060949:Miner[js]不存在的名称银索金铃
190113060949:Miner[js]符石价值总价:0
190113060949:Miner[js]装备=>#Y【等级】1/4#r【神力】1/200#r【战力】10/100#r#n【神通】资质：93/100#r#G抗封印上限 +0.3%#r抗封印 -0.3%#r风系狂暴程度 +1.3%#r #n#c00FFFF培养 0#n#r#r【五行】#r#Y#Y土 80/100#r#n#c00FFFF无星阵，五行暂不生效#r
190113060949:Miner[js]不存在的等级规则:1
190113060949:Miner[js]无阶数
190113060949:Miner[js]不存在的名称地魔星
190113060949:Miner[js]符石价值总价:0
190113060949:Miner[js]总估价:(250+0+0)*110=0*110%=0),TimeStamp=1547374189241
