190113060930:Miner[js]新物品召唤兽种类:
凤凰$普$1.504$不变色

190113060930:Miner[js]人物估价: Max(等级(-999999),3转等级=> 天赋(0)+成就(0))+财产(0)+帮派成就(0)+家具回灵(0)
190113060930:Miner[js]召唤兽估价max((等级2转100级(-99999)+技能.已开启(0)+技能数量1(0)+基础凤凰$普$1.504$不变色(0)+修炼无修炼(0)),(觉醒技能未觉醒(0)+饰品-1(0)))
190113060930:Miner[js]共有28件装备
190113060930:Miner[js]装备=>#cFEFF72#cFEFF72等级需求 2转120级#r#cFEFF72敏捷要求 420#r #cFEFF72#cFEFF72敏捷 +4#r 抗遗忘 +28.5%#r 耐久 2913/3000#r#c4BF24B附风攻击 +10.1%#r 抗三尸虫 +734#r 抗遗忘 +5.1%#r  
190113060930:Miner[js]不存在的等级规则:1
190113060930:Miner[js]无阶数
190113060930:Miner[js]不存在的名称星辰之约
190113060930:Miner[js]符石价值总价:0
190113060930:Miner[js]装备=>#cFEFF72#cFEFF72等级需求 2转120级#r#cFEFF72敏捷要求 10#r #cFEFF72#cFEFF72附加气血 +2600#r 附加魔法 +2600#r 抗混乱 +30.7%#r 耐久 2913/3000#r#c4BF24B致命几率 +12.1%#r 抗风 +7.6%#r  
190113060930:Miner[js]不存在的等级规则:1
190113060930:Miner[js]无阶数
190113060930:Miner[js]不存在的名称霁月古镜
190113060930:Miner[js]符石价值总价:0
190113060930:Miner[js]装备=>#cFEFF72#cFEFF72等级需求 2转120级#r#cFEFF72敏捷要求 420#r #cFEFF72#cFEFF72附加气血 +1200#r 敏捷 +8#r 抗遗忘 +28.2%#r 耐久 2913/3000#r#c4BF24B附加速度 +17#r 抗三尸虫 +734#r 抗遗忘 +5.1%#r  
190113060930:Miner[js]不存在的等级规则:1
190113060930:Miner[js]无阶数
190113060930:Miner[js]不存在的名称尺玉披肩
190113060930:Miner[js]符石价值总价:0
190113060930:Miner[js]装备=>#cFEFF72#cFEFF72等级需求 2转120级#r#cFEFF72敏捷要求 420#r #cFEFF72#cFEFF72附加气血 +1200#r 敏捷 +48#r 耐久 2913/3000#r#c4BF24B抗毒伤害 +801#r 尘埃落定 +1601#r 灵犀一点 +1601#r  
190113060930:Miner[js]不存在的等级规则:1
190113060930:Miner[js]无阶数
190113060930:Miner[js]不存在的名称血瓷戒指
190113060930:Miner[js]符石价值总价:0
190113060930:Miner[js]装备=>#cFEFF72#cFEFF72等级需求 2转120级#r#cFEFF72敏捷要求 420#r #cFEFF72#cFEFF72附加气血 +1200#r 敏捷 +48#r 耐久 2913/3000#r#c4BF24B力量 +6#r 被攻击时释放含情脉脉 +9.4%#r 美人迟暮 +1601#r  
190113060930:Miner[js]不存在的等级规则:1
190113060930:Miner[js]无阶数
190113060930:Miner[js]不存在的名称血瓷戒指
190113060930:Miner[js]符石价值总价:0
190113060930:Miner[js]装备=>#cFEFF72#cFEFF72等级需求 2转120级#r#cFEFF72敏捷要求 420#r #cFEFF72#cFEFF72灵性 +4#r 附加气血 +1200#r 抗鬼火 +34.0%#r 耐久 2913/3000#r#c4BF24B每回合HP +201#r 附加速度 +26#r  
190113060930:Miner[js]不存在的等级规则:1
190113060930:Miner[js]无阶数
190113060930:Miner[js]不存在的名称月牙梳
190113060930:Miner[js]符石价值总价:0
190113060930:Miner[js]装备=>#cFEFF72#cFEFF72#cFEFF72力量要求 110#r #cFEFF72#cFEFF72反击率 +20.0%#r 加强混乱 +20.0%#r 加强封印 +20.0%#r 对无属性目标伤害 +30.0%#r 基础攻击 +2000#r 灵气 271/300#r#cE89A4D忽视抗封 +5.0%#r 忽视抗睡 +5.0%#r 忽视抗混 +5.0%#r 加强毒伤害 +5.0%#r #r#cF8FCF8【炼器】#c00FFFF开光次数 3#r#c4BF24B忽视抗封 +1.7%#r 灵性 +3#r 反击 +2#r #cFEFF72等级 5#r#cFEFF72编号为 618@510 
190113060930:Miner[js]不存在的等级规则:1
190113060930:Miner[js]无阶数
190113060930:Miner[js]不存在的规则：缚龙索  '力量要求 110#r #r反击率 +20.0%#r 加强混乱 +20.0%#r 加强封印 +20.0%#r 对无属性目标伤害 +30.0%#r 基础攻击 +2000#r 灵气 271/300#r#r等级 5#r#r编号为 618@510 #r
190113060930:Miner[js]符石价值总价:0
190113060930:Miner[js]装备=>#cFEFF72#cFEFF72等级需求 100级或3转#r#cFEFF72#cFEFF72根骨 +24#r 附加气血 +2720#r 附加魔法 +3040#r 抗遗忘 +22.0%#r 耐久 1071/1100#r#c4BF24B每回合HP +262#r 忽视抗封 +3.0%#r 强力克火 +4.0%#r 抗鬼火 +5.0%#r #cE43D31制作人 女〃#r 
190113060930:Miner[js]不存在的等级规则:1
190113060930:Miner[js]无阶数
190113060930:Miner[js]不存在的名称九转水晶
190113060930:Miner[js]符石价值总价:0
190113060930:Miner[js]装备=>#cFEFF72#cFEFF72等级需求 140级或3转#r#cFEFF72#cFEFF72根骨 +36#r 附加速度 +112#r 抗昏睡 +19.7%#r 耐久 1471/1500#r#c00FFFF附加属性：灵性 +5#r #c4BF24B强力克水 +6.0%#r 抗鬼火 +8.0%#r 命中率 +4.0%#r 躲闪率 +17.0%#r 狂暴几率 +8.0%#r #cE43D31制作人 守护你身边′#r 
190113060931:Miner[js]不存在的等级规则:1
190113060931:Miner[js]无阶数
190113060931:Miner[js]不存在的名称缓归
190113060931:Miner[js]符石价值总价:0
190113060931:Miner[js]装备=>#cFEFF72#cFEFF72等级需求 140级或3转#r#cFEFF72根骨要求 500#r #cFEFF72#cFEFF72加强毒伤害 +5.5%#r 附加气血 +810#r 物理吸收率 +11.3%#r 抗昏睡 +15.2%#r 抗混乱 +15.2%#r 加强封印 +5.9%#r 防御 +3500#r 耐久 1471/1500#r#c4BF24B强力克木 +12.0%#r 被攻击时释放乾坤借速 +11.0%#r 根骨 +13#r #cE43D31制作人 终于拉线了#r 
190113060931:Miner[js]不存在的等级规则:1
190113060931:Miner[js]无阶数
190113060931:Miner[js]不存在的名称燃岚
190113060931:Miner[js]符石价值总价:0
190113060931:Miner[js]装备=>#cFEFF72#cFEFF72等级需求 140级或3转#r#cFEFF72根骨要求 500#r #cFEFF72#cFEFF72加强毒伤害 +4.8%#r 附加气血 +960#r 命中率 -11.9%#r 抗封印 +16.9%#r 抗混乱 +14.0%#r 加强封印 +5.7%#r 耐久 1471/1500#r#c4BF24B每回合HP +84#r 灵性 +9#r 强力克金 +12.0%#r #cE43D31制作人 V587#r 
190113060931:Miner[js]不存在的等级规则:1
190113060931:Miner[js]无阶数
190113060931:Miner[js]不存在的名称枯雪
190113060931:Miner[js]符石价值总价:0
190113060931:Miner[js]装备=>#R品质#s:#s无价#r#R等级#s:#s79#r#G契合度#s#s#s#s#s#s#s#s4709#G活跃度#s#s#s#s800(649)#r#G速度#s#s#s#s#s#s#s#s760(0)#G援助#s#s#s#s#s#s10.0(0.0)#r#G落宝#s#s#s#s#s#s#s5.9(0.0)#G伤害#s#s#s#s#s#s23.9(0.0)#r#Y抗混乱#s6.2#r#cACDBEE符石#s:#s#r#Y#s#s#s#s#o100037#Y玄武符石[2级] 伤害7.2#s速度348#s#r#s#s#s#s#o100034#Y白虎符石[2级] 落宝1.1#s速度230#s伤害4.9#s#r#s#s#s#s#o100035#Y麒麟符石[2级] 落宝4.8#s活跃度151#s伤害9.5#s#r#s#s#s#s#o100036#Y青龙符石[2级] 速度182#s伤害2.3#s#r#s#s#s#s#o100040未开启#r#cACDBEE天赋技能#s:#s#r#Y#s#s#s#s低级敏捷增强#s#r#cACDBEE擅长技能#s:#s#r#Y#s#s#s#s疾风骤雨#s#r#cACDBEE技能#s:#s#r#Y#s#s#s#s#o100004(疾风骤雨)#s1人合技#r#s#s#s#s#o100004(疾风骤雨)#s2人合技#r#s#s#s#s#o100004(疾风骤雨)#s4人合技#r#s#s#s#s#o100042未开启#r#s#s#s#s#o100042未开启#r
190113060931:Miner[js]不存在的等级规则:1
190113060931:Miner[js]无阶数
190113060931:Miner[js]不存在的名称宸午针
190113060931:Miner[js]符石价值2:无 2:无 2:无 2:无 总价:0
190113060931:Miner[js]装备=>#R品质#s:#s把玩#r#R等级#s:#s1#r#r#Y抗遗忘#s2.2#r
190113060931:Miner[js]不存在的等级规则:1
190113060931:Miner[js]无阶数
190113060931:Miner[js]不存在的名称化蝶
190113060931:Miner[js]符石价值总价:0
190113060931:Miner[js]装备=>#R品质#s:#s把玩#r#R等级#s:#s1#r#r#Y抗昏睡#s2.2#r
190113060931:Miner[js]不存在的等级规则:1
190113060931:Miner[js]无阶数
190113060931:Miner[js]不存在的名称银索金铃
190113060931:Miner[js]符石价值总价:0
190113060931:Miner[js]装备=>#R品质#s:#s把玩#r#R等级#s:#s1#r#r#Y抗雷#s2.2#r
190113060931:Miner[js]不存在的等级规则:1
190113060931:Miner[js]无阶数
190113060931:Miner[js]不存在的名称白骨爪
190113060931:Miner[js]符石价值总价:0
190113060931:Miner[js]装备=>#R品质#s:#s把玩#r#R等级#s:#s1#r#r#Y抗封印#s2.2#r
190113060931:Miner[js]不存在的等级规则:1
190113060931:Miner[js]无阶数
190113060931:Miner[js]不存在的名称锦斓袈裟
190113060931:Miner[js]符石价值总价:0
190113060931:Miner[js]装备=>#R品质#s:#s把玩#r#R等级#s:#s1#r#r#Y抗混乱#s2.2#r
190113060931:Miner[js]不存在的等级规则:1
190113060931:Miner[js]无阶数
190113060931:Miner[js]不存在的名称番天印
190113060931:Miner[js]符石价值总价:0
190113060931:Miner[js]装备=>#R品质#s:#s把玩#r#R等级#s:#s68#r#r#Y抗混乱#s5.9#r
190113060931:Miner[js]不存在的等级规则:1
190113060931:Miner[js]无阶数
190113060931:Miner[js]不存在的名称金箍儿
190113060931:Miner[js]符石价值总价:0
190113060931:Miner[js]装备=>#R品质#s:#s把玩#r#R等级#s:#s1#r#r#Y抗雷#s2.2#r
190113060931:Miner[js]不存在的等级规则:1
190113060931:Miner[js]无阶数
190113060931:Miner[js]不存在的名称宝莲灯
190113060931:Miner[js]符石价值总价:0
190113060931:Miner[js]装备=>#R品质#s:#s把玩#r#R等级#s:#s1#r#r#Y抗三尸虫#s227#r
190113060931:Miner[js]不存在的等级规则:1
190113060931:Miner[js]无阶数
190113060931:Miner[js]不存在的名称绝情鞭
190113060931:Miner[js]符石价值总价:0
190113060931:Miner[js]装备=>#R品质#s:#s把玩#r#R等级#s:#s1#r#r#Y抗遗忘#s2.2#r
190113060931:Miner[js]不存在的等级规则:1
190113060931:Miner[js]无阶数
190113060931:Miner[js]不存在的名称大手印
190113060931:Miner[js]符石价值总价:0
190113060931:Miner[js]装备=>#R品质#s:#s把玩#r#R等级#s:#s68#r#r#Y抗混乱#s5.9#r
190113060931:Miner[js]不存在的等级规则:1
190113060931:Miner[js]无阶数
190113060931:Miner[js]不存在的名称幽冥鬼手
190113060931:Miner[js]符石价值总价:0
190113060931:Miner[js]装备=>#R品质#s:#s把玩#r#R等级#s:#s1#r#r#Y抗封印#s2.2#r
190113060931:Miner[js]不存在的等级规则:1
190113060931:Miner[js]无阶数
190113060931:Miner[js]不存在的名称黑龙珠
190113060931:Miner[js]符石价值总价:0
190113060931:Miner[js]装备=>#R品质#s:#s把玩#r#R等级#s:#s1#r#r#Y抗三尸虫#s227#r
190113060931:Miner[js]不存在的等级规则:1
190113060931:Miner[js]无阶数
190113060931:Miner[js]不存在的名称七宝玲珑塔
190113060931:Miner[js]符石价值总价:0
190113060931:Miner[js]装备=>#R品质#s:#s把玩#r#R等级#s:#s1#r#r#Y抗水#s2.2#r
190113060931:Miner[js]不存在的等级规则:1
190113060931:Miner[js]无阶数
190113060931:Miner[js]不存在的名称大势锤
190113060931:Miner[js]符石价值总价:0
190113060931:Miner[js]装备=>#R品质#s:#s把玩#r#R等级#s:#s1#r#r#Y抗火#s2.2#r
190113060931:Miner[js]不存在的等级规则:1
190113060931:Miner[js]无阶数
190113060931:Miner[js]不存在的名称将军令
190113060931:Miner[js]符石价值总价:0
190113060931:Miner[js]装备=>#R品质#s:#s把玩#r#R等级#s:#s1#r#r#Y抗混乱#s2.2#r
190113060931:Miner[js]不存在的等级规则:1
190113060931:Miner[js]无阶数
190113060931:Miner[js]不存在的名称情网
190113060931:Miner[js]符石价值总价:0
190113060931:Miner[js]装备=>#Y【等级】1/2#r【神力】1/200#r【战力】10/100#r#n【神通】资质：76/100#r#G忽视抗睡 +0.1%#r 加强加速法术 +0.3%#r #n#c00FFFF培养 0#n#r#r【五行】#r#Y#Y木 83/100#r#n#c00FFFF无星阵，五行暂不生效#r
190113060931:Miner[js]不存在的等级规则:1
190113060931:Miner[js]无阶数
190113060931:Miner[js]不存在的名称地恶星
190113060931:Miner[js]符石价值总价:0
190113060931:Miner[js]总估价:(0+0+0)*110=0*110%=0),TimeStamp=1547374171217
