190113060933:Miner[js]新物品召唤兽种类:
冥灵妃子$普$1.575$不变色
冰雪魔$普$1.575$不变色
黄金兽$普$1.604$不变色
冥灵妃子$普$1.605$不变色
迦楼罗王$普$1.653$不变色
蹴鞠宗师$普$1.605$不变色
迦楼罗王$普$1.653$变色

190113060933:Miner[js]人物估价: Max(等级(180),飞升等级=> 天赋(0)+成就(0))+财产(53)+帮派成就(2)+家具回灵(0)
190113060933:Miner[js]召唤兽估价max((等级3转170级(35)+技能.木灵诀,悬刃,如人饮水(0)+技能数量3(0)+基础冥灵妃子$普$1.575$不变色(0)+修炼无修炼(0)),(觉醒技能未觉醒(0)+饰品-1(0)))
190113060933:Miner[js]召唤兽估价max((等级3转170级(35)+技能.智之水叶神,如人饮水,倍道兼行(0)+技能数量3(0)+基础冰雪魔$普$1.575$不变色(0)+修炼无修炼(0)),(觉醒技能未觉醒(0)+饰品-1(0)))
190113060933:Miner[js]召唤兽估价max((等级点化162级(70)+技能.神工鬼力,回源(0)+技能数量2(0)+基础黄金兽$普$1.604$不变色(0)+修炼无修炼(0)),(觉醒技能未觉醒(0)+饰品-1(0)))
190113060933:Miner[js]召唤兽估价max((等级点化146级(70)+技能.报复,朗月清风,已开启(0)+技能数量3(0)+基础冥灵妃子$普$1.605$不变色(0)+修炼无修炼(0)),(觉醒技能未觉醒(0)+饰品-1(0)))
190113060933:Miner[js]召唤兽估价max((等级点化167级(50)+技能分花拂柳.分花拂柳,朗月清风,如人饮水,神工鬼力(150)+技能数量4(0)+基础迦楼罗王$普$1.653$不变色(0)+修炼无修炼(0)),(觉醒技能已觉醒(100)+饰品-1(0)))
190113060933:Miner[js]召唤兽估价max((等级3转166级(35)+技能.扶伤(0)+技能数量1(0)+基础蹴鞠宗师$普$1.605$不变色(0)+修炼无修炼(0)),(觉醒技能未觉醒(0)+饰品-1(0)))
190113060933:Miner[js]召唤兽估价max((等级点化164级(50)+技能.神工鬼力,帐饮东都,混乱(0)+技能数量3(0)+基础迦楼罗王$普$1.653$变色(0)+修炼无修炼(0)),(觉醒技能未觉醒(0)+饰品-1(0)))
190113060933:Miner[js]共有54件装备
190113060933:Miner[js]装备=>#cFEFF72#cFEFF72等级需求 2转120级#r#cFEFF72敏捷要求 420#r #cFEFF72#cFEFF72力量 +4#r 抗遗忘 +38.0%#r 默契度 10000/10000#r 耐久 2775/3000#r#c4BF24B附加速度 +31#r 抗遗忘 +13.1%#r #c00FFF0培养 0#r #r#r#R时间锁保护时间：#n#Y10天#r 
190113060933:Miner[js]6级默契:10000/10000,价值:30
190113060933:Miner[js]无阶数
190113060933:Miner[js]不存在的名称星辰之约
190113060933:Miner[js]符石价值总价:0
190113060933:Miner[js]装备=>#cFEFF72#cFEFF72等级需求 2转100级#r#cFEFF72灵性要求 10#r #cFEFF72#cFEFF72附加气血 +2200#r 附加魔法 +2200#r 抗混乱 +33.0%#r 默契度 5859/8000#r 耐久 2350/2500#r#c4BF24B附加速度 +23#r 抗混乱 +10.0%#r #c00FFF0培养 0#r #r#r#R时间锁保护时间：#n#Y3天#r 
190113060933:Miner[js]不存在的等级规则:5
190113060933:Miner[js]无阶数
190113060933:Miner[js]不存在的名称流景扬辉
190113060933:Miner[js]符石价值总价:0
190113060933:Miner[js]装备=>#cFEFF72#cFEFF72等级需求 2转100级#r#cFEFF72敏捷要求 360#r #cFEFF72#cFEFF72根骨 +6#r 附加气血 +1000#r 抗遗忘 +31.0%#r 默契度 4256/8000#r 耐久 2350/2500#r#c4BF24B附加速度 +20#r 抗遗忘 +8.5%#r #c00FFF0培养 0#r #r#r#R时间锁保护时间：#n#Y10天#r 
190113060933:Miner[js]不存在的等级规则:5
190113060933:Miner[js]无阶数
190113060933:Miner[js]不存在的名称檐牙斗篷
190113060933:Miner[js]符石价值总价:0
190113060933:Miner[js]装备=>#cFEFF72#cFEFF72等级需求 3转160级#r#cFEFF72敏捷要求 520#r #cFEFF72#cFEFF72附加气血 +1400#r 敏捷 +70#r 默契度 951/12000#r 耐久 3281/3500#r#c4BF24B附加速度 +10#r 敏捷 +5#r #c00FFF0培养 0#r #r 
190113060933:Miner[js]7级默契:951/12000,价值:40
190113060933:Miner[js]无阶数
190113060933:Miner[js]不存在的名称翠玉扳指
190113060933:Miner[js]符石价值总价:0
190113060933:Miner[js]装备=>#cFEFF72#cFEFF72等级需求 3转160级#r#cFEFF72敏捷要求 520#r #cFEFF72#cFEFF72附加气血 +1400#r 敏捷 +70#r 默契度 2224/12000#r 耐久 3278/3500#r#c4BF24B附加速度 +15#r 敏捷 +8#r #c00FFF0培养 0#r #r 
190113060933:Miner[js]7级默契:2224/12000,价值:40
190113060933:Miner[js]无阶数
190113060933:Miner[js]不存在的名称翠玉扳指
190113060933:Miner[js]符石价值总价:0
190113060933:Miner[js]装备=>#cFEFF72#cFEFF72等级需求 2转100级#r#cFEFF72敏捷要求 360#r #cFEFF72#cFEFF72附加气血 +1000#r 敏捷 +2#r 抗遗忘 +31.0%#r 默契度 6255/8000#r 耐久 2350/2500#r#c4BF24B附加速度 +24#r 抗鬼火 +10.3%#r #c00FFF0培养 0#r #r#r#R时间锁保护时间：#n#Y10天#r 
190113060933:Miner[js]不存在的等级规则:5
190113060933:Miner[js]无阶数
190113060933:Miner[js]不存在的名称鎏金额饰
190113060933:Miner[js]符石价值总价:0
190113060933:Miner[js]装备=>#cFEFF72#cFEFF72等级需求 140级或3转#r#cFEFF72#cFEFF72加强加防法术 +4.0%#r 加强震慑 +5.7%#r 狂暴几率 +18.8%#r 基础攻击 +2880#r 耐久 1425/1500#r#c4BF24B强力克水 +29.0%#r 雷系狂暴几率 +8.0%#r 敏捷 +26#r 障眼法 #r #cF0640F#o25592 6级 加强震慑 +7.5% 禁交易#r#n#r#cF8FCF8【炼器】#c00FFFF开光次数 3#r#c4BF24B附风攻击 +3.5%#r 敏捷 +3#r #cE43D31制作人 光之守护#r 
190113060933:Miner[js]不存在的等级规则:1
190113060933:Miner[js]无阶数
190113060933:Miner[js]不存在的名称静岳
190113060933:Miner[js]符石价值总价:0
190113060933:Miner[js]装备=>#cFEFF72#cFEFF72等级需求 140级或3转#r#cFEFF72#cFEFF72附加气血 +3296#r 附加魔法 +3648#r 敏捷 +33#r 抗混乱 +35.7%#r 耐久 1425/1500#r#c4BF24B强力克水 +27.0%#r 敏捷 +26#r 抗风 +5.0%#r #cE43D31制作人 霸道D温柔#r 
190113060933:Miner[js]不存在的等级规则:1
190113060933:Miner[js]无阶数
190113060933:Miner[js]不存在的名称玄黄
190113060933:Miner[js]符石价值总价:0
190113060933:Miner[js]装备=>#cFEFF72#cFEFF72等级需求 2转100级#r功绩需求 2600#r#cFEFF72#cFEFF72增加强克效果 +9.2%#r 抗金箍 +7.3%#r 品质 923/1000#r 耐久 4925/5000#r#c4BF24B忽视抗震慑 +1.3%#r #c00FFFF培养 0#n#r 
190113060933:Miner[js]不存在的等级规则:1
190113060933:Miner[js]无阶数
190113060933:Miner[js]不存在的名称福慧双修
190113060933:Miner[js]符石价值总价:0
190113060933:Miner[js]装备=>#cFEFF72#cFEFF72等级需求 100级或3转#r#cFEFF72#cFEFF72附加速度 +116#r 敏捷 +21#r 抗封印 +5.6%#r 耐久 1025/1100#r#c4BF24B敏捷 +54#r #cF0640F#o25652 6级 附加魔法 +12360 禁交易#r#o25662 6级 强力克水 +27.5% 禁交易#r#n#cE43D31制作人 梦想2014#r 
190113060933:Miner[js]不存在的等级规则:1
190113060933:Miner[js]无阶数
190113060933:Miner[js]不存在的名称八宝仙履
190113060933:Miner[js]符石价值总价:0
190113060933:Miner[js]装备=>#cFEFF72#cFEFF72等级需求 140级或3转#r#cFEFF72#cFEFF72加强加防法术 +5.3%#r 加强震慑 +4.9%#r 抗三尸虫 +2478#r 物理吸收率 +8.1%#r 抗封印 +14.3%#r 防御 +2800#r 耐久 1425/1500#r#c4BF24B每回合HP +104#r 强力克水 +17.0%#r 抗火 +1.0%#r 抗水 +7.0%#r #cE43D31制作人 抓咪咪#r 
190113060933:Miner[js]不存在的等级规则:1
190113060933:Miner[js]无阶数
190113060933:Miner[js]不存在的名称燃岚
190113060933:Miner[js]符石价值总价:0
190113060933:Miner[js]装备=>#cFEFF72#cFEFF72等级需求 140级或3转#r#cFEFF72#cFEFF72加强加防法术 +5.3%#r 加强震慑 +4.5%#r 抗鬼火 +36.0%#r 命中率 -9.0%#r 耐久 1425/1500#r#c4BF24B强力克水 +14.0%#r 属性需求 -10.0%#r 反震率 +14.0%#r 抗火 +6.0%#r 抗水 +3.0%#r #cE43D31制作人 ヅ坏坏灬伟#r 
190113060933:Miner[js]不存在的等级规则:1
190113060933:Miner[js]无阶数
190113060933:Miner[js]不存在的名称枯雪
190113060933:Miner[js]符石价值总价:0
190113060933:Miner[js]装备=>#cFEFF72#cFEFF72#cFEFF72等级需求 2转100级#r功绩需求 2600#r#cFEFF72#cFEFF72附加攻击 +3816#r 增加强克效果 +8.4%#r 品质 848/1000#r 耐久 4894/5000#r#c4BF24B强力克水 +12.7%#r 命中率 +12.7%#r #c00FFFF培养 0#n#r 
190113060933:Miner[js]不存在的等级规则:1
190113060933:Miner[js]无阶数
190113060933:Miner[js]不存在的名称福慧双修
190113060933:Miner[js]符石价值总价:0
190113060933:Miner[js]装备=>#cFEFF72#cFEFF72#cFEFF72等级需求 2转100级#r功绩需求 2600#r#cFEFF72#cFEFF72增加强克效果 +8.0%#r 抗震慑气血 +12.0%#r 品质 805/1000#r 耐久 4749/5000#r#c4BF24B忽视抗风 +3.2%#r 强力克水 +12.0%#r 加强震慑 +2.4%#r #c00FFFF培养 0#n#r 
190113060933:Miner[js]不存在的等级规则:1
190113060933:Miner[js]无阶数
190113060933:Miner[js]不存在的名称福慧双修
190113060933:Miner[js]符石价值总价:0
190113060933:Miner[js]装备=>#cFEFF72种类:白虎 
190113060933:Miner[js]不存在的等级规则:1
190113060933:Miner[js]无阶数
190113060933:Miner[js]不存在的名称变色丹
190113060933:Miner[js]符石价值总价:0
190113060933:Miner[js]装备=>#cFEFF72#Y等级 6, 附加攻击 +5040, 价值 105#n#r#R无法交易#n 
190113060933:Miner[js]不存在的等级规则:1
190113060933:Miner[js]无阶数
190113060933:Miner[js]不存在的名称孔雀石
190113060933:Miner[js]符石价值总价:0
190113060933:Miner[js]装备=>#cFEFF72#cFEFF72原物品 6级佩饰 霁月古镜#r#cFEFF72等级需求 2转120级#r#cFEFF72力量要求 10#r #cFEFF72#cFEFF72附加气血 +2600#r 附加魔法 +2600#r 抗雷 +33.1%#r 耐久 2682/3000#r#c4BF24B附加攻击 +1001#r 致命几率 +12.1%#r #r#cF8FCF8【套装】#r#c4BF24B水法反击 +1.4%#r 强力克木 +1.6%#r  
190113060933:Miner[js]不存在的等级规则:1
190113060933:Miner[js]无阶数
190113060933:Miner[js]不存在的名称霁月古镜
190113060933:Miner[js]符石价值总价:0
190113060933:Miner[js]装备=>#cFEFF72#cFEFF72原物品 6级佩饰 尺玉披肩#r#cFEFF72等级需求 2转120级#r#cFEFF72力量要求 450#r #cFEFF72#cFEFF72附加攻击 +1600#r 灵性 +12#r 抗鬼火 +32.4%#r 耐久 2757/3000#r#c4BF24B加成攻击 +10.1%#r 连击 +5#r #r#cF8FCF8【套装】#r#c4BF24B强力克水 +1.6%#r 被攻击时释放魔神附身 +2.0%#r  
190113060933:Miner[js]不存在的等级规则:1
190113060933:Miner[js]无阶数
190113060933:Miner[js]不存在的名称尺玉披肩
190113060933:Miner[js]符石价值总价:0
190113060933:Miner[js]装备=>#cFEFF72#cFEFF72原物品 6级佩饰 尺玉披肩#r#cFEFF72等级需求 2转120级#r#cFEFF72力量要求 450#r #cFEFF72#cFEFF72力量 +12#r 附加攻击 +1600#r 抗遗忘 +30.7%#r 耐久 2691/3000#r#c4BF24B致命几率 +12.1%#r 连击 +5#r #r#cF8FCF8【套装】#r#c4BF24B水法反击 +1.2%#r 抗火 +1.2%#r  
190113060933:Miner[js]不存在的等级规则:1
190113060933:Miner[js]无阶数
190113060933:Miner[js]不存在的名称尺玉披肩
190113060933:Miner[js]符石价值总价:0
190113060933:Miner[js]装备=>#cFEFF72#cFEFF72原物品 6级佩饰 月牙梳#r#cFEFF72等级需求 2转120级#r#cFEFF72力量要求 450#r #cFEFF72#cFEFF72力量 +8#r 附加攻击 +1600#r 抗昏睡 +31.0%#r 耐久 2757/3000#r#c4BF24B狂暴几率 +12.1%#r 连击率 +15.1%#r #r#cF8FCF8【套装】#r#c4BF24B附加攻击 +165#r 被攻击时释放魔神附身 +1.2%#r  
190113060933:Miner[js]不存在的等级规则:1
190113060933:Miner[js]无阶数
190113060933:Miner[js]不存在的名称月牙梳
190113060933:Miner[js]符石价值总价:0
190113060933:Miner[js]装备=>#cFEFF72#cFEFF72原物品 6级佩饰 月牙梳#r#cFEFF72等级需求 2转120级#r#cFEFF72力量要求 450#r #cFEFF72#cFEFF72附加攻击 +1600#r 根骨 +8#r 抗鬼火 +33.1%#r 耐久 2691/3000#r#c4BF24B命中率 +15.1%#r 连击率 +15.1%#r #r#cF8FCF8【套装】#r#c4BF24B每回合HP +186#r 强力克金 +1.7%#r  
190113060933:Miner[js]不存在的等级规则:1
190113060933:Miner[js]无阶数
190113060933:Miner[js]不存在的名称月牙梳
190113060933:Miner[js]符石价值总价:0
190113060933:Miner[js]装备=>#cFEFF72#cFEFF72原物品 14级高级装备 神羽#r#cFEFF72等级需求 100级或3转#r#cFEFF72力量要求 450#r #cFEFF72#cFEFF72抗遗忘 +38.4%#r 命中率 -11.6%#r 物理吸收率 +21.0%#r 耐久 1294/1400#r#c4BF24B强力克水 +12.0%#r 障眼法 #r 抗鬼火 +7.0%#r 连击率 +35.0%#r 抗混乱 +9.0%#r #r#cF8FCF8【套装】#r#c4BF24B被攻击时释放乾坤借速 +1.9%#r 反震率 +1.2%#r #cE43D31制作人 古城居#r 
190113060933:Miner[js]不存在的等级规则:1
190113060933:Miner[js]无阶数
190113060933:Miner[js]不存在的名称神羽
190113060933:Miner[js]符石价值总价:0
190113060933:Miner[js]装备=>#cFEFF72#cFEFF72#cFEFF72等级需求 140级或3转#r#cFEFF72力量要求 450#r #cFEFF72#cFEFF72连击率 +20.0%#r 忽视防御几率 +74.9%#r 忽视防御程度 +81.9%#r 基础攻击 +12720#r 耐久 1394/1500#r#c4BF24B加成攻击 +60.0%#r 强力克土 +13.0%#r 根骨 +12#r 加强火 +4.0%#r #cF0640F#o25612 6级 附加攻击 +4656 禁交易#r#n#r#cF8FCF8【炼器】#c00FFFF开光次数 3#r#c4BF24B加成攻击 +9.8%#r 附雷攻击 +1.5%#r #cE43D31制作人 桔子爱恋123#r 
190113060933:Miner[js]不存在的等级规则:1
190113060933:Miner[js]无阶数
190113060933:Miner[js]不存在的名称静岳
190113060933:Miner[js]符石价值总价:0
190113060933:Miner[js]装备=>#cFEFF72#cFEFF72#cFEFF72等级需求 140级或3转#r#cFEFF72#cFEFF72力量 +24#r 附加气血 +3456#r 附加魔法 +2752#r 抗混乱 +35.0%#r 耐久 1394/1500#r#c4BF24B加成攻击 +26.0%#r 强力克水 +29.0%#r 根骨 +39#r #cE43D31制作人 书香门第°龙#r 
190113060933:Miner[js]不存在的等级规则:1
190113060933:Miner[js]无阶数
190113060933:Miner[js]不存在的名称玄黄
190113060933:Miner[js]符石价值总价:0
190113060933:Miner[js]装备=>#cFEFF72#cFEFF72#cFEFF72等级需求 130级或3转#r#cFEFF72#cFEFF72根骨 +8#r 附加速度 +83#r 抗封印 +14.2%#r 耐久 1297/1400#r#c4BF24B强力克水 +5.0%#r 致命几率 +54.0%#r #cF0640F#o25662 6级 强力克水 +26.4% 禁交易#r#n#cE43D31制作人 大话西游Ⅱ#r 
190113060933:Miner[js]不存在的等级规则:1
190113060933:Miner[js]无阶数
190113060933:Miner[js]不存在的名称追日
190113060933:Miner[js]符石价值总价:0
190113060933:Miner[js]装备=>#cFEFF72#cFEFF72#cFEFF72等级需求 100级或3转#r#cFEFF72#cFEFF72力量 +23#r 附加速度 +103#r 抗遗忘 +6.0%#r 耐久 1019/1100#r#c4BF24B狂暴几率 +39.0%#r 连击率 +7.0%#r 抗火 +9.0%#r 抗雷 +3.0%#r #cF0640F#o25651 5级 减少速度 +35 禁交易#r#o25662 6级 强力克水 +28.3% 禁交易#r#n#cE43D31制作人 卩s绝影灬王#r 
190113060933:Miner[js]不存在的等级规则:1
190113060933:Miner[js]无阶数
190113060933:Miner[js]不存在的名称八宝仙履
190113060933:Miner[js]符石价值总价:0
190113060933:Miner[js]装备=>#cFEFF72#cFEFF72#cFEFF72等级需求 90级#r#cFEFF72#cFEFF72附加速度 +110#r #c4BF24B强力克木 +1.0%#r 强力克水 +1.0%#r 致命几率 +24.0%#r 狂暴几率 +17.0%#r 抗火 +7.0%#r #cE43D31制作人 晓晓的梦想#r 
190113060933:Miner[js]不存在的等级规则:1
190113060933:Miner[js]无阶数
190113060933:Miner[js]不存在的名称万里追云履
190113060933:Miner[js]符石价值总价:0
190113060933:Miner[js]装备=>#cFEFF72#cFEFF72#cFEFF72等级需求 90级#r#cFEFF72#cFEFF72附加速度 +110#r #cFEFF72躲闪率 +37.1%#r 打造次数 3#r#c4BF24B躲闪率 +5.0%#r #cE43D31制作人 风之祖#r 
190113060933:Miner[js]不存在的等级规则:1
190113060933:Miner[js]无阶数
190113060933:Miner[js]不存在的名称万里追云履
190113060933:Miner[js]符石价值总价:0
190113060933:Miner[js]装备=>#cFEFF72#cFEFF72#cFEFF72等级需求 100级或3转#r#cFEFF72力量要求 450#r #cFEFF72#cFEFF72物理吸收率 +23.6%#r 抗混乱 +36.1%#r 防御 +9215#r 耐久 1294/1400#r#c4BF24B力量 +3#r 加成攻击 +17.0%#r 强力克水 +10.0%#r 根骨 +14#r 抗昏睡 +5.0%#r #cE43D31制作人 小马#r 
190113060933:Miner[js]不存在的等级规则:1
190113060933:Miner[js]无阶数
190113060933:Miner[js]不存在的名称玄火
190113060933:Miner[js]符石价值总价:0
190113060933:Miner[js]装备=>#cFEFF72#cFEFF72#cFEFF72等级需求 2转120级#r#cFEFF72力量要求 450#r #cFEFF72#cFEFF72附加攻击 +1800#r 敏捷 +8#r 抗遗忘 +31.0%#r 耐久 2682/3000#r#c4BF24B附加攻击 +1001#r 狂暴几率 +12.1%#r  
190113060933:Miner[js]不存在的等级规则:1
190113060933:Miner[js]无阶数
190113060933:Miner[js]不存在的名称星辰之约
190113060933:Miner[js]符石价值总价:0
190113060933:Miner[js]装备=>#cFEFF72#cFEFF72#cFEFF72等级需求 2转120级#r#cFEFF72力量要求 450#r #cFEFF72#cFEFF72力量 +48#r 附加攻击 +1600#r 耐久 2682/3000#r#c4BF24B火法反击 +10.1%#r 灵性 +6#r 抗毒伤害 +801#r  
190113060933:Miner[js]不存在的等级规则:1
190113060933:Miner[js]无阶数
190113060933:Miner[js]不存在的名称血瓷戒指
190113060933:Miner[js]符石价值总价:0
190113060933:Miner[js]装备=>#cFEFF72#cFEFF72#cFEFF72等级需求 2转120级#r#cFEFF72力量要求 450#r #cFEFF72#cFEFF72力量 +48#r 附加攻击 +1600#r 耐久 2682/3000#r#c4BF24B被攻击时释放乾坤借速 +14.1%#r 上善若水 +2401#r  
190113060933:Miner[js]不存在的等级规则:1
190113060933:Miner[js]无阶数
190113060933:Miner[js]不存在的名称血瓷戒指
190113060933:Miner[js]符石价值总价:0
190113060933:Miner[js]装备=>#R品质#s:#s把玩#r#R等级#s:#s1#r#G契合度#s#s#s#s#s#s#s#s#s#s#s1#G速度#s#s#s#s#s#s#s#s200(0)#r#G援助#s#s#s#s#s#s10.0(0.0)#G回复#s#s#s#s12.0(12.0)#r#Y抗风#s2.2#r#cACDBEE符石#s:#s#r#Y#s#s#s#s#o100039空#r#s#s#s#s#o100040未开启#r#s#s#s#s#o100040未开启#r#s#s#s#s#o100040未开启#r#s#s#s#s#o100040未开启#r#cACDBEE天赋技能#s:#s#r#Y#s#s#s#s低级敏捷#s#r#cACDBEE擅长技能#s:#s#r#Y#s#s#s#s元阳·鬼力#s#r#cACDBEE技能#s:#s#r#Y#s#s#s#s#o100019(元阳·鬼力)#s1人合技#r#s#s#s#s#o100042未开启#r#s#s#s#s#o100042未开启#r#s#s#s#s#o100042未开启#r#s#s#s#s#o100042未开启#r
190113060933:Miner[js]不存在的等级规则:1
190113060933:Miner[js]无阶数
190113060933:Miner[js]不存在的名称辟尘珠
190113060933:Miner[js]符石价值总价:0
190113060933:Miner[js]装备=>#R品质#s:#s珍藏#r#R等级#s:#s81#r#G契合度#s#s#s#s#s#s#s#s9255#G活跃度#s#s#s2271(300)#r#G速度#s#s#s#s#s#s#s1415(0)#G援助#s#s#s#s#s#s20.0(0.0)#r#G伤害#s#s#s#s36.5(18.5)#G抗落宝#s#s#s#s#s6.7(0.0)#r#Y抗鬼火#s6.2#r#cACDBEE符石#s:#s#r#Y#s#s#s#s#o100035#Y麒麟符石[4级] 速度739#s伤害18.0#s#r#s#s#s#s#o100036#Y青龙符石[4级] 抗落宝6.7#s速度313#s活跃度1346#s#r#s#s#s#s#o100034#Y白虎符石[3级] 速度363#s活跃度625#s#r#s#s#s#s#o100040未开启#r#s#s#s#s#o100040未开启#r#cACDBEE天赋技能#s:#s#r#Y#s#s#s#s高级敏捷增强#s#s#s#s#s低级闪现#s#r#cACDBEE擅长技能#s:#s#r#Y#s#s#s#s化羽归尘#s#s#s#s#s毒针轻刺#s#r#cACDBEE技能#s:#s#r#Y#s#s#s#s#o100003(刹那光电)#s1人合技#r#s#s#s#s#o100003(刹那光电)#s2人合技#r#s#s#s#s#o100003(刹那光电)#s3人合技#r#s#s#s#s#o100042未开启#r#s#s#s#s#o100042未开启#r
190113060933:Miner[js]不存在的等级规则:1
190113060933:Miner[js]无阶数
190113060933:Miner[js]不存在的名称风火轮
190113060933:Miner[js]符石价值4:15 4:15 3:5 总价:35
190113060933:Miner[js]装备=>#R品质#s:#s把玩#r#R等级#s:#s1#r#G契合度#s#s#s#s#s#s#s#s#s#s#s1#G速度#s#s#s#s#s#s#s#s30(30)#r#G援助#s#s#s#s#s#s10.0(0.0)#r#Y抗混乱#s2.2#r#cACDBEE符石#s:#s#r#Y#s#s#s#s#o100039空#r#s#s#s#s#o100040未开启#r#s#s#s#s#o100040未开启#r#s#s#s#s#o100040未开启#r#s#s#s#s#o100040未开启#r#cACDBEE天赋技能#s:#s#r#Y#s#s#s#s低级回灵#s#r#cACDBEE擅长技能#s:#s#r#Y#s#s#s#s果上随缘#s#r#cACDBEE技能#s:#s#r#Y#s#s#s#s#o100009(化羽归尘)#s1人合技#r#s#s#s#s#o100042未开启#r#s#s#s#s#o100042未开启#r#s#s#s#s#o100042未开启#r#s#s#s#s#o100042未开启#r
190113060933:Miner[js]不存在的等级规则:1
190113060933:Miner[js]无阶数
190113060933:Miner[js]不存在的名称青云剑
190113060933:Miner[js]符石价值总价:0
190113060933:Miner[js]装备=>#R品质#s:#s珍藏#r#R等级#s:#s88#r#G契合度#s#s#s#s#s#s#s#s3116#G活跃度#s#s#s2682(368)#r#G速度#s#s#s#s#s#s#s#s363(0)#G援助#s#s#s#s#s#s30.0(0.0)#r#G回复#s#s#s#s#s#s25.1(0.0)#G落宝#s#s#s#s#s#s#s7.0(0.0)#r#Y抗混乱#s6.4#r#cACDBEE符石#s:#s#r#Y#s#s#s#s#o100038#Y朱雀符石[3级] 速度117#s活跃度768#s回复11.8#s#r#s#s#s#s#o100037#Y玄武符石[3级] 活跃度458#s回复13.3#s#r#s#s#s#s#o100036#Y青龙符石[3级] 落宝7.0#s速度246#s活跃度1088#s#r#s#s#s#s#o100039空#r#s#s#s#s#o100040未开启#r#cACDBEE天赋技能#s:#s#r#Y#s#s#s#s高级闪现#s#s#s#s#s低级灵动#s#r#cACDBEE擅长技能#s:#s#r#Y#s#s#s#s玉净散#s#s#s#s#s乾坤遮天#s#s#s#s#s心如水#s#r#cACDBEE技能#s:#s#r#Y#s#s#s#s#o100016(玉净散)#s2人合技#r#s#s#s#s#o100016(玉净散)#s1人合技#r#s#s#s#s#o100018(元阳·雷火)#s1人合技#r#s#s#s#s#o100042未开启#r#s#s#s#s#o100042未开启#r
190113060933:Miner[js]不存在的等级规则:1
190113060933:Miner[js]无阶数
190113060933:Miner[js]不存在的名称巽风袋
190113060933:Miner[js]符石价值3:5 3:5 3:5 总价:15
190113060933:Miner[js]装备=>#R品质#s:#s把玩#r#R等级#s:#s29#r#r#Y抗遗忘#s4.6#r
190113060933:Miner[js]不存在的等级规则:1
190113060933:Miner[js]无阶数
190113060933:Miner[js]不存在的名称化蝶
190113060933:Miner[js]符石价值总价:0
190113060933:Miner[js]装备=>#R品质#s:#s把玩#r#R等级#s:#s1#r#r#Y抗火#s2.2#r
190113060933:Miner[js]不存在的等级规则:1
190113060933:Miner[js]无阶数
190113060933:Miner[js]不存在的名称白骨爪
190113060933:Miner[js]符石价值总价:0
190113060933:Miner[js]装备=>#R品质#s:#s把玩#r#R等级#s:#s2#r#r#Y抗三尸虫#s249#r
190113060933:Miner[js]不存在的等级规则:1
190113060933:Miner[js]无阶数
190113060933:Miner[js]不存在的名称锦斓袈裟
190113060933:Miner[js]符石价值总价:0
190113060933:Miner[js]装备=>#R品质#s:#s把玩#r#R等级#s:#s1#r#r#Y抗昏睡#s2.2#r
190113060933:Miner[js]不存在的等级规则:1
190113060933:Miner[js]无阶数
190113060933:Miner[js]不存在的名称番天印
190113060933:Miner[js]符石价值总价:0
190113060933:Miner[js]装备=>#R品质#s:#s把玩#r#R等级#s:#s94#r#r#Y抗混乱#s6.5#r
190113060933:Miner[js]不存在的等级规则:1
190113060933:Miner[js]无阶数
190113060933:Miner[js]不存在的名称金箍儿
190113060933:Miner[js]符石价值总价:0
190113060933:Miner[js]装备=>#R品质#s:#s把玩#r#R等级#s:#s69#r#r#Y抗混乱#s5.9#r
190113060933:Miner[js]不存在的等级规则:1
190113060933:Miner[js]无阶数
190113060933:Miner[js]不存在的名称宝莲灯
190113060933:Miner[js]符石价值总价:0
190113060933:Miner[js]装备=>#R品质#s:#s把玩#r#R等级#s:#s70#r#r#Y抗雷#s6.0#r
190113060933:Miner[js]不存在的等级规则:1
190113060933:Miner[js]无阶数
190113060933:Miner[js]不存在的名称情网
190113060933:Miner[js]符石价值总价:0
190113060933:Miner[js]装备=>#R品质#s:#s把玩#r#R等级#s:#s1#r#r#Y抗昏睡#s2.2#r
190113060933:Miner[js]不存在的等级规则:1
190113060933:Miner[js]无阶数
190113060933:Miner[js]不存在的名称绝情鞭
190113060933:Miner[js]符石价值总价:0
190113060933:Miner[js]装备=>#R品质#s:#s把玩#r#R等级#s:#s66#r#r#Y抗遗忘#s5.9#r
190113060933:Miner[js]不存在的等级规则:1
190113060933:Miner[js]无阶数
190113060933:Miner[js]不存在的名称大手印
190113060933:Miner[js]符石价值总价:0
190113060933:Miner[js]装备=>#R品质#s:#s把玩#r#R等级#s:#s90#r#r#Y抗混乱#s6.4#r
190113060933:Miner[js]不存在的等级规则:1
190113060933:Miner[js]无阶数
190113060933:Miner[js]不存在的名称幽冥鬼手
190113060933:Miner[js]符石价值总价:0
190113060933:Miner[js]装备=>#R品质#s:#s把玩#r#R等级#s:#s36#r#r#Y抗鬼火#s4.9#r
190113060933:Miner[js]不存在的等级规则:1
190113060933:Miner[js]无阶数
190113060933:Miner[js]不存在的名称黑龙珠
190113060933:Miner[js]符石价值总价:0
190113060933:Miner[js]装备=>#R品质#s:#s把玩#r#R等级#s:#s21#r#r#Y抗雷#s4.2#r
190113060933:Miner[js]不存在的等级规则:1
190113060933:Miner[js]无阶数
190113060933:Miner[js]不存在的名称七宝玲珑塔
190113060933:Miner[js]符石价值总价:0
190113060933:Miner[js]装备=>#R品质#s:#s把玩#r#R等级#s:#s57#r#r#Y抗混乱#s5.6#r
190113060933:Miner[js]不存在的等级规则:1
190113060933:Miner[js]无阶数
190113060933:Miner[js]不存在的名称大势锤
190113060933:Miner[js]符石价值总价:0
190113060933:Miner[js]装备=>#R品质#s:#s把玩#r#R等级#s:#s2#r#r#Y抗水#s2.4#r
190113060933:Miner[js]不存在的等级规则:1
190113060933:Miner[js]无阶数
190113060933:Miner[js]不存在的名称将军令
190113060933:Miner[js]符石价值总价:0
190113060933:Miner[js]装备=>#R品质#s:#s把玩#r#R等级#s:#s3#r#r#Y抗水#s2.6#r
190113060933:Miner[js]不存在的等级规则:1
190113060933:Miner[js]无阶数
190113060933:Miner[js]不存在的名称银索金铃
190113060933:Miner[js]符石价值总价:0
190113060933:Miner[js]装备=>#Y【等级】7/10#r【神力】91/1400#r【战力】277/700#r#n【神通】资质：96/100#r#G连击率 +5.3%#r 附加攻击 +2688#r #n#c00FFFF培养 0#n#r#r【五行】#r#Y#Y火 14/100#r#Y水 82/100#r#n#c00FFFF无星阵，五行暂不生效#r
190113060933:Miner[js]不存在的等级规则:1
190113060933:Miner[js]无阶数
190113060933:Miner[js]不存在的名称地藏星
190113060933:Miner[js]符石价值总价:0
190113060933:Miner[js]装备=>#Y【等级】1/10#r【神力】61/200#r【战力】0/100#r#n【神通】资质：79/100#r#G火系狂暴程度 +1.1%#r 火系狂暴几率 +0.6%#r #n#c00FFFF培养 0#n#r#r【五行】#r#Y#Y火 21/100#r#n#c00FFFF无星阵，五行暂不生效#r
190113060933:Miner[js]不存在的等级规则:1
190113060933:Miner[js]无阶数
190113060933:Miner[js]不存在的名称地藏星
190113060933:Miner[js]符石价值总价:0
190113060933:Miner[js]装备=>#Y【等级】1/8#r【神力】1/200#r【战力】10/100#r#n【神通】资质：80/100#r#G雷系狂暴程度 +1.1%#r 忽视抗震慑 +0.2%#r #n#c00FFFF培养 0#n#r#r【五行】#r#Y#Y木 21/100#r#Y金 82/100#r#n#c00FFFF无星阵，五行暂不生效#r
190113060933:Miner[js]不存在的等级规则:1
190113060933:Miner[js]无阶数
190113060933:Miner[js]不存在的名称地威星
190113060933:Miner[js]符石价值总价:0
190113060933:Miner[js]总估价:(235+545+160)*110=545*110%=599.5),TimeStamp=1547374173390
