1534667657743:Miner15548[C1]SetTalentRule：40:200,45:300,49:500,55:800,58:1200
1534667657769:Miner15548[C1]SetAchievementRule：3800:100,4000:200,4800:500
1534667657773:Miner15548[C1]SetRankRule：飞升:120,其他:-999999
1534667657775:Miner15548[C1]SummonRule：念,战神女娲,舍生女娲,复活女娲,符咒女娲,火神女娲,粽小仙,佳音小使,碧水精魄,哥俩好,雷兽,罗刹鬼姬,狮蝎,凤凰,蛟龙,雷鸟人,蝴蝶仙子,蜘蛛精,龟丞相,当康,伶俐小虫,西域响马,精细大鬼,妖火狼,蜃影,冥雷,小牛魔王,金不换,九戒,铁扇公主,机械木甲人,妖蝎,如意娃娃,葫芦娃娃,赭炎,苍凛,成年黑熊,幼年黑熊,成年羚羊,幼年羚羊,成年黄牛,幼年黄牛,成年桃源麝,幼年桃源麝,成年灵鹿,幼年灵鹿,成年羊驼,幼年羊驼,成年金钱豹,幼年金钱豹,成年蟾宫兔,幼年蟾宫兔,成年仙屏雀,幼年仙屏雀,成年冰羽鹤,幼年冰羽鹤,成年水晶蚌,幼年水晶蚌,迦楼罗王,赤焰妖,喷火牛,泥石怪,水灵仙,食土兽,金刚仙,桃花仙,桃树精,神灵,猴精,神兵,地狱战神,野蛮王,死灵,独眼巨人,寒钢怪,鼠怪,古代瑞兽,山妖,精怪,鸟嘴兽,冲冲虫,三尾怪,两角怪,白虎,冰熊,修罗,幽灵,孤魂,冤魂,野鬼,吸血鬼,无身鬼,无头鬼,水妖,黑熊精,打手,蟹将,虾兵,蛤蟆精,树妖,黑熊,强盗,老虎,大鹏,大象,狮子,鳄鱼,千年老妖,鸡精,骷髅怪,小龙女,山贼,女妖,毒蜂,狐狸精,女贼,衙役,士兵,花妖,鱼怪,流氓,武士,野狗,牛妖,小妖,家丁,夜叉,猪怪,羊头怪,兔妖,稻草人,银狐,海龟,蝙蝠,毒蛇,蜘蛛,飞鱼,蟾蜍\普\0\否\3转:30,点化:50,其他:-99999\技能列表0.txt\100\999:40,其他:0\+200,60\6:100\0\+100
1534667657793:Miner15548[C1]SummonRule：念,战神女娲,舍生女娲,复活女娲,符咒女娲,火神女娲,粽小仙,佳音小使,碧水精魄,哥俩好,雷兽,罗刹鬼姬,狮蝎,凤凰,蛟龙,雷鸟人,蝴蝶仙子,蜘蛛精,龟丞相,当康,伶俐小虫,西域响马,精细大鬼,妖火狼,蜃影,冥雷,小牛魔王,金不换,九戒,铁扇公主,机械木甲人,妖蝎,如意娃娃,葫芦娃娃,赭炎,苍凛,成年黑熊,幼年黑熊,成年羚羊,幼年羚羊,成年黄牛,幼年黄牛,成年桃源麝,幼年桃源麝,成年灵鹿,幼年灵鹿,成年羊驼,幼年羊驼,成年金钱豹,幼年金钱豹,成年蟾宫兔,幼年蟾宫兔,成年仙屏雀,幼年仙屏雀,成年冰羽鹤,幼年冰羽鹤,成年水晶蚌,幼年水晶蚌,迦楼罗王,赤焰妖,喷火牛,泥石怪,水灵仙,食土兽,金刚仙,桃花仙,桃树精,神灵,猴精,神兵,地狱战神,野蛮王,死灵,独眼巨人,寒钢怪,鼠怪,古代瑞兽,山妖,精怪,鸟嘴兽,冲冲虫,三尾怪,两角怪,白虎,冰熊,修罗,幽灵,孤魂,冤魂,野鬼,吸血鬼,无身鬼,无头鬼,水妖,黑熊精,打手,蟹将,虾兵,蛤蟆精,树妖,黑熊,强盗,老虎,大鹏,大象,狮子,鳄鱼,千年老妖,鸡精,骷髅怪,小龙女,山贼,女妖,毒蜂,狐狸精,女贼,衙役,士兵,花妖,鱼怪,流氓,武士,野狗,牛妖,小妖,家丁,夜叉,猪怪,羊头怪,兔妖,稻草人,银狐,海龟,蝙蝠,毒蛇,蜘蛛,飞鱼,蟾蜍\普\0\是\3转:30,点化:50,其他:-99999\技能列表0.txt\100\999:40,其他:0\+200,60\6:100\0\+100
1534667657795:Miner15548[C1]SummonRule：凤凰,超级毒蛇,超级蟾蜍,超级海龟,超级蜘蛛,超级飞鱼,哥俩好,雷兽,罗刹鬼姬,蛟龙,狮蝎,雷鸟人,龟丞相,蜘蛛精\神\0\否\3转:30,点化:50,其他:-99999\技能列表1.txt\100\999:2000,其他:0\+200,60\6:2000,7:2500\1500\+100
1534667657796:Miner15548[C1]SummonRule：超级蝙蝠,剑精灵,蝴蝶仙子\神\0\否\3转:30,点化:50,其他:-99999\技能列表1.txt\100\999:8000,其他:0\+200,60\6:2500,7:3500\2000\+100
1534667657796:Miner15548[C1]SummonRule：精卫\普\0\否\3转:35,点化:70,其他:-99999\技能列表0.txt\100\999:3000,其他:0\+200,60\5:150,6:400\0\+100
1534667657797:Miner15548[C1]SummonRule：精卫\普\0\是\3转:35,点化:70,其他:-99999\技能列表0.txt\100\999:3000,其他:0\+200,60\5:150,6:400\200\+100
1534667657797:Miner15548[C1]SummonRule：松鼠,剑精灵,黄金兽,冥灵妃子,冰雪魔\普\0\否\3转:35,点化:70,其他:-99999\技能列表0.txt\100\999:100,其他:0\+200,60\5:100,6:200\0\+100
1534667657798:Miner15548[C1]SummonRule：松鼠,剑精灵,黄金兽,冥灵妃子,冰雪魔\普\0\是\3转:35,点化:70,其他:-99999\技能列表0.txt\100\999:100,其他:0\+200,60\5:200,6:300\150\+100
1534667657802:Miner15548[C1]SummonRule：拨浪鼓\普\0\否\3转:35,点化:70,其他:-99999\技能列表0.txt\100\999:100,其他:0\+200,60\5:150,6:400\0\+100
1534667657802:Miner15548[C1]SummonRule：拨浪鼓\普\0\是\3转:35,点化:70,其他:-99999\技能列表0.txt\100\999:100,其他:0\+200,60\5:150,6:400\0\+100
1534667657803:Miner15548[C1]SummonRule：蹴鞠宗师,俏魁娘,狮虎兽,天龙女\普\0\否\3转:35,点化:70,其他:-99999\技能列表0.txt\100\999:100,其他:0\+200,60\5:100,6:200\0\+100
1534667657803:Miner15548[C1]SummonRule：蹴鞠宗师,俏魁娘,狮虎兽,天龙女\普\0\是\3转:35,点化:70,其他:-99999\技能列表0.txt\100\999:100,其他:0\+200,60\5:100,6:200\0\+100
1534667657804:Miner15548[C1]SummonRule：吉祥果\普\0\否\3转:35,点化:70,其他:-99999\技能列表0.txt\100\999:100,其他:0\+200,60\5:200,6:500\150\+100
1534667657804:Miner15548[C1]SummonRule：吉祥果\普\0\是\3转:35,点化:70,其他:-99999\技能列表0.txt\100\999:100,其他:0\+200,60\5:200,6:500\150\+100
1534667657805:Miner15548[C1]SummonRule：孟极\普\0\否\3转:35,点化:70,其他:-99999\技能列表0.txt\100\10:1000,999:2000,其他:1000\+200,60\5:1500,6:2500\1200\+100
1534667657805:Miner15548[C1]SummonRule：孟极\普\0\是\3转:35,点化:70,其他:-99999\技能列表0.txt\100\10:1000,999:3000,其他:1000\+200,60\5:2500,6:3000\1800\+100
1534667657805:Miner15548[C1]SummonRule：北冥龙君\普\0\否\3转:35,点化:70,其他:-99999\技能列表0.txt\100\999:400,其他:0\+200,60\5:400,6:600\200\+100
1534667657806:Miner15548[C1]SummonRule：北冥龙君\普\0\是\3转:35,点化:70,其他:-99999\技能列表0.txt\100\999:500,其他:0\+200,60\5:500,6:700\300\+100
1534667657806:Miner15548[C1]SummonRule：龙马,孔雀明王,妙音鸾女\普\0\否\3转:35,点化:70,其他:-99999\技能列表0.txt\100\999:600,其他:0\+200,60\5:500,6:700\400\+100
1534667657807:Miner15548[C1]SummonRule：龙马,孔雀明王,妙音鸾女\普\0\是\3转:35,点化:70,其他:-99999\技能列表0.txt\100\999:600,其他:0\+200,60\5:700,6:900\600\+100
1534667657807:Miner15548[C1]SummonRule：画皮娘子\普\0\否\3转:35,点化:70,其他:-99999\技能列表0.txt\100\999:500,其他:0\+200,60\5:400,6:500\300\+100
1534667657808:Miner15548[C1]SummonRule：画皮娘子\普\0\是\3转:35,点化:70,其他:-99999\技能列表0.txt\100\999:500,其他:0\+200,60\5:600,6:800\500\+100
1534667657808:Miner15548[C1]SummonRule：狐小妖\普\0\否\3转:35,点化:70,其他:-99999\技能列表0.txt\100\999:2000,其他:0\+200,60\5:900,6:1400\300\+100
1534667657809:Miner15548[C1]SummonRule：画中仙\神\0\否\3转:30,点化:50,其他:-99999\技能列表1.txt\100\999:30000,其他:0\+200,60\5:8500,6:9000\8000\+100
1534667657809:Miner15548[C1]SummonRule：年\神\0\否\3转:30,点化:50,其他:-99999\技能列表1.txt\100\999:30000,其他:0\+200,60\6:14500,7:15000\14000\+100
1534667657810:Miner15548[C1]SummonRule：白泽\神\0\否\3转:30,点化:50,其他:-99999\技能列表1.txt\100\999:6000,其他:0\+200,60\6:7500,7:8000\7000\+100
1534667657810:Miner15548[C1]SummonRule：颜如玉\神\0\否\3转:30,点化:50,其他:-99999\技能列表1.txt\100\999:5000,其他:0\+200,60\6:2500,7:3000\2100\+100　
1534667657811:Miner15548[C1]SummonRule：范式之魂\神\0\否\3转:30,点化:50,其他:-99999\技能列表1.txt\100\999:5000,其他:0\+200,60\6:3800,7:4000\3500\+100　
1534667657811:Miner15548[C1]SummonRule：垂云叟\神\0\否\3转:30,点化:50,其他:-99999\技能列表1.txt\100\999:5000,其他:0\+200,60\6:1200,7:1500\1100\+100
1534667657812:Miner15548[C1]SummonRule：浪淘沙\神\0\否\3转:30,点化:50,其他:-99999\技能列表1.txt\100\999:5000,其他:0\+200,60\6:1800,7:2000\1500\+100
1534667657812:Miner15548[C1]SummonRule：五叶\神\0\否\3转:30,点化:50,其他:-99999\技能列表1.txt\100\999:5000,其他:0\+200,60\6:2800,7:3200\2700\+100
1534667657813:Miner15548[C1]SummonRule：白衣狂生\神\0\否\3转:30,点化:50,其他:-99999\技能列表1.txt\100\999:5000,其他:0\+200,60\6:3500,7:4000\3000\+100
1534667657813:Miner15548[C1]SummonRule：点朱美人\神\0\否\3转:30,点化:50,其他:-99999\技能列表1.txt\100\999:5000,其他:0\+200,60\6:5200,7:5500\5000\+100
1534667657814:Miner15548[C1]SummonRule：龙太子\神\0\否\3转:30,点化:50,其他:-99999\技能列表1.txt\100\999:4000,其他:0\+200,60\6:5200,7:5500\5000\+100
1534667657814:Miner15548[C1]SummonRule：牛魔王\神\0\否\3转:30,点化:50,其他:-99999\技能列表1.txt\100\999:6000,其他:0\+200,60\6:7200,7:7500\7000\+100
1534667657815:Miner15548[C1]SummonRule：绛云仙子\神\0\否\3转:30,点化:50,其他:-99999\技能列表1.txt\100\999:6000,其他:0\+200,60\6:5200,7:5500\5000\+100
1534667657815:Miner15548[C1]SummonRule：玄黛夫人\神\0\否\3转:30,点化:50,其他:-99999\技能列表1.txt\100\999:6000,其他:0\+200,60\6:4500,7:5000\4000\+100
1534667657816:Miner15548[C1]SummonRule：泾河龙王\神\0\否\3转:30,点化:50,其他:-99999\技能列表1.txt\100\999:6000,其他:0\+200,60\6:4500,7:5000\4000\+100
1534667657816:Miner15548[C1]SummonRule：碧桃娘子\神\0\否\3转:30,点化:50,其他:-99999\技能列表1.txt\100\999:6000,其他:0\+200,60\6:3800,7:4000\3500\+100
1534667657816:Miner15548[C1]SummonRule：麒麟兽\普\0\否\3转:30,点化:50,其他:-99999\技能列表0.txt\100\999:40,其他:0\+200,60\5:50,6:100\0\+100
1534667657817:Miner15548[C1]SummonRule：麒麟兽\普\0\是\3转:30,点化:50,其他:-99999\技能列表0.txt\100\999:40,其他:0\+200,60\5:150,6:300\100\+100
1534667657817:Miner15548[C1]SummonRule：女贼之灵,金身罗汉,桃花娘子,百花之灵,玉兔,黄巾力士,千年灵狐,蟹将军,渔见愁,霹雳手\普\0\否\3转:35,点化:70,其他:-99999\技能列表0.txt\100\999:350,其他:0\+200,60\5:150,6:250\120\+100
1534667657818:Miner15548[C1]SummonRule：避水金睛兽,龙门水将,护山大神,巡海夜叉,火麒麟,狐不皈\普\0\否\3转:35,点化:70,其他:-99999\技能列表0.txt\100\999:350,其他:0\+200,60\5:250,6:400\200\+100
1534667657818:Miner15548[C1]SummonRule：净盘使者\普\0\否\3转:35,点化:70,其他:-99999\技能列表0.txt\0\999:350,其他:0\+200,60\5:350,6:700\300\+100
1534667657819:Miner15548[C1]SummonRule：火神女娲,符咒女娲,复活女娲\普\1.650\否\3转:35,点化:70,其他:-99999\技能列表0.txt\100\999:350,其他:0\+200,60\5:200,6:300\150\+100
1534667804668:Miner15548[C1]SetTalentRule：40:200,45:300,49:500,55:800,58:1200
1534667804686:Miner15548[C1]SetAchievementRule：3800:100,4000:200,4800:500
1534667804689:Miner15548[C1]SetRankRule：飞升:120,其他:-999999
1534667804690:Miner15548[C1]SummonRule：念,战神女娲,舍生女娲,复活女娲,符咒女娲,火神女娲,粽小仙,佳音小使,碧水精魄,哥俩好,雷兽,罗刹鬼姬,狮蝎,凤凰,蛟龙,雷鸟人,蝴蝶仙子,蜘蛛精,龟丞相,当康,伶俐小虫,西域响马,精细大鬼,妖火狼,蜃影,冥雷,小牛魔王,金不换,九戒,铁扇公主,机械木甲人,妖蝎,如意娃娃,葫芦娃娃,赭炎,苍凛,成年黑熊,幼年黑熊,成年羚羊,幼年羚羊,成年黄牛,幼年黄牛,成年桃源麝,幼年桃源麝,成年灵鹿,幼年灵鹿,成年羊驼,幼年羊驼,成年金钱豹,幼年金钱豹,成年蟾宫兔,幼年蟾宫兔,成年仙屏雀,幼年仙屏雀,成年冰羽鹤,幼年冰羽鹤,成年水晶蚌,幼年水晶蚌,迦楼罗王,赤焰妖,喷火牛,泥石怪,水灵仙,食土兽,金刚仙,桃花仙,桃树精,神灵,猴精,神兵,地狱战神,野蛮王,死灵,独眼巨人,寒钢怪,鼠怪,古代瑞兽,山妖,精怪,鸟嘴兽,冲冲虫,三尾怪,两角怪,白虎,冰熊,修罗,幽灵,孤魂,冤魂,野鬼,吸血鬼,无身鬼,无头鬼,水妖,黑熊精,打手,蟹将,虾兵,蛤蟆精,树妖,黑熊,强盗,老虎,大鹏,大象,狮子,鳄鱼,千年老妖,鸡精,骷髅怪,小龙女,山贼,女妖,毒蜂,狐狸精,女贼,衙役,士兵,花妖,鱼怪,流氓,武士,野狗,牛妖,小妖,家丁,夜叉,猪怪,羊头怪,兔妖,稻草人,银狐,海龟,蝙蝠,毒蛇,蜘蛛,飞鱼,蟾蜍\普\0\否\3转:30,点化:50,其他:-99999\技能列表0.txt\100\999:40,其他:0\+200,60\6:100\0\+100
1534667804706:Miner15548[C1]SummonRule：念,战神女娲,舍生女娲,复活女娲,符咒女娲,火神女娲,粽小仙,佳音小使,碧水精魄,哥俩好,雷兽,罗刹鬼姬,狮蝎,凤凰,蛟龙,雷鸟人,蝴蝶仙子,蜘蛛精,龟丞相,当康,伶俐小虫,西域响马,精细大鬼,妖火狼,蜃影,冥雷,小牛魔王,金不换,九戒,铁扇公主,机械木甲人,妖蝎,如意娃娃,葫芦娃娃,赭炎,苍凛,成年黑熊,幼年黑熊,成年羚羊,幼年羚羊,成年黄牛,幼年黄牛,成年桃源麝,幼年桃源麝,成年灵鹿,幼年灵鹿,成年羊驼,幼年羊驼,成年金钱豹,幼年金钱豹,成年蟾宫兔,幼年蟾宫兔,成年仙屏雀,幼年仙屏雀,成年冰羽鹤,幼年冰羽鹤,成年水晶蚌,幼年水晶蚌,迦楼罗王,赤焰妖,喷火牛,泥石怪,水灵仙,食土兽,金刚仙,桃花仙,桃树精,神灵,猴精,神兵,地狱战神,野蛮王,死灵,独眼巨人,寒钢怪,鼠怪,古代瑞兽,山妖,精怪,鸟嘴兽,冲冲虫,三尾怪,两角怪,白虎,冰熊,修罗,幽灵,孤魂,冤魂,野鬼,吸血鬼,无身鬼,无头鬼,水妖,黑熊精,打手,蟹将,虾兵,蛤蟆精,树妖,黑熊,强盗,老虎,大鹏,大象,狮子,鳄鱼,千年老妖,鸡精,骷髅怪,小龙女,山贼,女妖,毒蜂,狐狸精,女贼,衙役,士兵,花妖,鱼怪,流氓,武士,野狗,牛妖,小妖,家丁,夜叉,猪怪,羊头怪,兔妖,稻草人,银狐,海龟,蝙蝠,毒蛇,蜘蛛,飞鱼,蟾蜍\普\0\是\3转:30,点化:50,其他:-99999\技能列表0.txt\100\999:40,其他:0\+200,60\6:100\0\+100
1534667804708:Miner15548[C1]SummonRule：凤凰,超级毒蛇,超级蟾蜍,超级海龟,超级蜘蛛,超级飞鱼,哥俩好,雷兽,罗刹鬼姬,蛟龙,狮蝎,雷鸟人,龟丞相,蜘蛛精\神\0\否\3转:30,点化:50,其他:-99999\技能列表1.txt\100\999:2000,其他:0\+200,60\6:2000,7:2500\1500\+100
1534667804709:Miner15548[C1]SummonRule：超级蝙蝠,剑精灵,蝴蝶仙子\神\0\否\3转:30,点化:50,其他:-99999\技能列表1.txt\100\999:8000,其他:0\+200,60\6:2500,7:3500\2000\+100
1534667804710:Miner15548[C1]SummonRule：精卫\普\0\否\3转:35,点化:70,其他:-99999\技能列表0.txt\100\999:3000,其他:0\+200,60\5:150,6:400\0\+100
1534667804711:Miner15548[C1]SummonRule：精卫\普\0\是\3转:35,点化:70,其他:-99999\技能列表0.txt\100\999:3000,其他:0\+200,60\5:150,6:400\200\+100
1534667804713:Miner15548[C1]SummonRule：松鼠,剑精灵,黄金兽,冥灵妃子,冰雪魔\普\0\否\3转:35,点化:70,其他:-99999\技能列表0.txt\100\999:100,其他:0\+200,60\5:100,6:200\0\+100
1534667804713:Miner15548[C1]SummonRule：松鼠,剑精灵,黄金兽,冥灵妃子,冰雪魔\普\0\是\3转:35,点化:70,其他:-99999\技能列表0.txt\100\999:100,其他:0\+200,60\5:200,6:300\150\+100
1534667804714:Miner15548[C1]SummonRule：拨浪鼓\普\0\否\3转:35,点化:70,其他:-99999\技能列表0.txt\100\999:100,其他:0\+200,60\5:150,6:400\0\+100
1534667804714:Miner15548[C1]SummonRule：拨浪鼓\普\0\是\3转:35,点化:70,其他:-99999\技能列表0.txt\100\999:100,其他:0\+200,60\5:150,6:400\0\+100
1534667804715:Miner15548[C1]SummonRule：蹴鞠宗师,俏魁娘,狮虎兽,天龙女\普\0\否\3转:35,点化:70,其他:-99999\技能列表0.txt\100\999:100,其他:0\+200,60\5:100,6:200\0\+100
1534667804715:Miner15548[C1]SummonRule：蹴鞠宗师,俏魁娘,狮虎兽,天龙女\普\0\是\3转:35,点化:70,其他:-99999\技能列表0.txt\100\999:100,其他:0\+200,60\5:100,6:200\0\+100
1534667804716:Miner15548[C1]SummonRule：吉祥果\普\0\否\3转:35,点化:70,其他:-99999\技能列表0.txt\100\999:100,其他:0\+200,60\5:200,6:500\150\+100
1534667804716:Miner15548[C1]SummonRule：吉祥果\普\0\是\3转:35,点化:70,其他:-99999\技能列表0.txt\100\999:100,其他:0\+200,60\5:200,6:500\150\+100
1534667804717:Miner15548[C1]SummonRule：孟极\普\0\否\3转:35,点化:70,其他:-99999\技能列表0.txt\100\10:1000,999:2000,其他:1000\+200,60\5:1500,6:2500\1200\+100
1534667804717:Miner15548[C1]SummonRule：孟极\普\0\是\3转:35,点化:70,其他:-99999\技能列表0.txt\100\10:1000,999:3000,其他:1000\+200,60\5:2500,6:3000\1800\+100
1534667804718:Miner15548[C1]SummonRule：北冥龙君\普\0\否\3转:35,点化:70,其他:-99999\技能列表0.txt\100\999:400,其他:0\+200,60\5:400,6:600\200\+100
1534667804718:Miner15548[C1]SummonRule：北冥龙君\普\0\是\3转:35,点化:70,其他:-99999\技能列表0.txt\100\999:500,其他:0\+200,60\5:500,6:700\300\+100
1534667804719:Miner15548[C1]SummonRule：龙马,孔雀明王,妙音鸾女\普\0\否\3转:35,点化:70,其他:-99999\技能列表0.txt\100\999:600,其他:0\+200,60\5:500,6:700\400\+100
1534667804721:Miner15548[C1]SummonRule：龙马,孔雀明王,妙音鸾女\普\0\是\3转:35,点化:70,其他:-99999\技能列表0.txt\100\999:600,其他:0\+200,60\5:700,6:900\600\+100
1534667804721:Miner15548[C1]SummonRule：画皮娘子\普\0\否\3转:35,点化:70,其他:-99999\技能列表0.txt\100\999:500,其他:0\+200,60\5:400,6:500\300\+100
1534667804722:Miner15548[C1]SummonRule：画皮娘子\普\0\是\3转:35,点化:70,其他:-99999\技能列表0.txt\100\999:500,其他:0\+200,60\5:600,6:800\500\+100
1534667804722:Miner15548[C1]SummonRule：狐小妖\普\0\否\3转:35,点化:70,其他:-99999\技能列表0.txt\100\999:2000,其他:0\+200,60\5:900,6:1400\300\+100
1534667804723:Miner15548[C1]SummonRule：画中仙\神\0\否\3转:30,点化:50,其他:-99999\技能列表1.txt\100\999:30000,其他:0\+200,60\5:8500,6:9000\8000\+100
1534667804723:Miner15548[C1]SummonRule：年\神\0\否\3转:30,点化:50,其他:-99999\技能列表1.txt\100\999:30000,其他:0\+200,60\6:14500,7:15000\14000\+100
1534667804723:Miner15548[C1]SummonRule：白泽\神\0\否\3转:30,点化:50,其他:-99999\技能列表1.txt\100\999:6000,其他:0\+200,60\6:7500,7:8000\7000\+100
1534667804724:Miner15548[C1]SummonRule：颜如玉\神\0\否\3转:30,点化:50,其他:-99999\技能列表1.txt\100\999:5000,其他:0\+200,60\6:2500,7:3000\2100\+100　
1534667804724:Miner15548[C1]SummonRule：范式之魂\神\0\否\3转:30,点化:50,其他:-99999\技能列表1.txt\100\999:5000,其他:0\+200,60\6:3800,7:4000\3500\+100　
1534667804725:Miner15548[C1]SummonRule：垂云叟\神\0\否\3转:30,点化:50,其他:-99999\技能列表1.txt\100\999:5000,其他:0\+200,60\6:1200,7:1500\1100\+100
1534667804725:Miner15548[C1]SummonRule：浪淘沙\神\0\否\3转:30,点化:50,其他:-99999\技能列表1.txt\100\999:5000,其他:0\+200,60\6:1800,7:2000\1500\+100
1534667804726:Miner15548[C1]SummonRule：五叶\神\0\否\3转:30,点化:50,其他:-99999\技能列表1.txt\100\999:5000,其他:0\+200,60\6:2800,7:3200\2700\+100
1534667804726:Miner15548[C1]SummonRule：白衣狂生\神\0\否\3转:30,点化:50,其他:-99999\技能列表1.txt\100\999:5000,其他:0\+200,60\6:3500,7:4000\3000\+100
1534667804727:Miner15548[C1]SummonRule：点朱美人\神\0\否\3转:30,点化:50,其他:-99999\技能列表1.txt\100\999:5000,其他:0\+200,60\6:5200,7:5500\5000\+100
1534667804727:Miner15548[C1]SummonRule：龙太子\神\0\否\3转:30,点化:50,其他:-99999\技能列表1.txt\100\999:4000,其他:0\+200,60\6:5200,7:5500\5000\+100
1534667804728:Miner15548[C1]SummonRule：牛魔王\神\0\否\3转:30,点化:50,其他:-99999\技能列表1.txt\100\999:6000,其他:0\+200,60\6:7200,7:7500\7000\+100
1534667804728:Miner15548[C1]SummonRule：绛云仙子\神\0\否\3转:30,点化:50,其他:-99999\技能列表1.txt\100\999:6000,其他:0\+200,60\6:5200,7:5500\5000\+100
1534667804728:Miner15548[C1]SummonRule：玄黛夫人\神\0\否\3转:30,点化:50,其他:-99999\技能列表1.txt\100\999:6000,其他:0\+200,60\6:4500,7:5000\4000\+100
1534667804729:Miner15548[C1]SummonRule：泾河龙王\神\0\否\3转:30,点化:50,其他:-99999\技能列表1.txt\100\999:6000,其他:0\+200,60\6:4500,7:5000\4000\+100
1534667804729:Miner15548[C1]SummonRule：碧桃娘子\神\0\否\3转:30,点化:50,其他:-99999\技能列表1.txt\100\999:6000,其他:0\+200,60\6:3800,7:4000\3500\+100
1534667804730:Miner15548[C1]SummonRule：麒麟兽\普\0\否\3转:30,点化:50,其他:-99999\技能列表0.txt\100\999:40,其他:0\+200,60\5:50,6:100\0\+100
1534667804731:Miner15548[C1]SummonRule：麒麟兽\普\0\是\3转:30,点化:50,其他:-99999\技能列表0.txt\100\999:40,其他:0\+200,60\5:150,6:300\100\+100
1534667804731:Miner15548[C1]SummonRule：女贼之灵,金身罗汉,桃花娘子,百花之灵,玉兔,黄巾力士,千年灵狐,蟹将军,渔见愁,霹雳手\普\0\否\3转:35,点化:70,其他:-99999\技能列表0.txt\100\999:350,其他:0\+200,60\5:150,6:250\120\+100
1534667804732:Miner15548[C1]SummonRule：避水金睛兽,龙门水将,护山大神,巡海夜叉,火麒麟,狐不皈\普\0\否\3转:35,点化:70,其他:-99999\技能列表0.txt\100\999:350,其他:0\+200,60\5:250,6:400\200\+100
1534667804732:Miner15548[C1]SummonRule：净盘使者\普\0\否\3转:35,点化:70,其他:-99999\技能列表0.txt\0\999:350,其他:0\+200,60\5:350,6:700\300\+100
1534667804733:Miner15548[C1]SummonRule：火神女娲,符咒女娲,复活女娲\普\1.650\否\3转:35,点化:70,其他:-99999\技能列表0.txt\100\999:350,其他:0\+200,60\5:200,6:300\150\+100
1534667838278:Miner16080[C1]SetTalentRule：40:200,45:300,49:500,55:800,58:1200
1534667838284:Miner16080[C1]SetAchievementRule：3800:100,4000:200,4800:500
1534667838287:Miner16080[C1]SetRankRule：飞升:120,其他:-999999
1534667838288:Miner16080[C1]SummonRule：念,战神女娲,舍生女娲,复活女娲,符咒女娲,火神女娲,粽小仙,佳音小使,碧水精魄,哥俩好,雷兽,罗刹鬼姬,狮蝎,凤凰,蛟龙,雷鸟人,蝴蝶仙子,蜘蛛精,龟丞相,当康,伶俐小虫,西域响马,精细大鬼,妖火狼,蜃影,冥雷,小牛魔王,金不换,九戒,铁扇公主,机械木甲人,妖蝎,如意娃娃,葫芦娃娃,赭炎,苍凛,成年黑熊,幼年黑熊,成年羚羊,幼年羚羊,成年黄牛,幼年黄牛,成年桃源麝,幼年桃源麝,成年灵鹿,幼年灵鹿,成年羊驼,幼年羊驼,成年金钱豹,幼年金钱豹,成年蟾宫兔,幼年蟾宫兔,成年仙屏雀,幼年仙屏雀,成年冰羽鹤,幼年冰羽鹤,成年水晶蚌,幼年水晶蚌,迦楼罗王,赤焰妖,喷火牛,泥石怪,水灵仙,食土兽,金刚仙,桃花仙,桃树精,神灵,猴精,神兵,地狱战神,野蛮王,死灵,独眼巨人,寒钢怪,鼠怪,古代瑞兽,山妖,精怪,鸟嘴兽,冲冲虫,三尾怪,两角怪,白虎,冰熊,修罗,幽灵,孤魂,冤魂,野鬼,吸血鬼,无身鬼,无头鬼,水妖,黑熊精,打手,蟹将,虾兵,蛤蟆精,树妖,黑熊,强盗,老虎,大鹏,大象,狮子,鳄鱼,千年老妖,鸡精,骷髅怪,小龙女,山贼,女妖,毒蜂,狐狸精,女贼,衙役,士兵,花妖,鱼怪,流氓,武士,野狗,牛妖,小妖,家丁,夜叉,猪怪,羊头怪,兔妖,稻草人,银狐,海龟,蝙蝠,毒蛇,蜘蛛,飞鱼,蟾蜍\普\0\否\3转:30,点化:50,其他:-99999\技能列表0.txt\100\999:40,其他:0\+200,60\6:100\0\+100
1534667838300:Miner16080[C1]SummonRule：念,战神女娲,舍生女娲,复活女娲,符咒女娲,火神女娲,粽小仙,佳音小使,碧水精魄,哥俩好,雷兽,罗刹鬼姬,狮蝎,凤凰,蛟龙,雷鸟人,蝴蝶仙子,蜘蛛精,龟丞相,当康,伶俐小虫,西域响马,精细大鬼,妖火狼,蜃影,冥雷,小牛魔王,金不换,九戒,铁扇公主,机械木甲人,妖蝎,如意娃娃,葫芦娃娃,赭炎,苍凛,成年黑熊,幼年黑熊,成年羚羊,幼年羚羊,成年黄牛,幼年黄牛,成年桃源麝,幼年桃源麝,成年灵鹿,幼年灵鹿,成年羊驼,幼年羊驼,成年金钱豹,幼年金钱豹,成年蟾宫兔,幼年蟾宫兔,成年仙屏雀,幼年仙屏雀,成年冰羽鹤,幼年冰羽鹤,成年水晶蚌,幼年水晶蚌,迦楼罗王,赤焰妖,喷火牛,泥石怪,水灵仙,食土兽,金刚仙,桃花仙,桃树精,神灵,猴精,神兵,地狱战神,野蛮王,死灵,独眼巨人,寒钢怪,鼠怪,古代瑞兽,山妖,精怪,鸟嘴兽,冲冲虫,三尾怪,两角怪,白虎,冰熊,修罗,幽灵,孤魂,冤魂,野鬼,吸血鬼,无身鬼,无头鬼,水妖,黑熊精,打手,蟹将,虾兵,蛤蟆精,树妖,黑熊,强盗,老虎,大鹏,大象,狮子,鳄鱼,千年老妖,鸡精,骷髅怪,小龙女,山贼,女妖,毒蜂,狐狸精,女贼,衙役,士兵,花妖,鱼怪,流氓,武士,野狗,牛妖,小妖,家丁,夜叉,猪怪,羊头怪,兔妖,稻草人,银狐,海龟,蝙蝠,毒蛇,蜘蛛,飞鱼,蟾蜍\普\0\是\3转:30,点化:50,其他:-99999\技能列表0.txt\100\999:40,其他:0\+200,60\6:100\0\+100
1534667838304:Miner16080[C1]SummonRule：凤凰,超级毒蛇,超级蟾蜍,超级海龟,超级蜘蛛,超级飞鱼,哥俩好,雷兽,罗刹鬼姬,蛟龙,狮蝎,雷鸟人,龟丞相,蜘蛛精\神\0\否\3转:30,点化:50,其他:-99999\技能列表1.txt\100\999:2000,其他:0\+200,60\6:2000,7:2500\1500\+100
1534667838304:Miner16080[C1]SummonRule：超级蝙蝠,剑精灵,蝴蝶仙子\神\0\否\3转:30,点化:50,其他:-99999\技能列表1.txt\100\999:8000,其他:0\+200,60\6:2500,7:3500\2000\+100
1534667838305:Miner16080[C1]SummonRule：精卫\普\0\否\3转:35,点化:70,其他:-99999\技能列表0.txt\100\999:3000,其他:0\+200,60\5:150,6:400\0\+100
1534667838305:Miner16080[C1]SummonRule：精卫\普\0\是\3转:35,点化:70,其他:-99999\技能列表0.txt\100\999:3000,其他:0\+200,60\5:150,6:400\200\+100
1534667838306:Miner16080[C1]SummonRule：松鼠,剑精灵,黄金兽,冥灵妃子,冰雪魔\普\0\否\3转:35,点化:70,其他:-99999\技能列表0.txt\100\999:100,其他:0\+200,60\5:100,6:200\0\+100
1534667838307:Miner16080[C1]SummonRule：松鼠,剑精灵,黄金兽,冥灵妃子,冰雪魔\普\0\是\3转:35,点化:70,其他:-99999\技能列表0.txt\100\999:100,其他:0\+200,60\5:200,6:300\150\+100
1534667838307:Miner16080[C1]SummonRule：拨浪鼓\普\0\否\3转:35,点化:70,其他:-99999\技能列表0.txt\100\999:100,其他:0\+200,60\5:150,6:400\0\+100
1534667838308:Miner16080[C1]SummonRule：拨浪鼓\普\0\是\3转:35,点化:70,其他:-99999\技能列表0.txt\100\999:100,其他:0\+200,60\5:150,6:400\0\+100
1534667838308:Miner16080[C1]SummonRule：蹴鞠宗师,俏魁娘,狮虎兽,天龙女\普\0\否\3转:35,点化:70,其他:-99999\技能列表0.txt\100\999:100,其他:0\+200,60\5:100,6:200\0\+100
1534667838309:Miner16080[C1]SummonRule：蹴鞠宗师,俏魁娘,狮虎兽,天龙女\普\0\是\3转:35,点化:70,其他:-99999\技能列表0.txt\100\999:100,其他:0\+200,60\5:100,6:200\0\+100
1534667838310:Miner16080[C1]SummonRule：吉祥果\普\0\否\3转:35,点化:70,其他:-99999\技能列表0.txt\100\999:100,其他:0\+200,60\5:200,6:500\150\+100
1534667838310:Miner16080[C1]SummonRule：吉祥果\普\0\是\3转:35,点化:70,其他:-99999\技能列表0.txt\100\999:100,其他:0\+200,60\5:200,6:500\150\+100
1534667838312:Miner16080[C1]SummonRule：孟极\普\0\否\3转:35,点化:70,其他:-99999\技能列表0.txt\100\10:1000,999:2000,其他:1000\+200,60\5:1500,6:2500\1200\+100
1534667838315:Miner16080[C1]SummonRule：孟极\普\0\是\3转:35,点化:70,其他:-99999\技能列表0.txt\100\10:1000,999:3000,其他:1000\+200,60\5:2500,6:3000\1800\+100
1534667838315:Miner16080[C1]SummonRule：北冥龙君\普\0\否\3转:35,点化:70,其他:-99999\技能列表0.txt\100\999:400,其他:0\+200,60\5:400,6:600\200\+100
1534667838316:Miner16080[C1]SummonRule：北冥龙君\普\0\是\3转:35,点化:70,其他:-99999\技能列表0.txt\100\999:500,其他:0\+200,60\5:500,6:700\300\+100
1534667838316:Miner16080[C1]SummonRule：龙马,孔雀明王,妙音鸾女\普\0\否\3转:35,点化:70,其他:-99999\技能列表0.txt\100\999:600,其他:0\+200,60\5:500,6:700\400\+100
1534667838317:Miner16080[C1]SummonRule：龙马,孔雀明王,妙音鸾女\普\0\是\3转:35,点化:70,其他:-99999\技能列表0.txt\100\999:600,其他:0\+200,60\5:700,6:900\600\+100
1534667838317:Miner16080[C1]SummonRule：画皮娘子\普\0\否\3转:35,点化:70,其他:-99999\技能列表0.txt\100\999:500,其他:0\+200,60\5:400,6:500\300\+100
1534667838318:Miner16080[C1]SummonRule：画皮娘子\普\0\是\3转:35,点化:70,其他:-99999\技能列表0.txt\100\999:500,其他:0\+200,60\5:600,6:800\500\+100
1534667838318:Miner16080[C1]SummonRule：狐小妖\普\0\否\3转:35,点化:70,其他:-99999\技能列表0.txt\100\999:2000,其他:0\+200,60\5:900,6:1400\300\+100
1534667838319:Miner16080[C1]SummonRule：画中仙\神\0\否\3转:30,点化:50,其他:-99999\技能列表1.txt\100\999:30000,其他:0\+200,60\5:8500,6:9000\8000\+100
1534667838319:Miner16080[C1]SummonRule：年\神\0\否\3转:30,点化:50,其他:-99999\技能列表1.txt\100\999:30000,其他:0\+200,60\6:14500,7:15000\14000\+100
1534667838320:Miner16080[C1]SummonRule：白泽\神\0\否\3转:30,点化:50,其他:-99999\技能列表1.txt\100\999:6000,其他:0\+200,60\6:7500,7:8000\7000\+100
1534667838320:Miner16080[C1]SummonRule：颜如玉\神\0\否\3转:30,点化:50,其他:-99999\技能列表1.txt\100\999:5000,其他:0\+200,60\6:2500,7:3000\2100\+100　
1534667838321:Miner16080[C1]SummonRule：范式之魂\神\0\否\3转:30,点化:50,其他:-99999\技能列表1.txt\100\999:5000,其他:0\+200,60\6:3800,7:4000\3500\+100　
1534667838322:Miner16080[C1]SummonRule：垂云叟\神\0\否\3转:30,点化:50,其他:-99999\技能列表1.txt\100\999:5000,其他:0\+200,60\6:1200,7:1500\1100\+100
1534667838322:Miner16080[C1]SummonRule：浪淘沙\神\0\否\3转:30,点化:50,其他:-99999\技能列表1.txt\100\999:5000,其他:0\+200,60\6:1800,7:2000\1500\+100
1534667838323:Miner16080[C1]SummonRule：五叶\神\0\否\3转:30,点化:50,其他:-99999\技能列表1.txt\100\999:5000,其他:0\+200,60\6:2800,7:3200\2700\+100
1534667838324:Miner16080[C1]SummonRule：白衣狂生\神\0\否\3转:30,点化:50,其他:-99999\技能列表1.txt\100\999:5000,其他:0\+200,60\6:3500,7:4000\3000\+100
1534667838324:Miner16080[C1]SummonRule：点朱美人\神\0\否\3转:30,点化:50,其他:-99999\技能列表1.txt\100\999:5000,其他:0\+200,60\6:5200,7:5500\5000\+100
1534667838325:Miner16080[C1]SummonRule：龙太子\神\0\否\3转:30,点化:50,其他:-99999\技能列表1.txt\100\999:4000,其他:0\+200,60\6:5200,7:5500\5000\+100
1534667838325:Miner16080[C1]SummonRule：牛魔王\神\0\否\3转:30,点化:50,其他:-99999\技能列表1.txt\100\999:6000,其他:0\+200,60\6:7200,7:7500\7000\+100
1534667838326:Miner16080[C1]SummonRule：绛云仙子\神\0\否\3转:30,点化:50,其他:-99999\技能列表1.txt\100\999:6000,其他:0\+200,60\6:5200,7:5500\5000\+100
1534667838327:Miner16080[C1]SummonRule：玄黛夫人\神\0\否\3转:30,点化:50,其他:-99999\技能列表1.txt\100\999:6000,其他:0\+200,60\6:4500,7:5000\4000\+100
1534667838327:Miner16080[C1]SummonRule：泾河龙王\神\0\否\3转:30,点化:50,其他:-99999\技能列表1.txt\100\999:6000,其他:0\+200,60\6:4500,7:5000\4000\+100
1534667838328:Miner16080[C1]SummonRule：碧桃娘子\神\0\否\3转:30,点化:50,其他:-99999\技能列表1.txt\100\999:6000,其他:0\+200,60\6:3800,7:4000\3500\+100
1534667838329:Miner16080[C1]SummonRule：麒麟兽\普\0\否\3转:30,点化:50,其他:-99999\技能列表0.txt\100\999:40,其他:0\+200,60\5:50,6:100\0\+100
1534667838329:Miner16080[C1]SummonRule：麒麟兽\普\0\是\3转:30,点化:50,其他:-99999\技能列表0.txt\100\999:40,其他:0\+200,60\5:150,6:300\100\+100
1534667838330:Miner16080[C1]SummonRule：女贼之灵,金身罗汉,桃花娘子,百花之灵,玉兔,黄巾力士,千年灵狐,蟹将军,渔见愁,霹雳手\普\0\否\3转:35,点化:70,其他:-99999\技能列表0.txt\100\999:350,其他:0\+200,60\5:150,6:250\120\+100
1534667838330:Miner16080[C1]SummonRule：避水金睛兽,龙门水将,护山大神,巡海夜叉,火麒麟,狐不皈\普\0\否\3转:35,点化:70,其他:-99999\技能列表0.txt\100\999:350,其他:0\+200,60\5:250,6:400\200\+100
1534667838331:Miner16080[C1]SummonRule：净盘使者\普\0\否\3转:35,点化:70,其他:-99999\技能列表0.txt\0\999:350,其他:0\+200,60\5:350,6:700\300\+100
1534667838332:Miner16080[C1]SummonRule：火神女娲,符咒女娲,复活女娲\普\1.650\否\3转:35,点化:70,其他:-99999\技能列表0.txt\100\999:350,其他:0\+200,60\5:200,6:300\150\+100
1534668145759:Miner10512[C1]SetTalentRule：40:200,45:300,49:500,55:800,58:1200
1534668145765:Miner10512[C1]SetAchievementRule：3800:100,4000:200,4800:500
1534668145768:Miner10512[C1]SetRankRule：飞升:120,其他:-999999
1534668145769:Miner10512[C1]SummonRule：念,战神女娲,舍生女娲,复活女娲,符咒女娲,火神女娲,粽小仙,佳音小使,碧水精魄,哥俩好,雷兽,罗刹鬼姬,狮蝎,凤凰,蛟龙,雷鸟人,蝴蝶仙子,蜘蛛精,龟丞相,当康,伶俐小虫,西域响马,精细大鬼,妖火狼,蜃影,冥雷,小牛魔王,金不换,九戒,铁扇公主,机械木甲人,妖蝎,如意娃娃,葫芦娃娃,赭炎,苍凛,成年黑熊,幼年黑熊,成年羚羊,幼年羚羊,成年黄牛,幼年黄牛,成年桃源麝,幼年桃源麝,成年灵鹿,幼年灵鹿,成年羊驼,幼年羊驼,成年金钱豹,幼年金钱豹,成年蟾宫兔,幼年蟾宫兔,成年仙屏雀,幼年仙屏雀,成年冰羽鹤,幼年冰羽鹤,成年水晶蚌,幼年水晶蚌,迦楼罗王,赤焰妖,喷火牛,泥石怪,水灵仙,食土兽,金刚仙,桃花仙,桃树精,神灵,猴精,神兵,地狱战神,野蛮王,死灵,独眼巨人,寒钢怪,鼠怪,古代瑞兽,山妖,精怪,鸟嘴兽,冲冲虫,三尾怪,两角怪,白虎,冰熊,修罗,幽灵,孤魂,冤魂,野鬼,吸血鬼,无身鬼,无头鬼,水妖,黑熊精,打手,蟹将,虾兵,蛤蟆精,树妖,黑熊,强盗,老虎,大鹏,大象,狮子,鳄鱼,千年老妖,鸡精,骷髅怪,小龙女,山贼,女妖,毒蜂,狐狸精,女贼,衙役,士兵,花妖,鱼怪,流氓,武士,野狗,牛妖,小妖,家丁,夜叉,猪怪,羊头怪,兔妖,稻草人,银狐,海龟,蝙蝠,毒蛇,蜘蛛,飞鱼,蟾蜍\普\0\否\3转:30,点化:50,其他:-99999\技能列表0.txt\100\999:40,其他:0\+200,60\6:100\0\+100
1534668145779:Miner10512[C1]SummonRule：念,战神女娲,舍生女娲,复活女娲,符咒女娲,火神女娲,粽小仙,佳音小使,碧水精魄,哥俩好,雷兽,罗刹鬼姬,狮蝎,凤凰,蛟龙,雷鸟人,蝴蝶仙子,蜘蛛精,龟丞相,当康,伶俐小虫,西域响马,精细大鬼,妖火狼,蜃影,冥雷,小牛魔王,金不换,九戒,铁扇公主,机械木甲人,妖蝎,如意娃娃,葫芦娃娃,赭炎,苍凛,成年黑熊,幼年黑熊,成年羚羊,幼年羚羊,成年黄牛,幼年黄牛,成年桃源麝,幼年桃源麝,成年灵鹿,幼年灵鹿,成年羊驼,幼年羊驼,成年金钱豹,幼年金钱豹,成年蟾宫兔,幼年蟾宫兔,成年仙屏雀,幼年仙屏雀,成年冰羽鹤,幼年冰羽鹤,成年水晶蚌,幼年水晶蚌,迦楼罗王,赤焰妖,喷火牛,泥石怪,水灵仙,食土兽,金刚仙,桃花仙,桃树精,神灵,猴精,神兵,地狱战神,野蛮王,死灵,独眼巨人,寒钢怪,鼠怪,古代瑞兽,山妖,精怪,鸟嘴兽,冲冲虫,三尾怪,两角怪,白虎,冰熊,修罗,幽灵,孤魂,冤魂,野鬼,吸血鬼,无身鬼,无头鬼,水妖,黑熊精,打手,蟹将,虾兵,蛤蟆精,树妖,黑熊,强盗,老虎,大鹏,大象,狮子,鳄鱼,千年老妖,鸡精,骷髅怪,小龙女,山贼,女妖,毒蜂,狐狸精,女贼,衙役,士兵,花妖,鱼怪,流氓,武士,野狗,牛妖,小妖,家丁,夜叉,猪怪,羊头怪,兔妖,稻草人,银狐,海龟,蝙蝠,毒蛇,蜘蛛,飞鱼,蟾蜍\普\0\是\3转:30,点化:50,其他:-99999\技能列表0.txt\100\999:40,其他:0\+200,60\6:100\0\+100
1534668145781:Miner10512[C1]SummonRule：凤凰,超级毒蛇,超级蟾蜍,超级海龟,超级蜘蛛,超级飞鱼,哥俩好,雷兽,罗刹鬼姬,蛟龙,狮蝎,雷鸟人,龟丞相,蜘蛛精\神\0\否\3转:30,点化:50,其他:-99999\技能列表1.txt\100\999:2000,其他:0\+200,60\6:2000,7:2500\1500\+100
1534668145782:Miner10512[C1]SummonRule：超级蝙蝠,剑精灵,蝴蝶仙子\神\0\否\3转:30,点化:50,其他:-99999\技能列表1.txt\100\999:8000,其他:0\+200,60\6:2500,7:3500\2000\+100
1534668145782:Miner10512[C1]SummonRule：精卫\普\0\否\3转:35,点化:70,其他:-99999\技能列表0.txt\100\999:3000,其他:0\+200,60\5:150,6:400\0\+100
1534668145783:Miner10512[C1]SummonRule：精卫\普\0\是\3转:35,点化:70,其他:-99999\技能列表0.txt\100\999:3000,其他:0\+200,60\5:150,6:400\200\+100
1534668145783:Miner10512[C1]SummonRule：松鼠,剑精灵,黄金兽,冥灵妃子,冰雪魔\普\0\否\3转:35,点化:70,其他:-99999\技能列表0.txt\100\999:100,其他:0\+200,60\5:100,6:200\0\+100
1534668145784:Miner10512[C1]SummonRule：松鼠,剑精灵,黄金兽,冥灵妃子,冰雪魔\普\0\是\3转:35,点化:70,其他:-99999\技能列表0.txt\100\999:100,其他:0\+200,60\5:200,6:300\150\+100
1534668145785:Miner10512[C1]SummonRule：拨浪鼓\普\0\否\3转:35,点化:70,其他:-99999\技能列表0.txt\100\999:100,其他:0\+200,60\5:150,6:400\0\+100
1534668145786:Miner10512[C1]SummonRule：拨浪鼓\普\0\是\3转:35,点化:70,其他:-99999\技能列表0.txt\100\999:100,其他:0\+200,60\5:150,6:400\0\+100
1534668145788:Miner10512[C1]SummonRule：蹴鞠宗师,俏魁娘,狮虎兽,天龙女\普\0\否\3转:35,点化:70,其他:-99999\技能列表0.txt\100\999:100,其他:0\+200,60\5:100,6:200\0\+100
1534668145789:Miner10512[C1]SummonRule：蹴鞠宗师,俏魁娘,狮虎兽,天龙女\普\0\是\3转:35,点化:70,其他:-99999\技能列表0.txt\100\999:100,其他:0\+200,60\5:100,6:200\0\+100
1534668145789:Miner10512[C1]SummonRule：吉祥果\普\0\否\3转:35,点化:70,其他:-99999\技能列表0.txt\100\999:100,其他:0\+200,60\5:200,6:500\150\+100
1534668145790:Miner10512[C1]SummonRule：吉祥果\普\0\是\3转:35,点化:70,其他:-99999\技能列表0.txt\100\999:100,其他:0\+200,60\5:200,6:500\150\+100
1534668145790:Miner10512[C1]SummonRule：孟极\普\0\否\3转:35,点化:70,其他:-99999\技能列表0.txt\100\10:1000,999:2000,其他:1000\+200,60\5:1500,6:2500\1200\+100
1534668145791:Miner10512[C1]SummonRule：孟极\普\0\是\3转:35,点化:70,其他:-99999\技能列表0.txt\100\10:1000,999:3000,其他:1000\+200,60\5:2500,6:3000\1800\+100
1534668145791:Miner10512[C1]SummonRule：北冥龙君\普\0\否\3转:35,点化:70,其他:-99999\技能列表0.txt\100\999:400,其他:0\+200,60\5:400,6:600\200\+100
1534668145792:Miner10512[C1]SummonRule：北冥龙君\普\0\是\3转:35,点化:70,其他:-99999\技能列表0.txt\100\999:500,其他:0\+200,60\5:500,6:700\300\+100
1534668145792:Miner10512[C1]SummonRule：龙马,孔雀明王,妙音鸾女\普\0\否\3转:35,点化:70,其他:-99999\技能列表0.txt\100\999:600,其他:0\+200,60\5:500,6:700\400\+100
1534668145793:Miner10512[C1]SummonRule：龙马,孔雀明王,妙音鸾女\普\0\是\3转:35,点化:70,其他:-99999\技能列表0.txt\100\999:600,其他:0\+200,60\5:700,6:900\600\+100
1534668145793:Miner10512[C1]SummonRule：画皮娘子\普\0\否\3转:35,点化:70,其他:-99999\技能列表0.txt\100\999:500,其他:0\+200,60\5:400,6:500\300\+100
1534668145794:Miner10512[C1]SummonRule：画皮娘子\普\0\是\3转:35,点化:70,其他:-99999\技能列表0.txt\100\999:500,其他:0\+200,60\5:600,6:800\500\+100
1534668145794:Miner10512[C1]SummonRule：狐小妖\普\0\否\3转:35,点化:70,其他:-99999\技能列表0.txt\100\999:2000,其他:0\+200,60\5:900,6:1400\300\+100
1534668145795:Miner10512[C1]SummonRule：画中仙\神\0\否\3转:30,点化:50,其他:-99999\技能列表1.txt\100\999:30000,其他:0\+200,60\5:8500,6:9000\8000\+100
1534668145795:Miner10512[C1]SummonRule：年\神\0\否\3转:30,点化:50,其他:-99999\技能列表1.txt\100\999:30000,其他:0\+200,60\6:14500,7:15000\14000\+100
1534668145796:Miner10512[C1]SummonRule：白泽\神\0\否\3转:30,点化:50,其他:-99999\技能列表1.txt\100\999:6000,其他:0\+200,60\6:7500,7:8000\7000\+100
1534668145798:Miner10512[C1]SummonRule：颜如玉\神\0\否\3转:30,点化:50,其他:-99999\技能列表1.txt\100\999:5000,其他:0\+200,60\6:2500,7:3000\2100\+100　
1534668145798:Miner10512[C1]SummonRule：范式之魂\神\0\否\3转:30,点化:50,其他:-99999\技能列表1.txt\100\999:5000,其他:0\+200,60\6:3800,7:4000\3500\+100　
1534668145799:Miner10512[C1]SummonRule：垂云叟\神\0\否\3转:30,点化:50,其他:-99999\技能列表1.txt\100\999:5000,其他:0\+200,60\6:1200,7:1500\1100\+100
1534668145799:Miner10512[C1]SummonRule：浪淘沙\神\0\否\3转:30,点化:50,其他:-99999\技能列表1.txt\100\999:5000,其他:0\+200,60\6:1800,7:2000\1500\+100
1534668145800:Miner10512[C1]SummonRule：五叶\神\0\否\3转:30,点化:50,其他:-99999\技能列表1.txt\100\999:5000,其他:0\+200,60\6:2800,7:3200\2700\+100
1534668145800:Miner10512[C1]SummonRule：白衣狂生\神\0\否\3转:30,点化:50,其他:-99999\技能列表1.txt\100\999:5000,其他:0\+200,60\6:3500,7:4000\3000\+100
1534668145801:Miner10512[C1]SummonRule：点朱美人\神\0\否\3转:30,点化:50,其他:-99999\技能列表1.txt\100\999:5000,其他:0\+200,60\6:5200,7:5500\5000\+100
1534668145801:Miner10512[C1]SummonRule：龙太子\神\0\否\3转:30,点化:50,其他:-99999\技能列表1.txt\100\999:4000,其他:0\+200,60\6:5200,7:5500\5000\+100
1534668145802:Miner10512[C1]SummonRule：牛魔王\神\0\否\3转:30,点化:50,其他:-99999\技能列表1.txt\100\999:6000,其他:0\+200,60\6:7200,7:7500\7000\+100
1534668145802:Miner10512[C1]SummonRule：绛云仙子\神\0\否\3转:30,点化:50,其他:-99999\技能列表1.txt\100\999:6000,其他:0\+200,60\6:5200,7:5500\5000\+100
1534668145803:Miner10512[C1]SummonRule：玄黛夫人\神\0\否\3转:30,点化:50,其他:-99999\技能列表1.txt\100\999:6000,其他:0\+200,60\6:4500,7:5000\4000\+100
1534668145803:Miner10512[C1]SummonRule：泾河龙王\神\0\否\3转:30,点化:50,其他:-99999\技能列表1.txt\100\999:6000,其他:0\+200,60\6:4500,7:5000\4000\+100
1534668145804:Miner10512[C1]SummonRule：碧桃娘子\神\0\否\3转:30,点化:50,其他:-99999\技能列表1.txt\100\999:6000,其他:0\+200,60\6:3800,7:4000\3500\+100
1534668145804:Miner10512[C1]SummonRule：麒麟兽\普\0\否\3转:30,点化:50,其他:-99999\技能列表0.txt\100\999:40,其他:0\+200,60\5:50,6:100\0\+100
1534668145805:Miner10512[C1]SummonRule：麒麟兽\普\0\是\3转:30,点化:50,其他:-99999\技能列表0.txt\100\999:40,其他:0\+200,60\5:150,6:300\100\+100
1534668145806:Miner10512[C1]SummonRule：女贼之灵,金身罗汉,桃花娘子,百花之灵,玉兔,黄巾力士,千年灵狐,蟹将军,渔见愁,霹雳手\普\0\否\3转:35,点化:70,其他:-99999\技能列表0.txt\100\999:350,其他:0\+200,60\5:150,6:250\120\+100
1534668145806:Miner10512[C1]SummonRule：避水金睛兽,龙门水将,护山大神,巡海夜叉,火麒麟,狐不皈\普\0\否\3转:35,点化:70,其他:-99999\技能列表0.txt\100\999:350,其他:0\+200,60\5:250,6:400\200\+100
1534668145807:Miner10512[C1]SummonRule：净盘使者\普\0\否\3转:35,点化:70,其他:-99999\技能列表0.txt\0\999:350,其他:0\+200,60\5:350,6:700\300\+100
1534668145807:Miner10512[C1]SummonRule：火神女娲,符咒女娲,复活女娲\普\1.650\否\3转:35,点化:70,其他:-99999\技能列表0.txt\100\999:350,其他:0\+200,60\5:200,6:300\150\+100
1534668151870:Miner6748[C1]SetTalentRule：40:200,45:300,49:500,55:800,58:1200
1534668151877:Miner6748[C1]SetAchievementRule：3800:100,4000:200,4800:500
1534668151880:Miner6748[C1]SetRankRule：飞升:120,其他:-999999
1534668151881:Miner6748[C1]SummonRule：念,战神女娲,舍生女娲,复活女娲,符咒女娲,火神女娲,粽小仙,佳音小使,碧水精魄,哥俩好,雷兽,罗刹鬼姬,狮蝎,凤凰,蛟龙,雷鸟人,蝴蝶仙子,蜘蛛精,龟丞相,当康,伶俐小虫,西域响马,精细大鬼,妖火狼,蜃影,冥雷,小牛魔王,金不换,九戒,铁扇公主,机械木甲人,妖蝎,如意娃娃,葫芦娃娃,赭炎,苍凛,成年黑熊,幼年黑熊,成年羚羊,幼年羚羊,成年黄牛,幼年黄牛,成年桃源麝,幼年桃源麝,成年灵鹿,幼年灵鹿,成年羊驼,幼年羊驼,成年金钱豹,幼年金钱豹,成年蟾宫兔,幼年蟾宫兔,成年仙屏雀,幼年仙屏雀,成年冰羽鹤,幼年冰羽鹤,成年水晶蚌,幼年水晶蚌,迦楼罗王,赤焰妖,喷火牛,泥石怪,水灵仙,食土兽,金刚仙,桃花仙,桃树精,神灵,猴精,神兵,地狱战神,野蛮王,死灵,独眼巨人,寒钢怪,鼠怪,古代瑞兽,山妖,精怪,鸟嘴兽,冲冲虫,三尾怪,两角怪,白虎,冰熊,修罗,幽灵,孤魂,冤魂,野鬼,吸血鬼,无身鬼,无头鬼,水妖,黑熊精,打手,蟹将,虾兵,蛤蟆精,树妖,黑熊,强盗,老虎,大鹏,大象,狮子,鳄鱼,千年老妖,鸡精,骷髅怪,小龙女,山贼,女妖,毒蜂,狐狸精,女贼,衙役,士兵,花妖,鱼怪,流氓,武士,野狗,牛妖,小妖,家丁,夜叉,猪怪,羊头怪,兔妖,稻草人,银狐,海龟,蝙蝠,毒蛇,蜘蛛,飞鱼,蟾蜍\普\0\否\3转:30,点化:50,其他:-99999\技能列表0.txt\100\999:40,其他:0\+200,60\6:100\0\+100
1534668151892:Miner6748[C1]SummonRule：念,战神女娲,舍生女娲,复活女娲,符咒女娲,火神女娲,粽小仙,佳音小使,碧水精魄,哥俩好,雷兽,罗刹鬼姬,狮蝎,凤凰,蛟龙,雷鸟人,蝴蝶仙子,蜘蛛精,龟丞相,当康,伶俐小虫,西域响马,精细大鬼,妖火狼,蜃影,冥雷,小牛魔王,金不换,九戒,铁扇公主,机械木甲人,妖蝎,如意娃娃,葫芦娃娃,赭炎,苍凛,成年黑熊,幼年黑熊,成年羚羊,幼年羚羊,成年黄牛,幼年黄牛,成年桃源麝,幼年桃源麝,成年灵鹿,幼年灵鹿,成年羊驼,幼年羊驼,成年金钱豹,幼年金钱豹,成年蟾宫兔,幼年蟾宫兔,成年仙屏雀,幼年仙屏雀,成年冰羽鹤,幼年冰羽鹤,成年水晶蚌,幼年水晶蚌,迦楼罗王,赤焰妖,喷火牛,泥石怪,水灵仙,食土兽,金刚仙,桃花仙,桃树精,神灵,猴精,神兵,地狱战神,野蛮王,死灵,独眼巨人,寒钢怪,鼠怪,古代瑞兽,山妖,精怪,鸟嘴兽,冲冲虫,三尾怪,两角怪,白虎,冰熊,修罗,幽灵,孤魂,冤魂,野鬼,吸血鬼,无身鬼,无头鬼,水妖,黑熊精,打手,蟹将,虾兵,蛤蟆精,树妖,黑熊,强盗,老虎,大鹏,大象,狮子,鳄鱼,千年老妖,鸡精,骷髅怪,小龙女,山贼,女妖,毒蜂,狐狸精,女贼,衙役,士兵,花妖,鱼怪,流氓,武士,野狗,牛妖,小妖,家丁,夜叉,猪怪,羊头怪,兔妖,稻草人,银狐,海龟,蝙蝠,毒蛇,蜘蛛,飞鱼,蟾蜍\普\0\是\3转:30,点化:50,其他:-99999\技能列表0.txt\100\999:40,其他:0\+200,60\6:100\0\+100
1534668151894:Miner6748[C1]SummonRule：凤凰,超级毒蛇,超级蟾蜍,超级海龟,超级蜘蛛,超级飞鱼,哥俩好,雷兽,罗刹鬼姬,蛟龙,狮蝎,雷鸟人,龟丞相,蜘蛛精\神\0\否\3转:30,点化:50,其他:-99999\技能列表1.txt\100\999:2000,其他:0\+200,60\6:2000,7:2500\1500\+100
1534668151895:Miner6748[C1]SummonRule：超级蝙蝠,剑精灵,蝴蝶仙子\神\0\否\3转:30,点化:50,其他:-99999\技能列表1.txt\100\999:8000,其他:0\+200,60\6:2500,7:3500\2000\+100
1534668151895:Miner6748[C1]SummonRule：精卫\普\0\否\3转:35,点化:70,其他:-99999\技能列表0.txt\100\999:3000,其他:0\+200,60\5:150,6:400\0\+100
1534668151896:Miner6748[C1]SummonRule：精卫\普\0\是\3转:35,点化:70,其他:-99999\技能列表0.txt\100\999:3000,其他:0\+200,60\5:150,6:400\200\+100
1534668151896:Miner6748[C1]SummonRule：松鼠,剑精灵,黄金兽,冥灵妃子,冰雪魔\普\0\否\3转:35,点化:70,其他:-99999\技能列表0.txt\100\999:100,其他:0\+200,60\5:100,6:200\0\+100
1534668151897:Miner6748[C1]SummonRule：松鼠,剑精灵,黄金兽,冥灵妃子,冰雪魔\普\0\是\3转:35,点化:70,其他:-99999\技能列表0.txt\100\999:100,其他:0\+200,60\5:200,6:300\150\+100
1534668151898:Miner6748[C1]SummonRule：拨浪鼓\普\0\否\3转:35,点化:70,其他:-99999\技能列表0.txt\100\999:100,其他:0\+200,60\5:150,6:400\0\+100
1534668151898:Miner6748[C1]SummonRule：拨浪鼓\普\0\是\3转:35,点化:70,其他:-99999\技能列表0.txt\100\999:100,其他:0\+200,60\5:150,6:400\0\+100
1534668151899:Miner6748[C1]SummonRule：蹴鞠宗师,俏魁娘,狮虎兽,天龙女\普\0\否\3转:35,点化:70,其他:-99999\技能列表0.txt\100\999:100,其他:0\+200,60\5:100,6:200\0\+100
1534668151900:Miner6748[C1]SummonRule：蹴鞠宗师,俏魁娘,狮虎兽,天龙女\普\0\是\3转:35,点化:70,其他:-99999\技能列表0.txt\100\999:100,其他:0\+200,60\5:100,6:200\0\+100
1534668151900:Miner6748[C1]SummonRule：吉祥果\普\0\否\3转:35,点化:70,其他:-99999\技能列表0.txt\100\999:100,其他:0\+200,60\5:200,6:500\150\+100
1534668151901:Miner6748[C1]SummonRule：吉祥果\普\0\是\3转:35,点化:70,其他:-99999\技能列表0.txt\100\999:100,其他:0\+200,60\5:200,6:500\150\+100
1534668151902:Miner6748[C1]SummonRule：孟极\普\0\否\3转:35,点化:70,其他:-99999\技能列表0.txt\100\10:1000,999:2000,其他:1000\+200,60\5:1500,6:2500\1200\+100
1534668151902:Miner6748[C1]SummonRule：孟极\普\0\是\3转:35,点化:70,其他:-99999\技能列表0.txt\100\10:1000,999:3000,其他:1000\+200,60\5:2500,6:3000\1800\+100
1534668151903:Miner6748[C1]SummonRule：北冥龙君\普\0\否\3转:35,点化:70,其他:-99999\技能列表0.txt\100\999:400,其他:0\+200,60\5:400,6:600\200\+100
1534668151904:Miner6748[C1]SummonRule：北冥龙君\普\0\是\3转:35,点化:70,其他:-99999\技能列表0.txt\100\999:500,其他:0\+200,60\5:500,6:700\300\+100
1534668151904:Miner6748[C1]SummonRule：龙马,孔雀明王,妙音鸾女\普\0\否\3转:35,点化:70,其他:-99999\技能列表0.txt\100\999:600,其他:0\+200,60\5:500,6:700\400\+100
1534668151905:Miner6748[C1]SummonRule：龙马,孔雀明王,妙音鸾女\普\0\是\3转:35,点化:70,其他:-99999\技能列表0.txt\100\999:600,其他:0\+200,60\5:700,6:900\600\+100
1534668151905:Miner6748[C1]SummonRule：画皮娘子\普\0\否\3转:35,点化:70,其他:-99999\技能列表0.txt\100\999:500,其他:0\+200,60\5:400,6:500\300\+100
1534668151907:Miner6748[C1]SummonRule：画皮娘子\普\0\是\3转:35,点化:70,其他:-99999\技能列表0.txt\100\999:500,其他:0\+200,60\5:600,6:800\500\+100
1534668151909:Miner6748[C1]SummonRule：狐小妖\普\0\否\3转:35,点化:70,其他:-99999\技能列表0.txt\100\999:2000,其他:0\+200,60\5:900,6:1400\300\+100
1534668151909:Miner6748[C1]SummonRule：画中仙\神\0\否\3转:30,点化:50,其他:-99999\技能列表1.txt\100\999:30000,其他:0\+200,60\5:8500,6:9000\8000\+100
1534668151910:Miner6748[C1]SummonRule：年\神\0\否\3转:30,点化:50,其他:-99999\技能列表1.txt\100\999:30000,其他:0\+200,60\6:14500,7:15000\14000\+100
1534668151911:Miner6748[C1]SummonRule：白泽\神\0\否\3转:30,点化:50,其他:-99999\技能列表1.txt\100\999:6000,其他:0\+200,60\6:7500,7:8000\7000\+100
1534668151911:Miner6748[C1]SummonRule：颜如玉\神\0\否\3转:30,点化:50,其他:-99999\技能列表1.txt\100\999:5000,其他:0\+200,60\6:2500,7:3000\2100\+100　
1534668151912:Miner6748[C1]SummonRule：范式之魂\神\0\否\3转:30,点化:50,其他:-99999\技能列表1.txt\100\999:5000,其他:0\+200,60\6:3800,7:4000\3500\+100　
1534668151913:Miner6748[C1]SummonRule：垂云叟\神\0\否\3转:30,点化:50,其他:-99999\技能列表1.txt\100\999:5000,其他:0\+200,60\6:1200,7:1500\1100\+100
1534668151913:Miner6748[C1]SummonRule：浪淘沙\神\0\否\3转:30,点化:50,其他:-99999\技能列表1.txt\100\999:5000,其他:0\+200,60\6:1800,7:2000\1500\+100
1534668151914:Miner6748[C1]SummonRule：五叶\神\0\否\3转:30,点化:50,其他:-99999\技能列表1.txt\100\999:5000,其他:0\+200,60\6:2800,7:3200\2700\+100
1534668151914:Miner6748[C1]SummonRule：白衣狂生\神\0\否\3转:30,点化:50,其他:-99999\技能列表1.txt\100\999:5000,其他:0\+200,60\6:3500,7:4000\3000\+100
1534668151915:Miner6748[C1]SummonRule：点朱美人\神\0\否\3转:30,点化:50,其他:-99999\技能列表1.txt\100\999:5000,其他:0\+200,60\6:5200,7:5500\5000\+100
1534668151916:Miner6748[C1]SummonRule：龙太子\神\0\否\3转:30,点化:50,其他:-99999\技能列表1.txt\100\999:4000,其他:0\+200,60\6:5200,7:5500\5000\+100
1534668151916:Miner6748[C1]SummonRule：牛魔王\神\0\否\3转:30,点化:50,其他:-99999\技能列表1.txt\100\999:6000,其他:0\+200,60\6:7200,7:7500\7000\+100
1534668151917:Miner6748[C1]SummonRule：绛云仙子\神\0\否\3转:30,点化:50,其他:-99999\技能列表1.txt\100\999:6000,其他:0\+200,60\6:5200,7:5500\5000\+100
1534668151917:Miner6748[C1]SummonRule：玄黛夫人\神\0\否\3转:30,点化:50,其他:-99999\技能列表1.txt\100\999:6000,其他:0\+200,60\6:4500,7:5000\4000\+100
1534668151917:Miner6748[C1]SummonRule：泾河龙王\神\0\否\3转:30,点化:50,其他:-99999\技能列表1.txt\100\999:6000,其他:0\+200,60\6:4500,7:5000\4000\+100
1534668151918:Miner6748[C1]SummonRule：碧桃娘子\神\0\否\3转:30,点化:50,其他:-99999\技能列表1.txt\100\999:6000,其他:0\+200,60\6:3800,7:4000\3500\+100
1534668151918:Miner6748[C1]SummonRule：麒麟兽\普\0\否\3转:30,点化:50,其他:-99999\技能列表0.txt\100\999:40,其他:0\+200,60\5:50,6:100\0\+100
1534668151919:Miner6748[C1]SummonRule：麒麟兽\普\0\是\3转:30,点化:50,其他:-99999\技能列表0.txt\100\999:40,其他:0\+200,60\5:150,6:300\100\+100
1534668151920:Miner6748[C1]SummonRule：女贼之灵,金身罗汉,桃花娘子,百花之灵,玉兔,黄巾力士,千年灵狐,蟹将军,渔见愁,霹雳手\普\0\否\3转:35,点化:70,其他:-99999\技能列表0.txt\100\999:350,其他:0\+200,60\5:150,6:250\120\+100
1534668151921:Miner6748[C1]SummonRule：避水金睛兽,龙门水将,护山大神,巡海夜叉,火麒麟,狐不皈\普\0\否\3转:35,点化:70,其他:-99999\技能列表0.txt\100\999:350,其他:0\+200,60\5:250,6:400\200\+100
1534668151923:Miner6748[C1]SummonRule：净盘使者\普\0\否\3转:35,点化:70,其他:-99999\技能列表0.txt\0\999:350,其他:0\+200,60\5:350,6:700\300\+100
1534668151924:Miner6748[C1]SummonRule：火神女娲,符咒女娲,复活女娲\普\1.650\否\3转:35,点化:70,其他:-99999\技能列表0.txt\100\999:350,其他:0\+200,60\5:200,6:300\150\+100
1534668270899:Miner9704[C1]SetTalentRule：40:200,45:300,49:500,55:800,58:1200
1534668270915:Miner9704[C1]SetAchievementRule：3800:100,4000:200,4800:500
1534668270919:Miner9704[C1]SetRankRule：飞升:120,其他:-999999
1534668270920:Miner9704[C1]SummonRule：念,战神女娲,舍生女娲,复活女娲,符咒女娲,火神女娲,粽小仙,佳音小使,碧水精魄,哥俩好,雷兽,罗刹鬼姬,狮蝎,凤凰,蛟龙,雷鸟人,蝴蝶仙子,蜘蛛精,龟丞相,当康,伶俐小虫,西域响马,精细大鬼,妖火狼,蜃影,冥雷,小牛魔王,金不换,九戒,铁扇公主,机械木甲人,妖蝎,如意娃娃,葫芦娃娃,赭炎,苍凛,成年黑熊,幼年黑熊,成年羚羊,幼年羚羊,成年黄牛,幼年黄牛,成年桃源麝,幼年桃源麝,成年灵鹿,幼年灵鹿,成年羊驼,幼年羊驼,成年金钱豹,幼年金钱豹,成年蟾宫兔,幼年蟾宫兔,成年仙屏雀,幼年仙屏雀,成年冰羽鹤,幼年冰羽鹤,成年水晶蚌,幼年水晶蚌,迦楼罗王,赤焰妖,喷火牛,泥石怪,水灵仙,食土兽,金刚仙,桃花仙,桃树精,神灵,猴精,神兵,地狱战神,野蛮王,死灵,独眼巨人,寒钢怪,鼠怪,古代瑞兽,山妖,精怪,鸟嘴兽,冲冲虫,三尾怪,两角怪,白虎,冰熊,修罗,幽灵,孤魂,冤魂,野鬼,吸血鬼,无身鬼,无头鬼,水妖,黑熊精,打手,蟹将,虾兵,蛤蟆精,树妖,黑熊,强盗,老虎,大鹏,大象,狮子,鳄鱼,千年老妖,鸡精,骷髅怪,小龙女,山贼,女妖,毒蜂,狐狸精,女贼,衙役,士兵,花妖,鱼怪,流氓,武士,野狗,牛妖,小妖,家丁,夜叉,猪怪,羊头怪,兔妖,稻草人,银狐,海龟,蝙蝠,毒蛇,蜘蛛,飞鱼,蟾蜍\普\0\否\3转:30,点化:50,其他:-99999\技能列表0.txt\100\999:40,其他:0\+200,60\6:100\0\+100
1534668270937:Miner9704[C1]SummonRule：念,战神女娲,舍生女娲,复活女娲,符咒女娲,火神女娲,粽小仙,佳音小使,碧水精魄,哥俩好,雷兽,罗刹鬼姬,狮蝎,凤凰,蛟龙,雷鸟人,蝴蝶仙子,蜘蛛精,龟丞相,当康,伶俐小虫,西域响马,精细大鬼,妖火狼,蜃影,冥雷,小牛魔王,金不换,九戒,铁扇公主,机械木甲人,妖蝎,如意娃娃,葫芦娃娃,赭炎,苍凛,成年黑熊,幼年黑熊,成年羚羊,幼年羚羊,成年黄牛,幼年黄牛,成年桃源麝,幼年桃源麝,成年灵鹿,幼年灵鹿,成年羊驼,幼年羊驼,成年金钱豹,幼年金钱豹,成年蟾宫兔,幼年蟾宫兔,成年仙屏雀,幼年仙屏雀,成年冰羽鹤,幼年冰羽鹤,成年水晶蚌,幼年水晶蚌,迦楼罗王,赤焰妖,喷火牛,泥石怪,水灵仙,食土兽,金刚仙,桃花仙,桃树精,神灵,猴精,神兵,地狱战神,野蛮王,死灵,独眼巨人,寒钢怪,鼠怪,古代瑞兽,山妖,精怪,鸟嘴兽,冲冲虫,三尾怪,两角怪,白虎,冰熊,修罗,幽灵,孤魂,冤魂,野鬼,吸血鬼,无身鬼,无头鬼,水妖,黑熊精,打手,蟹将,虾兵,蛤蟆精,树妖,黑熊,强盗,老虎,大鹏,大象,狮子,鳄鱼,千年老妖,鸡精,骷髅怪,小龙女,山贼,女妖,毒蜂,狐狸精,女贼,衙役,士兵,花妖,鱼怪,流氓,武士,野狗,牛妖,小妖,家丁,夜叉,猪怪,羊头怪,兔妖,稻草人,银狐,海龟,蝙蝠,毒蛇,蜘蛛,飞鱼,蟾蜍\普\0\是\3转:30,点化:50,其他:-99999\技能列表0.txt\100\999:40,其他:0\+200,60\6:100\0\+100
1534668270940:Miner9704[C1]SummonRule：凤凰,超级毒蛇,超级蟾蜍,超级海龟,超级蜘蛛,超级飞鱼,哥俩好,雷兽,罗刹鬼姬,蛟龙,狮蝎,雷鸟人,龟丞相,蜘蛛精\神\0\否\3转:30,点化:50,其他:-99999\技能列表1.txt\100\999:2000,其他:0\+200,60\6:2000,7:2500\1500\+100
1534668270941:Miner9704[C1]SummonRule：超级蝙蝠,剑精灵,蝴蝶仙子\神\0\否\3转:30,点化:50,其他:-99999\技能列表1.txt\100\999:8000,其他:0\+200,60\6:2500,7:3500\2000\+100
1534668270942:Miner9704[C1]SummonRule：精卫\普\0\否\3转:35,点化:70,其他:-99999\技能列表0.txt\100\999:3000,其他:0\+200,60\5:150,6:400\0\+100
1534668270942:Miner9704[C1]SummonRule：精卫\普\0\是\3转:35,点化:70,其他:-99999\技能列表0.txt\100\999:3000,其他:0\+200,60\5:150,6:400\200\+100
1534668270943:Miner9704[C1]SummonRule：松鼠,剑精灵,黄金兽,冥灵妃子,冰雪魔\普\0\否\3转:35,点化:70,其他:-99999\技能列表0.txt\100\999:100,其他:0\+200,60\5:100,6:200\0\+100
1534668270943:Miner9704[C1]SummonRule：松鼠,剑精灵,黄金兽,冥灵妃子,冰雪魔\普\0\是\3转:35,点化:70,其他:-99999\技能列表0.txt\100\999:100,其他:0\+200,60\5:200,6:300\150\+100
1534668270944:Miner9704[C1]SummonRule：拨浪鼓\普\0\否\3转:35,点化:70,其他:-99999\技能列表0.txt\100\999:100,其他:0\+200,60\5:150,6:400\0\+100
1534668270945:Miner9704[C1]SummonRule：拨浪鼓\普\0\是\3转:35,点化:70,其他:-99999\技能列表0.txt\100\999:100,其他:0\+200,60\5:150,6:400\0\+100
1534668270945:Miner9704[C1]SummonRule：蹴鞠宗师,俏魁娘,狮虎兽,天龙女\普\0\否\3转:35,点化:70,其他:-99999\技能列表0.txt\100\999:100,其他:0\+200,60\5:100,6:200\0\+100
1534668270946:Miner9704[C1]SummonRule：蹴鞠宗师,俏魁娘,狮虎兽,天龙女\普\0\是\3转:35,点化:70,其他:-99999\技能列表0.txt\100\999:100,其他:0\+200,60\5:100,6:200\0\+100
1534668270946:Miner9704[C1]SummonRule：吉祥果\普\0\否\3转:35,点化:70,其他:-99999\技能列表0.txt\100\999:100,其他:0\+200,60\5:200,6:500\150\+100
1534668270947:Miner9704[C1]SummonRule：吉祥果\普\0\是\3转:35,点化:70,其他:-99999\技能列表0.txt\100\999:100,其他:0\+200,60\5:200,6:500\150\+100
1534668270947:Miner9704[C1]SummonRule：孟极\普\0\否\3转:35,点化:70,其他:-99999\技能列表0.txt\100\10:1000,999:2000,其他:1000\+200,60\5:1500,6:2500\1200\+100
1534668270948:Miner9704[C1]SummonRule：孟极\普\0\是\3转:35,点化:70,其他:-99999\技能列表0.txt\100\10:1000,999:3000,其他:1000\+200,60\5:2500,6:3000\1800\+100
1534668270948:Miner9704[C1]SummonRule：北冥龙君\普\0\否\3转:35,点化:70,其他:-99999\技能列表0.txt\100\999:400,其他:0\+200,60\5:400,6:600\200\+100
1534668270948:Miner9704[C1]SummonRule：北冥龙君\普\0\是\3转:35,点化:70,其他:-99999\技能列表0.txt\100\999:500,其他:0\+200,60\5:500,6:700\300\+100
1534668270948:Miner9704[C1]SummonRule：龙马,孔雀明王,妙音鸾女\普\0\否\3转:35,点化:70,其他:-99999\技能列表0.txt\100\999:600,其他:0\+200,60\5:500,6:700\400\+100
1534668270949:Miner9704[C1]SummonRule：龙马,孔雀明王,妙音鸾女\普\0\是\3转:35,点化:70,其他:-99999\技能列表0.txt\100\999:600,其他:0\+200,60\5:700,6:900\600\+100
1534668270949:Miner9704[C1]SummonRule：画皮娘子\普\0\否\3转:35,点化:70,其他:-99999\技能列表0.txt\100\999:500,其他:0\+200,60\5:400,6:500\300\+100
1534668270950:Miner9704[C1]SummonRule：画皮娘子\普\0\是\3转:35,点化:70,其他:-99999\技能列表0.txt\100\999:500,其他:0\+200,60\5:600,6:800\500\+100
1534668270950:Miner9704[C1]SummonRule：狐小妖\普\0\否\3转:35,点化:70,其他:-99999\技能列表0.txt\100\999:2000,其他:0\+200,60\5:900,6:1400\300\+100
1534668270951:Miner9704[C1]SummonRule：画中仙\神\0\否\3转:30,点化:50,其他:-99999\技能列表1.txt\100\999:30000,其他:0\+200,60\5:8500,6:9000\8000\+100
1534668270952:Miner9704[C1]SummonRule：年\神\0\否\3转:30,点化:50,其他:-99999\技能列表1.txt\100\999:30000,其他:0\+200,60\6:14500,7:15000\14000\+100
1534668270953:Miner9704[C1]SummonRule：白泽\神\0\否\3转:30,点化:50,其他:-99999\技能列表1.txt\100\999:6000,其他:0\+200,60\6:7500,7:8000\7000\+100
1534668270953:Miner9704[C1]SummonRule：颜如玉\神\0\否\3转:30,点化:50,其他:-99999\技能列表1.txt\100\999:5000,其他:0\+200,60\6:2500,7:3000\2100\+100　
1534668270954:Miner9704[C1]SummonRule：范式之魂\神\0\否\3转:30,点化:50,其他:-99999\技能列表1.txt\100\999:5000,其他:0\+200,60\6:3800,7:4000\3500\+100　
1534668270954:Miner9704[C1]SummonRule：垂云叟\神\0\否\3转:30,点化:50,其他:-99999\技能列表1.txt\100\999:5000,其他:0\+200,60\6:1200,7:1500\1100\+100
1534668270955:Miner9704[C1]SummonRule：浪淘沙\神\0\否\3转:30,点化:50,其他:-99999\技能列表1.txt\100\999:5000,其他:0\+200,60\6:1800,7:2000\1500\+100
1534668270955:Miner9704[C1]SummonRule：五叶\神\0\否\3转:30,点化:50,其他:-99999\技能列表1.txt\100\999:5000,其他:0\+200,60\6:2800,7:3200\2700\+100
1534668270956:Miner9704[C1]SummonRule：白衣狂生\神\0\否\3转:30,点化:50,其他:-99999\技能列表1.txt\100\999:5000,其他:0\+200,60\6:3500,7:4000\3000\+100
1534668270956:Miner9704[C1]SummonRule：点朱美人\神\0\否\3转:30,点化:50,其他:-99999\技能列表1.txt\100\999:5000,其他:0\+200,60\6:5200,7:5500\5000\+100
1534668270957:Miner9704[C1]SummonRule：龙太子\神\0\否\3转:30,点化:50,其他:-99999\技能列表1.txt\100\999:4000,其他:0\+200,60\6:5200,7:5500\5000\+100
1534668270958:Miner9704[C1]SummonRule：牛魔王\神\0\否\3转:30,点化:50,其他:-99999\技能列表1.txt\100\999:6000,其他:0\+200,60\6:7200,7:7500\7000\+100
1534668270958:Miner9704[C1]SummonRule：绛云仙子\神\0\否\3转:30,点化:50,其他:-99999\技能列表1.txt\100\999:6000,其他:0\+200,60\6:5200,7:5500\5000\+100
1534668270960:Miner9704[C1]SummonRule：玄黛夫人\神\0\否\3转:30,点化:50,其他:-99999\技能列表1.txt\100\999:6000,其他:0\+200,60\6:4500,7:5000\4000\+100
1534668270960:Miner9704[C1]SummonRule：泾河龙王\神\0\否\3转:30,点化:50,其他:-99999\技能列表1.txt\100\999:6000,其他:0\+200,60\6:4500,7:5000\4000\+100
1534668270961:Miner9704[C1]SummonRule：碧桃娘子\神\0\否\3转:30,点化:50,其他:-99999\技能列表1.txt\100\999:6000,其他:0\+200,60\6:3800,7:4000\3500\+100
1534668270961:Miner9704[C1]SummonRule：麒麟兽\普\0\否\3转:30,点化:50,其他:-99999\技能列表0.txt\100\999:40,其他:0\+200,60\5:50,6:100\0\+100
1534668270962:Miner9704[C1]SummonRule：麒麟兽\普\0\是\3转:30,点化:50,其他:-99999\技能列表0.txt\100\999:40,其他:0\+200,60\5:150,6:300\100\+100
1534668270962:Miner9704[C1]SummonRule：女贼之灵,金身罗汉,桃花娘子,百花之灵,玉兔,黄巾力士,千年灵狐,蟹将军,渔见愁,霹雳手\普\0\否\3转:35,点化:70,其他:-99999\技能列表0.txt\100\999:350,其他:0\+200,60\5:150,6:250\120\+100
1534668270963:Miner9704[C1]SummonRule：避水金睛兽,龙门水将,护山大神,巡海夜叉,火麒麟,狐不皈\普\0\否\3转:35,点化:70,其他:-99999\技能列表0.txt\100\999:350,其他:0\+200,60\5:250,6:400\200\+100
1534668270964:Miner9704[C1]SummonRule：净盘使者\普\0\否\3转:35,点化:70,其他:-99999\技能列表0.txt\0\999:350,其他:0\+200,60\5:350,6:700\300\+100
1534668270964:Miner9704[C1]SummonRule：火神女娲,符咒女娲,复活女娲\普\1.650\否\3转:35,点化:70,其他:-99999\技能列表0.txt\100\999:350,其他:0\+200,60\5:200,6:300\150\+100
1534668566226:Miner6768[C1]SetTalentRule：40:200,45:300,49:500,55:800,58:1200
1534668566233:Miner6768[C1]SetAchievementRule：3800:100,4000:200,4800:500
1534668566236:Miner6768[C1]SetRankRule：飞升:120,其他:-999999
1534668566237:Miner6768[C1]SummonRule：念,战神女娲,舍生女娲,复活女娲,符咒女娲,火神女娲,粽小仙,佳音小使,碧水精魄,哥俩好,雷兽,罗刹鬼姬,狮蝎,凤凰,蛟龙,雷鸟人,蝴蝶仙子,蜘蛛精,龟丞相,当康,伶俐小虫,西域响马,精细大鬼,妖火狼,蜃影,冥雷,小牛魔王,金不换,九戒,铁扇公主,机械木甲人,妖蝎,如意娃娃,葫芦娃娃,赭炎,苍凛,成年黑熊,幼年黑熊,成年羚羊,幼年羚羊,成年黄牛,幼年黄牛,成年桃源麝,幼年桃源麝,成年灵鹿,幼年灵鹿,成年羊驼,幼年羊驼,成年金钱豹,幼年金钱豹,成年蟾宫兔,幼年蟾宫兔,成年仙屏雀,幼年仙屏雀,成年冰羽鹤,幼年冰羽鹤,成年水晶蚌,幼年水晶蚌,迦楼罗王,赤焰妖,喷火牛,泥石怪,水灵仙,食土兽,金刚仙,桃花仙,桃树精,神灵,猴精,神兵,地狱战神,野蛮王,死灵,独眼巨人,寒钢怪,鼠怪,古代瑞兽,山妖,精怪,鸟嘴兽,冲冲虫,三尾怪,两角怪,白虎,冰熊,修罗,幽灵,孤魂,冤魂,野鬼,吸血鬼,无身鬼,无头鬼,水妖,黑熊精,打手,蟹将,虾兵,蛤蟆精,树妖,黑熊,强盗,老虎,大鹏,大象,狮子,鳄鱼,千年老妖,鸡精,骷髅怪,小龙女,山贼,女妖,毒蜂,狐狸精,女贼,衙役,士兵,花妖,鱼怪,流氓,武士,野狗,牛妖,小妖,家丁,夜叉,猪怪,羊头怪,兔妖,稻草人,银狐,海龟,蝙蝠,毒蛇,蜘蛛,飞鱼,蟾蜍\普\0\否\3转:30,点化:50,其他:-99999\技能列表0.txt\100\999:40,其他:0\+200,60\6:100\0\+100
1534668566248:Miner6768[C1]SummonRule：念,战神女娲,舍生女娲,复活女娲,符咒女娲,火神女娲,粽小仙,佳音小使,碧水精魄,哥俩好,雷兽,罗刹鬼姬,狮蝎,凤凰,蛟龙,雷鸟人,蝴蝶仙子,蜘蛛精,龟丞相,当康,伶俐小虫,西域响马,精细大鬼,妖火狼,蜃影,冥雷,小牛魔王,金不换,九戒,铁扇公主,机械木甲人,妖蝎,如意娃娃,葫芦娃娃,赭炎,苍凛,成年黑熊,幼年黑熊,成年羚羊,幼年羚羊,成年黄牛,幼年黄牛,成年桃源麝,幼年桃源麝,成年灵鹿,幼年灵鹿,成年羊驼,幼年羊驼,成年金钱豹,幼年金钱豹,成年蟾宫兔,幼年蟾宫兔,成年仙屏雀,幼年仙屏雀,成年冰羽鹤,幼年冰羽鹤,成年水晶蚌,幼年水晶蚌,迦楼罗王,赤焰妖,喷火牛,泥石怪,水灵仙,食土兽,金刚仙,桃花仙,桃树精,神灵,猴精,神兵,地狱战神,野蛮王,死灵,独眼巨人,寒钢怪,鼠怪,古代瑞兽,山妖,精怪,鸟嘴兽,冲冲虫,三尾怪,两角怪,白虎,冰熊,修罗,幽灵,孤魂,冤魂,野鬼,吸血鬼,无身鬼,无头鬼,水妖,黑熊精,打手,蟹将,虾兵,蛤蟆精,树妖,黑熊,强盗,老虎,大鹏,大象,狮子,鳄鱼,千年老妖,鸡精,骷髅怪,小龙女,山贼,女妖,毒蜂,狐狸精,女贼,衙役,士兵,花妖,鱼怪,流氓,武士,野狗,牛妖,小妖,家丁,夜叉,猪怪,羊头怪,兔妖,稻草人,银狐,海龟,蝙蝠,毒蛇,蜘蛛,飞鱼,蟾蜍\普\0\是\3转:30,点化:50,其他:-99999\技能列表0.txt\100\999:40,其他:0\+200,60\6:100\0\+100
1534668566250:Miner6768[C1]SummonRule：凤凰,超级毒蛇,超级蟾蜍,超级海龟,超级蜘蛛,超级飞鱼,哥俩好,雷兽,罗刹鬼姬,蛟龙,狮蝎,雷鸟人,龟丞相,蜘蛛精\神\0\否\3转:30,点化:50,其他:-99999\技能列表1.txt\100\999:2000,其他:0\+200,60\6:2000,7:2500\1500\+100
1534668566251:Miner6768[C1]SummonRule：超级蝙蝠,剑精灵,蝴蝶仙子\神\0\否\3转:30,点化:50,其他:-99999\技能列表1.txt\100\999:8000,其他:0\+200,60\6:2500,7:3500\2000\+100
1534668566252:Miner6768[C1]SummonRule：精卫\普\0\否\3转:35,点化:70,其他:-99999\技能列表0.txt\100\999:3000,其他:0\+200,60\5:150,6:400\0\+100
1534668566254:Miner6768[C1]SummonRule：精卫\普\0\是\3转:35,点化:70,其他:-99999\技能列表0.txt\100\999:3000,其他:0\+200,60\5:150,6:400\200\+100
1534668566256:Miner6768[C1]SummonRule：松鼠,剑精灵,黄金兽,冥灵妃子,冰雪魔\普\0\否\3转:35,点化:70,其他:-99999\技能列表0.txt\100\999:100,其他:0\+200,60\5:100,6:200\0\+100
1534668566257:Miner6768[C1]SummonRule：松鼠,剑精灵,黄金兽,冥灵妃子,冰雪魔\普\0\是\3转:35,点化:70,其他:-99999\技能列表0.txt\100\999:100,其他:0\+200,60\5:200,6:300\150\+100
1534668566258:Miner6768[C1]SummonRule：拨浪鼓\普\0\否\3转:35,点化:70,其他:-99999\技能列表0.txt\100\999:100,其他:0\+200,60\5:150,6:400\0\+100
1534668566258:Miner6768[C1]SummonRule：拨浪鼓\普\0\是\3转:35,点化:70,其他:-99999\技能列表0.txt\100\999:100,其他:0\+200,60\5:150,6:400\0\+100
1534668566259:Miner6768[C1]SummonRule：蹴鞠宗师,俏魁娘,狮虎兽,天龙女\普\0\否\3转:35,点化:70,其他:-99999\技能列表0.txt\100\999:100,其他:0\+200,60\5:100,6:200\0\+100
1534668566259:Miner6768[C1]SummonRule：蹴鞠宗师,俏魁娘,狮虎兽,天龙女\普\0\是\3转:35,点化:70,其他:-99999\技能列表0.txt\100\999:100,其他:0\+200,60\5:100,6:200\0\+100
1534668566260:Miner6768[C1]SummonRule：吉祥果\普\0\否\3转:35,点化:70,其他:-99999\技能列表0.txt\100\999:100,其他:0\+200,60\5:200,6:500\150\+100
1534668566260:Miner6768[C1]SummonRule：吉祥果\普\0\是\3转:35,点化:70,其他:-99999\技能列表0.txt\100\999:100,其他:0\+200,60\5:200,6:500\150\+100
1534668566261:Miner6768[C1]SummonRule：孟极\普\0\否\3转:35,点化:70,其他:-99999\技能列表0.txt\100\10:1000,999:2000,其他:1000\+200,60\5:1500,6:2500\1200\+100
1534668566261:Miner6768[C1]SummonRule：孟极\普\0\是\3转:35,点化:70,其他:-99999\技能列表0.txt\100\10:1000,999:3000,其他:1000\+200,60\5:2500,6:3000\1800\+100
1534668566261:Miner6768[C1]SummonRule：北冥龙君\普\0\否\3转:35,点化:70,其他:-99999\技能列表0.txt\100\999:400,其他:0\+200,60\5:400,6:600\200\+100
1534668566261:Miner6768[C1]SummonRule：北冥龙君\普\0\是\3转:35,点化:70,其他:-99999\技能列表0.txt\100\999:500,其他:0\+200,60\5:500,6:700\300\+100
1534668566262:Miner6768[C1]SummonRule：龙马,孔雀明王,妙音鸾女\普\0\否\3转:35,点化:70,其他:-99999\技能列表0.txt\100\999:600,其他:0\+200,60\5:500,6:700\400\+100
1534668566262:Miner6768[C1]SummonRule：龙马,孔雀明王,妙音鸾女\普\0\是\3转:35,点化:70,其他:-99999\技能列表0.txt\100\999:600,其他:0\+200,60\5:700,6:900\600\+100
1534668566263:Miner6768[C1]SummonRule：画皮娘子\普\0\否\3转:35,点化:70,其他:-99999\技能列表0.txt\100\999:500,其他:0\+200,60\5:400,6:500\300\+100
1534668566263:Miner6768[C1]SummonRule：画皮娘子\普\0\是\3转:35,点化:70,其他:-99999\技能列表0.txt\100\999:500,其他:0\+200,60\5:600,6:800\500\+100
1534668566264:Miner6768[C1]SummonRule：狐小妖\普\0\否\3转:35,点化:70,其他:-99999\技能列表0.txt\100\999:2000,其他:0\+200,60\5:900,6:1400\300\+100
1534668566264:Miner6768[C1]SummonRule：画中仙\神\0\否\3转:30,点化:50,其他:-99999\技能列表1.txt\100\999:30000,其他:0\+200,60\5:8500,6:9000\8000\+100
1534668566265:Miner6768[C1]SummonRule：年\神\0\否\3转:30,点化:50,其他:-99999\技能列表1.txt\100\999:30000,其他:0\+200,60\6:14500,7:15000\14000\+100
1534668566265:Miner6768[C1]SummonRule：白泽\神\0\否\3转:30,点化:50,其他:-99999\技能列表1.txt\100\999:6000,其他:0\+200,60\6:7500,7:8000\7000\+100
1534668566266:Miner6768[C1]SummonRule：颜如玉\神\0\否\3转:30,点化:50,其他:-99999\技能列表1.txt\100\999:5000,其他:0\+200,60\6:2500,7:3000\2100\+100　
1534668566267:Miner6768[C1]SummonRule：范式之魂\神\0\否\3转:30,点化:50,其他:-99999\技能列表1.txt\100\999:5000,其他:0\+200,60\6:3800,7:4000\3500\+100　
1534668566267:Miner6768[C1]SummonRule：垂云叟\神\0\否\3转:30,点化:50,其他:-99999\技能列表1.txt\100\999:5000,其他:0\+200,60\6:1200,7:1500\1100\+100
1534668566268:Miner6768[C1]SummonRule：浪淘沙\神\0\否\3转:30,点化:50,其他:-99999\技能列表1.txt\100\999:5000,其他:0\+200,60\6:1800,7:2000\1500\+100
1534668566269:Miner6768[C1]SummonRule：五叶\神\0\否\3转:30,点化:50,其他:-99999\技能列表1.txt\100\999:5000,其他:0\+200,60\6:2800,7:3200\2700\+100
1534668566270:Miner6768[C1]SummonRule：白衣狂生\神\0\否\3转:30,点化:50,其他:-99999\技能列表1.txt\100\999:5000,其他:0\+200,60\6:3500,7:4000\3000\+100
1534668566271:Miner6768[C1]SummonRule：点朱美人\神\0\否\3转:30,点化:50,其他:-99999\技能列表1.txt\100\999:5000,其他:0\+200,60\6:5200,7:5500\5000\+100
1534668566271:Miner6768[C1]SummonRule：龙太子\神\0\否\3转:30,点化:50,其他:-99999\技能列表1.txt\100\999:4000,其他:0\+200,60\6:5200,7:5500\5000\+100
1534668566272:Miner6768[C1]SummonRule：牛魔王\神\0\否\3转:30,点化:50,其他:-99999\技能列表1.txt\100\999:6000,其他:0\+200,60\6:7200,7:7500\7000\+100
1534668566272:Miner6768[C1]SummonRule：绛云仙子\神\0\否\3转:30,点化:50,其他:-99999\技能列表1.txt\100\999:6000,其他:0\+200,60\6:5200,7:5500\5000\+100
1534668566273:Miner6768[C1]SummonRule：玄黛夫人\神\0\否\3转:30,点化:50,其他:-99999\技能列表1.txt\100\999:6000,其他:0\+200,60\6:4500,7:5000\4000\+100
1534668566273:Miner6768[C1]SummonRule：泾河龙王\神\0\否\3转:30,点化:50,其他:-99999\技能列表1.txt\100\999:6000,其他:0\+200,60\6:4500,7:5000\4000\+100
1534668566274:Miner6768[C1]SummonRule：碧桃娘子\神\0\否\3转:30,点化:50,其他:-99999\技能列表1.txt\100\999:6000,其他:0\+200,60\6:3800,7:4000\3500\+100
1534668566274:Miner6768[C1]SummonRule：麒麟兽\普\0\否\3转:30,点化:50,其他:-99999\技能列表0.txt\100\999:40,其他:0\+200,60\5:50,6:100\0\+100
1534668566275:Miner6768[C1]SummonRule：麒麟兽\普\0\是\3转:30,点化:50,其他:-99999\技能列表0.txt\100\999:40,其他:0\+200,60\5:150,6:300\100\+100
1534668566275:Miner6768[C1]SummonRule：女贼之灵,金身罗汉,桃花娘子,百花之灵,玉兔,黄巾力士,千年灵狐,蟹将军,渔见愁,霹雳手\普\0\否\3转:35,点化:70,其他:-99999\技能列表0.txt\100\999:350,其他:0\+200,60\5:150,6:250\120\+100
1534668566276:Miner6768[C1]SummonRule：避水金睛兽,龙门水将,护山大神,巡海夜叉,火麒麟,狐不皈\普\0\否\3转:35,点化:70,其他:-99999\技能列表0.txt\100\999:350,其他:0\+200,60\5:250,6:400\200\+100
1534668566276:Miner6768[C1]SummonRule：净盘使者\普\0\否\3转:35,点化:70,其他:-99999\技能列表0.txt\0\999:350,其他:0\+200,60\5:350,6:700\300\+100
1534668566277:Miner6768[C1]SummonRule：火神女娲,符咒女娲,复活女娲\普\1.650\否\3转:35,点化:70,其他:-99999\技能列表0.txt\100\999:350,其他:0\+200,60\5:200,6:300\150\+100
1534669023037:Miner1956[C1]SetTalentRule：40:200,45:300,49:500,55:800,58:1200
1534669023043:Miner1956[C1]SetAchievementRule：3800:100,4000:200,4800:500
1534669023047:Miner1956[C1]SetRankRule：飞升:120,其他:-999999
1534669023047:Miner1956[C1]SummonRule：念,战神女娲,舍生女娲,复活女娲,符咒女娲,火神女娲,粽小仙,佳音小使,碧水精魄,哥俩好,雷兽,罗刹鬼姬,狮蝎,凤凰,蛟龙,雷鸟人,蝴蝶仙子,蜘蛛精,龟丞相,当康,伶俐小虫,西域响马,精细大鬼,妖火狼,蜃影,冥雷,小牛魔王,金不换,九戒,铁扇公主,机械木甲人,妖蝎,如意娃娃,葫芦娃娃,赭炎,苍凛,成年黑熊,幼年黑熊,成年羚羊,幼年羚羊,成年黄牛,幼年黄牛,成年桃源麝,幼年桃源麝,成年灵鹿,幼年灵鹿,成年羊驼,幼年羊驼,成年金钱豹,幼年金钱豹,成年蟾宫兔,幼年蟾宫兔,成年仙屏雀,幼年仙屏雀,成年冰羽鹤,幼年冰羽鹤,成年水晶蚌,幼年水晶蚌,迦楼罗王,赤焰妖,喷火牛,泥石怪,水灵仙,食土兽,金刚仙,桃花仙,桃树精,神灵,猴精,神兵,地狱战神,野蛮王,死灵,独眼巨人,寒钢怪,鼠怪,古代瑞兽,山妖,精怪,鸟嘴兽,冲冲虫,三尾怪,两角怪,白虎,冰熊,修罗,幽灵,孤魂,冤魂,野鬼,吸血鬼,无身鬼,无头鬼,水妖,黑熊精,打手,蟹将,虾兵,蛤蟆精,树妖,黑熊,强盗,老虎,大鹏,大象,狮子,鳄鱼,千年老妖,鸡精,骷髅怪,小龙女,山贼,女妖,毒蜂,狐狸精,女贼,衙役,士兵,花妖,鱼怪,流氓,武士,野狗,牛妖,小妖,家丁,夜叉,猪怪,羊头怪,兔妖,稻草人,银狐,海龟,蝙蝠,毒蛇,蜘蛛,飞鱼,蟾蜍\普\0\否\3转:30,点化:50,其他:-99999\技能列表0.txt\100\999:40,其他:0\+200,60\6:100\0\+100
1534669023057:Miner1956[C1]SummonRule：念,战神女娲,舍生女娲,复活女娲,符咒女娲,火神女娲,粽小仙,佳音小使,碧水精魄,哥俩好,雷兽,罗刹鬼姬,狮蝎,凤凰,蛟龙,雷鸟人,蝴蝶仙子,蜘蛛精,龟丞相,当康,伶俐小虫,西域响马,精细大鬼,妖火狼,蜃影,冥雷,小牛魔王,金不换,九戒,铁扇公主,机械木甲人,妖蝎,如意娃娃,葫芦娃娃,赭炎,苍凛,成年黑熊,幼年黑熊,成年羚羊,幼年羚羊,成年黄牛,幼年黄牛,成年桃源麝,幼年桃源麝,成年灵鹿,幼年灵鹿,成年羊驼,幼年羊驼,成年金钱豹,幼年金钱豹,成年蟾宫兔,幼年蟾宫兔,成年仙屏雀,幼年仙屏雀,成年冰羽鹤,幼年冰羽鹤,成年水晶蚌,幼年水晶蚌,迦楼罗王,赤焰妖,喷火牛,泥石怪,水灵仙,食土兽,金刚仙,桃花仙,桃树精,神灵,猴精,神兵,地狱战神,野蛮王,死灵,独眼巨人,寒钢怪,鼠怪,古代瑞兽,山妖,精怪,鸟嘴兽,冲冲虫,三尾怪,两角怪,白虎,冰熊,修罗,幽灵,孤魂,冤魂,野鬼,吸血鬼,无身鬼,无头鬼,水妖,黑熊精,打手,蟹将,虾兵,蛤蟆精,树妖,黑熊,强盗,老虎,大鹏,大象,狮子,鳄鱼,千年老妖,鸡精,骷髅怪,小龙女,山贼,女妖,毒蜂,狐狸精,女贼,衙役,士兵,花妖,鱼怪,流氓,武士,野狗,牛妖,小妖,家丁,夜叉,猪怪,羊头怪,兔妖,稻草人,银狐,海龟,蝙蝠,毒蛇,蜘蛛,飞鱼,蟾蜍\普\0\是\3转:30,点化:50,其他:-99999\技能列表0.txt\100\999:40,其他:0\+200,60\6:100\0\+100
1534669023059:Miner1956[C1]SummonRule：凤凰,超级毒蛇,超级蟾蜍,超级海龟,超级蜘蛛,超级飞鱼,哥俩好,雷兽,罗刹鬼姬,蛟龙,狮蝎,雷鸟人,龟丞相,蜘蛛精\神\0\否\3转:30,点化:50,其他:-99999\技能列表1.txt\100\999:2000,其他:0\+200,60\6:2000,7:2500\1500\+100
1534669023059:Miner1956[C1]SummonRule：超级蝙蝠,剑精灵,蝴蝶仙子\神\0\否\3转:30,点化:50,其他:-99999\技能列表1.txt\100\999:8000,其他:0\+200,60\6:2500,7:3500\2000\+100
1534669023060:Miner1956[C1]SummonRule：精卫\普\0\否\3转:35,点化:70,其他:-99999\技能列表0.txt\100\999:3000,其他:0\+200,60\5:150,6:400\0\+100
1534669023060:Miner1956[C1]SummonRule：精卫\普\0\是\3转:35,点化:70,其他:-99999\技能列表0.txt\100\999:3000,其他:0\+200,60\5:150,6:400\200\+100
1534669023061:Miner1956[C1]SummonRule：松鼠,剑精灵,黄金兽,冥灵妃子,冰雪魔\普\0\否\3转:35,点化:70,其他:-99999\技能列表0.txt\100\999:100,其他:0\+200,60\5:100,6:200\0\+100
1534669023062:Miner1956[C1]SummonRule：松鼠,剑精灵,黄金兽,冥灵妃子,冰雪魔\普\0\是\3转:35,点化:70,其他:-99999\技能列表0.txt\100\999:100,其他:0\+200,60\5:200,6:300\150\+100
1534669023062:Miner1956[C1]SummonRule：拨浪鼓\普\0\否\3转:35,点化:70,其他:-99999\技能列表0.txt\100\999:100,其他:0\+200,60\5:150,6:400\0\+100
1534669023063:Miner1956[C1]SummonRule：拨浪鼓\普\0\是\3转:35,点化:70,其他:-99999\技能列表0.txt\100\999:100,其他:0\+200,60\5:150,6:400\0\+100
1534669023063:Miner1956[C1]SummonRule：蹴鞠宗师,俏魁娘,狮虎兽,天龙女\普\0\否\3转:35,点化:70,其他:-99999\技能列表0.txt\100\999:100,其他:0\+200,60\5:100,6:200\0\+100
1534669023064:Miner1956[C1]SummonRule：蹴鞠宗师,俏魁娘,狮虎兽,天龙女\普\0\是\3转:35,点化:70,其他:-99999\技能列表0.txt\100\999:100,其他:0\+200,60\5:100,6:200\0\+100
1534669023066:Miner1956[C1]SummonRule：吉祥果\普\0\否\3转:35,点化:70,其他:-99999\技能列表0.txt\100\999:100,其他:0\+200,60\5:200,6:500\150\+100
1534669023068:Miner1956[C1]SummonRule：吉祥果\普\0\是\3转:35,点化:70,其他:-99999\技能列表0.txt\100\999:100,其他:0\+200,60\5:200,6:500\150\+100
1534669023069:Miner1956[C1]SummonRule：孟极\普\0\否\3转:35,点化:70,其他:-99999\技能列表0.txt\100\10:1000,999:2000,其他:1000\+200,60\5:1500,6:2500\1200\+100
1534669023069:Miner1956[C1]SummonRule：孟极\普\0\是\3转:35,点化:70,其他:-99999\技能列表0.txt\100\10:1000,999:3000,其他:1000\+200,60\5:2500,6:3000\1800\+100
1534669023070:Miner1956[C1]SummonRule：北冥龙君\普\0\否\3转:35,点化:70,其他:-99999\技能列表0.txt\100\999:400,其他:0\+200,60\5:400,6:600\200\+100
1534669023071:Miner1956[C1]SummonRule：北冥龙君\普\0\是\3转:35,点化:70,其他:-99999\技能列表0.txt\100\999:500,其他:0\+200,60\5:500,6:700\300\+100
1534669023071:Miner1956[C1]SummonRule：龙马,孔雀明王,妙音鸾女\普\0\否\3转:35,点化:70,其他:-99999\技能列表0.txt\100\999:600,其他:0\+200,60\5:500,6:700\400\+100
1534669023072:Miner1956[C1]SummonRule：龙马,孔雀明王,妙音鸾女\普\0\是\3转:35,点化:70,其他:-99999\技能列表0.txt\100\999:600,其他:0\+200,60\5:700,6:900\600\+100
1534669023073:Miner1956[C1]SummonRule：画皮娘子\普\0\否\3转:35,点化:70,其他:-99999\技能列表0.txt\100\999:500,其他:0\+200,60\5:400,6:500\300\+100
1534669023073:Miner1956[C1]SummonRule：画皮娘子\普\0\是\3转:35,点化:70,其他:-99999\技能列表0.txt\100\999:500,其他:0\+200,60\5:600,6:800\500\+100
1534669023074:Miner1956[C1]SummonRule：狐小妖\普\0\否\3转:35,点化:70,其他:-99999\技能列表0.txt\100\999:2000,其他:0\+200,60\5:900,6:1400\300\+100
1534669023074:Miner1956[C1]SummonRule：画中仙\神\0\否\3转:30,点化:50,其他:-99999\技能列表1.txt\100\999:30000,其他:0\+200,60\5:8500,6:9000\8000\+100
1534669023075:Miner1956[C1]SummonRule：年\神\0\否\3转:30,点化:50,其他:-99999\技能列表1.txt\100\999:30000,其他:0\+200,60\6:14500,7:15000\14000\+100
1534669023076:Miner1956[C1]SummonRule：白泽\神\0\否\3转:30,点化:50,其他:-99999\技能列表1.txt\100\999:6000,其他:0\+200,60\6:7500,7:8000\7000\+100
1534669023077:Miner1956[C1]SummonRule：颜如玉\神\0\否\3转:30,点化:50,其他:-99999\技能列表1.txt\100\999:5000,其他:0\+200,60\6:2500,7:3000\2100\+100　
1534669023078:Miner1956[C1]SummonRule：范式之魂\神\0\否\3转:30,点化:50,其他:-99999\技能列表1.txt\100\999:5000,其他:0\+200,60\6:3800,7:4000\3500\+100　
1534669023079:Miner1956[C1]SummonRule：垂云叟\神\0\否\3转:30,点化:50,其他:-99999\技能列表1.txt\100\999:5000,其他:0\+200,60\6:1200,7:1500\1100\+100
1534669023079:Miner1956[C1]SummonRule：浪淘沙\神\0\否\3转:30,点化:50,其他:-99999\技能列表1.txt\100\999:5000,其他:0\+200,60\6:1800,7:2000\1500\+100
1534669023080:Miner1956[C1]SummonRule：五叶\神\0\否\3转:30,点化:50,其他:-99999\技能列表1.txt\100\999:5000,其他:0\+200,60\6:2800,7:3200\2700\+100
1534669023081:Miner1956[C1]SummonRule：白衣狂生\神\0\否\3转:30,点化:50,其他:-99999\技能列表1.txt\100\999:5000,其他:0\+200,60\6:3500,7:4000\3000\+100
1534669023082:Miner1956[C1]SummonRule：点朱美人\神\0\否\3转:30,点化:50,其他:-99999\技能列表1.txt\100\999:5000,其他:0\+200,60\6:5200,7:5500\5000\+100
1534669023082:Miner1956[C1]SummonRule：龙太子\神\0\否\3转:30,点化:50,其他:-99999\技能列表1.txt\100\999:4000,其他:0\+200,60\6:5200,7:5500\5000\+100
1534669023083:Miner1956[C1]SummonRule：牛魔王\神\0\否\3转:30,点化:50,其他:-99999\技能列表1.txt\100\999:6000,其他:0\+200,60\6:7200,7:7500\7000\+100
1534669023083:Miner1956[C1]SummonRule：绛云仙子\神\0\否\3转:30,点化:50,其他:-99999\技能列表1.txt\100\999:6000,其他:0\+200,60\6:5200,7:5500\5000\+100
1534669023084:Miner1956[C1]SummonRule：玄黛夫人\神\0\否\3转:30,点化:50,其他:-99999\技能列表1.txt\100\999:6000,其他:0\+200,60\6:4500,7:5000\4000\+100
1534669023085:Miner1956[C1]SummonRule：泾河龙王\神\0\否\3转:30,点化:50,其他:-99999\技能列表1.txt\100\999:6000,其他:0\+200,60\6:4500,7:5000\4000\+100
1534669023085:Miner1956[C1]SummonRule：碧桃娘子\神\0\否\3转:30,点化:50,其他:-99999\技能列表1.txt\100\999:6000,其他:0\+200,60\6:3800,7:4000\3500\+100
1534669023086:Miner1956[C1]SummonRule：麒麟兽\普\0\否\3转:30,点化:50,其他:-99999\技能列表0.txt\100\999:40,其他:0\+200,60\5:50,6:100\0\+100
1534669023086:Miner1956[C1]SummonRule：麒麟兽\普\0\是\3转:30,点化:50,其他:-99999\技能列表0.txt\100\999:40,其他:0\+200,60\5:150,6:300\100\+100
1534669023087:Miner1956[C1]SummonRule：女贼之灵,金身罗汉,桃花娘子,百花之灵,玉兔,黄巾力士,千年灵狐,蟹将军,渔见愁,霹雳手\普\0\否\3转:35,点化:70,其他:-99999\技能列表0.txt\100\999:350,其他:0\+200,60\5:150,6:250\120\+100
1534669023088:Miner1956[C1]SummonRule：避水金睛兽,龙门水将,护山大神,巡海夜叉,火麒麟,狐不皈\普\0\否\3转:35,点化:70,其他:-99999\技能列表0.txt\100\999:350,其他:0\+200,60\5:250,6:400\200\+100
1534669023088:Miner1956[C1]SummonRule：净盘使者\普\0\否\3转:35,点化:70,其他:-99999\技能列表0.txt\0\999:350,其他:0\+200,60\5:350,6:700\300\+100
1534669023089:Miner1956[C1]SummonRule：火神女娲,符咒女娲,复活女娲\普\1.650\否\3转:35,点化:70,其他:-99999\技能列表0.txt\100\999:350,其他:0\+200,60\5:200,6:300\150\+100
