1534667657827:Miner15548[C1]进程加载完成,等待1000ms
1534667658687:Miner15548[C1]Status:更新设置
1534667658689:Miner15548[C1]Status:目标服务器加载完成,共计1个
1534667659362:Miner15548[C1]Status:加载页面失败.
1534667659363:Miner15548[C1]加载页面失败.即将结束:1000
1534667804741:Miner15548[C1]Status:更新设置
1534667804743:Miner15548[C1]Status:目标服务器加载完成,共计1个
1534667804744:Miner15548[C1]加载代理ip失败
1534667838339:Miner16080[C1]Status:更新设置
1534667838341:Miner16080[C1]Status:目标服务器加载完成,共计1个
1534667838342:Miner16080[C1]加载代理ip失败
1534668145814:Miner10512[C1]Status:更新设置
1534668145816:Miner10512[C1]Status:目标服务器加载完成,共计1个
1534668145824:Miner10512[C1]加载代理ip失败
1534668151931:Miner6748[C1]Status:更新设置
1534668151933:Miner6748[C1]Status:目标服务器加载完成,共计1个
1534668151934:Miner6748[C1]加载代理ip失败
1534668270974:Miner9704[C1]Status:更新设置
1534668270976:Miner9704[C1]Status:目标服务器加载完成,共计1个
1534668270977:Miner9704[C1]加载代理ip失败
1534668566283:Miner6768[C1]Status:更新设置
1534668566285:Miner6768[C1]Status:目标服务器加载完成,共计1个
1534668566286:Miner6768[C1]Status:已加载ip218.93.84.201:10034
1534668569746:Miner6768[C1]Status:霜月灵售价过高
1534668569747:Miner6768[C1]Status:2次刷新 剑烛沧海 结束
1534668571957:Miner6768[C1]Status:3次刷新 剑烛沧海 结束
1534668573905:Miner6768[C1]Status:4次刷新 剑烛沧海 结束
1534668575789:Miner6768[C1]Status:5次刷新 剑烛沧海 结束
1534668577520:Miner6768[C1]Status:6次刷新 剑烛沧海 结束
1534668579980:Miner6768[C1]Status:7次刷新 剑烛沧海 结束
1534668582461:Miner6768[C1]Status:8次刷新 剑烛沧海 结束
1534668585120:Miner6768[C1]Status:9次刷新 剑烛沧海 结束
1534668588124:Miner6768[C1]Status:10次刷新 剑烛沧海 结束
1534668590345:Miner6768[C1]Status:11次刷新 剑烛沧海 结束
1534668592721:Miner6768[C1]Status:12次刷新 剑烛沧海 结束
1534668596031:Miner6768[C1]Status:13次刷新 剑烛沧海 结束
1534668598980:Miner6768[C1]Status:14次刷新 剑烛沧海 结束
1534668601661:Miner6768[C1]Status:15次刷新 剑烛沧海 结束
1534668603757:Miner6768[C1]Status:16次刷新 剑烛沧海 结束
1534668606470:Miner6768[C1]Status:17次刷新 剑烛沧海 结束
1534668608540:Miner6768[C1]Status:18次刷新 剑烛沧海 结束
1534669023095:Miner1956[C1]Status:更新设置
1534669023099:Miner1956[C1]Status:目标服务器加载完成,共计1个
1534669023100:Miner1956[C1]Status:已加载ip123.158.10.176:10005
1534669027421:Miner1956[C1]Status:霜月灵售价过高
1534669027422:Miner1956[C1]Status:2次刷新 剑烛沧海 结束
1534669029591:Miner1956[C1]Status:3次刷新 剑烛沧海 结束
1534669032186:Miner1956[C1]Status:4次刷新 剑烛沧海 结束
1534669034776:Miner1956[C1]Status:5次刷新 剑烛沧海 结束
1534669037709:Miner1956[C1]Status:6次刷新 剑烛沧海 结束
1534669041303:Miner1956[C1]Status:7次刷新 剑烛沧海 结束
1534669044330:Miner1956[C1]Status:8次刷新 剑烛沧海 结束
1534669047242:Miner1956[C1]Status:9次刷新 剑烛沧海 结束
1534669050072:Miner1956[C1]Status:10次刷新 剑烛沧海 结束
1534669052137:Miner1956[C1]Status:11次刷新 剑烛沧海 结束
1534669055147:Miner1956[C1]Status:12次刷新 剑烛沧海 结束
1534669058080:Miner1956[C1]Status:13次刷新 剑烛沧海 结束
1534669060981:Miner1956[C1]Status:14次刷新 剑烛沧海 结束
1534669065022:Miner1956[C1]Status:15次刷新 剑烛沧海 结束
1534669067145:Miner1956[C1]Status:16次刷新 剑烛沧海 结束
1534669070978:Miner1956[C1]Status:17次刷新 剑烛沧海 结束
1534669074411:Miner1956[C1]Status:18次刷新 剑烛沧海 结束
1534669076817:Miner1956[C1]Status:19次刷新 剑烛沧海 结束
1534669079710:Miner1956[C1]Status:20次刷新 剑烛沧海 结束
1534669083344:Miner1956[C1]Status:21次刷新 剑烛沧海 结束
1534669086093:Miner1956[C1]Status:22次刷新 剑烛沧海 结束
1534669089353:Miner1956[C1]Status:23次刷新 剑烛沧海 结束
1534669091952:Miner1956[C1]Status:24次刷新 剑烛沧海 结束
1534669094753:Miner1956[C1]Status:25次刷新 剑烛沧海 结束
1534669097583:Miner1956[C1]Status:26次刷新 剑烛沧海 结束
1534669100272:Miner1956[C1]Status:27次刷新 剑烛沧海 结束
1534669103478:Miner1956[C1]Status:28次刷新 剑烛沧海 结束
1534669106100:Miner1956[C1]Status:29次刷新 剑烛沧海 结束
1534669107942:Miner1956[C1]Status:30次刷新 剑烛沧海 结束
1534669110980:Miner1956[C1]Status:31次刷新 剑烛沧海 结束
1534669114531:Miner1956[C1]Status:32次刷新 剑烛沧海 结束
1534669116313:Miner1956[C1]Status:33次刷新 剑烛沧海 结束
1534669118949:Miner1956[C1]Status:34次刷新 剑烛沧海 结束
1534669120786:Miner1956[C1]Status:35次刷新 剑烛沧海 结束
1534669123820:Miner1956[C1]Status:36次刷新 剑烛沧海 结束
1534669127952:Miner1956[C1]Status:37次刷新 剑烛沧海 结束
1534669130376:Miner1956[C1]Status:38次刷新 剑烛沧海 结束
1534669134090:Miner1956[C1]Status:39次刷新 剑烛沧海 结束
1534669137693:Miner1956[C1]Status:40次刷新 剑烛沧海 结束
1534669140234:Miner1956[C1]Status:41次刷新 剑烛沧海 结束
1534669143118:Miner1956[C1]Status:42次刷新 剑烛沧海 结束
1534669145890:Miner1956[C1]Status:43次刷新 剑烛沧海 结束
1534669149022:Miner1956[C1]Status:44次刷新 剑烛沧海 结束
1534669152022:Miner1956[C1]Status:45次刷新 剑烛沧海 结束
1534669154617:Miner1956[C1]Status:46次刷新 剑烛沧海 结束
1534669157668:Miner1956[C1]Status:47次刷新 剑烛沧海 结束
1534669159502:Miner1956[C1]Status:48次刷新 剑烛沧海 结束
1534669161484:Miner1956[C1]Status:49次刷新 剑烛沧海 结束
1534669163961:Miner1956[C1]Status:50次刷新 剑烛沧海 结束
