1534668569719:Miner6768[C1]新物品召唤兽种类:
狮蝎$普$1.653$变色
松鼠$普$1.475$不变色
画皮娘子$普$1.605$不变色
精卫$普$1.475$不变色

1534668569728:Miner6768[C1]人物估价: Max(等级(120),飞升等级=> 天赋(0)+成就(100))+财产(0)+帮派成就(0)+家具回灵(0)
1534668569734:Miner6768[C1]召唤兽估价max((等级3转170级(30)+技能.审时度势,分光要诀(0)+技能数量2(0)+基础狮蝎$普$1.653$变色(0)+修炼无修炼(0)),(觉醒技能未觉醒(0)+饰品-1(0)))
1534668569735:Miner6768[C1]召唤兽估价max((等级2转120级(-99999)+技能.挥戈回日(0)+技能数量1(0)+基础松鼠$普$1.475$不变色(0)+修炼无修炼(0)),(觉醒技能未觉醒(0)+饰品-1(0)))
1534668569736:Miner6768[C1]召唤兽估价max((等级点化174级(70)+技能高级分裂攻击.高级分裂攻击,义之金叶神,神工鬼力,吉人天相,倍道兼行(80)+技能数量5(400)+基础画皮娘子$普$1.605$不变色(300)+修炼无修炼(0)),(觉醒技能未觉醒(0)+饰品-1(0)))
1534668569737:Miner6768[C1]召唤兽估价max((等级2转140级(-99999)+技能.已开启(0)+技能数量1(0)+基础精卫$普$1.475$不变色(0)+修炼无修炼(0)),(觉醒技能未觉醒(0)+饰品-1(0)))
1534668569741:Miner6768[C1]6级装备默契:8642/10000,价值:30
1534668569742:Miner6768[C1]7级装备默契:1/12000,价值:40
1534668569742:Miner6768[C1]6级装备默契:5889/10000,价值:25
1534668569743:Miner6768[C1]6级装备默契:5992/10000,价值:25
1534668569743:Miner6768[C1]6级装备默契:8508/10000,价值:30
1534668569744:Miner6768[C1]6级装备默契:8642/10000,价值:30
1534668569744:Miner6768[C1]总估价:(120+430+180=730*100%=730),TimeStamp=1534668569744
1534669027395:Miner1956[C1]新物品召唤兽种类:
狮蝎$普$1.653$变色
松鼠$普$1.475$不变色
画皮娘子$普$1.605$不变色
精卫$普$1.475$不变色

1534669027403:Miner1956[C1]人物估价: Max(等级(120),飞升等级=> 天赋(0)+成就(100))+财产(0)+帮派成就(0)+家具回灵(0)
1534669027409:Miner1956[C1]召唤兽估价max((等级3转170级(30)+技能.审时度势,分光要诀(0)+技能数量2(0)+基础狮蝎$普$1.653$变色(0)+修炼无修炼(0)),(觉醒技能未觉醒(0)+饰品-1(0)))
1534669027410:Miner1956[C1]召唤兽估价max((等级2转120级(-99999)+技能.挥戈回日(0)+技能数量1(0)+基础松鼠$普$1.475$不变色(0)+修炼无修炼(0)),(觉醒技能未觉醒(0)+饰品-1(0)))
1534669027411:Miner1956[C1]召唤兽估价max((等级点化174级(70)+技能高级分裂攻击.高级分裂攻击,义之金叶神,神工鬼力,吉人天相,倍道兼行(80)+技能数量5(400)+基础画皮娘子$普$1.605$不变色(300)+修炼无修炼(0)),(觉醒技能未觉醒(0)+饰品-1(0)))
1534669027411:Miner1956[C1]召唤兽估价max((等级2转140级(-99999)+技能.已开启(0)+技能数量1(0)+基础精卫$普$1.475$不变色(0)+修炼无修炼(0)),(觉醒技能未觉醒(0)+饰品-1(0)))
1534669027416:Miner1956[C1]6级装备默契:8642/10000,价值:30
1534669027416:Miner1956[C1]7级装备默契:1/12000,价值:40
1534669027417:Miner1956[C1]6级装备默契:5889/10000,价值:25
1534669027417:Miner1956[C1]6级装备默契:5992/10000,价值:25
1534669027418:Miner1956[C1]6级装备默契:8508/10000,价值:30
1534669027418:Miner1956[C1]6级装备默契:8642/10000,价值:30
1534669027419:Miner1956[C1]总估价:(120+430+180=730*100%=730),TimeStamp=1534669027419
