1534667665923:Miner2104[C9]进程加载完成,等待1000ms
1534667666835:Miner2104[C9]Status:更新设置
1534667666837:Miner2104[C9]Status:目标服务器加载完成,共计1个
1534667667077:Miner2104[C9]Status:加载页面失败.
1534667667078:Miner2104[C9]加载页面失败.即将结束:1000
1534668603513:Miner18456[C9]Status:更新设置
1534668603516:Miner18456[C9]Status:目标服务器加载完成,共计1个
1534668603517:Miner18456[C9]加载代理ip失败
1534669030049:Miner19232[C9]Status:更新设置
1534669030051:Miner19232[C9]Status:目标服务器加载完成,共计1个
1534669030052:Miner19232[C9]Status:已加载ip117.82.126.112:10004
1534669035016:Miner19232[C9]Status:骨精灵售价过高
1534669035018:Miner19232[C9]Status:2次刷新 秦关汉月 结束
1534669039933:Miner19232[C9]Status:3次刷新 秦关汉月 结束
1534669042805:Miner19232[C9]Status:4次刷新 秦关汉月 结束
1534669046848:Miner19232[C9]Status:5次刷新 秦关汉月 结束
1534669049050:Miner19232[C9]Status:6次刷新 秦关汉月 结束
1534669051955:Miner19232[C9]Status:7次刷新 秦关汉月 结束
1534669055432:Miner19232[C9]Status:8次刷新 秦关汉月 结束
1534669058131:Miner19232[C9]Status:9次刷新 秦关汉月 结束
1534669061114:Miner19232[C9]Status:10次刷新 秦关汉月 结束
1534669066492:Miner19232[C9]Status:11次刷新 秦关汉月 结束
1534669071072:Miner19232[C9]Status:12次刷新 秦关汉月 结束
1534669074949:Miner19232[C9]Status:13次刷新 秦关汉月 结束
1534669078295:Miner19232[C9]Status:14次刷新 秦关汉月 结束
1534669080992:Miner19232[C9]Status:15次刷新 秦关汉月 结束
1534669084478:Miner19232[C9]Status:16次刷新 秦关汉月 结束
1534669087441:Miner19232[C9]Status:17次刷新 秦关汉月 结束
1534669090257:Miner19232[C9]Status:18次刷新 秦关汉月 结束
1534669093097:Miner19232[C9]Status:19次刷新 秦关汉月 结束
1534669095509:Miner19232[C9]Status:20次刷新 秦关汉月 结束
1534669097812:Miner19232[C9]Status:21次刷新 秦关汉月 结束
1534669100763:Miner19232[C9]Status:22次刷新 秦关汉月 结束
1534669103579:Miner19232[C9]Status:23次刷新 秦关汉月 结束
1534669106841:Miner19232[C9]Status:24次刷新 秦关汉月 结束
1534669108350:Miner19232[C9]Status:25次刷新 秦关汉月 结束
1534669111008:Miner19232[C9]Status:26次刷新 秦关汉月 结束
1534669112671:Miner19232[C9]Status:27次刷新 秦关汉月 结束
1534669115671:Miner19232[C9]Status:28次刷新 秦关汉月 结束
1534669118662:Miner19232[C9]Status:29次刷新 秦关汉月 结束
1534669121352:Miner19232[C9]Status:30次刷新 秦关汉月 结束
1534669124834:Miner19232[C9]Status:31次刷新 秦关汉月 结束
1534669127651:Miner19232[C9]Status:32次刷新 秦关汉月 结束
1534669130481:Miner19232[C9]Status:33次刷新 秦关汉月 结束
1534669133982:Miner19232[C9]Status:34次刷新 秦关汉月 结束
1534669137149:Miner19232[C9]Status:35次刷新 秦关汉月 结束
1534669140811:Miner19232[C9]Status:36次刷新 秦关汉月 结束
1534669144047:Miner19232[C9]Status:37次刷新 秦关汉月 结束
1534669147222:Miner19232[C9]Status:38次刷新 秦关汉月 结束
1534669150465:Miner19232[C9]Status:39次刷新 秦关汉月 结束
1534669153633:Miner19232[C9]Status:40次刷新 秦关汉月 结束
1534669156417:Miner19232[C9]Status:41次刷新 秦关汉月 结束
1534669159182:Miner19232[C9]Status:42次刷新 秦关汉月 结束
1534669162437:Miner19232[C9]Status:43次刷新 秦关汉月 结束
1534669164907:Miner19232[C9]Status:44次刷新 秦关汉月 结束
