1534596584571:Miner22472[C22]新物品召唤兽种类:
孔雀明王$普$1.653$变色
吉祥果$普$1.324$变色
至尊包$普$1.604$变色
冰雪魔$普$1.634$变色
苍凛$普$1.575$不变色

1534596584578:Miner22472[C22]人物估价: Max(等级(120),飞升等级=> 天赋(1200)+成就(500))+财产(66)+帮派成就(15)+家具回灵(0)
1534596584586:Miner22472[C22]召唤兽估价max((等级点化184级(70)+技能大隐于朝.大隐于朝,分花拂柳,取之有道,神工鬼力(150)+技能数量4(0)+基础孔雀明王$普$1.653$变色(600)+修炼无修炼(0)),(觉醒技能已觉醒(100)+饰品1218(200)))
1534596584587:Miner22472[C22]召唤兽估价max((等级点化185级(70)+技能信之土叶神.信之土叶神,倍道兼行,风火燎原,福禄双全(80)+技能数量4(0)+基础吉祥果$普$1.324$变色(150)+修炼无修炼(0)),(觉醒技能未觉醒(0)+饰品253(60)))
1534596584587:Miner22472[C22]类型库中不存在至尊包$普$1.604$变色当前库共有368种
1534596584587:Miner22472[C22]召唤兽估价max((等级点化173级(70)+技能明察秋毫.明察秋毫,神出鬼没,扶伤,高级反哺之私(200)+技能数量4(0)+基础冰雪魔$普$1.634$变色(150)+修炼无修炼(0)),(觉醒技能已觉醒(100)+饰品-1(0)))
1534596584587:Miner22472[C22]召唤兽估价max((等级3转170级(30)+技能.天地同寿,恨仙(0)+技能数量2(0)+基础苍凛$普$1.575$不变色(0)+修炼无修炼(0)),(觉醒技能未觉醒(0)+饰品-1(0)))
1534596584591:Miner22472[C22]7级装备默契:12000/12000,价值:80
1534596584592:Miner22472[C22]7级装备默契:12000/12000,价值:80
1534596584593:Miner22472[C22]7级装备默契:12000/12000,价值:80
1534596584596:Miner22472[C22]7级装备默契:12000/12000,价值:80
1534596584597:Miner22472[C22]7级装备默契:12000/12000,价值:80
1534596584598:Miner22472[C22]7级装备默契:12000/12000,价值:80
1534596584598:Miner22472[C22]7级装备默契:5865/12000,价值:60
1534596584598:Miner22472[C22]6级装备默契:9802/10000,价值:30
1534596584599:Miner22472[C22]7级装备默契:8283/12000,价值:60
1534596584599:Miner22472[C22]6级装备默契:10000/10000,价值:30
1534596584599:Miner22472[C22]总估价:(1781+1440+660=3881*100%=3881),TimeStamp=1534596584599
