181119110118:Miner[技术的电脑]新物品召唤兽种类:
武圣之魂$普$1.473$不变色
冥灵妃子$普$1.653$变色
剑精灵$普$1.653$变色
黄金兽$普$1.605$不变色
冰雪魔$普$1.604$不变色
冥灵妃子$普$1.575$不变色

181119110118:Miner[技术的电脑]人物估价: Max(等级(180),飞升等级=> 天赋(1200)+成就(500))+财产(9)+帮派成就(2)+家具回灵(0)
181119110118:Miner[技术的电脑]类型库中不存在武圣之魂$普$1.473$不变色当前库共有370种
181119110118:Miner[技术的电脑]召唤兽估价max((等级点化179级(70)+技能义之金叶神.义之金叶神,视死如归,吉人天相,妙手仁心,忠诚(80)+技能数量5(200)+基础冥灵妃子$普$1.653$变色(150)+修炼无修炼(0)),(觉醒技能已觉醒(100)+饰品250(60)))
181119110118:Miner[技术的电脑]召唤兽估价max((等级点化172级(70)+技能义之金叶神.义之金叶神,妙手回春,春风拂面,倍道兼行(80)+技能数量4(0)+基础剑精灵$普$1.653$变色(150)+修炼无修炼(0)),(觉醒技能已觉醒(100)+饰品250(60)))
181119110118:Miner[技术的电脑]召唤兽估价max((等级点化181级(70)+技能分花拂柳.春风拂面,义之金叶神,神工鬼力,分花拂柳(150)+技能数量4(0)+基础黄金兽$普$1.605$不变色(0)+修炼无修炼(0)),(觉醒技能未觉醒(0)+饰品-1(0)))
181119110118:Miner[技术的电脑]召唤兽估价max((等级点化172级(70)+技能.倍道兼行,仙风道骨,春风拂面,恨仙(0)+技能数量4(0)+基础冰雪魔$普$1.604$不变色(0)+修炼无修炼(0)),(觉醒技能未觉醒(0)+饰品-1(0)))
181119110118:Miner[技术的电脑]召唤兽估价max((等级点化169级(70)+技能.吉人天相,沧海诀,妙手仁心,闪现(0)+技能数量4(0)+基础冥灵妃子$普$1.575$不变色(0)+修炼无修炼(0)),(觉醒技能未觉醒(0)+饰品-1(0)))
181119110118:Miner[技术的电脑]共有34件装备
181119110118:Miner[技术的电脑]7级装备默契:12000/12000,价值:80
181119110118:Miner[技术的电脑]无阶数
181119110118:Miner[技术的电脑]不存在的名称祥云流带
181119110118:Miner[技术的电脑]符石价值总价:0
181119110118:Miner[技术的电脑]7级装备默契:12000/12000,价值:80
181119110118:Miner[技术的电脑]无阶数
181119110118:Miner[技术的电脑]不存在的名称伽蓝碎雨
181119110118:Miner[技术的电脑]符石价值总价:0
181119110118:Miner[技术的电脑]7级装备默契:12000/12000,价值:80
181119110118:Miner[技术的电脑]无阶数
181119110118:Miner[技术的电脑]不存在的名称流火披风
181119110118:Miner[技术的电脑]符石价值总价:0
181119110118:Miner[技术的电脑]7级装备默契:12000/12000,价值:80
181119110118:Miner[技术的电脑]无阶数
181119110118:Miner[技术的电脑]不存在的名称翠玉扳指
181119110118:Miner[技术的电脑]符石价值总价:0
181119110118:Miner[技术的电脑]7级装备默契:12000/12000,价值:80
181119110118:Miner[技术的电脑]无阶数
181119110118:Miner[技术的电脑]不存在的名称翠玉扳指
181119110118:Miner[技术的电脑]符石价值总价:0
181119110118:Miner[技术的电脑]7级装备默契:12000/12000,价值:80
181119110118:Miner[技术的电脑]无阶数
181119110118:Miner[技术的电脑]不存在的名称琅琊梦断
181119110118:Miner[技术的电脑]符石价值总价:0
181119110118:Miner[技术的电脑]不存在的等级规则:1
181119110118:Miner[技术的电脑]4阶仙器价值2200
181119110118:Miner[技术的电脑]不存在的名称情殇
181119110118:Miner[技术的电脑]符石价值总价:0
181119110118:Miner[技术的电脑]不存在的等级规则:1
181119110118:Miner[技术的电脑]无阶数
181119110118:Miner[技术的电脑]不存在的名称星辰
181119110118:Miner[技术的电脑]符石价值总价:0
181119110118:Miner[技术的电脑]不存在的等级规则:1
181119110118:Miner[技术的电脑]无阶数
181119110118:Miner[技术的电脑]不存在的名称红日当空
181119110118:Miner[技术的电脑]符石价值总价:0
181119110118:Miner[技术的电脑]不存在的等级规则:1
181119110118:Miner[技术的电脑]无阶数
181119110118:Miner[技术的电脑]不存在的名称缓归
181119110118:Miner[技术的电脑]符石价值总价:0
181119110118:Miner[技术的电脑]不存在的等级规则:1
181119110118:Miner[技术的电脑]无阶数
181119110118:Miner[技术的电脑]不存在的名称汉广
181119110118:Miner[技术的电脑]符石价值总价:0
181119110118:Miner[技术的电脑]不存在的等级规则:1
181119110118:Miner[技术的电脑]无阶数
181119110118:Miner[技术的电脑]不存在的名称古川
181119110118:Miner[技术的电脑]符石价值总价:0
181119110118:Miner[技术的电脑]不存在的等级规则:1
181119110118:Miner[技术的电脑]无阶数
181119110118:Miner[技术的电脑]不存在的名称怀梦香囊
181119110118:Miner[技术的电脑]符石价值总价:0
181119110118:Miner[技术的电脑]不存在的等级规则:1
181119110118:Miner[技术的电脑]无阶数
181119110118:Miner[技术的电脑]不存在的名称冥灵戒指
181119110118:Miner[技术的电脑]符石价值总价:0
181119110118:Miner[技术的电脑]不存在的等级规则:1
181119110118:Miner[技术的电脑]无阶数
181119110118:Miner[技术的电脑]不存在的名称青云剑
181119110118:Miner[技术的电脑]符石价值1:无 总价:0
181119110118:Miner[技术的电脑]不存在的等级规则:1
181119110118:Miner[技术的电脑]无阶数
181119110118:Miner[技术的电脑]不存在的名称归墟册
181119110118:Miner[技术的电脑]符石价值总价:0
181119110118:Miner[技术的电脑]不存在的等级规则:1
181119110118:Miner[技术的电脑]无阶数
181119110118:Miner[技术的电脑]不存在的名称归墟册
181119110118:Miner[技术的电脑]符石价值总价:0
181119110118:Miner[技术的电脑]不存在的等级规则:1
181119110118:Miner[技术的电脑]无阶数
181119110118:Miner[技术的电脑]不存在的名称嵌玉琵琶
181119110118:Miner[技术的电脑]符石价值总价:0
181119110118:Miner[技术的电脑]不存在的等级规则:1
181119110118:Miner[技术的电脑]无阶数
181119110118:Miner[技术的电脑]不存在的名称番天印
181119110118:Miner[技术的电脑]符石价值总价:0
181119110118:Miner[技术的电脑]不存在的等级规则:1
181119110118:Miner[技术的电脑]无阶数
181119110118:Miner[技术的电脑]不存在的名称白骨爪
181119110118:Miner[技术的电脑]符石价值总价:0
181119110118:Miner[技术的电脑]不存在的等级规则:1
181119110118:Miner[技术的电脑]无阶数
181119110118:Miner[技术的电脑]不存在的名称化蝶
181119110118:Miner[技术的电脑]符石价值总价:0
181119110118:Miner[技术的电脑]不存在的等级规则:1
181119110118:Miner[技术的电脑]无阶数
181119110118:Miner[技术的电脑]不存在的名称锦斓袈裟
181119110118:Miner[技术的电脑]符石价值总价:0
181119110118:Miner[技术的电脑]不存在的等级规则:1
181119110118:Miner[技术的电脑]无阶数
181119110118:Miner[技术的电脑]不存在的名称金箍儿
181119110118:Miner[技术的电脑]符石价值总价:0
181119110118:Miner[技术的电脑]不存在的等级规则:1
181119110118:Miner[技术的电脑]无阶数
181119110118:Miner[技术的电脑]不存在的名称宝莲灯
181119110118:Miner[技术的电脑]符石价值总价:0
181119110118:Miner[技术的电脑]不存在的等级规则:1
181119110118:Miner[技术的电脑]无阶数
181119110118:Miner[技术的电脑]不存在的名称情网
181119110118:Miner[技术的电脑]符石价值总价:0
181119110118:Miner[技术的电脑]不存在的等级规则:1
181119110118:Miner[技术的电脑]无阶数
181119110118:Miner[技术的电脑]不存在的名称绝情鞭
181119110118:Miner[技术的电脑]符石价值总价:0
181119110118:Miner[技术的电脑]不存在的等级规则:1
181119110118:Miner[技术的电脑]无阶数
181119110118:Miner[技术的电脑]不存在的名称大手印
181119110118:Miner[技术的电脑]符石价值总价:0
181119110118:Miner[技术的电脑]不存在的等级规则:1
181119110118:Miner[技术的电脑]无阶数
181119110118:Miner[技术的电脑]不存在的名称幽冥鬼手
181119110118:Miner[技术的电脑]符石价值总价:0
181119110118:Miner[技术的电脑]不存在的等级规则:1
181119110118:Miner[技术的电脑]无阶数
181119110118:Miner[技术的电脑]不存在的名称黑龙珠
181119110118:Miner[技术的电脑]符石价值总价:0
181119110118:Miner[技术的电脑]不存在的等级规则:1
181119110118:Miner[技术的电脑]无阶数
181119110118:Miner[技术的电脑]不存在的名称七宝玲珑塔
181119110118:Miner[技术的电脑]符石价值总价:0
181119110118:Miner[技术的电脑]不存在的等级规则:1
181119110118:Miner[技术的电脑]无阶数
181119110118:Miner[技术的电脑]不存在的名称大势锤
181119110118:Miner[技术的电脑]符石价值总价:0
181119110118:Miner[技术的电脑]不存在的等级规则:1
181119110118:Miner[技术的电脑]无阶数
181119110118:Miner[技术的电脑]不存在的名称将军令
181119110118:Miner[技术的电脑]符石价值总价:0
181119110118:Miner[技术的电脑]不存在的等级规则:1
181119110118:Miner[技术的电脑]无阶数
181119110118:Miner[技术的电脑]不存在的名称银索金铃
181119110118:Miner[技术的电脑]符石价值总价:0
181119110118:Miner[技术的电脑]不存在的等级规则:1
181119110118:Miner[技术的电脑]无阶数
181119110118:Miner[技术的电脑]不存在的名称地魁星
181119110118:Miner[技术的电脑]符石价值总价:0
181119110118:Miner[技术的电脑]总估价:(1711+960+2680=5351*100%=5351),TimeStamp=1542596478815
