181119112349:Miner[技术的电脑]新物品召唤兽种类:
画皮娘子$普$1.653$不变色
黄金兽$普$1.634$变色
武圣之魂$普$1.373$不变色
冥灵妃子$普$1.605$不变色
妖火狼$普$1.604$不变色
蝴蝶仙子$普$1.503$变色

181119112349:Miner[技术的电脑]人物估价: Max(等级(180),飞升等级=> 天赋(200)+成就(500))+财产(0)+帮派成就(2)+家具回灵(60)
181119112349:Miner[技术的电脑]召唤兽估价max((等级点化184级(70)+技能分花拂柳.分花拂柳,义之金叶神,高级慈乌反哺,神工鬼力,已开启(150)+技能数量5(400)+基础画皮娘子$普$1.653$不变色(300)+修炼无修炼(0)),(觉醒技能未觉醒(0)+饰品-1(0)))
181119112349:Miner[技术的电脑]召唤兽估价max((等级点化177级(70)+技能分花拂柳.义之金叶神,春风拂面,分花拂柳,神工鬼力,福禄双全(150)+技能数量5(200)+基础黄金兽$普$1.634$变色(150)+修炼无修炼(0)),(觉醒技能未觉醒(0)+饰品-1(0)))
181119112349:Miner[技术的电脑]类型库中不存在武圣之魂$普$1.373$不变色当前库共有370种
181119112349:Miner[技术的电脑]召唤兽估价max((等级点化171级(70)+技能.春风拂面,金铭诀,福禄双全,万籁俱寂,高级暮鼓晨钟(0)+技能数量5(100)+基础冥灵妃子$普$1.605$不变色(0)+修炼无修炼(0)),(觉醒技能未觉醒(0)+饰品-1(0)))
181119112349:Miner[技术的电脑]召唤兽估价max((等级点化100级(50)+技能.怒仙(0)+技能数量1(0)+基础妖火狼$普$1.604$不变色(0)+修炼无修炼(0)),(觉醒技能未觉醒(0)+饰品-1(0)))
181119112349:Miner[技术的电脑]召唤兽估价max((等级3转137级(30)+技能.西天净土(0)+技能数量1(0)+基础蝴蝶仙子$普$1.503$变色(0)+修炼无修炼(0)),(觉醒技能未觉醒(0)+饰品-1(0)))
181119112349:Miner[技术的电脑]共有46件装备
181119112349:Miner[技术的电脑]7级装备默契:12000/12000,价值:80
181119112349:Miner[技术的电脑]无阶数
181119112349:Miner[技术的电脑]不存在的名称祥云流带
181119112349:Miner[技术的电脑]符石价值总价:0
181119112349:Miner[技术的电脑]7级装备默契:7760/12000,价值:60
181119112349:Miner[技术的电脑]无阶数
181119112349:Miner[技术的电脑]不存在的名称伽蓝碎雨
181119112349:Miner[技术的电脑]符石价值总价:0
181119112349:Miner[技术的电脑]7级装备默契:6696/12000,价值:60
181119112349:Miner[技术的电脑]无阶数
181119112349:Miner[技术的电脑]不存在的名称流火披风
181119112349:Miner[技术的电脑]符石价值总价:0
181119112349:Miner[技术的电脑]6级装备默契:10000/10000,价值:30
181119112349:Miner[技术的电脑]无阶数
181119112349:Miner[技术的电脑]不存在的名称血瓷戒指
181119112349:Miner[技术的电脑]符石价值总价:0
181119112349:Miner[技术的电脑]7级装备默契:3959/12000,价值:40
181119112349:Miner[技术的电脑]无阶数
181119112349:Miner[技术的电脑]不存在的名称翠玉扳指
181119112349:Miner[技术的电脑]符石价值总价:0
181119112349:Miner[技术的电脑]6级装备默契:10000/10000,价值:30
181119112349:Miner[技术的电脑]无阶数
181119112349:Miner[技术的电脑]不存在的名称黑曜石冠
181119112349:Miner[技术的电脑]符石价值总价:0
181119112349:Miner[技术的电脑]不存在的等级规则:1
181119112349:Miner[技术的电脑]无阶数
181119112349:Miner[技术的电脑]不存在的名称静岳
181119112349:Miner[技术的电脑]符石价值总价:0
181119112349:Miner[技术的电脑]不存在的等级规则:1
181119112349:Miner[技术的电脑]无阶数
181119112349:Miner[技术的电脑]不存在的名称星辰
181119112349:Miner[技术的电脑]符石价值总价:0
181119112349:Miner[技术的电脑]不存在的等级规则:1
181119112349:Miner[技术的电脑]无阶数
181119112349:Miner[技术的电脑]不存在的名称红日当空
181119112349:Miner[技术的电脑]符石价值总价:0
181119112349:Miner[技术的电脑]不存在的等级规则:1
181119112349:Miner[技术的电脑]无阶数
181119112349:Miner[技术的电脑]不存在的名称踏莎
181119112349:Miner[技术的电脑]符石价值总价:0
181119112349:Miner[技术的电脑]不存在的等级规则:1
181119112349:Miner[技术的电脑]无阶数
181119112349:Miner[技术的电脑]不存在的名称汉广
181119112349:Miner[技术的电脑]符石价值总价:0
181119112349:Miner[技术的电脑]不存在的等级规则:1
181119112349:Miner[技术的电脑]无阶数
181119112349:Miner[技术的电脑]不存在的名称龙吟
181119112349:Miner[技术的电脑]符石价值总价:0
181119112349:Miner[技术的电脑]不存在的等级规则:1
181119112349:Miner[技术的电脑]无阶数
181119112349:Miner[技术的电脑]不存在的名称赤焰石
181119112349:Miner[技术的电脑]符石价值总价:0
181119112349:Miner[技术的电脑]不存在的等级规则:1
181119112349:Miner[技术的电脑]无阶数
181119112349:Miner[技术的电脑]不存在的名称狂雷
181119112349:Miner[技术的电脑]符石价值总价:0
181119112349:Miner[技术的电脑]不存在的等级规则:1
181119112349:Miner[技术的电脑]无阶数
181119112349:Miner[技术的电脑]不存在的名称狂雷
181119112349:Miner[技术的电脑]符石价值总价:0
181119112349:Miner[技术的电脑]不存在的等级规则:1
181119112349:Miner[技术的电脑]无阶数
181119112349:Miner[技术的电脑]不存在的名称龙吟
181119112349:Miner[技术的电脑]符石价值总价:0
181119112349:Miner[技术的电脑]7级装备默契:11673/12000,价值:80
181119112349:Miner[技术的电脑]无阶数
181119112349:Miner[技术的电脑]不存在的名称翠玉扳指
181119112349:Miner[技术的电脑]符石价值总价:0
181119112349:Miner[技术的电脑]不存在的等级规则:1
181119112349:Miner[技术的电脑]无阶数
181119112349:Miner[技术的电脑]不存在的名称静岳
181119112349:Miner[技术的电脑]符石价值总价:0
181119112349:Miner[技术的电脑]不存在的等级规则:1
181119112349:Miner[技术的电脑]无阶数
181119112349:Miner[技术的电脑]不存在的名称琉璃石
181119112349:Miner[技术的电脑]符石价值总价:0
181119112349:Miner[技术的电脑]不存在的等级规则:1
181119112349:Miner[技术的电脑]无阶数
181119112349:Miner[技术的电脑]不存在的名称寒山石
181119112349:Miner[技术的电脑]符石价值总价:0
181119112349:Miner[技术的电脑]不存在的等级规则:1
181119112349:Miner[技术的电脑]无阶数
181119112349:Miner[技术的电脑]不存在的名称盘古之戒
181119112349:Miner[技术的电脑]符石价值总价:0
181119112349:Miner[技术的电脑]不存在的等级规则:1
181119112349:Miner[技术的电脑]无阶数
181119112349:Miner[技术的电脑]不存在的名称辟邪腰带
181119112349:Miner[技术的电脑]符石价值总价:0
181119112349:Miner[技术的电脑]不存在的等级规则:1
181119112349:Miner[技术的电脑]无阶数
181119112349:Miner[技术的电脑]不存在的名称翠云裘
181119112349:Miner[技术的电脑]符石价值总价:0
181119112349:Miner[技术的电脑]不存在的等级规则:1
181119112349:Miner[技术的电脑]无阶数
181119112349:Miner[技术的电脑]不存在的名称神火罩
181119112349:Miner[技术的电脑]符石价值总价:0
181119112349:Miner[技术的电脑]不存在的等级规则:1
181119112349:Miner[技术的电脑]无阶数
181119112349:Miner[技术的电脑]不存在的名称巽风袋
181119112349:Miner[技术的电脑]符石价值总价:0
181119112349:Miner[技术的电脑]不存在的等级规则:1
181119112349:Miner[技术的电脑]无阶数
181119112349:Miner[技术的电脑]不存在的名称化蝶
181119112349:Miner[技术的电脑]符石价值总价:0
181119112349:Miner[技术的电脑]不存在的等级规则:1
181119112349:Miner[技术的电脑]无阶数
181119112349:Miner[技术的电脑]不存在的名称白骨爪
181119112349:Miner[技术的电脑]符石价值总价:0
181119112349:Miner[技术的电脑]不存在的等级规则:1
181119112349:Miner[技术的电脑]无阶数
181119112349:Miner[技术的电脑]不存在的名称锦斓袈裟
181119112349:Miner[技术的电脑]符石价值总价:0
181119112349:Miner[技术的电脑]不存在的等级规则:1
181119112349:Miner[技术的电脑]无阶数
181119112349:Miner[技术的电脑]不存在的名称番天印
181119112349:Miner[技术的电脑]符石价值总价:0
181119112349:Miner[技术的电脑]不存在的等级规则:1
181119112349:Miner[技术的电脑]无阶数
181119112349:Miner[技术的电脑]不存在的名称金箍儿
181119112349:Miner[技术的电脑]符石价值总价:0
181119112349:Miner[技术的电脑]不存在的等级规则:1
181119112349:Miner[技术的电脑]无阶数
181119112349:Miner[技术的电脑]不存在的名称宝莲灯
181119112349:Miner[技术的电脑]符石价值总价:0
181119112349:Miner[技术的电脑]不存在的等级规则:1
181119112349:Miner[技术的电脑]无阶数
181119112349:Miner[技术的电脑]不存在的名称情网
181119112349:Miner[技术的电脑]符石价值总价:0
181119112349:Miner[技术的电脑]不存在的等级规则:1
181119112349:Miner[技术的电脑]无阶数
181119112349:Miner[技术的电脑]不存在的名称绝情鞭
181119112349:Miner[技术的电脑]符石价值总价:0
181119112349:Miner[技术的电脑]不存在的等级规则:1
181119112349:Miner[技术的电脑]无阶数
181119112349:Miner[技术的电脑]不存在的名称大手印
181119112349:Miner[技术的电脑]符石价值总价:0
181119112349:Miner[技术的电脑]不存在的等级规则:1
181119112349:Miner[技术的电脑]无阶数
181119112349:Miner[技术的电脑]不存在的名称幽冥鬼手
181119112349:Miner[技术的电脑]符石价值总价:0
181119112349:Miner[技术的电脑]不存在的等级规则:1
181119112349:Miner[技术的电脑]无阶数
181119112349:Miner[技术的电脑]不存在的名称黑龙珠
181119112349:Miner[技术的电脑]符石价值总价:0
181119112349:Miner[技术的电脑]不存在的等级规则:1
181119112349:Miner[技术的电脑]无阶数
181119112349:Miner[技术的电脑]不存在的名称七宝玲珑塔
181119112349:Miner[技术的电脑]符石价值总价:0
181119112349:Miner[技术的电脑]不存在的等级规则:1
181119112349:Miner[技术的电脑]无阶数
181119112349:Miner[技术的电脑]不存在的名称大势锤
181119112349:Miner[技术的电脑]符石价值总价:0
181119112349:Miner[技术的电脑]不存在的等级规则:1
181119112349:Miner[技术的电脑]无阶数
181119112349:Miner[技术的电脑]不存在的名称将军令
181119112349:Miner[技术的电脑]符石价值总价:0
181119112349:Miner[技术的电脑]不存在的等级规则:1
181119112349:Miner[技术的电脑]无阶数
181119112349:Miner[技术的电脑]不存在的名称银索金铃
181119112349:Miner[技术的电脑]符石价值总价:0
181119112349:Miner[技术的电脑]不存在的等级规则:1
181119112349:Miner[技术的电脑]无阶数
181119112349:Miner[技术的电脑]不存在的名称地劣星
181119112349:Miner[技术的电脑]符石价值总价:0
181119112349:Miner[技术的电脑]不存在的等级规则:1
181119112349:Miner[技术的电脑]无阶数
181119112349:Miner[技术的电脑]不存在的名称地周星
181119112349:Miner[技术的电脑]符石价值总价:0
181119112349:Miner[技术的电脑]不存在的等级规则:1
181119112349:Miner[技术的电脑]无阶数
181119112349:Miner[技术的电脑]不存在的名称地壮星
181119112349:Miner[技术的电脑]符石价值总价:0
181119112349:Miner[技术的电脑]不存在的等级规则:1
181119112349:Miner[技术的电脑]无阶数
181119112349:Miner[技术的电脑]不存在的名称地走星
181119112349:Miner[技术的电脑]符石价值总价:0
181119112349:Miner[技术的电脑]不存在的等级规则:1
181119112349:Miner[技术的电脑]无阶数
181119112349:Miner[技术的电脑]不存在的名称地劣星
181119112349:Miner[技术的电脑]符石价值总价:0
181119112349:Miner[技术的电脑]不存在的等级规则:1
181119112349:Miner[技术的电脑]无阶数
181119112349:Miner[技术的电脑]不存在的名称地藏星
181119112349:Miner[技术的电脑]符石价值总价:0
181119112349:Miner[技术的电脑]总估价:(762+780+380=1922*100%=1922),TimeStamp=1542597829846
