181119110033:尝试同步设置
181119110033:<fileRequest>价格条件.txt</fileRequest>
<fileRequest>宝宝价值.txt</fileRequest>
<fileRequest>屏蔽规则.txt</fileRequest>
<fileRequest>技能列表0.txt</fileRequest>
<fileRequest>技能列表1 - 副本.txt</fileRequest>
<fileRequest>技能列表1.txt</fileRequest>
<fileRequest>技能文件.txt</fileRequest>
<fileRequest>装备.仙器价格.txt</fileRequest>
<fileRequest>装备.名称属性价格.txt</fileRequest>
<fileRequest>装备.符石价格.txt</fileRequest>
<fileRequest>装备.默契价格.txt</fileRequest>
<fileRequest>默认价值.txt</fileRequest>

181119110039:准备接收文件
181119110039:Miner[技术的电脑]连接到文件服务器,准备开始接收文件
181119110039:Miner[技术的电脑]文件操作失败:IO错误
181119110105:尝试同步设置
181119110105:<fileRequest>价格条件.txt</fileRequest>
<fileRequest>宝宝价值.txt</fileRequest>
<fileRequest>屏蔽规则.txt</fileRequest>
<fileRequest>技能列表0.txt</fileRequest>
<fileRequest>技能列表1 - 副本.txt</fileRequest>
<fileRequest>技能列表1.txt</fileRequest>
<fileRequest>技能文件.txt</fileRequest>
<fileRequest>装备.仙器价格.txt</fileRequest>
<fileRequest>装备.名称属性价格.txt</fileRequest>
<fileRequest>装备.符石价格.txt</fileRequest>
<fileRequest>装备.默契价格.txt</fileRequest>
<fileRequest>默认价值.txt</fileRequest>

181119110110:准备接收文件
181119110110:Miner[技术的电脑]连接到文件服务器,准备开始接收文件
181119110111:Miner[技术的电脑]成功接收文件:file:价格条件.txt,size:55(0/12)
181119110111:Miner[技术的电脑]成功接收文件:file:宝宝价值.txt,size:7250(1/12)
181119110111:Miner[技术的电脑]成功接收文件:file:屏蔽规则.txt,size:81(2/12)
181119110111:Miner[技术的电脑]成功接收文件:file:技能列表0.txt,size:345(3/12)
181119110112:Miner[技术的电脑]成功接收文件:file:技能列表1 - 副本.txt,size:73(4/12)
181119110112:Miner[技术的电脑]成功接收文件:file:技能列表1.txt,size:345(5/12)
181119110112:Miner[技术的电脑]成功接收文件:file:技能文件.txt,size:74(6/12)
181119110112:Miner[技术的电脑]成功接收文件:file:装备.仙器价格.txt,size:33(7/12)
181119110112:Miner[技术的电脑]成功接收文件:file:装备.名称属性价格.txt,size:4840(8/12)
181119110112:Miner[技术的电脑]成功接收文件:file:装备.符石价格.txt,size:13(9/12)
181119110112:Miner[技术的电脑]成功接收文件:file:装备.默契价格.txt,size:55(10/12)
181119110113:Miner[技术的电脑]成功接收文件:file:默认价值.txt,size:7676(11/12)
181119110113:Miner[技术的电脑]文件已同步完成
181119110113:Miner[技术的电脑]Status:初始化完成
181119110113:Miner[技术的电脑]Status:目标服务器加载完成,共计1个
181119110118:Miner[技术的电脑]Status:1次刷新 剑烛沧海 结束
181119110119:Miner[技术的电脑]Status:2次刷新 剑烛沧海 结束
181119110121:Miner[技术的电脑]Status:3次刷新 剑烛沧海 结束
181119110123:Miner[技术的电脑]Status:4次刷新 剑烛沧海 结束
181119110126:Miner[技术的电脑]Status:5次刷新 剑烛沧海 结束
181119110129:Miner[技术的电脑]Status:6次刷新 剑烛沧海 结束
181119110131:Miner[技术的电脑]Status:7次刷新 剑烛沧海 结束
181119110133:Miner[技术的电脑]Status:8次刷新 剑烛沧海 结束
181119110133:Miner[技术的电脑]Status:9次刷新 剑烛沧海 结束
181119110135:Miner[技术的电脑]Status:10次刷新 剑烛沧海 结束
181119110137:Miner[技术的电脑]Status:11次刷新 剑烛沧海 结束
181119110138:Miner[技术的电脑]Status:12次刷新 剑烛沧海 结束
181119110139:Miner[技术的电脑]Status:13次刷新 剑烛沧海 结束
181119110140:Miner[技术的电脑]Status:14次刷新 剑烛沧海 结束
181119110143:Miner[技术的电脑]Status:15次刷新 剑烛沧海 结束
181119110144:Miner[技术的电脑]Status:16次刷新 剑烛沧海 结束
181119110145:Miner[技术的电脑]Status:17次刷新 剑烛沧海 结束
181119110147:Miner[技术的电脑]Status:18次刷新 剑烛沧海 结束
181119110148:Miner[技术的电脑]Status:19次刷新 剑烛沧海 结束
181119110149:Miner[技术的电脑]Status:20次刷新 剑烛沧海 结束
181119110151:Miner[技术的电脑]Status:21次刷新 剑烛沧海 结束
181119110152:Miner[技术的电脑]Status:22次刷新 剑烛沧海 结束
181119110155:Miner[技术的电脑]Status:23次刷新 剑烛沧海 结束
181119110156:Miner[技术的电脑]Status:24次刷新 剑烛沧海 结束
181119110157:Miner[技术的电脑]Status:25次刷新 剑烛沧海 结束
181119110159:Miner[技术的电脑]Status:26次刷新 剑烛沧海 结束
181119110201:Miner[技术的电脑]Status:27次刷新 剑烛沧海 结束
181119110202:Miner[技术的电脑]Status:28次刷新 剑烛沧海 结束
181119110203:Miner[技术的电脑]Status:29次刷新 剑烛沧海 结束
181119110205:Miner[技术的电脑]Status:30次刷新 剑烛沧海 结束
181119110206:Miner[技术的电脑]Status:31次刷新 剑烛沧海 结束
181119110207:Miner[技术的电脑]Status:32次刷新 剑烛沧海 结束
181119110208:Miner[技术的电脑]Status:33次刷新 剑烛沧海 结束
181119110209:Miner[技术的电脑]Status:34次刷新 剑烛沧海 结束
181119110212:Miner[技术的电脑]Status:35次刷新 剑烛沧海 结束
181119110212:Miner[技术的电脑]Status:36次刷新 剑烛沧海 结束
181119110215:Miner[技术的电脑]Status:37次刷新 剑烛沧海 结束
181119110216:Miner[技术的电脑]Status:38次刷新 剑烛沧海 结束
181119110221:Miner[技术的电脑]Status:39次刷新 剑烛沧海 结束
181119112344:尝试同步设置
181119112344:Miner[技术的电脑]Status:初始化完成
181119112344:Miner[技术的电脑]Status:目标服务器加载完成,共计1个
181119112349:Miner[技术的电脑]Status:1次刷新 一战倾城 结束
181119112351:Miner[技术的电脑]Status:2次刷新 一战倾城 结束
181119112353:Miner[技术的电脑]Status:3次刷新 一战倾城 结束
181119112356:Miner[技术的电脑]Status:4次刷新 一战倾城 结束
181119112357:Miner[技术的电脑]Status:5次刷新 一战倾城 结束
181119112359:Miner[技术的电脑]Status:6次刷新 一战倾城 结束
181119112359:Miner[技术的电脑]Status:7次刷新 一战倾城 结束
181119112401:Miner[技术的电脑]Status:8次刷新 一战倾城 结束
181119112402:Miner[技术的电脑]Status:9次刷新 一战倾城 结束
181119112403:Miner[技术的电脑]Status:10次刷新 一战倾城 结束
181119112406:Miner[技术的电脑]Status:11次刷新 一战倾城 结束
181119112407:Miner[技术的电脑]Status:12次刷新 一战倾城 结束
181119112409:Miner[技术的电脑]Status:13次刷新 一战倾城 结束
181119112412:Miner[技术的电脑]Status:14次刷新 一战倾城 结束
181119112413:Miner[技术的电脑]Status:15次刷新 一战倾城 结束
181119112415:Miner[技术的电脑]Status:16次刷新 一战倾城 结束
181119112416:Miner[技术的电脑]Status:17次刷新 一战倾城 结束
181119112419:Miner[技术的电脑]Status:18次刷新 一战倾城 结束
181119112422:Miner[技术的电脑]Status:19次刷新 一战倾城 结束
181119112423:Miner[技术的电脑]Status:20次刷新 一战倾城 结束
181119112512:Miner[技术的电脑]Status:21次刷新 一战倾城 结束
181119112517:Miner[技术的电脑]Status:22次刷新 一战倾城 结束
181119112522:Miner[技术的电脑]Status:23次刷新 一战倾城 结束
181119112525:Miner[技术的电脑]Status:24次刷新 一战倾城 结束
181119112527:Miner[技术的电脑]Status:25次刷新 一战倾城 结束
181119112529:Miner[技术的电脑]Status:26次刷新 一战倾城 结束
181119112532:Miner[技术的电脑]Status:27次刷新 一战倾城 结束
181119112533:Miner[技术的电脑]Status:28次刷新 一战倾城 结束
181119112533:Miner[技术的电脑]Status:29次刷新 一战倾城 结束
181119112535:Miner[技术的电脑]Status:30次刷新 一战倾城 结束
181119112537:Miner[技术的电脑]Status:31次刷新 一战倾城 结束
181119112540:Miner[技术的电脑]Status:32次刷新 一战倾城 结束
181119112542:Miner[技术的电脑]Status:33次刷新 一战倾城 结束
181119112543:Miner[技术的电脑]Status:34次刷新 一战倾城 结束
181119112544:Miner[技术的电脑]Status:35次刷新 一战倾城 结束
181119112546:Miner[技术的电脑]Status:36次刷新 一战倾城 结束
181119112547:Miner[技术的电脑]Status:37次刷新 一战倾城 结束
181119112548:Miner[技术的电脑]Status:38次刷新 一战倾城 结束
181119112549:Miner[技术的电脑]Status:39次刷新 一战倾城 结束
181119112550:Miner[技术的电脑]Status:40次刷新 一战倾城 结束
181119112551:Miner[技术的电脑]Status:41次刷新 一战倾城 结束
181119112554:Miner[技术的电脑]Status:42次刷新 一战倾城 结束
181119112555:Miner[技术的电脑]Status:43次刷新 一战倾城 结束
181119112557:Miner[技术的电脑]Status:44次刷新 一战倾城 结束
181119112600:Miner[技术的电脑]Status:45次刷新 一战倾城 结束
181119112603:Miner[技术的电脑]Status:46次刷新 一战倾城 结束
181119112604:Miner[技术的电脑]Status:47次刷新 一战倾城 结束
181119112605:Miner[技术的电脑]Status:48次刷新 一战倾城 结束
181119112606:Miner[技术的电脑]Status:49次刷新 一战倾城 结束
181119112608:Miner[技术的电脑]Status:50次刷新 一战倾城 结束
181119112609:Miner[技术的电脑]Status:51次刷新 一战倾城 结束
181119112612:Miner[技术的电脑]Status:52次刷新 一战倾城 结束
181119112614:Miner[技术的电脑]Status:53次刷新 一战倾城 结束
181119112617:Miner[技术的电脑]Status:54次刷新 一战倾城 结束
181119112618:Miner[技术的电脑]Status:55次刷新 一战倾城 结束
181119112620:Miner[技术的电脑]Status:56次刷新 一战倾城 结束
181119112623:Miner[技术的电脑]Status:57次刷新 一战倾城 结束
181119112624:Miner[技术的电脑]Status:58次刷新 一战倾城 结束
181119112625:Miner[技术的电脑]Status:59次刷新 一战倾城 结束
181119112626:Miner[技术的电脑]Status:60次刷新 一战倾城 结束
181119112627:Miner[技术的电脑]Status:61次刷新 一战倾城 结束
181119112629:Miner[技术的电脑]Status:62次刷新 一战倾城 结束
181119112630:Miner[技术的电脑]Status:63次刷新 一战倾城 结束
181119112632:Miner[技术的电脑]Status:64次刷新 一战倾城 结束
181119112634:Miner[技术的电脑]Status:65次刷新 一战倾城 结束
