180902050454:Miner8964[C3]新物品召唤兽种类:

180902050454:Miner8964[C3]人物估价: Max(等级(180),飞升等级=> 天赋(200)+成就(200))+财产(0)+帮派成就(0)+家具回灵(0)
180902050454:Miner8964[C3]共有17件装备
180902050454:Miner8964[C3]不存在的等级规则:1
180902050454:Miner8964[C3]0阶仙器价值0'白骨精历练千年的爪子，能够抓去人的三魂七魄，令人魂飞魄散．'
180902050454:Miner8964[C3]不存在的名称白骨爪
180902050454:Miner8964[C3]符石价值总价:0
180902050454:Miner8964[C3]不存在的等级规则:1
180902050454:Miner8964[C3]0阶仙器价值0'黑白无常拘人魂魄之物，勾魂则魂失，取魄则魄灭。'
180902050454:Miner8964[C3]不存在的名称索命钩
180902050454:Miner8964[C3]符石价值总价:0
180902050454:Miner8964[C3]不存在的等级规则:1
180902050454:Miner8964[C3]0阶仙器价值0'至情化蝶，千秋同穴．'
180902050454:Miner8964[C3]不存在的名称化蝶
180902050454:Miner8964[C3]符石价值总价:0
180902050454:Miner8964[C3]不存在的等级规则:1
180902050454:Miner8964[C3]0阶仙器价值0'毗蓝婆菩萨在其子昴日星官眼中淬炼出的至阳神针，可破世间万般邪秽；曾助悟空击败百眼道人。'
180902050454:Miner8964[C3]不存在的名称宸午针
180902050454:Miner8964[C3]符石价值总价:0
180902050454:Miner8964[C3]不存在的等级规则:1
180902050454:Miner8964[C3]0阶仙器价值0'普陀山至宝，仙娥织就，神女机成，有超凡入圣之妙．'
180902050454:Miner8964[C3]不存在的名称锦斓袈裟
180902050454:Miner8964[C3]符石价值总价:0
180902050454:Miner8964[C3]不存在的等级规则:1
180902050454:Miner8964[C3]0阶仙器价值0'混沌初开所成的至宝，能够解除混乱，令人见心明性．'
180902050454:Miner8964[C3]不存在的名称番天印
180902050454:Miner8964[C3]符石价值总价:0
180902050454:Miner8964[C3]不存在的等级规则:1
180902050454:Miner8964[C3]0阶仙器价值0'一顶嵌金花帽，唐僧用来约束孙悟空的法宝．'
180902050454:Miner8964[C3]不存在的名称金箍儿
180902050454:Miner8964[C3]符石价值总价:0
180902050454:Miner8964[C3]不存在的等级规则:1
180902050454:Miner8964[C3]0阶仙器价值0'二郎神的法宝，能够明心见性一体真如．'
180902050454:Miner8964[C3]不存在的名称宝莲灯
180902050454:Miner8964[C3]符石价值总价:0
180902050454:Miner8964[C3]不存在的等级规则:1
180902050454:Miner8964[C3]0阶仙器价值0'用红豆和情丝织就的大网，令世间有情种子在劫难逃．'
180902050454:Miner8964[C3]不存在的名称情网
180902050454:Miner8964[C3]符石价值总价:0
180902050454:Miner8964[C3]不存在的等级规则:1
180902050454:Miner8964[C3]0阶仙器价值0'广寒宫至宝，专打世间痴男怨女．'
180902050454:Miner8964[C3]不存在的名称绝情鞭
180902050454:Miner8964[C3]符石价值总价:0
180902050454:Miner8964[C3]不存在的等级规则:1
180902050454:Miner8964[C3]0阶仙器价值0'佛门密宗大手印，渡众生一切苦厄．'
180902050454:Miner8964[C3]不存在的名称大手印
180902050454:Miner8964[C3]符石价值总价:0
180902050454:Miner8964[C3]不存在的等级规则:1
180902050454:Miner8964[C3]0阶仙器价值0'地狱饿鬼的爪子，含沙射影，阴毒无比．'
180902050454:Miner8964[C3]不存在的名称幽冥鬼手
180902050454:Miner8964[C3]符石价值总价:0
180902050454:Miner8964[C3]不存在的等级规则:1
180902050454:Miner8964[C3]0阶仙器价值0'东海孽龙的内丹，具有炼气化神，炼神还虚的神奇功效．'
180902050454:Miner8964[C3]不存在的名称黑龙珠
180902050454:Miner8964[C3]符石价值总价:0
180902050454:Miner8964[C3]不存在的等级规则:1
180902050454:Miner8964[C3]0阶仙器价值0'托塔天王李靖的法宝，能够反震法力伤害．'
180902050454:Miner8964[C3]不存在的名称七宝玲珑塔
180902050454:Miner8964[C3]符石价值总价:0
180902050454:Miner8964[C3]不存在的等级规则:1
180902050454:Miner8964[C3]0阶仙器价值0'大势至菩萨的独门法宝，能破一切魔障．'
180902050454:Miner8964[C3]不存在的名称大势锤
180902050454:Miner8964[C3]符石价值总价:0
180902050454:Miner8964[C3]不存在的等级规则:1
180902050454:Miner8964[C3]0阶仙器价值0'将军府行军打仗的令牌，上书兵法秘要，能够令乾坤挪移．'
180902050454:Miner8964[C3]不存在的名称将军令
180902050454:Miner8964[C3]符石价值总价:0
180902050454:Miner8964[C3]不存在的等级规则:1
180902050454:Miner8964[C3]0阶仙器价值0'紫霞仙子的法宝，能够将转化伤害．'
180902050454:Miner8964[C3]不存在的名称银索金铃
180902050454:Miner8964[C3]符石价值总价:0
180902050454:Miner8964[C3]总估价:(400+0+0=400*100%=400),TimeStamp=1535879094753
