1534669049111:Miner10812[C25]Status:更新设置
1534669049113:Miner10812[C25]Status:目标服务器加载完成,共计1个
1534669049114:Miner10812[C25]Status:已加载ip183.143.8.131:10043
1534669056540:Miner10812[C25]Status:霓裳仙售价过高
1534669056541:Miner10812[C25]Status:2次刷新 花前月下 结束
1534669062068:Miner10812[C25]Status:3次刷新 花前月下 结束
1534669066374:Miner10812[C25]Status:4次刷新 花前月下 结束
1534669068852:Miner10812[C25]Status:5次刷新 花前月下 结束
1534669071955:Miner10812[C25]Status:6次刷新 花前月下 结束
1534669074937:Miner10812[C25]Status:7次刷新 花前月下 结束
1534669077527:Miner10812[C25]Status:8次刷新 花前月下 结束
1534669080137:Miner10812[C25]Status:9次刷新 花前月下 结束
1534669083013:Miner10812[C25]Status:10次刷新 花前月下 结束
1534669085903:Miner10812[C25]Status:11次刷新 花前月下 结束
1534669088721:Miner10812[C25]Status:12次刷新 花前月下 结束
1534669091325:Miner10812[C25]Status:13次刷新 花前月下 结束
1534669093833:Miner10812[C25]Status:14次刷新 花前月下 结束
1534669096889:Miner10812[C25]Status:15次刷新 花前月下 结束
1534669099771:Miner10812[C25]Status:16次刷新 花前月下 结束
1534669103349:Miner10812[C25]Status:17次刷新 花前月下 结束
1534669106146:Miner10812[C25]Status:18次刷新 花前月下 结束
1534669108825:Miner10812[C25]Status:19次刷新 花前月下 结束
1534669111057:Miner10812[C25]Status:20次刷新 花前月下 结束
1534669113491:Miner10812[C25]Status:21次刷新 花前月下 结束
1534669116422:Miner10812[C25]Status:22次刷新 花前月下 结束
1534669118176:Miner10812[C25]Status:23次刷新 花前月下 结束
1534669120566:Miner10812[C25]Status:24次刷新 花前月下 结束
1534669124821:Miner10812[C25]Status:25次刷新 花前月下 结束
1534669128655:Miner10812[C25]Status:26次刷新 花前月下 结束
