1534667663861:Miner16824[C7]SetTalentRule：40:200,45:300,49:500,55:800,58:1200
1534667663868:Miner16824[C7]SetAchievementRule：3800:100,4000:200,4800:500
1534667663871:Miner16824[C7]SetRankRule：飞升:120,其他:-999999
1534667663872:Miner16824[C7]SummonRule：念,战神女娲,舍生女娲,复活女娲,符咒女娲,火神女娲,粽小仙,佳音小使,碧水精魄,哥俩好,雷兽,罗刹鬼姬,狮蝎,凤凰,蛟龙,雷鸟人,蝴蝶仙子,蜘蛛精,龟丞相,当康,伶俐小虫,西域响马,精细大鬼,妖火狼,蜃影,冥雷,小牛魔王,金不换,九戒,铁扇公主,机械木甲人,妖蝎,如意娃娃,葫芦娃娃,赭炎,苍凛,成年黑熊,幼年黑熊,成年羚羊,幼年羚羊,成年黄牛,幼年黄牛,成年桃源麝,幼年桃源麝,成年灵鹿,幼年灵鹿,成年羊驼,幼年羊驼,成年金钱豹,幼年金钱豹,成年蟾宫兔,幼年蟾宫兔,成年仙屏雀,幼年仙屏雀,成年冰羽鹤,幼年冰羽鹤,成年水晶蚌,幼年水晶蚌,迦楼罗王,赤焰妖,喷火牛,泥石怪,水灵仙,食土兽,金刚仙,桃花仙,桃树精,神灵,猴精,神兵,地狱战神,野蛮王,死灵,独眼巨人,寒钢怪,鼠怪,古代瑞兽,山妖,精怪,鸟嘴兽,冲冲虫,三尾怪,两角怪,白虎,冰熊,修罗,幽灵,孤魂,冤魂,野鬼,吸血鬼,无身鬼,无头鬼,水妖,黑熊精,打手,蟹将,虾兵,蛤蟆精,树妖,黑熊,强盗,老虎,大鹏,大象,狮子,鳄鱼,千年老妖,鸡精,骷髅怪,小龙女,山贼,女妖,毒蜂,狐狸精,女贼,衙役,士兵,花妖,鱼怪,流氓,武士,野狗,牛妖,小妖,家丁,夜叉,猪怪,羊头怪,兔妖,稻草人,银狐,海龟,蝙蝠,毒蛇,蜘蛛,飞鱼,蟾蜍\普\0\否\3转:30,点化:50,其他:-99999\技能列表0.txt\100\999:40,其他:0\+200,60\6:100\0\+100
1534667663882:Miner16824[C7]SummonRule：念,战神女娲,舍生女娲,复活女娲,符咒女娲,火神女娲,粽小仙,佳音小使,碧水精魄,哥俩好,雷兽,罗刹鬼姬,狮蝎,凤凰,蛟龙,雷鸟人,蝴蝶仙子,蜘蛛精,龟丞相,当康,伶俐小虫,西域响马,精细大鬼,妖火狼,蜃影,冥雷,小牛魔王,金不换,九戒,铁扇公主,机械木甲人,妖蝎,如意娃娃,葫芦娃娃,赭炎,苍凛,成年黑熊,幼年黑熊,成年羚羊,幼年羚羊,成年黄牛,幼年黄牛,成年桃源麝,幼年桃源麝,成年灵鹿,幼年灵鹿,成年羊驼,幼年羊驼,成年金钱豹,幼年金钱豹,成年蟾宫兔,幼年蟾宫兔,成年仙屏雀,幼年仙屏雀,成年冰羽鹤,幼年冰羽鹤,成年水晶蚌,幼年水晶蚌,迦楼罗王,赤焰妖,喷火牛,泥石怪,水灵仙,食土兽,金刚仙,桃花仙,桃树精,神灵,猴精,神兵,地狱战神,野蛮王,死灵,独眼巨人,寒钢怪,鼠怪,古代瑞兽,山妖,精怪,鸟嘴兽,冲冲虫,三尾怪,两角怪,白虎,冰熊,修罗,幽灵,孤魂,冤魂,野鬼,吸血鬼,无身鬼,无头鬼,水妖,黑熊精,打手,蟹将,虾兵,蛤蟆精,树妖,黑熊,强盗,老虎,大鹏,大象,狮子,鳄鱼,千年老妖,鸡精,骷髅怪,小龙女,山贼,女妖,毒蜂,狐狸精,女贼,衙役,士兵,花妖,鱼怪,流氓,武士,野狗,牛妖,小妖,家丁,夜叉,猪怪,羊头怪,兔妖,稻草人,银狐,海龟,蝙蝠,毒蛇,蜘蛛,飞鱼,蟾蜍\普\0\是\3转:30,点化:50,其他:-99999\技能列表0.txt\100\999:40,其他:0\+200,60\6:100\0\+100
1534667663885:Miner16824[C7]SummonRule：凤凰,超级毒蛇,超级蟾蜍,超级海龟,超级蜘蛛,超级飞鱼,哥俩好,雷兽,罗刹鬼姬,蛟龙,狮蝎,雷鸟人,龟丞相,蜘蛛精\神\0\否\3转:30,点化:50,其他:-99999\技能列表1.txt\100\999:2000,其他:0\+200,60\6:2000,7:2500\1500\+100
1534667663886:Miner16824[C7]SummonRule：超级蝙蝠,剑精灵,蝴蝶仙子\神\0\否\3转:30,点化:50,其他:-99999\技能列表1.txt\100\999:8000,其他:0\+200,60\6:2500,7:3500\2000\+100
1534667663886:Miner16824[C7]SummonRule：精卫\普\0\否\3转:35,点化:70,其他:-99999\技能列表0.txt\100\999:3000,其他:0\+200,60\5:150,6:400\0\+100
1534667663887:Miner16824[C7]SummonRule：精卫\普\0\是\3转:35,点化:70,其他:-99999\技能列表0.txt\100\999:3000,其他:0\+200,60\5:150,6:400\200\+100
1534667663887:Miner16824[C7]SummonRule：松鼠,剑精灵,黄金兽,冥灵妃子,冰雪魔\普\0\否\3转:35,点化:70,其他:-99999\技能列表0.txt\100\999:100,其他:0\+200,60\5:100,6:200\0\+100
1534667663888:Miner16824[C7]SummonRule：松鼠,剑精灵,黄金兽,冥灵妃子,冰雪魔\普\0\是\3转:35,点化:70,其他:-99999\技能列表0.txt\100\999:100,其他:0\+200,60\5:200,6:300\150\+100
1534667663888:Miner16824[C7]SummonRule：拨浪鼓\普\0\否\3转:35,点化:70,其他:-99999\技能列表0.txt\100\999:100,其他:0\+200,60\5:150,6:400\0\+100
1534667663889:Miner16824[C7]SummonRule：拨浪鼓\普\0\是\3转:35,点化:70,其他:-99999\技能列表0.txt\100\999:100,其他:0\+200,60\5:150,6:400\0\+100
1534667663889:Miner16824[C7]SummonRule：蹴鞠宗师,俏魁娘,狮虎兽,天龙女\普\0\否\3转:35,点化:70,其他:-99999\技能列表0.txt\100\999:100,其他:0\+200,60\5:100,6:200\0\+100
1534667663890:Miner16824[C7]SummonRule：蹴鞠宗师,俏魁娘,狮虎兽,天龙女\普\0\是\3转:35,点化:70,其他:-99999\技能列表0.txt\100\999:100,其他:0\+200,60\5:100,6:200\0\+100
1534667663890:Miner16824[C7]SummonRule：吉祥果\普\0\否\3转:35,点化:70,其他:-99999\技能列表0.txt\100\999:100,其他:0\+200,60\5:200,6:500\150\+100
1534667663890:Miner16824[C7]SummonRule：吉祥果\普\0\是\3转:35,点化:70,其他:-99999\技能列表0.txt\100\999:100,其他:0\+200,60\5:200,6:500\150\+100
1534667663891:Miner16824[C7]SummonRule：孟极\普\0\否\3转:35,点化:70,其他:-99999\技能列表0.txt\100\10:1000,999:2000,其他:1000\+200,60\5:1500,6:2500\1200\+100
1534667663891:Miner16824[C7]SummonRule：孟极\普\0\是\3转:35,点化:70,其他:-99999\技能列表0.txt\100\10:1000,999:3000,其他:1000\+200,60\5:2500,6:3000\1800\+100
1534667663892:Miner16824[C7]SummonRule：北冥龙君\普\0\否\3转:35,点化:70,其他:-99999\技能列表0.txt\100\999:400,其他:0\+200,60\5:400,6:600\200\+100
1534667663892:Miner16824[C7]SummonRule：北冥龙君\普\0\是\3转:35,点化:70,其他:-99999\技能列表0.txt\100\999:500,其他:0\+200,60\5:500,6:700\300\+100
1534667663893:Miner16824[C7]SummonRule：龙马,孔雀明王,妙音鸾女\普\0\否\3转:35,点化:70,其他:-99999\技能列表0.txt\100\999:600,其他:0\+200,60\5:500,6:700\400\+100
1534667663895:Miner16824[C7]SummonRule：龙马,孔雀明王,妙音鸾女\普\0\是\3转:35,点化:70,其他:-99999\技能列表0.txt\100\999:600,其他:0\+200,60\5:700,6:900\600\+100
1534667663895:Miner16824[C7]SummonRule：画皮娘子\普\0\否\3转:35,点化:70,其他:-99999\技能列表0.txt\100\999:500,其他:0\+200,60\5:400,6:500\300\+100
1534667663895:Miner16824[C7]SummonRule：画皮娘子\普\0\是\3转:35,点化:70,其他:-99999\技能列表0.txt\100\999:500,其他:0\+200,60\5:600,6:800\500\+100
1534667663896:Miner16824[C7]SummonRule：狐小妖\普\0\否\3转:35,点化:70,其他:-99999\技能列表0.txt\100\999:2000,其他:0\+200,60\5:900,6:1400\300\+100
1534667663896:Miner16824[C7]SummonRule：画中仙\神\0\否\3转:30,点化:50,其他:-99999\技能列表1.txt\100\999:30000,其他:0\+200,60\5:8500,6:9000\8000\+100
1534667663897:Miner16824[C7]SummonRule：年\神\0\否\3转:30,点化:50,其他:-99999\技能列表1.txt\100\999:30000,其他:0\+200,60\6:14500,7:15000\14000\+100
1534667663897:Miner16824[C7]SummonRule：白泽\神\0\否\3转:30,点化:50,其他:-99999\技能列表1.txt\100\999:6000,其他:0\+200,60\6:7500,7:8000\7000\+100
1534667663897:Miner16824[C7]SummonRule：颜如玉\神\0\否\3转:30,点化:50,其他:-99999\技能列表1.txt\100\999:5000,其他:0\+200,60\6:2500,7:3000\2100\+100　
1534667663897:Miner16824[C7]SummonRule：范式之魂\神\0\否\3转:30,点化:50,其他:-99999\技能列表1.txt\100\999:5000,其他:0\+200,60\6:3800,7:4000\3500\+100　
1534667663897:Miner16824[C7]SummonRule：垂云叟\神\0\否\3转:30,点化:50,其他:-99999\技能列表1.txt\100\999:5000,其他:0\+200,60\6:1200,7:1500\1100\+100
1534667663898:Miner16824[C7]SummonRule：浪淘沙\神\0\否\3转:30,点化:50,其他:-99999\技能列表1.txt\100\999:5000,其他:0\+200,60\6:1800,7:2000\1500\+100
1534667663898:Miner16824[C7]SummonRule：五叶\神\0\否\3转:30,点化:50,其他:-99999\技能列表1.txt\100\999:5000,其他:0\+200,60\6:2800,7:3200\2700\+100
1534667663899:Miner16824[C7]SummonRule：白衣狂生\神\0\否\3转:30,点化:50,其他:-99999\技能列表1.txt\100\999:5000,其他:0\+200,60\6:3500,7:4000\3000\+100
1534667663899:Miner16824[C7]SummonRule：点朱美人\神\0\否\3转:30,点化:50,其他:-99999\技能列表1.txt\100\999:5000,其他:0\+200,60\6:5200,7:5500\5000\+100
1534667663900:Miner16824[C7]SummonRule：龙太子\神\0\否\3转:30,点化:50,其他:-99999\技能列表1.txt\100\999:4000,其他:0\+200,60\6:5200,7:5500\5000\+100
1534667663900:Miner16824[C7]SummonRule：牛魔王\神\0\否\3转:30,点化:50,其他:-99999\技能列表1.txt\100\999:6000,其他:0\+200,60\6:7200,7:7500\7000\+100
1534667663900:Miner16824[C7]SummonRule：绛云仙子\神\0\否\3转:30,点化:50,其他:-99999\技能列表1.txt\100\999:6000,其他:0\+200,60\6:5200,7:5500\5000\+100
1534667663901:Miner16824[C7]SummonRule：玄黛夫人\神\0\否\3转:30,点化:50,其他:-99999\技能列表1.txt\100\999:6000,其他:0\+200,60\6:4500,7:5000\4000\+100
1534667663901:Miner16824[C7]SummonRule：泾河龙王\神\0\否\3转:30,点化:50,其他:-99999\技能列表1.txt\100\999:6000,其他:0\+200,60\6:4500,7:5000\4000\+100
1534667663902:Miner16824[C7]SummonRule：碧桃娘子\神\0\否\3转:30,点化:50,其他:-99999\技能列表1.txt\100\999:6000,其他:0\+200,60\6:3800,7:4000\3500\+100
1534667663902:Miner16824[C7]SummonRule：麒麟兽\普\0\否\3转:30,点化:50,其他:-99999\技能列表0.txt\100\999:40,其他:0\+200,60\5:50,6:100\0\+100
1534667663903:Miner16824[C7]SummonRule：麒麟兽\普\0\是\3转:30,点化:50,其他:-99999\技能列表0.txt\100\999:40,其他:0\+200,60\5:150,6:300\100\+100
1534667663903:Miner16824[C7]SummonRule：女贼之灵,金身罗汉,桃花娘子,百花之灵,玉兔,黄巾力士,千年灵狐,蟹将军,渔见愁,霹雳手\普\0\否\3转:35,点化:70,其他:-99999\技能列表0.txt\100\999:350,其他:0\+200,60\5:150,6:250\120\+100
1534667663904:Miner16824[C7]SummonRule：避水金睛兽,龙门水将,护山大神,巡海夜叉,火麒麟,狐不皈\普\0\否\3转:35,点化:70,其他:-99999\技能列表0.txt\100\999:350,其他:0\+200,60\5:250,6:400\200\+100
1534667663906:Miner16824[C7]SummonRule：净盘使者\普\0\否\3转:35,点化:70,其他:-99999\技能列表0.txt\0\999:350,其他:0\+200,60\5:350,6:700\300\+100
1534667663906:Miner16824[C7]SummonRule：火神女娲,符咒女娲,复活女娲\普\1.650\否\3转:35,点化:70,其他:-99999\技能列表0.txt\100\999:350,其他:0\+200,60\5:200,6:300\150\+100
1534668591544:Miner6592[C7]SetTalentRule：40:200,45:300,49:500,55:800,58:1200
1534668591551:Miner6592[C7]SetAchievementRule：3800:100,4000:200,4800:500
1534668591554:Miner6592[C7]SetRankRule：飞升:120,其他:-999999
1534668591555:Miner6592[C7]SummonRule：念,战神女娲,舍生女娲,复活女娲,符咒女娲,火神女娲,粽小仙,佳音小使,碧水精魄,哥俩好,雷兽,罗刹鬼姬,狮蝎,凤凰,蛟龙,雷鸟人,蝴蝶仙子,蜘蛛精,龟丞相,当康,伶俐小虫,西域响马,精细大鬼,妖火狼,蜃影,冥雷,小牛魔王,金不换,九戒,铁扇公主,机械木甲人,妖蝎,如意娃娃,葫芦娃娃,赭炎,苍凛,成年黑熊,幼年黑熊,成年羚羊,幼年羚羊,成年黄牛,幼年黄牛,成年桃源麝,幼年桃源麝,成年灵鹿,幼年灵鹿,成年羊驼,幼年羊驼,成年金钱豹,幼年金钱豹,成年蟾宫兔,幼年蟾宫兔,成年仙屏雀,幼年仙屏雀,成年冰羽鹤,幼年冰羽鹤,成年水晶蚌,幼年水晶蚌,迦楼罗王,赤焰妖,喷火牛,泥石怪,水灵仙,食土兽,金刚仙,桃花仙,桃树精,神灵,猴精,神兵,地狱战神,野蛮王,死灵,独眼巨人,寒钢怪,鼠怪,古代瑞兽,山妖,精怪,鸟嘴兽,冲冲虫,三尾怪,两角怪,白虎,冰熊,修罗,幽灵,孤魂,冤魂,野鬼,吸血鬼,无身鬼,无头鬼,水妖,黑熊精,打手,蟹将,虾兵,蛤蟆精,树妖,黑熊,强盗,老虎,大鹏,大象,狮子,鳄鱼,千年老妖,鸡精,骷髅怪,小龙女,山贼,女妖,毒蜂,狐狸精,女贼,衙役,士兵,花妖,鱼怪,流氓,武士,野狗,牛妖,小妖,家丁,夜叉,猪怪,羊头怪,兔妖,稻草人,银狐,海龟,蝙蝠,毒蛇,蜘蛛,飞鱼,蟾蜍\普\0\否\3转:30,点化:50,其他:-99999\技能列表0.txt\100\999:40,其他:0\+200,60\6:100\0\+100
1534668591566:Miner6592[C7]SummonRule：念,战神女娲,舍生女娲,复活女娲,符咒女娲,火神女娲,粽小仙,佳音小使,碧水精魄,哥俩好,雷兽,罗刹鬼姬,狮蝎,凤凰,蛟龙,雷鸟人,蝴蝶仙子,蜘蛛精,龟丞相,当康,伶俐小虫,西域响马,精细大鬼,妖火狼,蜃影,冥雷,小牛魔王,金不换,九戒,铁扇公主,机械木甲人,妖蝎,如意娃娃,葫芦娃娃,赭炎,苍凛,成年黑熊,幼年黑熊,成年羚羊,幼年羚羊,成年黄牛,幼年黄牛,成年桃源麝,幼年桃源麝,成年灵鹿,幼年灵鹿,成年羊驼,幼年羊驼,成年金钱豹,幼年金钱豹,成年蟾宫兔,幼年蟾宫兔,成年仙屏雀,幼年仙屏雀,成年冰羽鹤,幼年冰羽鹤,成年水晶蚌,幼年水晶蚌,迦楼罗王,赤焰妖,喷火牛,泥石怪,水灵仙,食土兽,金刚仙,桃花仙,桃树精,神灵,猴精,神兵,地狱战神,野蛮王,死灵,独眼巨人,寒钢怪,鼠怪,古代瑞兽,山妖,精怪,鸟嘴兽,冲冲虫,三尾怪,两角怪,白虎,冰熊,修罗,幽灵,孤魂,冤魂,野鬼,吸血鬼,无身鬼,无头鬼,水妖,黑熊精,打手,蟹将,虾兵,蛤蟆精,树妖,黑熊,强盗,老虎,大鹏,大象,狮子,鳄鱼,千年老妖,鸡精,骷髅怪,小龙女,山贼,女妖,毒蜂,狐狸精,女贼,衙役,士兵,花妖,鱼怪,流氓,武士,野狗,牛妖,小妖,家丁,夜叉,猪怪,羊头怪,兔妖,稻草人,银狐,海龟,蝙蝠,毒蛇,蜘蛛,飞鱼,蟾蜍\普\0\是\3转:30,点化:50,其他:-99999\技能列表0.txt\100\999:40,其他:0\+200,60\6:100\0\+100
1534668591567:Miner6592[C7]SummonRule：凤凰,超级毒蛇,超级蟾蜍,超级海龟,超级蜘蛛,超级飞鱼,哥俩好,雷兽,罗刹鬼姬,蛟龙,狮蝎,雷鸟人,龟丞相,蜘蛛精\神\0\否\3转:30,点化:50,其他:-99999\技能列表1.txt\100\999:2000,其他:0\+200,60\6:2000,7:2500\1500\+100
1534668591568:Miner6592[C7]SummonRule：超级蝙蝠,剑精灵,蝴蝶仙子\神\0\否\3转:30,点化:50,其他:-99999\技能列表1.txt\100\999:8000,其他:0\+200,60\6:2500,7:3500\2000\+100
1534668591568:Miner6592[C7]SummonRule：精卫\普\0\否\3转:35,点化:70,其他:-99999\技能列表0.txt\100\999:3000,其他:0\+200,60\5:150,6:400\0\+100
1534668591569:Miner6592[C7]SummonRule：精卫\普\0\是\3转:35,点化:70,其他:-99999\技能列表0.txt\100\999:3000,其他:0\+200,60\5:150,6:400\200\+100
1534668591570:Miner6592[C7]SummonRule：松鼠,剑精灵,黄金兽,冥灵妃子,冰雪魔\普\0\否\3转:35,点化:70,其他:-99999\技能列表0.txt\100\999:100,其他:0\+200,60\5:100,6:200\0\+100
1534668591570:Miner6592[C7]SummonRule：松鼠,剑精灵,黄金兽,冥灵妃子,冰雪魔\普\0\是\3转:35,点化:70,其他:-99999\技能列表0.txt\100\999:100,其他:0\+200,60\5:200,6:300\150\+100
1534668591571:Miner6592[C7]SummonRule：拨浪鼓\普\0\否\3转:35,点化:70,其他:-99999\技能列表0.txt\100\999:100,其他:0\+200,60\5:150,6:400\0\+100
1534668591571:Miner6592[C7]SummonRule：拨浪鼓\普\0\是\3转:35,点化:70,其他:-99999\技能列表0.txt\100\999:100,其他:0\+200,60\5:150,6:400\0\+100
1534668591572:Miner6592[C7]SummonRule：蹴鞠宗师,俏魁娘,狮虎兽,天龙女\普\0\否\3转:35,点化:70,其他:-99999\技能列表0.txt\100\999:100,其他:0\+200,60\5:100,6:200\0\+100
1534668591572:Miner6592[C7]SummonRule：蹴鞠宗师,俏魁娘,狮虎兽,天龙女\普\0\是\3转:35,点化:70,其他:-99999\技能列表0.txt\100\999:100,其他:0\+200,60\5:100,6:200\0\+100
1534668591573:Miner6592[C7]SummonRule：吉祥果\普\0\否\3转:35,点化:70,其他:-99999\技能列表0.txt\100\999:100,其他:0\+200,60\5:200,6:500\150\+100
1534668591574:Miner6592[C7]SummonRule：吉祥果\普\0\是\3转:35,点化:70,其他:-99999\技能列表0.txt\100\999:100,其他:0\+200,60\5:200,6:500\150\+100
1534668591574:Miner6592[C7]SummonRule：孟极\普\0\否\3转:35,点化:70,其他:-99999\技能列表0.txt\100\10:1000,999:2000,其他:1000\+200,60\5:1500,6:2500\1200\+100
1534668591575:Miner6592[C7]SummonRule：孟极\普\0\是\3转:35,点化:70,其他:-99999\技能列表0.txt\100\10:1000,999:3000,其他:1000\+200,60\5:2500,6:3000\1800\+100
1534668591576:Miner6592[C7]SummonRule：北冥龙君\普\0\否\3转:35,点化:70,其他:-99999\技能列表0.txt\100\999:400,其他:0\+200,60\5:400,6:600\200\+100
1534668591576:Miner6592[C7]SummonRule：北冥龙君\普\0\是\3转:35,点化:70,其他:-99999\技能列表0.txt\100\999:500,其他:0\+200,60\5:500,6:700\300\+100
1534668591577:Miner6592[C7]SummonRule：龙马,孔雀明王,妙音鸾女\普\0\否\3转:35,点化:70,其他:-99999\技能列表0.txt\100\999:600,其他:0\+200,60\5:500,6:700\400\+100
1534668591578:Miner6592[C7]SummonRule：龙马,孔雀明王,妙音鸾女\普\0\是\3转:35,点化:70,其他:-99999\技能列表0.txt\100\999:600,其他:0\+200,60\5:700,6:900\600\+100
1534668591579:Miner6592[C7]SummonRule：画皮娘子\普\0\否\3转:35,点化:70,其他:-99999\技能列表0.txt\100\999:500,其他:0\+200,60\5:400,6:500\300\+100
1534668591579:Miner6592[C7]SummonRule：画皮娘子\普\0\是\3转:35,点化:70,其他:-99999\技能列表0.txt\100\999:500,其他:0\+200,60\5:600,6:800\500\+100
1534668591580:Miner6592[C7]SummonRule：狐小妖\普\0\否\3转:35,点化:70,其他:-99999\技能列表0.txt\100\999:2000,其他:0\+200,60\5:900,6:1400\300\+100
1534668591580:Miner6592[C7]SummonRule：画中仙\神\0\否\3转:30,点化:50,其他:-99999\技能列表1.txt\100\999:30000,其他:0\+200,60\5:8500,6:9000\8000\+100
1534668591581:Miner6592[C7]SummonRule：年\神\0\否\3转:30,点化:50,其他:-99999\技能列表1.txt\100\999:30000,其他:0\+200,60\6:14500,7:15000\14000\+100
1534668591581:Miner6592[C7]SummonRule：白泽\神\0\否\3转:30,点化:50,其他:-99999\技能列表1.txt\100\999:6000,其他:0\+200,60\6:7500,7:8000\7000\+100
1534668591582:Miner6592[C7]SummonRule：颜如玉\神\0\否\3转:30,点化:50,其他:-99999\技能列表1.txt\100\999:5000,其他:0\+200,60\6:2500,7:3000\2100\+100　
1534668591582:Miner6592[C7]SummonRule：范式之魂\神\0\否\3转:30,点化:50,其他:-99999\技能列表1.txt\100\999:5000,其他:0\+200,60\6:3800,7:4000\3500\+100　
1534668591583:Miner6592[C7]SummonRule：垂云叟\神\0\否\3转:30,点化:50,其他:-99999\技能列表1.txt\100\999:5000,其他:0\+200,60\6:1200,7:1500\1100\+100
1534668591583:Miner6592[C7]SummonRule：浪淘沙\神\0\否\3转:30,点化:50,其他:-99999\技能列表1.txt\100\999:5000,其他:0\+200,60\6:1800,7:2000\1500\+100
1534668591584:Miner6592[C7]SummonRule：五叶\神\0\否\3转:30,点化:50,其他:-99999\技能列表1.txt\100\999:5000,其他:0\+200,60\6:2800,7:3200\2700\+100
1534668591584:Miner6592[C7]SummonRule：白衣狂生\神\0\否\3转:30,点化:50,其他:-99999\技能列表1.txt\100\999:5000,其他:0\+200,60\6:3500,7:4000\3000\+100
1534668591585:Miner6592[C7]SummonRule：点朱美人\神\0\否\3转:30,点化:50,其他:-99999\技能列表1.txt\100\999:5000,其他:0\+200,60\6:5200,7:5500\5000\+100
1534668591585:Miner6592[C7]SummonRule：龙太子\神\0\否\3转:30,点化:50,其他:-99999\技能列表1.txt\100\999:4000,其他:0\+200,60\6:5200,7:5500\5000\+100
1534668591586:Miner6592[C7]SummonRule：牛魔王\神\0\否\3转:30,点化:50,其他:-99999\技能列表1.txt\100\999:6000,其他:0\+200,60\6:7200,7:7500\7000\+100
1534668591586:Miner6592[C7]SummonRule：绛云仙子\神\0\否\3转:30,点化:50,其他:-99999\技能列表1.txt\100\999:6000,其他:0\+200,60\6:5200,7:5500\5000\+100
1534668591587:Miner6592[C7]SummonRule：玄黛夫人\神\0\否\3转:30,点化:50,其他:-99999\技能列表1.txt\100\999:6000,其他:0\+200,60\6:4500,7:5000\4000\+100
1534668591587:Miner6592[C7]SummonRule：泾河龙王\神\0\否\3转:30,点化:50,其他:-99999\技能列表1.txt\100\999:6000,其他:0\+200,60\6:4500,7:5000\4000\+100
1534668591588:Miner6592[C7]SummonRule：碧桃娘子\神\0\否\3转:30,点化:50,其他:-99999\技能列表1.txt\100\999:6000,其他:0\+200,60\6:3800,7:4000\3500\+100
1534668591588:Miner6592[C7]SummonRule：麒麟兽\普\0\否\3转:30,点化:50,其他:-99999\技能列表0.txt\100\999:40,其他:0\+200,60\5:50,6:100\0\+100
1534668591589:Miner6592[C7]SummonRule：麒麟兽\普\0\是\3转:30,点化:50,其他:-99999\技能列表0.txt\100\999:40,其他:0\+200,60\5:150,6:300\100\+100
1534668591589:Miner6592[C7]SummonRule：女贼之灵,金身罗汉,桃花娘子,百花之灵,玉兔,黄巾力士,千年灵狐,蟹将军,渔见愁,霹雳手\普\0\否\3转:35,点化:70,其他:-99999\技能列表0.txt\100\999:350,其他:0\+200,60\5:150,6:250\120\+100
1534668591590:Miner6592[C7]SummonRule：避水金睛兽,龙门水将,护山大神,巡海夜叉,火麒麟,狐不皈\普\0\否\3转:35,点化:70,其他:-99999\技能列表0.txt\100\999:350,其他:0\+200,60\5:250,6:400\200\+100
1534668591590:Miner6592[C7]SummonRule：净盘使者\普\0\否\3转:35,点化:70,其他:-99999\技能列表0.txt\0\999:350,其他:0\+200,60\5:350,6:700\300\+100
1534668591591:Miner6592[C7]SummonRule：火神女娲,符咒女娲,复活女娲\普\1.650\否\3转:35,点化:70,其他:-99999\技能列表0.txt\100\999:350,其他:0\+200,60\5:200,6:300\150\+100
1534668946116:Miner5716[C7]SetTalentRule：40:200,45:300,49:500,55:800,58:1200
1534668946123:Miner5716[C7]SetAchievementRule：3800:100,4000:200,4800:500
1534668946127:Miner5716[C7]SetRankRule：飞升:120,其他:-999999
1534668946128:Miner5716[C7]SummonRule：念,战神女娲,舍生女娲,复活女娲,符咒女娲,火神女娲,粽小仙,佳音小使,碧水精魄,哥俩好,雷兽,罗刹鬼姬,狮蝎,凤凰,蛟龙,雷鸟人,蝴蝶仙子,蜘蛛精,龟丞相,当康,伶俐小虫,西域响马,精细大鬼,妖火狼,蜃影,冥雷,小牛魔王,金不换,九戒,铁扇公主,机械木甲人,妖蝎,如意娃娃,葫芦娃娃,赭炎,苍凛,成年黑熊,幼年黑熊,成年羚羊,幼年羚羊,成年黄牛,幼年黄牛,成年桃源麝,幼年桃源麝,成年灵鹿,幼年灵鹿,成年羊驼,幼年羊驼,成年金钱豹,幼年金钱豹,成年蟾宫兔,幼年蟾宫兔,成年仙屏雀,幼年仙屏雀,成年冰羽鹤,幼年冰羽鹤,成年水晶蚌,幼年水晶蚌,迦楼罗王,赤焰妖,喷火牛,泥石怪,水灵仙,食土兽,金刚仙,桃花仙,桃树精,神灵,猴精,神兵,地狱战神,野蛮王,死灵,独眼巨人,寒钢怪,鼠怪,古代瑞兽,山妖,精怪,鸟嘴兽,冲冲虫,三尾怪,两角怪,白虎,冰熊,修罗,幽灵,孤魂,冤魂,野鬼,吸血鬼,无身鬼,无头鬼,水妖,黑熊精,打手,蟹将,虾兵,蛤蟆精,树妖,黑熊,强盗,老虎,大鹏,大象,狮子,鳄鱼,千年老妖,鸡精,骷髅怪,小龙女,山贼,女妖,毒蜂,狐狸精,女贼,衙役,士兵,花妖,鱼怪,流氓,武士,野狗,牛妖,小妖,家丁,夜叉,猪怪,羊头怪,兔妖,稻草人,银狐,海龟,蝙蝠,毒蛇,蜘蛛,飞鱼,蟾蜍\普\0\否\3转:30,点化:50,其他:-99999\技能列表0.txt\100\999:40,其他:0\+200,60\6:100\0\+100
1534668946140:Miner5716[C7]SummonRule：念,战神女娲,舍生女娲,复活女娲,符咒女娲,火神女娲,粽小仙,佳音小使,碧水精魄,哥俩好,雷兽,罗刹鬼姬,狮蝎,凤凰,蛟龙,雷鸟人,蝴蝶仙子,蜘蛛精,龟丞相,当康,伶俐小虫,西域响马,精细大鬼,妖火狼,蜃影,冥雷,小牛魔王,金不换,九戒,铁扇公主,机械木甲人,妖蝎,如意娃娃,葫芦娃娃,赭炎,苍凛,成年黑熊,幼年黑熊,成年羚羊,幼年羚羊,成年黄牛,幼年黄牛,成年桃源麝,幼年桃源麝,成年灵鹿,幼年灵鹿,成年羊驼,幼年羊驼,成年金钱豹,幼年金钱豹,成年蟾宫兔,幼年蟾宫兔,成年仙屏雀,幼年仙屏雀,成年冰羽鹤,幼年冰羽鹤,成年水晶蚌,幼年水晶蚌,迦楼罗王,赤焰妖,喷火牛,泥石怪,水灵仙,食土兽,金刚仙,桃花仙,桃树精,神灵,猴精,神兵,地狱战神,野蛮王,死灵,独眼巨人,寒钢怪,鼠怪,古代瑞兽,山妖,精怪,鸟嘴兽,冲冲虫,三尾怪,两角怪,白虎,冰熊,修罗,幽灵,孤魂,冤魂,野鬼,吸血鬼,无身鬼,无头鬼,水妖,黑熊精,打手,蟹将,虾兵,蛤蟆精,树妖,黑熊,强盗,老虎,大鹏,大象,狮子,鳄鱼,千年老妖,鸡精,骷髅怪,小龙女,山贼,女妖,毒蜂,狐狸精,女贼,衙役,士兵,花妖,鱼怪,流氓,武士,野狗,牛妖,小妖,家丁,夜叉,猪怪,羊头怪,兔妖,稻草人,银狐,海龟,蝙蝠,毒蛇,蜘蛛,飞鱼,蟾蜍\普\0\是\3转:30,点化:50,其他:-99999\技能列表0.txt\100\999:40,其他:0\+200,60\6:100\0\+100
1534668946144:Miner5716[C7]SummonRule：凤凰,超级毒蛇,超级蟾蜍,超级海龟,超级蜘蛛,超级飞鱼,哥俩好,雷兽,罗刹鬼姬,蛟龙,狮蝎,雷鸟人,龟丞相,蜘蛛精\神\0\否\3转:30,点化:50,其他:-99999\技能列表1.txt\100\999:2000,其他:0\+200,60\6:2000,7:2500\1500\+100
1534668946145:Miner5716[C7]SummonRule：超级蝙蝠,剑精灵,蝴蝶仙子\神\0\否\3转:30,点化:50,其他:-99999\技能列表1.txt\100\999:8000,其他:0\+200,60\6:2500,7:3500\2000\+100
1534668946146:Miner5716[C7]SummonRule：精卫\普\0\否\3转:35,点化:70,其他:-99999\技能列表0.txt\100\999:3000,其他:0\+200,60\5:150,6:400\0\+100
1534668946146:Miner5716[C7]SummonRule：精卫\普\0\是\3转:35,点化:70,其他:-99999\技能列表0.txt\100\999:3000,其他:0\+200,60\5:150,6:400\200\+100
1534668946147:Miner5716[C7]SummonRule：松鼠,剑精灵,黄金兽,冥灵妃子,冰雪魔\普\0\否\3转:35,点化:70,其他:-99999\技能列表0.txt\100\999:100,其他:0\+200,60\5:100,6:200\0\+100
1534668946147:Miner5716[C7]SummonRule：松鼠,剑精灵,黄金兽,冥灵妃子,冰雪魔\普\0\是\3转:35,点化:70,其他:-99999\技能列表0.txt\100\999:100,其他:0\+200,60\5:200,6:300\150\+100
1534668946148:Miner5716[C7]SummonRule：拨浪鼓\普\0\否\3转:35,点化:70,其他:-99999\技能列表0.txt\100\999:100,其他:0\+200,60\5:150,6:400\0\+100
1534668946149:Miner5716[C7]SummonRule：拨浪鼓\普\0\是\3转:35,点化:70,其他:-99999\技能列表0.txt\100\999:100,其他:0\+200,60\5:150,6:400\0\+100
1534668946150:Miner5716[C7]SummonRule：蹴鞠宗师,俏魁娘,狮虎兽,天龙女\普\0\否\3转:35,点化:70,其他:-99999\技能列表0.txt\100\999:100,其他:0\+200,60\5:100,6:200\0\+100
1534668946151:Miner5716[C7]SummonRule：蹴鞠宗师,俏魁娘,狮虎兽,天龙女\普\0\是\3转:35,点化:70,其他:-99999\技能列表0.txt\100\999:100,其他:0\+200,60\5:100,6:200\0\+100
1534668946152:Miner5716[C7]SummonRule：吉祥果\普\0\否\3转:35,点化:70,其他:-99999\技能列表0.txt\100\999:100,其他:0\+200,60\5:200,6:500\150\+100
1534668946152:Miner5716[C7]SummonRule：吉祥果\普\0\是\3转:35,点化:70,其他:-99999\技能列表0.txt\100\999:100,其他:0\+200,60\5:200,6:500\150\+100
1534668946153:Miner5716[C7]SummonRule：孟极\普\0\否\3转:35,点化:70,其他:-99999\技能列表0.txt\100\10:1000,999:2000,其他:1000\+200,60\5:1500,6:2500\1200\+100
1534668946154:Miner5716[C7]SummonRule：孟极\普\0\是\3转:35,点化:70,其他:-99999\技能列表0.txt\100\10:1000,999:3000,其他:1000\+200,60\5:2500,6:3000\1800\+100
1534668946155:Miner5716[C7]SummonRule：北冥龙君\普\0\否\3转:35,点化:70,其他:-99999\技能列表0.txt\100\999:400,其他:0\+200,60\5:400,6:600\200\+100
1534668946158:Miner5716[C7]SummonRule：北冥龙君\普\0\是\3转:35,点化:70,其他:-99999\技能列表0.txt\100\999:500,其他:0\+200,60\5:500,6:700\300\+100
1534668946159:Miner5716[C7]SummonRule：龙马,孔雀明王,妙音鸾女\普\0\否\3转:35,点化:70,其他:-99999\技能列表0.txt\100\999:600,其他:0\+200,60\5:500,6:700\400\+100
1534668946160:Miner5716[C7]SummonRule：龙马,孔雀明王,妙音鸾女\普\0\是\3转:35,点化:70,其他:-99999\技能列表0.txt\100\999:600,其他:0\+200,60\5:700,6:900\600\+100
1534668946161:Miner5716[C7]SummonRule：画皮娘子\普\0\否\3转:35,点化:70,其他:-99999\技能列表0.txt\100\999:500,其他:0\+200,60\5:400,6:500\300\+100
1534668946162:Miner5716[C7]SummonRule：画皮娘子\普\0\是\3转:35,点化:70,其他:-99999\技能列表0.txt\100\999:500,其他:0\+200,60\5:600,6:800\500\+100
1534668946162:Miner5716[C7]SummonRule：狐小妖\普\0\否\3转:35,点化:70,其他:-99999\技能列表0.txt\100\999:2000,其他:0\+200,60\5:900,6:1400\300\+100
1534668946163:Miner5716[C7]SummonRule：画中仙\神\0\否\3转:30,点化:50,其他:-99999\技能列表1.txt\100\999:30000,其他:0\+200,60\5:8500,6:9000\8000\+100
1534668946164:Miner5716[C7]SummonRule：年\神\0\否\3转:30,点化:50,其他:-99999\技能列表1.txt\100\999:30000,其他:0\+200,60\6:14500,7:15000\14000\+100
1534668946165:Miner5716[C7]SummonRule：白泽\神\0\否\3转:30,点化:50,其他:-99999\技能列表1.txt\100\999:6000,其他:0\+200,60\6:7500,7:8000\7000\+100
1534668946166:Miner5716[C7]SummonRule：颜如玉\神\0\否\3转:30,点化:50,其他:-99999\技能列表1.txt\100\999:5000,其他:0\+200,60\6:2500,7:3000\2100\+100　
1534668946167:Miner5716[C7]SummonRule：范式之魂\神\0\否\3转:30,点化:50,其他:-99999\技能列表1.txt\100\999:5000,其他:0\+200,60\6:3800,7:4000\3500\+100　
1534668946168:Miner5716[C7]SummonRule：垂云叟\神\0\否\3转:30,点化:50,其他:-99999\技能列表1.txt\100\999:5000,其他:0\+200,60\6:1200,7:1500\1100\+100
1534668946169:Miner5716[C7]SummonRule：浪淘沙\神\0\否\3转:30,点化:50,其他:-99999\技能列表1.txt\100\999:5000,其他:0\+200,60\6:1800,7:2000\1500\+100
1534668946170:Miner5716[C7]SummonRule：五叶\神\0\否\3转:30,点化:50,其他:-99999\技能列表1.txt\100\999:5000,其他:0\+200,60\6:2800,7:3200\2700\+100
1534668946170:Miner5716[C7]SummonRule：白衣狂生\神\0\否\3转:30,点化:50,其他:-99999\技能列表1.txt\100\999:5000,其他:0\+200,60\6:3500,7:4000\3000\+100
1534668946171:Miner5716[C7]SummonRule：点朱美人\神\0\否\3转:30,点化:50,其他:-99999\技能列表1.txt\100\999:5000,其他:0\+200,60\6:5200,7:5500\5000\+100
1534668946172:Miner5716[C7]SummonRule：龙太子\神\0\否\3转:30,点化:50,其他:-99999\技能列表1.txt\100\999:4000,其他:0\+200,60\6:5200,7:5500\5000\+100
1534668946173:Miner5716[C7]SummonRule：牛魔王\神\0\否\3转:30,点化:50,其他:-99999\技能列表1.txt\100\999:6000,其他:0\+200,60\6:7200,7:7500\7000\+100
1534668946174:Miner5716[C7]SummonRule：绛云仙子\神\0\否\3转:30,点化:50,其他:-99999\技能列表1.txt\100\999:6000,其他:0\+200,60\6:5200,7:5500\5000\+100
1534668946175:Miner5716[C7]SummonRule：玄黛夫人\神\0\否\3转:30,点化:50,其他:-99999\技能列表1.txt\100\999:6000,其他:0\+200,60\6:4500,7:5000\4000\+100
1534668946176:Miner5716[C7]SummonRule：泾河龙王\神\0\否\3转:30,点化:50,其他:-99999\技能列表1.txt\100\999:6000,其他:0\+200,60\6:4500,7:5000\4000\+100
1534668946177:Miner5716[C7]SummonRule：碧桃娘子\神\0\否\3转:30,点化:50,其他:-99999\技能列表1.txt\100\999:6000,其他:0\+200,60\6:3800,7:4000\3500\+100
1534668946178:Miner5716[C7]SummonRule：麒麟兽\普\0\否\3转:30,点化:50,其他:-99999\技能列表0.txt\100\999:40,其他:0\+200,60\5:50,6:100\0\+100
1534668946179:Miner5716[C7]SummonRule：麒麟兽\普\0\是\3转:30,点化:50,其他:-99999\技能列表0.txt\100\999:40,其他:0\+200,60\5:150,6:300\100\+100
1534668946179:Miner5716[C7]SummonRule：女贼之灵,金身罗汉,桃花娘子,百花之灵,玉兔,黄巾力士,千年灵狐,蟹将军,渔见愁,霹雳手\普\0\否\3转:35,点化:70,其他:-99999\技能列表0.txt\100\999:350,其他:0\+200,60\5:150,6:250\120\+100
1534668946180:Miner5716[C7]SummonRule：避水金睛兽,龙门水将,护山大神,巡海夜叉,火麒麟,狐不皈\普\0\否\3转:35,点化:70,其他:-99999\技能列表0.txt\100\999:350,其他:0\+200,60\5:250,6:400\200\+100
1534668946181:Miner5716[C7]SummonRule：净盘使者\普\0\否\3转:35,点化:70,其他:-99999\技能列表0.txt\0\999:350,其他:0\+200,60\5:350,6:700\300\+100
1534668946182:Miner5716[C7]SummonRule：火神女娲,符咒女娲,复活女娲\普\1.650\否\3转:35,点化:70,其他:-99999\技能列表0.txt\100\999:350,其他:0\+200,60\5:200,6:300\150\+100
1534669026528:Miner7936[C7]SetTalentRule：40:200,45:300,49:500,55:800,58:1200
1534669026535:Miner7936[C7]SetAchievementRule：3800:100,4000:200,4800:500
1534669026538:Miner7936[C7]SetRankRule：飞升:120,其他:-999999
1534669026539:Miner7936[C7]SummonRule：念,战神女娲,舍生女娲,复活女娲,符咒女娲,火神女娲,粽小仙,佳音小使,碧水精魄,哥俩好,雷兽,罗刹鬼姬,狮蝎,凤凰,蛟龙,雷鸟人,蝴蝶仙子,蜘蛛精,龟丞相,当康,伶俐小虫,西域响马,精细大鬼,妖火狼,蜃影,冥雷,小牛魔王,金不换,九戒,铁扇公主,机械木甲人,妖蝎,如意娃娃,葫芦娃娃,赭炎,苍凛,成年黑熊,幼年黑熊,成年羚羊,幼年羚羊,成年黄牛,幼年黄牛,成年桃源麝,幼年桃源麝,成年灵鹿,幼年灵鹿,成年羊驼,幼年羊驼,成年金钱豹,幼年金钱豹,成年蟾宫兔,幼年蟾宫兔,成年仙屏雀,幼年仙屏雀,成年冰羽鹤,幼年冰羽鹤,成年水晶蚌,幼年水晶蚌,迦楼罗王,赤焰妖,喷火牛,泥石怪,水灵仙,食土兽,金刚仙,桃花仙,桃树精,神灵,猴精,神兵,地狱战神,野蛮王,死灵,独眼巨人,寒钢怪,鼠怪,古代瑞兽,山妖,精怪,鸟嘴兽,冲冲虫,三尾怪,两角怪,白虎,冰熊,修罗,幽灵,孤魂,冤魂,野鬼,吸血鬼,无身鬼,无头鬼,水妖,黑熊精,打手,蟹将,虾兵,蛤蟆精,树妖,黑熊,强盗,老虎,大鹏,大象,狮子,鳄鱼,千年老妖,鸡精,骷髅怪,小龙女,山贼,女妖,毒蜂,狐狸精,女贼,衙役,士兵,花妖,鱼怪,流氓,武士,野狗,牛妖,小妖,家丁,夜叉,猪怪,羊头怪,兔妖,稻草人,银狐,海龟,蝙蝠,毒蛇,蜘蛛,飞鱼,蟾蜍\普\0\否\3转:30,点化:50,其他:-99999\技能列表0.txt\100\999:40,其他:0\+200,60\6:100\0\+100
1534669026549:Miner7936[C7]SummonRule：念,战神女娲,舍生女娲,复活女娲,符咒女娲,火神女娲,粽小仙,佳音小使,碧水精魄,哥俩好,雷兽,罗刹鬼姬,狮蝎,凤凰,蛟龙,雷鸟人,蝴蝶仙子,蜘蛛精,龟丞相,当康,伶俐小虫,西域响马,精细大鬼,妖火狼,蜃影,冥雷,小牛魔王,金不换,九戒,铁扇公主,机械木甲人,妖蝎,如意娃娃,葫芦娃娃,赭炎,苍凛,成年黑熊,幼年黑熊,成年羚羊,幼年羚羊,成年黄牛,幼年黄牛,成年桃源麝,幼年桃源麝,成年灵鹿,幼年灵鹿,成年羊驼,幼年羊驼,成年金钱豹,幼年金钱豹,成年蟾宫兔,幼年蟾宫兔,成年仙屏雀,幼年仙屏雀,成年冰羽鹤,幼年冰羽鹤,成年水晶蚌,幼年水晶蚌,迦楼罗王,赤焰妖,喷火牛,泥石怪,水灵仙,食土兽,金刚仙,桃花仙,桃树精,神灵,猴精,神兵,地狱战神,野蛮王,死灵,独眼巨人,寒钢怪,鼠怪,古代瑞兽,山妖,精怪,鸟嘴兽,冲冲虫,三尾怪,两角怪,白虎,冰熊,修罗,幽灵,孤魂,冤魂,野鬼,吸血鬼,无身鬼,无头鬼,水妖,黑熊精,打手,蟹将,虾兵,蛤蟆精,树妖,黑熊,强盗,老虎,大鹏,大象,狮子,鳄鱼,千年老妖,鸡精,骷髅怪,小龙女,山贼,女妖,毒蜂,狐狸精,女贼,衙役,士兵,花妖,鱼怪,流氓,武士,野狗,牛妖,小妖,家丁,夜叉,猪怪,羊头怪,兔妖,稻草人,银狐,海龟,蝙蝠,毒蛇,蜘蛛,飞鱼,蟾蜍\普\0\是\3转:30,点化:50,其他:-99999\技能列表0.txt\100\999:40,其他:0\+200,60\6:100\0\+100
1534669026551:Miner7936[C7]SummonRule：凤凰,超级毒蛇,超级蟾蜍,超级海龟,超级蜘蛛,超级飞鱼,哥俩好,雷兽,罗刹鬼姬,蛟龙,狮蝎,雷鸟人,龟丞相,蜘蛛精\神\0\否\3转:30,点化:50,其他:-99999\技能列表1.txt\100\999:2000,其他:0\+200,60\6:2000,7:2500\1500\+100
1534669026552:Miner7936[C7]SummonRule：超级蝙蝠,剑精灵,蝴蝶仙子\神\0\否\3转:30,点化:50,其他:-99999\技能列表1.txt\100\999:8000,其他:0\+200,60\6:2500,7:3500\2000\+100
1534669026552:Miner7936[C7]SummonRule：精卫\普\0\否\3转:35,点化:70,其他:-99999\技能列表0.txt\100\999:3000,其他:0\+200,60\5:150,6:400\0\+100
1534669026553:Miner7936[C7]SummonRule：精卫\普\0\是\3转:35,点化:70,其他:-99999\技能列表0.txt\100\999:3000,其他:0\+200,60\5:150,6:400\200\+100
1534669026553:Miner7936[C7]SummonRule：松鼠,剑精灵,黄金兽,冥灵妃子,冰雪魔\普\0\否\3转:35,点化:70,其他:-99999\技能列表0.txt\100\999:100,其他:0\+200,60\5:100,6:200\0\+100
1534669026554:Miner7936[C7]SummonRule：松鼠,剑精灵,黄金兽,冥灵妃子,冰雪魔\普\0\是\3转:35,点化:70,其他:-99999\技能列表0.txt\100\999:100,其他:0\+200,60\5:200,6:300\150\+100
1534669026555:Miner7936[C7]SummonRule：拨浪鼓\普\0\否\3转:35,点化:70,其他:-99999\技能列表0.txt\100\999:100,其他:0\+200,60\5:150,6:400\0\+100
1534669026555:Miner7936[C7]SummonRule：拨浪鼓\普\0\是\3转:35,点化:70,其他:-99999\技能列表0.txt\100\999:100,其他:0\+200,60\5:150,6:400\0\+100
1534669026556:Miner7936[C7]SummonRule：蹴鞠宗师,俏魁娘,狮虎兽,天龙女\普\0\否\3转:35,点化:70,其他:-99999\技能列表0.txt\100\999:100,其他:0\+200,60\5:100,6:200\0\+100
1534669026556:Miner7936[C7]SummonRule：蹴鞠宗师,俏魁娘,狮虎兽,天龙女\普\0\是\3转:35,点化:70,其他:-99999\技能列表0.txt\100\999:100,其他:0\+200,60\5:100,6:200\0\+100
1534669026557:Miner7936[C7]SummonRule：吉祥果\普\0\否\3转:35,点化:70,其他:-99999\技能列表0.txt\100\999:100,其他:0\+200,60\5:200,6:500\150\+100
1534669026557:Miner7936[C7]SummonRule：吉祥果\普\0\是\3转:35,点化:70,其他:-99999\技能列表0.txt\100\999:100,其他:0\+200,60\5:200,6:500\150\+100
1534669026558:Miner7936[C7]SummonRule：孟极\普\0\否\3转:35,点化:70,其他:-99999\技能列表0.txt\100\10:1000,999:2000,其他:1000\+200,60\5:1500,6:2500\1200\+100
1534669026558:Miner7936[C7]SummonRule：孟极\普\0\是\3转:35,点化:70,其他:-99999\技能列表0.txt\100\10:1000,999:3000,其他:1000\+200,60\5:2500,6:3000\1800\+100
1534669026559:Miner7936[C7]SummonRule：北冥龙君\普\0\否\3转:35,点化:70,其他:-99999\技能列表0.txt\100\999:400,其他:0\+200,60\5:400,6:600\200\+100
1534669026560:Miner7936[C7]SummonRule：北冥龙君\普\0\是\3转:35,点化:70,其他:-99999\技能列表0.txt\100\999:500,其他:0\+200,60\5:500,6:700\300\+100
1534669026560:Miner7936[C7]SummonRule：龙马,孔雀明王,妙音鸾女\普\0\否\3转:35,点化:70,其他:-99999\技能列表0.txt\100\999:600,其他:0\+200,60\5:500,6:700\400\+100
1534669026561:Miner7936[C7]SummonRule：龙马,孔雀明王,妙音鸾女\普\0\是\3转:35,点化:70,其他:-99999\技能列表0.txt\100\999:600,其他:0\+200,60\5:700,6:900\600\+100
1534669026561:Miner7936[C7]SummonRule：画皮娘子\普\0\否\3转:35,点化:70,其他:-99999\技能列表0.txt\100\999:500,其他:0\+200,60\5:400,6:500\300\+100
1534669026562:Miner7936[C7]SummonRule：画皮娘子\普\0\是\3转:35,点化:70,其他:-99999\技能列表0.txt\100\999:500,其他:0\+200,60\5:600,6:800\500\+100
1534669026562:Miner7936[C7]SummonRule：狐小妖\普\0\否\3转:35,点化:70,其他:-99999\技能列表0.txt\100\999:2000,其他:0\+200,60\5:900,6:1400\300\+100
1534669026563:Miner7936[C7]SummonRule：画中仙\神\0\否\3转:30,点化:50,其他:-99999\技能列表1.txt\100\999:30000,其他:0\+200,60\5:8500,6:9000\8000\+100
1534669026564:Miner7936[C7]SummonRule：年\神\0\否\3转:30,点化:50,其他:-99999\技能列表1.txt\100\999:30000,其他:0\+200,60\6:14500,7:15000\14000\+100
1534669026564:Miner7936[C7]SummonRule：白泽\神\0\否\3转:30,点化:50,其他:-99999\技能列表1.txt\100\999:6000,其他:0\+200,60\6:7500,7:8000\7000\+100
1534669026565:Miner7936[C7]SummonRule：颜如玉\神\0\否\3转:30,点化:50,其他:-99999\技能列表1.txt\100\999:5000,其他:0\+200,60\6:2500,7:3000\2100\+100　
1534669026565:Miner7936[C7]SummonRule：范式之魂\神\0\否\3转:30,点化:50,其他:-99999\技能列表1.txt\100\999:5000,其他:0\+200,60\6:3800,7:4000\3500\+100　
1534669026566:Miner7936[C7]SummonRule：垂云叟\神\0\否\3转:30,点化:50,其他:-99999\技能列表1.txt\100\999:5000,其他:0\+200,60\6:1200,7:1500\1100\+100
1534669026567:Miner7936[C7]SummonRule：浪淘沙\神\0\否\3转:30,点化:50,其他:-99999\技能列表1.txt\100\999:5000,其他:0\+200,60\6:1800,7:2000\1500\+100
1534669026567:Miner7936[C7]SummonRule：五叶\神\0\否\3转:30,点化:50,其他:-99999\技能列表1.txt\100\999:5000,其他:0\+200,60\6:2800,7:3200\2700\+100
1534669026568:Miner7936[C7]SummonRule：白衣狂生\神\0\否\3转:30,点化:50,其他:-99999\技能列表1.txt\100\999:5000,其他:0\+200,60\6:3500,7:4000\3000\+100
1534669026568:Miner7936[C7]SummonRule：点朱美人\神\0\否\3转:30,点化:50,其他:-99999\技能列表1.txt\100\999:5000,其他:0\+200,60\6:5200,7:5500\5000\+100
1534669026569:Miner7936[C7]SummonRule：龙太子\神\0\否\3转:30,点化:50,其他:-99999\技能列表1.txt\100\999:4000,其他:0\+200,60\6:5200,7:5500\5000\+100
1534669026569:Miner7936[C7]SummonRule：牛魔王\神\0\否\3转:30,点化:50,其他:-99999\技能列表1.txt\100\999:6000,其他:0\+200,60\6:7200,7:7500\7000\+100
1534669026570:Miner7936[C7]SummonRule：绛云仙子\神\0\否\3转:30,点化:50,其他:-99999\技能列表1.txt\100\999:6000,其他:0\+200,60\6:5200,7:5500\5000\+100
1534669026570:Miner7936[C7]SummonRule：玄黛夫人\神\0\否\3转:30,点化:50,其他:-99999\技能列表1.txt\100\999:6000,其他:0\+200,60\6:4500,7:5000\4000\+100
1534669026571:Miner7936[C7]SummonRule：泾河龙王\神\0\否\3转:30,点化:50,其他:-99999\技能列表1.txt\100\999:6000,其他:0\+200,60\6:4500,7:5000\4000\+100
1534669026571:Miner7936[C7]SummonRule：碧桃娘子\神\0\否\3转:30,点化:50,其他:-99999\技能列表1.txt\100\999:6000,其他:0\+200,60\6:3800,7:4000\3500\+100
1534669026572:Miner7936[C7]SummonRule：麒麟兽\普\0\否\3转:30,点化:50,其他:-99999\技能列表0.txt\100\999:40,其他:0\+200,60\5:50,6:100\0\+100
1534669026572:Miner7936[C7]SummonRule：麒麟兽\普\0\是\3转:30,点化:50,其他:-99999\技能列表0.txt\100\999:40,其他:0\+200,60\5:150,6:300\100\+100
1534669026573:Miner7936[C7]SummonRule：女贼之灵,金身罗汉,桃花娘子,百花之灵,玉兔,黄巾力士,千年灵狐,蟹将军,渔见愁,霹雳手\普\0\否\3转:35,点化:70,其他:-99999\技能列表0.txt\100\999:350,其他:0\+200,60\5:150,6:250\120\+100
1534669026573:Miner7936[C7]SummonRule：避水金睛兽,龙门水将,护山大神,巡海夜叉,火麒麟,狐不皈\普\0\否\3转:35,点化:70,其他:-99999\技能列表0.txt\100\999:350,其他:0\+200,60\5:250,6:400\200\+100
1534669026574:Miner7936[C7]SummonRule：净盘使者\普\0\否\3转:35,点化:70,其他:-99999\技能列表0.txt\0\999:350,其他:0\+200,60\5:350,6:700\300\+100
1534669026575:Miner7936[C7]SummonRule：火神女娲,符咒女娲,复活女娲\普\1.650\否\3转:35,点化:70,其他:-99999\技能列表0.txt\100\999:350,其他:0\+200,60\5:200,6:300\150\+100
