1534596496726:Miner8824[C7]进程加载完成,等待1000ms
1534596497637:Miner8824[C7]Status:更新设置
1534596497639:Miner8824[C7]Status:目标服务器加载完成,共计1个
1534596501957:Miner8824[C7]Status:祭剑魂售价过高
1534596501966:Miner8824[C7]Status:2次刷新 剑烛沧海 结束
1534596504965:Miner8824[C7]Status:3次刷新 剑烛沧海 结束
1534596510306:Miner8824[C7]Status:4次刷新 剑烛沧海 结束
1534596514870:Miner8824[C7]Status:5次刷新 剑烛沧海 结束
1534596520551:Miner8824[C7]Status:6次刷新 剑烛沧海 结束
1534596521889:Miner8824[C7]Status:7次刷新 剑烛沧海 结束
1534596525679:Miner8824[C7]Status:8次刷新 剑烛沧海 结束
1534596529662:Miner8824[C7]Status:9次刷新 剑烛沧海 结束
1534596535146:Miner8824[C7]Status:10次刷新 剑烛沧海 结束
1534596539790:Miner8824[C7]Status:11次刷新 剑烛沧海 结束
1534596541685:Miner8824[C7]Status:12次刷新 剑烛沧海 结束
1534596544988:Miner8824[C7]Status:13次刷新 剑烛沧海 结束
1534596550434:Miner8824[C7]Status:14次刷新 剑烛沧海 结束
1534596554801:Miner8824[C7]Status:15次刷新 剑烛沧海 结束
1534596557464:Miner8824[C7]Status:16次刷新 剑烛沧海 结束
1534596561855:Miner8824[C7]Status:17次刷新 剑烛沧海 结束
1534596567587:Miner8824[C7]Status:18次刷新 剑烛沧海 结束
1534596570127:Miner8824[C7]Status:19次刷新 剑烛沧海 结束
1534596574282:Miner8824[C7]Status:20次刷新 剑烛沧海 结束
1534596578103:Miner8824[C7]Status:21次刷新 剑烛沧海 结束
1534596583681:Miner8824[C7]Status:22次刷新 剑烛沧海 结束
1534596590331:Miner8824[C7]Status:23次刷新 剑烛沧海 结束
1534596592193:Miner8824[C7]Status:24次刷新 剑烛沧海 结束
