1534667663911:Miner16824[C7]进程加载完成,等待1000ms
1534667664823:Miner16824[C7]Status:更新设置
1534667664825:Miner16824[C7]Status:目标服务器加载完成,共计1个
1534667665131:Miner16824[C7]Status:加载页面失败.
1534667665132:Miner16824[C7]加载页面失败.即将结束:1000
1534668591598:Miner6592[C7]Status:更新设置
1534668591599:Miner6592[C7]Status:目标服务器加载完成,共计1个
1534668591600:Miner6592[C7]加载代理ip失败
1534668946191:Miner5716[C7]Status:更新设置
1534668946193:Miner5716[C7]Status:目标服务器加载完成,共计1个
1534668946194:Miner5716[C7]Status:已加载ip123.153.171.75:10046
1534668949777:Miner5716[C7]Status:霜月灵售价过高
1534668949779:Miner5716[C7]Status:2次刷新 剑烛沧海 结束
1534668952242:Miner5716[C7]Status:3次刷新 剑烛沧海 结束
1534668955283:Miner5716[C7]Status:4次刷新 剑烛沧海 结束
1534668957266:Miner5716[C7]Status:5次刷新 剑烛沧海 结束
1534668959516:Miner5716[C7]Status:6次刷新 剑烛沧海 结束
1534668961897:Miner5716[C7]Status:7次刷新 剑烛沧海 结束
1534668964585:Miner5716[C7]Status:8次刷新 剑烛沧海 结束
1534668966421:Miner5716[C7]Status:9次刷新 剑烛沧海 结束
1534668968377:Miner5716[C7]Status:10次刷新 剑烛沧海 结束
1534668971656:Miner5716[C7]Status:11次刷新 剑烛沧海 结束
1534668974730:Miner5716[C7]Status:12次刷新 剑烛沧海 结束
1534668977654:Miner5716[C7]Status:13次刷新 剑烛沧海 结束
1534668979829:Miner5716[C7]Status:14次刷新 剑烛沧海 结束
1534668982094:Miner5716[C7]Status:15次刷新 剑烛沧海 结束
1534668984913:Miner5716[C7]Status:16次刷新 剑烛沧海 结束
1534668986852:Miner5716[C7]Status:17次刷新 剑烛沧海 结束
1534668989532:Miner5716[C7]Status:18次刷新 剑烛沧海 结束
1534668991615:Miner5716[C7]Status:19次刷新 剑烛沧海 结束
1534668994065:Miner5716[C7]Status:20次刷新 剑烛沧海 结束
1534669026582:Miner7936[C7]Status:更新设置
1534669026583:Miner7936[C7]Status:目标服务器加载完成,共计1个
1534669026584:Miner7936[C7]Status:已加载ip115.209.48.244:10011
