1534667662157:Miner4816[C5]进程加载完成,等待1000ms
1534667663068:Miner4816[C5]Status:更新设置
1534667663070:Miner4816[C5]Status:目标服务器加载完成,共计1个
1534667663308:Miner4816[C5]Status:加载页面失败.
1534667663309:Miner4816[C5]加载页面失败.即将结束:1000
1534668578465:Miner11056[C5]Status:更新设置
1534668578466:Miner11056[C5]Status:目标服务器加载完成,共计1个
1534668578468:Miner11056[C5]加载代理ip失败
1534668928848:Miner15104[C5]Status:更新设置
1534668928849:Miner15104[C5]Status:目标服务器加载完成,共计1个
1534668928851:Miner15104[C5]Status:已加载ip49.73.32.82:10050
1534668933552:Miner15104[C5]Status:青阳使售价过高
1534668933553:Miner15104[C5]Status:2次刷新 剑胆琴心 结束
1534668936372:Miner15104[C5]Status:3次刷新 剑胆琴心 结束
1534668938832:Miner15104[C5]Status:4次刷新 剑胆琴心 结束
1534668941515:Miner15104[C5]Status:5次刷新 剑胆琴心 结束
1534668944393:Miner15104[C5]Status:6次刷新 剑胆琴心 结束
1534668946607:Miner15104[C5]Status:7次刷新 剑胆琴心 结束
1534668949572:Miner15104[C5]Status:8次刷新 剑胆琴心 结束
1534668952782:Miner15104[C5]Status:9次刷新 剑胆琴心 结束
1534668958657:Miner15104[C5]Status:10次刷新 剑胆琴心 结束
1534668961932:Miner15104[C5]Status:11次刷新 剑胆琴心 结束
1534668964945:Miner15104[C5]Status:12次刷新 剑胆琴心 结束
1534668967380:Miner15104[C5]Status:13次刷新 剑胆琴心 结束
1534668969509:Miner15104[C5]Status:14次刷新 剑胆琴心 结束
1534668972758:Miner15104[C5]Status:15次刷新 剑胆琴心 结束
1534668975606:Miner15104[C5]Status:16次刷新 剑胆琴心 结束
1534668978230:Miner15104[C5]Status:17次刷新 剑胆琴心 结束
1534668980783:Miner15104[C5]Status:18次刷新 剑胆琴心 结束
1534668983365:Miner15104[C5]Status:19次刷新 剑胆琴心 结束
1534668986129:Miner15104[C5]Status:20次刷新 剑胆琴心 结束
1534668988419:Miner15104[C5]Status:21次刷新 剑胆琴心 结束
1534668990514:Miner15104[C5]Status:22次刷新 剑胆琴心 结束
1534668992968:Miner15104[C5]Status:23次刷新 剑胆琴心 结束
1534668995634:Miner15104[C5]Status:24次刷新 剑胆琴心 结束
1534669025389:Miner3916[C5]Status:更新设置
1534669025391:Miner3916[C5]Status:目标服务器加载完成,共计1个
1534669025393:Miner3916[C5]Status:已加载ip221.225.12.111:10021
1534669029824:Miner3916[C5]Status:逆天魔售价过高
1534669029826:Miner3916[C5]Status:2次刷新 龙城飞将 结束
1534669033067:Miner3916[C5]Status:3次刷新 龙城飞将 结束
1534669035619:Miner3916[C5]Status:4次刷新 龙城飞将 结束
1534669038170:Miner3916[C5]Status:5次刷新 龙城飞将 结束
1534669039870:Miner3916[C5]Status:6次刷新 龙城飞将 结束
1534669042835:Miner3916[C5]Status:7次刷新 龙城飞将 结束
1534669046004:Miner3916[C5]Status:8次刷新 龙城飞将 结束
1534669048227:Miner3916[C5]Status:9次刷新 龙城飞将 结束
1534669051715:Miner3916[C5]Status:10次刷新 龙城飞将 结束
1534669055196:Miner3916[C5]Status:11次刷新 龙城飞将 结束
1534669057657:Miner3916[C5]Status:12次刷新 龙城飞将 结束
1534669060343:Miner3916[C5]Status:13次刷新 龙城飞将 结束
1534669064019:Miner3916[C5]Status:14次刷新 龙城飞将 结束
1534669070954:Miner3916[C5]Status:15次刷新 龙城飞将 结束
1534669076620:Miner3916[C5]Status:16次刷新 龙城飞将 结束
1534669079997:Miner3916[C5]Status:17次刷新 龙城飞将 结束
1534669082828:Miner3916[C5]Status:18次刷新 龙城飞将 结束
1534669086940:Miner3916[C5]Status:19次刷新 龙城飞将 结束
1534669089985:Miner3916[C5]Status:20次刷新 龙城飞将 结束
1534669092922:Miner3916[C5]Status:21次刷新 龙城飞将 结束
1534669095944:Miner3916[C5]Status:22次刷新 龙城飞将 结束
1534669098997:Miner3916[C5]Status:23次刷新 龙城飞将 结束
1534669102117:Miner3916[C5]Status:24次刷新 龙城飞将 结束
1534669105333:Miner3916[C5]Status:25次刷新 龙城飞将 结束
1534669106940:Miner3916[C5]Status:26次刷新 龙城飞将 结束
1534669109733:Miner3916[C5]Status:27次刷新 龙城飞将 结束
1534669112149:Miner3916[C5]Status:28次刷新 龙城飞将 结束
1534669114264:Miner3916[C5]Status:29次刷新 龙城飞将 结束
1534669117359:Miner3916[C5]Status:30次刷新 龙城飞将 结束
1534669121408:Miner3916[C5]Status:31次刷新 龙城飞将 结束
1534669124339:Miner3916[C5]Status:32次刷新 龙城飞将 结束
1534669127170:Miner3916[C5]Status:33次刷新 龙城飞将 结束
1534669129303:Miner3916[C5]Status:34次刷新 龙城飞将 结束
1534669134190:Miner3916[C5]Status:35次刷新 龙城飞将 结束
1534669137842:Miner3916[C5]Status:36次刷新 龙城飞将 结束
1534669139893:Miner3916[C5]Status:37次刷新 龙城飞将 结束
1534669142520:Miner3916[C5]Status:38次刷新 龙城飞将 结束
1534669145414:Miner3916[C5]Status:39次刷新 龙城飞将 结束
1534669148894:Miner3916[C5]Status:40次刷新 龙城飞将 结束
1534669151733:Miner3916[C5]Status:41次刷新 龙城飞将 结束
