1534667663211:Miner1216[C6]进程加载完成,等待1000ms
1534667664173:Miner1216[C6]Status:更新设置
1534667664175:Miner1216[C6]Status:目标服务器加载完成,共计1个
1534667664414:Miner1216[C6]Status:加载页面失败.
1534667664415:Miner1216[C6]加载页面失败.即将结束:1000
1534668131870:Miner3696[C6]Status:更新设置
1534668131871:Miner3696[C6]Status:目标服务器加载完成,共计1个
1534668131873:Miner3696[C6]加载代理ip失败
1534668587984:Miner8832[C6]Status:更新设置
1534668587986:Miner8832[C6]Status:目标服务器加载完成,共计1个
1534668587988:Miner8832[C6]加载代理ip失败
1534668930644:Miner16196[C6]Status:更新设置
1534668930646:Miner16196[C6]Status:目标服务器加载完成,共计1个
1534668930648:Miner16196[C6]Status:已加载ip125.106.117.126:10050
1534669026043:Miner17432[C6]Status:更新设置
1534669026045:Miner17432[C6]Status:目标服务器加载完成,共计1个
1534669026048:Miner17432[C6]Status:已加载ip121.238.151.65:10045
1534669030330:Miner17432[C6]Status:青阳使售价过高
1534669030332:Miner17432[C6]Status:2次刷新 剑胆琴心 结束
1534669033752:Miner17432[C6]Status:3次刷新 剑胆琴心 结束
1534669036799:Miner17432[C6]Status:4次刷新 剑胆琴心 结束
1534669039347:Miner17432[C6]Status:5次刷新 剑胆琴心 结束
1534669043172:Miner17432[C6]Status:6次刷新 剑胆琴心 结束
1534669046295:Miner17432[C6]Status:7次刷新 剑胆琴心 结束
1534669050044:Miner17432[C6]Status:8次刷新 剑胆琴心 结束
1534669053026:Miner17432[C6]Status:9次刷新 剑胆琴心 结束
1534669057535:Miner17432[C6]Status:10次刷新 剑胆琴心 结束
1534669060468:Miner17432[C6]Status:11次刷新 剑胆琴心 结束
1534669064261:Miner17432[C6]Status:12次刷新 剑胆琴心 结束
1534669068382:Miner17432[C6]Status:13次刷新 剑胆琴心 结束
1534669074494:Miner17432[C6]Status:14次刷新 剑胆琴心 结束
1534669078132:Miner17432[C6]Status:15次刷新 剑胆琴心 结束
1534669082053:Miner17432[C6]Status:16次刷新 剑胆琴心 结束
1534669085134:Miner17432[C6]Status:17次刷新 剑胆琴心 结束
1534669088048:Miner17432[C6]Status:18次刷新 剑胆琴心 结束
1534669091440:Miner17432[C6]Status:19次刷新 剑胆琴心 结束
1534669094575:Miner17432[C6]Status:20次刷新 剑胆琴心 结束
1534669097164:Miner17432[C6]Status:21次刷新 剑胆琴心 结束
1534669099775:Miner17432[C6]Status:22次刷新 剑胆琴心 结束
1534669103305:Miner17432[C6]Status:23次刷新 剑胆琴心 结束
1534669106490:Miner17432[C6]Status:24次刷新 剑胆琴心 结束
1534669109941:Miner17432[C6]Status:25次刷新 剑胆琴心 结束
1534669112141:Miner17432[C6]Status:26次刷新 剑胆琴心 结束
1534669114660:Miner17432[C6]Status:27次刷新 剑胆琴心 结束
1534669117834:Miner17432[C6]Status:28次刷新 剑胆琴心 结束
1534669119475:Miner17432[C6]Status:29次刷新 剑胆琴心 结束
1534669122464:Miner17432[C6]Status:30次刷新 剑胆琴心 结束
1534669125423:Miner17432[C6]Status:31次刷新 剑胆琴心 结束
1534669127254:Miner17432[C6]Status:32次刷新 剑胆琴心 结束
1534669130161:Miner17432[C6]Status:33次刷新 剑胆琴心 结束
