1534596577569:Miner15088[C17]新物品召唤兽种类:
剑精灵$普$1.575$不变色
冥灵妃子$普$1.575$不变色
天官$普$1.475$不变色
冥灵妃子$普$1.575$不变色
妖蝎$普$1.604$不变色
冰雪魔$普$1.604$不变色
北冥龙君$普$1.653$不变色
妖火狼$普$1.604$不变色

1534596577576:Miner15088[C17]人物估价: Max(等级(120),飞升等级=> 天赋(0)+成就(0))+财产(0)+帮派成就(0)+家具回灵(0)
1534596577584:Miner15088[C17]召唤兽估价max((等级点化166级(70)+技能.木灵诀,如人饮水,春意盎然,逢源(0)+技能数量4(0)+基础剑精灵$普$1.575$不变色(0)+修炼无修炼(0)),(觉醒技能未觉醒(0)+饰品-1(0)))
1534596577584:Miner15088[C17]召唤兽估价max((等级3转169级(35)+技能.闪现(0)+技能数量1(0)+基础冥灵妃子$普$1.575$不变色(0)+修炼无修炼(0)),(觉醒技能未觉醒(0)+饰品-1(0)))
1534596577585:Miner15088[C17]类型库中不存在天官$普$1.475$不变色当前库共有368种
1534596577586:Miner15088[C17]召唤兽估价max((等级点化168级(70)+技能.福禄双全,朗月清风,倍道兼行(0)+技能数量3(0)+基础冥灵妃子$普$1.575$不变色(0)+修炼无修炼(0)),(觉醒技能未觉醒(0)+饰品-1(0)))
1534596577586:Miner15088[C17]召唤兽估价max((等级点化166级(50)+技能.高级反哺之私,万籁俱寂,吉人天相,源泉万斛(0)+技能数量4(0)+基础妖蝎$普$1.604$不变色(0)+修炼无修炼(0)),(觉醒技能未觉醒(0)+饰品-1(0)))
1534596577587:Miner15088[C17]召唤兽估价max((等级3转167级(35)+技能.悬刃,枯木逢春(0)+技能数量2(0)+基础冰雪魔$普$1.604$不变色(0)+修炼无修炼(0)),(觉醒技能未觉醒(0)+饰品-1(0)))
1534596577587:Miner15088[C17]召唤兽估价max((等级点化170级(70)+技能义之金叶神.义之金叶神,高级分裂攻击,神工鬼力,仙风道骨(80)+技能数量4(0)+基础北冥龙君$普$1.653$不变色(200)+修炼无修炼(0)),(觉醒技能未觉醒(0)+饰品-1(0)))
1534596577588:Miner15088[C17]召唤兽估价max((等级3转154级(30)+技能.恨仙(0)+技能数量1(0)+基础妖火狼$普$1.604$不变色(0)+修炼无修炼(0)),(觉醒技能未觉醒(0)+饰品-1(0)))
1534596577592:Miner15088[C17]7级装备默契:5833/12000,价值:60
1534596577593:Miner15088[C17]6级装备默契:8375/10000,价值:30
1534596577594:Miner15088[C17]6级装备默契:10000/10000,价值:30
1534596577594:Miner15088[C17]6级装备默契:7052/10000,价值:25
1534596577595:Miner15088[C17]6级装备默契:6533/10000,价值:25
1534596577595:Miner15088[C17]7级装备默契:6079/12000,价值:60
1534596577596:Miner15088[C17]总估价:(120+490+230=840*100%=840),TimeStamp=1534596577596
