1534668576382:Miner15428[C3]新物品召唤兽种类:

1534668576389:Miner15428[C3]人物估价: Max(等级(120),飞升等级=> 天赋(0)+成就(0))+财产(0)+帮派成就(0)+家具回灵(0)
1534668576391:Miner15428[C3]总估价:(120+0+0=120*100%=120),TimeStamp=1534668576391
1534668931848:Miner19392[C3]新物品召唤兽种类:
孔雀明王$普$1.653$不变色
冰雪魔$普$1.634$不变色
天官$普$1.475$不变色

1534668931856:Miner19392[C3]人物估价: Max(等级(120),飞升等级=> 天赋(300)+成就(500))+财产(0)+帮派成就(0)+家具回灵(60)
1534668931862:Miner19392[C3]召唤兽估价max((等级点化178级(70)+技能信之土叶神.信之土叶神,吉人天相,取之有道,仙风道骨(80)+技能数量4(0)+基础孔雀明王$普$1.653$不变色(400)+修炼无修炼(0)),(觉醒技能未觉醒(0)+饰品-1(0)))
1534668931863:Miner19392[C3]召唤兽估价max((等级点化173级(70)+技能.枯木逢春,高级清明术,帐饮东都,已开启(0)+技能数量4(0)+基础冰雪魔$普$1.634$不变色(0)+修炼无修炼(0)),(觉醒技能未觉醒(0)+饰品-1(0)))
1534668931864:Miner19392[C3]类型库中不存在天官$普$1.475$不变色当前库共有368种
1534668931869:Miner19392[C3]7级装备默契:11130/12000,价值:80
1534668931870:Miner19392[C3]7级装备默契:12000/12000,价值:80
1534668931871:Miner19392[C3]7级装备默契:12000/12000,价值:80
1534668931872:Miner19392[C3]7级装备默契:12000/12000,价值:80
1534668931872:Miner19392[C3]7级装备默契:10862/12000,价值:80
1534668931873:Miner19392[C3]7级装备默契:9200/12000,价值:60
1534668931873:Miner19392[C3]不存在的等级规则:4
1534668931874:Miner19392[C3]不存在的等级规则:3
1534668931874:Miner19392[C3]不存在的等级规则:4
1534668931875:Miner19392[C3]总估价:(860+470+460=1790*100%=1790),TimeStamp=1534668931875
