1534667660321:Miner13352[C3]进程加载完成,等待1000ms
1534667661234:Miner13352[C3]Status:更新设置
1534667661235:Miner13352[C3]Status:目标服务器加载完成,共计1个
1534667661752:Miner13352[C3]Status:加载页面失败.
1534667661753:Miner13352[C3]加载页面失败.即将结束:1000
1534668573257:Miner15428[C3]Status:更新设置
1534668573259:Miner15428[C3]Status:目标服务器加载完成,共计1个
1534668573261:Miner15428[C3]Status:已加载ip222.188.238.103:10040
1534668576392:Miner15428[C3]Status:智圣仙售价过高
1534668576395:Miner15428[C3]Status:2次刷新 太初幻境 结束
1534668579815:Miner15428[C3]Status:3次刷新 太初幻境 结束
1534668582177:Miner15428[C3]Status:4次刷新 太初幻境 结束
1534668584335:Miner15428[C3]Status:5次刷新 太初幻境 结束
1534668586594:Miner15428[C3]Status:6次刷新 太初幻境 结束
1534668588942:Miner15428[C3]Status:7次刷新 太初幻境 结束
1534668591437:Miner15428[C3]Status:8次刷新 太初幻境 结束
1534668594411:Miner15428[C3]Status:9次刷新 太初幻境 结束
1534668596461:Miner15428[C3]Status:10次刷新 太初幻境 结束
1534668598976:Miner15428[C3]Status:11次刷新 太初幻境 结束
1534668601134:Miner15428[C3]Status:12次刷新 太初幻境 结束
1534668603530:Miner15428[C3]Status:13次刷新 太初幻境 结束
1534668605513:Miner15428[C3]Status:14次刷新 太初幻境 结束
1534668607277:Miner15428[C3]Status:15次刷新 太初幻境 结束
1534668927711:Miner19392[C3]Status:更新设置
1534668927714:Miner19392[C3]Status:目标服务器加载完成,共计1个
1534668927715:Miner19392[C3]Status:已加载ip117.94.71.49:10005
1534668931877:Miner19392[C3]Status:武尊神售价过高
1534668931879:Miner19392[C3]Status:2次刷新 太初幻境 结束
1534668934505:Miner19392[C3]Status:3次刷新 太初幻境 结束
1534668936820:Miner19392[C3]Status:4次刷新 太初幻境 结束
1534668938629:Miner19392[C3]Status:5次刷新 太初幻境 结束
1534668940572:Miner19392[C3]Status:6次刷新 太初幻境 结束
1534668943357:Miner19392[C3]Status:7次刷新 太初幻境 结束
1534668945173:Miner19392[C3]Status:8次刷新 太初幻境 结束
1534668948158:Miner19392[C3]Status:9次刷新 太初幻境 结束
1534668950692:Miner19392[C3]Status:10次刷新 太初幻境 结束
1534668953133:Miner19392[C3]Status:11次刷新 太初幻境 结束
1534668955899:Miner19392[C3]Status:12次刷新 太初幻境 结束
1534668958036:Miner19392[C3]Status:13次刷新 太初幻境 结束
1534668960625:Miner19392[C3]Status:14次刷新 太初幻境 结束
1534668962692:Miner19392[C3]Status:15次刷新 太初幻境 结束
1534668964311:Miner19392[C3]Status:16次刷新 太初幻境 结束
1534668966581:Miner19392[C3]Status:17次刷新 太初幻境 结束
1534668969048:Miner19392[C3]Status:18次刷新 太初幻境 结束
1534668970983:Miner19392[C3]Status:19次刷新 太初幻境 结束
1534668973143:Miner19392[C3]Status:20次刷新 太初幻境 结束
1534668974900:Miner19392[C3]Status:21次刷新 太初幻境 结束
1534668977783:Miner19392[C3]Status:22次刷新 太初幻境 结束
1534668980505:Miner19392[C3]Status:23次刷新 太初幻境 结束
1534668982858:Miner19392[C3]Status:24次刷新 太初幻境 结束
1534668985102:Miner19392[C3]Status:25次刷新 太初幻境 结束
1534668987506:Miner19392[C3]Status:26次刷新 太初幻境 结束
1534668989974:Miner19392[C3]Status:27次刷新 太初幻境 结束
1534668991825:Miner19392[C3]Status:28次刷新 太初幻境 结束
1534668993951:Miner19392[C3]Status:29次刷新 太初幻境 结束
1534669024247:Miner2044[C3]Status:更新设置
1534669024248:Miner2044[C3]Status:目标服务器加载完成,共计1个
1534669024249:Miner2044[C3]Status:已加载ip115.210.31.3:10001
