090748:Miner3904[C1]ServerListInitilize
090748:Miner3904[C1]进程加载完成
090749:Miner3904[C1]无需要处理的服务器
090750:Miner3904[C1]更新设置
090750:Miner3904[C1]目标服务器加载完成,共计1个
091018:Miner3332[C1]ServerListInitilize
091018:Miner3332[C1]进程加载完成
091019:Miner3332[C1]无需要处理的服务器
091020:Miner3332[C1]更新设置
091020:Miner3332[C1]目标服务器加载完成,共计1个
091042:Miner1132[C1]ServerListInitilize
091042:Miner1132[C1]进程加载完成
091043:Miner1132[C1]无需要处理的服务器
091219:Miner14252[C1]ServerListInitilize
091219:Miner14252[C1]进程加载完成
091219:Miner14252[C1]无需要处理的服务器
091221:Miner14252[C1]更新设置
091221:Miner14252[C1]目标服务器加载完成,共计1个
092554:Miner2592[C1]ServerListInitilize
092554:Miner2592[C1]进程加载完成
092554:Miner2592[C1]无需要处理的服务器
092556:Miner2592[C1]更新设置
092556:Miner2592[C1]目标服务器加载完成,共计1个
092618:Miner3104[C1]ServerListInitilize
092618:Miner3104[C1]进程加载完成
092619:Miner3104[C1]无需要处理的服务器
092620:Miner3104[C1]更新设置
092620:Miner3104[C1]目标服务器加载完成,共计1个
