180902050456:Miner4864[C1]新物品召唤兽种类:
天官$普$1.575$不变色
黄金兽$普$1.605$不变色

180902050456:Miner4864[C1]人物估价: Max(等级(-999999),3转等级=> 天赋(0)+成就(0))+财产(0)+帮派成就(0)+家具回灵(0)
180902050456:Miner4864[C1]类型库中不存在天官$普$1.575$不变色当前库共有370种
180902050456:Miner4864[C1]召唤兽估价max((等级3转170级(35)+技能.风火燎原,高级慈乌反哺,倍道兼行(0)+技能数量3(0)+基础黄金兽$普$1.605$不变色(0)+修炼无修炼(0)),(觉醒技能未觉醒(0)+饰品-1(0)))
180902050456:Miner4864[C1]共有29件装备
180902050456:Miner4864[C1]不存在的等级规则:1
180902050456:Miner4864[C1]0阶仙器价值0'此装效魏晋之士而作，衣者多容止清隽，颇有“目送归鸿，手挥五弦。俯仰自得，游心太玄”的竹林之风。#r【品质】贴身#r【装备部位】腰带#r【装备角色】男性角色'
180902050456:Miner4864[C1]不存在的名称容止
180902050456:Miner4864[C1]符石价值总价:0
180902050456:Miner4864[C1]6级装备默契:1665/10000,价值:25
180902050456:Miner4864[C1]0阶仙器价值0'古老的铜镜，在夜晚拿出来，则会散发出无限清光，使云破月出。#r【等级】六级#r【耐久度】3000#r【最大默契度】10000#r【装备部位】挂件#r【装备角色】全部'
180902050456:Miner4864[C1]不存在的名称霁月古镜
180902050456:Miner4864[C1]符石价值总价:0
180902050456:Miner4864[C1]不存在的等级规则:1
180902050456:Miner4864[C1]0阶仙器价值0'此装效魏晋之士而作，衣者多容止清隽，颇有“目送归鸿，手挥五弦。俯仰自得，游心太玄”的竹林之风。#r【品质】贴身#r【装备部位】披风#r【装备角色】男性角色'
180902050456:Miner4864[C1]不存在的名称容止
180902050456:Miner4864[C1]符石价值总价:0
180902050456:Miner4864[C1]不存在的等级规则:1
180902050456:Miner4864[C1]0阶仙器价值0'紫阳大道，天行有常。乾坤一合，万物归真。#r【品质】把玩#r【装备部位】右戒指#r【装备角色】男性角色'
180902050456:Miner4864[C1]不存在的名称紫阳
180902050456:Miner4864[C1]符石价值总价:0
180902050456:Miner4864[C1]不存在的等级规则:1
180902050456:Miner4864[C1]0阶仙器价值0'紫阳大道，天行有常。乾坤一合，万物归真。#r【品质】把玩#r【装备部位】左戒指#r【装备角色】男性角色'
180902050456:Miner4864[C1]不存在的名称紫阳
180902050456:Miner4864[C1]符石价值总价:0
180902050456:Miner4864[C1]不存在的等级规则:1
180902050456:Miner4864[C1]0阶仙器价值0'此装效魏晋之士而作，衣者多容止清隽，颇有“目送归鸿，手挥五弦。俯仰自得，游心太玄”的竹林之风。#r【品质】贴身#r【装备部位】面具#r【装备角色】男性角色'
180902050456:Miner4864[C1]不存在的名称容止
180902050456:Miner4864[C1]符石价值总价:0
180902050456:Miner4864[C1]不存在的等级规则:1
180902050456:Miner4864[C1]0阶仙器价值0'静岳临渊，气势巍然。#r【等级】十五级#r【装备部位】武器#r【装备角色】剑侠客、逍遥生#r骨精灵、智圣仙、玄剑娥#r飞剑侠、燕山雪、紫薇神#r祭剑魂、红拂女、神秀生#r南冠客、镜花影'
180902050456:Miner4864[C1]不存在的名称静岳
180902050456:Miner4864[C1]符石价值总价:0
180902050456:Miner4864[C1]不存在的等级规则:1
180902050456:Miner4864[C1]0阶仙器价值0'上古神器，可让佩戴者拥有星辰迸裂般的强大力量。#r【等级】十四级#r【耐久度】1400#r【装备条件】等级130#r【装备角色】所有'
180902050456:Miner4864[C1]不存在的名称星辰
180902050456:Miner4864[C1]符石价值总价:0
180902050456:Miner4864[C1]不存在的等级规则:1
180902050456:Miner4864[C1]0阶仙器价值0'#r鹍鸟秋光化作鹏#r翱翔得意尽飞腾#r直冲万里云霄外#r任是诸禽总不能#r#r【等级】四级#r【装备部位】护身符#r【装备角色】全部'
180902050456:Miner4864[C1]不存在的名称鹍鸟化鹏
180902050456:Miner4864[C1]符石价值总价:0
180902050456:Miner4864[C1]不存在的等级规则:1
180902050456:Miner4864[C1]0阶仙器价值0'有灵气的仙履，穿上它可踏雪无痕，瞬息千里#r【等级】十一级#r【耐久度】1100#r【装备条件】等级100#r【装备角色】所有'
180902050456:Miner4864[C1]不存在的名称八宝仙履
180902050456:Miner4864[C1]符石价值总价:0
180902050456:Miner4864[C1]不存在的等级规则:1
180902050456:Miner4864[C1]0阶仙器价值0'此装效魏晋之士而作，衣者多容止清隽，颇有“目送归鸿，手挥五弦。俯仰自得，游心太玄”的竹林之风。#r【品质】贴身#r【装备部位】衣服#r【装备角色】男性角色'
180902050456:Miner4864[C1]不存在的名称容止
180902050456:Miner4864[C1]符石价值总价:0
180902050456:Miner4864[C1]不存在的等级规则:1
180902050456:Miner4864[C1]0阶仙器价值0'此装效魏晋之士而作，衣者多容止清隽，颇有“目送归鸿，手挥五弦。俯仰自得，游心太玄”的竹林之风。#r【品质】贴身#r【装备部位】帽子#r【装备角色】男性角色'
180902050456:Miner4864[C1]不存在的名称容止
180902050456:Miner4864[C1]符石价值总价:0
180902050456:Miner4864[C1]不存在的等级规则:1
180902050456:Miner4864[C1]0阶仙器价值0'非常轻便的靴子，穿起来行走如飞#r【等级】三级#r【装备条件】等级大于20'
180902050456:Miner4864[C1]不存在的名称神行靴
180902050456:Miner4864[C1]符石价值总价:0
180902050456:Miner4864[C1]不存在的等级规则:1
180902050456:Miner4864[C1]0阶仙器价值0'很有灵气的戒指。四圣的千年老树精，每次被你们打输了就很郁闷地把自己身上的草本植物揪下来，编成这样的戒指。#r【等级】一级#r【耐久度】500#r【最大默契度】无#r【装备部位】右手戒指#r【装备角色】全部'
180902050456:Miner4864[C1]不存在的名称灵草戒指
180902050456:Miner4864[C1]符石价值总价:0
180902050456:Miner4864[C1]不存在的等级规则:1
180902050456:Miner4864[C1]0阶仙器价值0'薄如蝉翼的纱巾，可佩戴在面部，给人一种神秘感。#r【等级】一级#r【耐久度】500#r【最大默契度】无#r【装备部位】面具#r【装备角色】女'
180902050456:Miner4864[C1]不存在的名称蝉翼纱巾
180902050456:Miner4864[C1]符石价值总价:0
180902050456:Miner4864[C1]不存在的等级规则:1
180902050456:Miner4864[C1]0阶仙器价值0'昆仑奴面具，佩戴者都有一段刻骨铭心的往事。#r【等级】一级#r【耐久度】500#r【最大默契度】无#r【装备部位】面具#r【装备角色】男'
180902050456:Miner4864[C1]不存在的名称昆仑奴面具
180902050456:Miner4864[C1]符石价值总价:0
180902050456:Miner4864[C1]不存在的等级规则:1
180902050456:Miner4864[C1]0阶仙器价值0'薄如蝉翼的纱巾，可佩戴在面部，给人一种神秘感。#r【等级】一级#r【耐久度】500#r【最大默契度】无#r【装备部位】面具#r【装备角色】女'
180902050456:Miner4864[C1]不存在的名称蝉翼纱巾
180902050456:Miner4864[C1]符石价值总价:0
180902050456:Miner4864[C1]不存在的等级规则:1
180902050456:Miner4864[C1]0阶仙器价值0'犀牛精辟尘儿的内丹，佩戴此物，百毒难入。'
180902050456:Miner4864[C1]不存在的名称辟尘珠
180902050456:Miner4864[C1]符石价值总价:0
180902050456:Miner4864[C1]不存在的等级规则:1
180902050456:Miner4864[C1]0阶仙器价值0'一顶嵌金花帽，唐僧用来约束孙悟空的法宝．'
180902050456:Miner4864[C1]不存在的名称金箍儿
180902050456:Miner4864[C1]符石价值总价:0
180902050456:Miner4864[C1]不存在的等级规则:1
180902050456:Miner4864[C1]0阶仙器价值0'二郎神的法宝，能够明心见性一体真如．'
180902050456:Miner4864[C1]不存在的名称宝莲灯
180902050456:Miner4864[C1]符石价值总价:0
180902050456:Miner4864[C1]不存在的等级规则:1
180902050456:Miner4864[C1]0阶仙器价值0'用红豆和情丝织就的大网，令世间有情种子在劫难逃．'
180902050456:Miner4864[C1]不存在的名称情网
180902050456:Miner4864[C1]符石价值总价:0
180902050456:Miner4864[C1]不存在的等级规则:1
180902050456:Miner4864[C1]0阶仙器价值0'广寒宫至宝，专打世间痴男怨女．'
180902050456:Miner4864[C1]不存在的名称绝情鞭
180902050456:Miner4864[C1]符石价值总价:0
180902050456:Miner4864[C1]不存在的等级规则:1
180902050456:Miner4864[C1]0阶仙器价值0'佛门密宗大手印，渡众生一切苦厄．'
180902050456:Miner4864[C1]不存在的名称大手印
180902050456:Miner4864[C1]符石价值总价:0
180902050456:Miner4864[C1]不存在的等级规则:1
180902050456:Miner4864[C1]0阶仙器价值0'地狱饿鬼的爪子，含沙射影，阴毒无比．'
180902050456:Miner4864[C1]不存在的名称幽冥鬼手
180902050456:Miner4864[C1]符石价值总价:0
180902050456:Miner4864[C1]不存在的等级规则:1
180902050456:Miner4864[C1]0阶仙器价值0'东海孽龙的内丹，具有炼气化神，炼神还虚的神奇功效．'
180902050456:Miner4864[C1]不存在的名称黑龙珠
180902050456:Miner4864[C1]符石价值总价:0
180902050456:Miner4864[C1]不存在的等级规则:1
180902050456:Miner4864[C1]0阶仙器价值0'托塔天王李靖的法宝，能够反震法力伤害．'
180902050456:Miner4864[C1]不存在的名称七宝玲珑塔
180902050456:Miner4864[C1]符石价值总价:0
180902050456:Miner4864[C1]不存在的等级规则:1
180902050456:Miner4864[C1]0阶仙器价值0'大势至菩萨的独门法宝，能破一切魔障．'
180902050456:Miner4864[C1]不存在的名称大势锤
180902050456:Miner4864[C1]符石价值总价:0
180902050456:Miner4864[C1]不存在的等级规则:1
180902050456:Miner4864[C1]0阶仙器价值0'将军府行军打仗的令牌，上书兵法秘要，能够令乾坤挪移．'
180902050456:Miner4864[C1]不存在的名称将军令
180902050456:Miner4864[C1]符石价值总价:0
180902050456:Miner4864[C1]不存在的等级规则:1
180902050456:Miner4864[C1]0阶仙器价值0'紫霞仙子的法宝，能够将转化伤害．'
180902050456:Miner4864[C1]不存在的名称银索金铃
180902050456:Miner4864[C1]符石价值总价:0
180902050456:Miner4864[C1]总估价:(0+35+25=60*100%=60),TimeStamp=1535879096408
