1534669041666:Miner6532[C16]Status:更新设置
1534669041668:Miner6532[C16]Status:目标服务器加载完成,共计1个
1534669041669:Miner6532[C16]Status:已加载ip117.60.88.98:10018
1534669047501:Miner6532[C16]Status:夺命妖售价过高
1534669047503:Miner6532[C16]Status:2次刷新 花朝月夜 结束
1534669051364:Miner6532[C16]Status:3次刷新 花朝月夜 结束
1534669054916:Miner6532[C16]Status:4次刷新 花朝月夜 结束
1534669059895:Miner6532[C16]Status:5次刷新 花朝月夜 结束
1534669063582:Miner6532[C16]Status:6次刷新 花朝月夜 结束
1534669068566:Miner6532[C16]Status:7次刷新 花朝月夜 结束
1534669072823:Miner6532[C16]Status:8次刷新 花朝月夜 结束
1534669075917:Miner6532[C16]Status:9次刷新 花朝月夜 结束
1534669079110:Miner6532[C16]Status:10次刷新 花朝月夜 结束
1534669083338:Miner6532[C16]Status:11次刷新 花朝月夜 结束
1534669086540:Miner6532[C16]Status:12次刷新 花朝月夜 结束
1534669088830:Miner6532[C16]Status:13次刷新 花朝月夜 结束
1534669091896:Miner6532[C16]Status:14次刷新 花朝月夜 结束
1534669095277:Miner6532[C16]Status:15次刷新 花朝月夜 结束
1534669098371:Miner6532[C16]Status:16次刷新 花朝月夜 结束
1534669101197:Miner6532[C16]Status:17次刷新 花朝月夜 结束
1534669104024:Miner6532[C16]Status:18次刷新 花朝月夜 结束
1534669107394:Miner6532[C16]Status:19次刷新 花朝月夜 结束
1534669110689:Miner6532[C16]Status:20次刷新 花朝月夜 结束
1534669113651:Miner6532[C16]Status:21次刷新 花朝月夜 结束
1534669117300:Miner6532[C16]Status:22次刷新 花朝月夜 结束
1534669119532:Miner6532[C16]Status:23次刷新 花朝月夜 结束
1534669122536:Miner6532[C16]Status:24次刷新 花朝月夜 结束
1534669126771:Miner6532[C16]Status:25次刷新 花朝月夜 结束
1534669129330:Miner6532[C16]Status:26次刷新 花朝月夜 结束
