1534596571880:Miner16912[C16]新物品召唤兽种类:
黄金兽$普$1.604$变色
松鼠$普$1.605$不变色
龟丞相$普$1.521$变色
冰雪魔$普$1.634$不变色
冥灵妃子$普$1.653$变色
冥灵妃子$普$1.605$不变色

1534596571887:Miner16912[C16]人物估价: Max(等级(120),飞升等级=> 天赋(0)+成就(0))+财产(2)+帮派成就(1)+家具回灵(0)
1534596571893:Miner16912[C16]召唤兽估价max((等级点化174级(70)+技能义之金叶神.义之金叶神,吉人天相,高级分裂攻击,神工鬼力(80)+技能数量4(0)+基础黄金兽$普$1.604$变色(150)+修炼无修炼(0)),(觉醒技能未觉醒(0)+饰品-1(0)))
1534596571894:Miner16912[C16]召唤兽估价max((等级点化176级(70)+技能分花拂柳.分花拂柳,神工鬼力,取之有道(150)+技能数量3(0)+基础松鼠$普$1.605$不变色(0)+修炼无修炼(0)),(觉醒技能未觉醒(0)+饰品-1(0)))
1534596571901:Miner16912[C16]召唤兽估价max((等级点化171级(50)+技能.木灵诀,如人饮水,扶伤,帐饮东都(0)+技能数量4(0)+基础龟丞相$普$1.521$变色(0)+修炼无修炼(0)),(觉醒技能未觉醒(0)+饰品-1(0)))
1534596571902:Miner16912[C16]召唤兽估价max((等级点化169级(70)+技能.如人饮水,春风拂面,福禄双全,倍道兼行(0)+技能数量4(0)+基础冰雪魔$普$1.634$不变色(0)+修炼无修炼(0)),(觉醒技能未觉醒(0)+饰品-1(0)))
1534596571903:Miner16912[C16]召唤兽估价max((等级点化170级(70)+技能.福禄双全,回源,如人饮水(0)+技能数量3(0)+基础冥灵妃子$普$1.653$变色(150)+修炼无修炼(0)),(觉醒技能未觉醒(0)+饰品-1(0)))
1534596571903:Miner16912[C16]召唤兽估价max((等级点化173级(70)+技能义之金叶神.义之金叶神,如人饮水,春风拂面,倍道兼行,忠诚(80)+技能数量5(100)+基础冥灵妃子$普$1.605$不变色(0)+修炼无修炼(0)),(觉醒技能未觉醒(0)+饰品-1(0)))
1534596571907:Miner16912[C16]7级装备默契:4191/12000,价值:40
1534596571908:Miner16912[C16]7级装备默契:3277/12000,价值:40
1534596571909:Miner16912[C16]6级装备默契:5792/10000,价值:25
1534596571909:Miner16912[C16]7级装备默契:8611/12000,价值:60
1534596571910:Miner16912[C16]6级装备默契:10000/10000,价值:30
1534596571910:Miner16912[C16]6级装备默契:10000/10000,价值:30
1534596571911:Miner16912[C16]6级装备默契:8635/10000,价值:30
1534596571912:Miner16912[C16]总估价:(123+670+255=1048*100%=1048),TimeStamp=1534596571912
