1534669038707:Miner18940[C15]Status:更新设置
1534669038709:Miner18940[C15]Status:目标服务器加载完成,共计1个
1534669038710:Miner18940[C15]Status:已加载ip183.138.18.139:10048
1534669043041:Miner18940[C15]Status:龙战将售价过高
1534669043043:Miner18940[C15]Status:2次刷新 云山仙音 结束
1534669045543:Miner18940[C15]Status:3次刷新 云山仙音 结束
1534669047394:Miner18940[C15]Status:4次刷新 云山仙音 结束
1534669050452:Miner18940[C15]Status:5次刷新 云山仙音 结束
1534669052422:Miner18940[C15]Status:6次刷新 云山仙音 结束
1534669054837:Miner18940[C15]Status:7次刷新 云山仙音 结束
1534669057863:Miner18940[C15]Status:8次刷新 云山仙音 结束
1534669060714:Miner18940[C15]Status:9次刷新 云山仙音 结束
1534669062994:Miner18940[C15]Status:10次刷新 云山仙音 结束
1534669066740:Miner18940[C15]Status:11次刷新 云山仙音 结束
1534669070219:Miner18940[C15]Status:12次刷新 云山仙音 结束
1534669073642:Miner18940[C15]Status:13次刷新 云山仙音 结束
1534669076106:Miner18940[C15]Status:14次刷新 云山仙音 结束
1534669080396:Miner18940[C15]Status:15次刷新 云山仙音 结束
1534669083837:Miner18940[C15]Status:16次刷新 云山仙音 结束
1534669086664:Miner18940[C15]Status:17次刷新 云山仙音 结束
1534669089423:Miner18940[C15]Status:18次刷新 云山仙音 结束
1534669091644:Miner18940[C15]Status:19次刷新 云山仙音 结束
1534669093640:Miner18940[C15]Status:20次刷新 云山仙音 结束
1534669096471:Miner18940[C15]Status:21次刷新 云山仙音 结束
1534669099155:Miner18940[C15]Status:22次刷新 云山仙音 结束
1534669101989:Miner18940[C15]Status:23次刷新 云山仙音 结束
1534669104442:Miner18940[C15]Status:24次刷新 云山仙音 结束
1534669107076:Miner18940[C15]Status:25次刷新 云山仙音 结束
1534669109131:Miner18940[C15]Status:26次刷新 云山仙音 结束
1534669111607:Miner18940[C15]Status:27次刷新 云山仙音 结束
1534669114271:Miner18940[C15]Status:28次刷新 云山仙音 结束
1534669116241:Miner18940[C15]Status:29次刷新 云山仙音 结束
1534669119206:Miner18940[C15]Status:30次刷新 云山仙音 结束
1534669122787:Miner18940[C15]Status:31次刷新 云山仙音 结束
1534669125679:Miner18940[C15]Status:32次刷新 云山仙音 结束
1534669128917:Miner18940[C15]Status:33次刷新 云山仙音 结束
1534669133004:Miner18940[C15]Status:34次刷新 云山仙音 结束
1534669136110:Miner18940[C15]Status:35次刷新 云山仙音 结束
1534669139822:Miner18940[C15]Status:36次刷新 云山仙音 结束
1534669143254:Miner18940[C15]Status:37次刷新 云山仙音 结束
1534669145905:Miner18940[C15]Status:38次刷新 云山仙音 结束
1534669148182:Miner18940[C15]Status:39次刷新 云山仙音 结束
1534669151189:Miner18940[C15]Status:40次刷新 云山仙音 结束
1534669154334:Miner18940[C15]Status:41次刷新 云山仙音 结束
1534669156947:Miner18940[C15]Status:42次刷新 云山仙音 结束
1534669160704:Miner18940[C15]Status:43次刷新 云山仙音 结束
1534669163737:Miner18940[C15]Status:44次刷新 云山仙音 结束
