1534667671168:Miner7844[C14]进程加载完成,等待1000ms
1534669037856:Miner3880[C14]Status:更新设置
1534669037858:Miner3880[C14]Status:目标服务器加载完成,共计1个
1534669037860:Miner3880[C14]Status:已加载ip115.193.97.164:10023
1534669042134:Miner3880[C14]Status:紫薇神售价过高
1534669042136:Miner3880[C14]Status:2次刷新 佳期良年 结束
1534669046685:Miner3880[C14]Status:3次刷新 佳期良年 结束
1534669049951:Miner3880[C14]Status:4次刷新 佳期良年 结束
1534669052413:Miner3880[C14]Status:5次刷新 佳期良年 结束
1534669054019:Miner3880[C14]Status:6次刷新 佳期良年 结束
1534669056752:Miner3880[C14]Status:7次刷新 佳期良年 结束
1534669059076:Miner3880[C14]Status:8次刷新 佳期良年 结束
1534669061893:Miner3880[C14]Status:9次刷新 佳期良年 结束
1534669065376:Miner3880[C14]Status:10次刷新 佳期良年 结束
1534669067551:Miner3880[C14]Status:11次刷新 佳期良年 结束
1534669070248:Miner3880[C14]Status:12次刷新 佳期良年 结束
1534669073936:Miner3880[C14]Status:13次刷新 佳期良年 结束
1534669076595:Miner3880[C14]Status:14次刷新 佳期良年 结束
1534669079408:Miner3880[C14]Status:15次刷新 佳期良年 结束
1534669082772:Miner3880[C14]Status:16次刷新 佳期良年 结束
1534669085754:Miner3880[C14]Status:17次刷新 佳期良年 结束
1534669088862:Miner3880[C14]Status:18次刷新 佳期良年 结束
1534669091062:Miner3880[C14]Status:19次刷新 佳期良年 结束
1534669093372:Miner3880[C14]Status:20次刷新 佳期良年 结束
1534669096264:Miner3880[C14]Status:21次刷新 佳期良年 结束
1534669098831:Miner3880[C14]Status:22次刷新 佳期良年 结束
1534669101312:Miner3880[C14]Status:23次刷新 佳期良年 结束
1534669103669:Miner3880[C14]Status:24次刷新 佳期良年 结束
1534669106719:Miner3880[C14]Status:25次刷新 佳期良年 结束
1534669109601:Miner3880[C14]Status:26次刷新 佳期良年 结束
1534669112060:Miner3880[C14]Status:27次刷新 佳期良年 结束
1534669115108:Miner3880[C14]Status:28次刷新 佳期良年 结束
1534669117995:Miner3880[C14]Status:29次刷新 佳期良年 结束
1534669121438:Miner3880[C14]Status:30次刷新 佳期良年 结束
1534669124064:Miner3880[C14]Status:31次刷新 佳期良年 结束
1534669126699:Miner3880[C14]Status:32次刷新 佳期良年 结束
1534669129638:Miner3880[C14]Status:33次刷新 佳期良年 结束
1534669132262:Miner3880[C14]Status:34次刷新 佳期良年 结束
1534669135454:Miner3880[C14]Status:35次刷新 佳期良年 结束
1534669139380:Miner3880[C14]Status:36次刷新 佳期良年 结束
1534669141872:Miner3880[C14]Status:37次刷新 佳期良年 结束
1534669145208:Miner3880[C14]Status:38次刷新 佳期良年 结束
1534669148237:Miner3880[C14]Status:39次刷新 佳期良年 结束
1534669151143:Miner3880[C14]Status:40次刷新 佳期良年 结束
1534669153835:Miner3880[C14]Status:41次刷新 佳期良年 结束
1534669157688:Miner3880[C14]Status:42次刷新 佳期良年 结束
1534669159416:Miner3880[C14]Status:43次刷新 佳期良年 结束
1534669162932:Miner3880[C14]Status:44次刷新 佳期良年 结束
1534669166076:Miner3880[C14]Status:45次刷新 佳期良年 结束
