1534667667194:Miner18832[C10]进程加载完成,等待1000ms
1534667668105:Miner18832[C10]Status:更新设置
1534667668106:Miner18832[C10]Status:目标服务器加载完成,共计1个
1534667668614:Miner18832[C10]Status:加载页面失败.
1534667668614:Miner18832[C10]加载页面失败.即将结束:1000
1534668607112:Miner13460[C10]Status:更新设置
1534668607114:Miner13460[C10]Status:目标服务器加载完成,共计1个
1534668607115:Miner13460[C10]加载代理ip失败
1534669030816:Miner1664[C10]Status:更新设置
1534669030817:Miner1664[C10]Status:目标服务器加载完成,共计1个
1534669030819:Miner1664[C10]Status:已加载ip183.138.31.170:10046
1534669034373:Miner1664[C10]Status:祭剑魂售价过高
1534669034375:Miner1664[C10]Status:2次刷新 剑侠风骨 结束
1534669037377:Miner1664[C10]Status:3次刷新 剑侠风骨 结束
1534669038764:Miner1664[C10]Status:4次刷新 剑侠风骨 结束
1534669040026:Miner1664[C10]Status:5次刷新 剑侠风骨 结束
1534669042670:Miner1664[C10]Status:6次刷新 剑侠风骨 结束
1534669044332:Miner1664[C10]Status:7次刷新 剑侠风骨 结束
1534669047126:Miner1664[C10]Status:8次刷新 剑侠风骨 结束
1534669048495:Miner1664[C10]Status:9次刷新 剑侠风骨 结束
1534669050386:Miner1664[C10]Status:10次刷新 剑侠风骨 结束
1534669052262:Miner1664[C10]Status:11次刷新 剑侠风骨 结束
1534669055295:Miner1664[C10]Status:12次刷新 剑侠风骨 结束
1534669058733:Miner1664[C10]Status:13次刷新 剑侠风骨 结束
1534669061845:Miner1664[C10]Status:14次刷新 剑侠风骨 结束
1534669068232:Miner1664[C10]Status:15次刷新 剑侠风骨 结束
1534669071420:Miner1664[C10]Status:16次刷新 剑侠风骨 结束
1534669074767:Miner1664[C10]Status:17次刷新 剑侠风骨 结束
1534669077857:Miner1664[C10]Status:18次刷新 剑侠风骨 结束
1534669080960:Miner1664[C10]Status:19次刷新 剑侠风骨 结束
1534669084289:Miner1664[C10]Status:20次刷新 剑侠风骨 结束
1534669087028:Miner1664[C10]Status:21次刷新 剑侠风骨 结束
1534669089502:Miner1664[C10]Status:22次刷新 剑侠风骨 结束
1534669091907:Miner1664[C10]Status:23次刷新 剑侠风骨 结束
1534669095196:Miner1664[C10]Status:24次刷新 剑侠风骨 结束
1534669097835:Miner1664[C10]Status:25次刷新 剑侠风骨 结束
1534669100741:Miner1664[C10]Status:26次刷新 剑侠风骨 结束
1534669103577:Miner1664[C10]Status:27次刷新 剑侠风骨 结束
1534669106491:Miner1664[C10]Status:28次刷新 剑侠风骨 结束
1534669109793:Miner1664[C10]Status:29次刷新 剑侠风骨 结束
1534669112107:Miner1664[C10]Status:30次刷新 剑侠风骨 结束
1534669114875:Miner1664[C10]Status:31次刷新 剑侠风骨 结束
1534669118407:Miner1664[C10]Status:32次刷新 剑侠风骨 结束
1534669122574:Miner1664[C10]Status:33次刷新 剑侠风骨 结束
1534669125466:Miner1664[C10]Status:34次刷新 剑侠风骨 结束
1534669128493:Miner1664[C10]Status:35次刷新 剑侠风骨 结束
1534669131268:Miner1664[C10]Status:36次刷新 剑侠风骨 结束
1534669135253:Miner1664[C10]Status:37次刷新 剑侠风骨 结束
1534669138211:Miner1664[C10]Status:38次刷新 剑侠风骨 结束
1534669140729:Miner1664[C10]Status:39次刷新 剑侠风骨 结束
1534669143571:Miner1664[C10]Status:40次刷新 剑侠风骨 结束
1534669146451:Miner1664[C10]Status:41次刷新 剑侠风骨 结束
1534669149861:Miner1664[C10]Status:42次刷新 剑侠风骨 结束
1534669152430:Miner1664[C10]Status:43次刷新 剑侠风骨 结束
1534669154278:Miner1664[C10]Status:44次刷新 剑侠风骨 结束
1534669157165:Miner1664[C10]Status:45次刷新 剑侠风骨 结束
1534669160895:Miner1664[C10]Status:46次刷新 剑侠风骨 结束
1534669164476:Miner1664[C10]Status:47次刷新 剑侠风骨 结束
1534669166301:Miner1664[C10]Status:48次刷新 剑侠风骨 结束
