行 15: 控件 ServerLoaders 的类 MSComctlLib.ListView 不是一个已加载的控件类。
行 32: 控件 LstIpShow 的类 MSComctlLib.ListView 不是一个已加载的控件类。
行 49: 控件 MainOutPut 的类 MSComctlLib.ListView 不是一个已加载的控件类。
行 21: 属性名 _ExtentX 在 ServerLoaders 中是无效的。
行 22: 属性名 _ExtentY 在 ServerLoaders 中是无效的。
行 23: 属性名 LabelWrap 在 ServerLoaders 中是无效的。
行 24: 属性名 HideSelection 在 ServerLoaders 中是无效的。
行 25: 属性名 _Version 在 ServerLoaders 中是无效的。
行 30: 属性名 NumItems 在 ServerLoaders 中是无效的。
行 38: 属性名 _ExtentX 在 LstIpShow 中是无效的。
行 39: 属性名 _ExtentY 在 LstIpShow 中是无效的。
行 40: 属性名 LabelWrap 在 LstIpShow 中是无效的。
行 41: 属性名 HideSelection 在 LstIpShow 中是无效的。
行 42: 属性名 _Version 在 LstIpShow 中是无效的。
行 47: 属性名 NumItems 在 LstIpShow 中是无效的。
行 55: 属性名 _ExtentX 在 MainOutPut 中是无效的。
行 56: 属性名 _ExtentY 在 MainOutPut 中是无效的。
行 57: 属性名 LabelWrap 在 MainOutPut 中是无效的。
行 58: 属性名 HideSelection 在 MainOutPut 中是无效的。
行 59: 属性名 _Version 在 MainOutPut 中是无效的。
行 64: 属性名 NumItems 在 MainOutPut 中是无效的。
