1534669044598:Miner16448[C20]Status:更新设置
1534669044600:Miner16448[C20]Status:目标服务器加载完成,共计1个
1534669044602:Miner16448[C20]Status:已加载ip115.209.123.254:10037
1534669049571:Miner16448[C20]Status:无涯子售价过高
1534669049572:Miner16448[C20]Status:2次刷新 碧海潮生 结束
1534669054606:Miner16448[C20]Status:3次刷新 碧海潮生 结束
1534669057394:Miner16448[C20]Status:4次刷新 碧海潮生 结束
1534669059875:Miner16448[C20]Status:5次刷新 碧海潮生 结束
1534669064588:Miner16448[C20]Status:6次刷新 碧海潮生 结束
1534669068668:Miner16448[C20]Status:7次刷新 碧海潮生 结束
1534669072623:Miner16448[C20]Status:8次刷新 碧海潮生 结束
1534669077155:Miner16448[C20]Status:9次刷新 碧海潮生 结束
1534669080667:Miner16448[C20]Status:10次刷新 碧海潮生 结束
1534669084018:Miner16448[C20]Status:11次刷新 碧海潮生 结束
1534669087159:Miner16448[C20]Status:12次刷新 碧海潮生 结束
1534669090422:Miner16448[C20]Status:13次刷新 碧海潮生 结束
1534669093297:Miner16448[C20]Status:14次刷新 碧海潮生 结束
1534669096916:Miner16448[C20]Status:15次刷新 碧海潮生 结束
1534669099594:Miner16448[C20]Status:16次刷新 碧海潮生 结束
1534669102702:Miner16448[C20]Status:17次刷新 碧海潮生 结束
1534669105697:Miner16448[C20]Status:18次刷新 碧海潮生 结束
1534669108819:Miner16448[C20]Status:19次刷新 碧海潮生 结束
1534669111696:Miner16448[C20]Status:20次刷新 碧海潮生 结束
1534669114016:Miner16448[C20]Status:21次刷新 碧海潮生 结束
1534669118159:Miner16448[C20]Status:22次刷新 碧海潮生 结束
1534669121181:Miner16448[C20]Status:23次刷新 碧海潮生 结束
1534669122834:Miner16448[C20]Status:24次刷新 碧海潮生 结束
1534669126183:Miner16448[C20]Status:25次刷新 碧海潮生 结束
1534669129816:Miner16448[C20]Status:26次刷新 碧海潮生 结束
1534669135188:Miner16448[C20]Status:27次刷新 碧海潮生 结束
1534669139657:Miner16448[C20]Status:28次刷新 碧海潮生 结束
1534669143156:Miner16448[C20]Status:29次刷新 碧海潮生 结束
1534669146753:Miner16448[C20]Status:30次刷新 碧海潮生 结束
1534669150586:Miner16448[C20]Status:31次刷新 碧海潮生 结束
1534669154021:Miner16448[C20]Status:32次刷新 碧海潮生 结束
1534669158574:Miner16448[C20]Status:33次刷新 碧海潮生 结束
1534669161831:Miner16448[C20]Status:34次刷新 碧海潮生 结束
1534669164477:Miner16448[C20]Status:35次刷新 碧海潮生 结束
