1534669049537:Miner16448[C20]新物品召唤兽种类:
拨浪鼓$普$1.324$变色
哥俩好$普$1.653$变色
吉祥果$普$1.324$变色
松鼠$普$1.653$变色
孟极$普$1.653$不变色
赭炎$普$1.475$不变色
雷兽$普$1.653$变色
水灵仙$普$1.614$变色
妙音鸾女$普$1.653$不变色
碧水精魄$普$1.634$变色
水月镜花$普$1.523$不变色

1534669049544:Miner16448[C20]人物估价: Max(等级(120),飞升等级=> 天赋(1200)+成就(500))+财产(39)+帮派成就(2)+家具回灵(0)
1534669049551:Miner16448[C20]召唤兽估价max((等级点化183级(70)+技能.风火燎原,吉人天相,扶伤,悬刃,报复(0)+技能数量5(150)+基础拨浪鼓$普$1.324$变色(0)+修炼无修炼(0)),(觉醒技能未觉醒(0)+饰品-1(0)))
1534669049552:Miner16448[C20]召唤兽估价max((等级点化180级(50)+技能大隐于朝.大隐于朝,春风拂面,吉人天相,风火燎原(150)+技能数量4(0)+基础哥俩好$普$1.653$变色(0)+修炼无修炼(0)),(觉醒技能未觉醒(0)+饰品-1(0)))
1534669049553:Miner16448[C20]召唤兽估价max((等级点化186级(70)+技能信之土叶神.风火燎原,信之土叶神,倍道兼行,混乱,天地同寿(80)+技能数量5(200)+基础吉祥果$普$1.324$变色(150)+修炼无修炼(0)),(觉醒技能未觉醒(0)+饰品-1(0)))
1534669049554:Miner16448[C20]召唤兽估价max((等级点化170级(70)+技能大隐于朝.大隐于朝,风火燎原,妙手回春,取之有道(150)+技能数量4(0)+基础松鼠$普$1.653$变色(150)+修炼无修炼(0)),(觉醒技能未觉醒(0)+饰品-1(0)))
1534669049556:Miner16448[C20]召唤兽估价max((等级点化177级(70)+技能分花拂柳.分花拂柳,春风拂面,信之土叶神,倍道兼行(150)+技能数量4(0)+基础孟极$普$1.653$不变色(1200)+修炼无修炼(1000)),(觉醒技能已觉醒(100)+饰品250(60)))
1534669049556:Miner16448[C20]召唤兽估价max((等级2转140级(-99999)+技能.高级慈乌反哺,分裂攻击,人来疯(0)+技能数量3(0)+基础赭炎$普$1.475$不变色(0)+修炼无修炼(0)),(觉醒技能未觉醒(0)+饰品-1(0)))
1534669049557:Miner16448[C20]召唤兽估价max((等级点化168级(50)+技能.妙手回春,高级禅机顿悟,报复,忠不避危(0)+技能数量4(0)+基础雷兽$普$1.653$变色(0)+修炼无修炼(0)),(觉醒技能已觉醒(100)+饰品-1(0)))
1534669049557:Miner16448[C20]召唤兽估价max((等级点化170级(50)+技能神出鬼没.怒仙,风火燎原,吉人天相,神出鬼没(180)+技能数量4(0)+基础水灵仙$普$1.614$变色(0)+修炼无修炼(0)),(觉醒技能已觉醒(100)+饰品-1(0)))
1534669049558:Miner16448[C20]召唤兽估价max((等级点化177级(70)+技能神出鬼没.神出鬼没,视死如归,怒仙,风火燎原(180)+技能数量4(0)+基础妙音鸾女$普$1.653$不变色(400)+修炼无修炼(0)),(觉醒技能已觉醒(100)+饰品-1(0)))
1534669049558:Miner16448[C20]召唤兽估价max((等级点化174级(50)+技能神出鬼没.风火燎原,吉人天相,神出鬼没,暮鼓晨钟(180)+技能数量4(0)+基础碧水精魄$普$1.634$变色(0)+修炼无修炼(0)),(觉醒技能未觉醒(0)+饰品-1(0)))
1534669049559:Miner16448[C20]类型库中不存在水月镜花$普$1.523$不变色当前库共有368种
1534669049563:Miner16448[C20]7级装备默契:10135/12000,价值:80
1534669049564:Miner16448[C20]7级装备默契:10010/12000,价值:80
1534669049564:Miner16448[C20]7级装备默契:10011/12000,价值:80
1534669049565:Miner16448[C20]7级装备默契:10618/12000,价值:80
1534669049566:Miner16448[C20]7级装备默契:10086/12000,价值:80
1534669049566:Miner16448[C20]7级装备默契:10050/12000,价值:80
1534669049567:Miner16448[C20]7级装备默契:10800/12000,价值:80
1534669049567:Miner16448[C20]7级装备默契:9423/12000,价值:60
1534669049567:Miner16448[C20]7级装备默契:9956/12000,价值:60
1534669049568:Miner16448[C20]7级装备默契:3709/12000,价值:40
1534669049568:Miner16448[C20]6级装备默契:8230/10000,价值:30
1534669049569:Miner16448[C20]总估价:(1741+3070+750=5561*100%=5561),TimeStamp=1534669049569
