1534667658456:Miner15096[C2]进程加载完成,等待1000ms
1534667659367:Miner15096[C2]Status:更新设置
1534667659369:Miner15096[C2]Status:目标服务器加载完成,共计1个
1534667659919:Miner15096[C2]Status:加载页面失败.
1534667659920:Miner15096[C2]加载页面失败.即将结束:1000
1534667805234:Miner8560[C2]Status:更新设置
1534667805235:Miner8560[C2]Status:目标服务器加载完成,共计1个
1534667805236:Miner8560[C2]加载代理ip失败
1534667838930:Miner15036[C2]Status:更新设置
1534667838931:Miner15036[C2]Status:目标服务器加载完成,共计1个
1534667838932:Miner15036[C2]加载代理ip失败
1534668572679:Miner10712[C2]Status:更新设置
1534668572681:Miner10712[C2]Status:目标服务器加载完成,共计1个
1534668572682:Miner10712[C2]加载代理ip失败
1534668927088:Miner18736[C2]Status:更新设置
1534668927090:Miner18736[C2]Status:目标服务器加载完成,共计1个
1534668927091:Miner18736[C2]Status:已加载ip125.106.111.223:10046
1534668938116:Miner18736[C2]Status:飞剑侠售价过高
1534668938117:Miner18736[C2]Status:2次刷新 鹤舞云天 结束
1534668949275:Miner18736[C2]Status:3次刷新 鹤舞云天 结束
1534668962625:Miner18736[C2]Status:4次刷新 鹤舞云天 结束
1534669023659:Miner12096[C2]Status:更新设置
1534669023660:Miner12096[C2]Status:目标服务器加载完成,共计1个
1534669023662:Miner12096[C2]Status:已加载ip122.245.187.96:10016
1534669028499:Miner12096[C2]Status:俏千金售价过高
1534669028500:Miner12096[C2]Status:2次刷新 龙的传人 结束
1534669031173:Miner12096[C2]Status:3次刷新 龙的传人 结束
1534669033982:Miner12096[C2]Status:4次刷新 龙的传人 结束
1534669036183:Miner12096[C2]Status:5次刷新 龙的传人 结束
1534669039625:Miner12096[C2]Status:6次刷新 龙的传人 结束
1534669041433:Miner12096[C2]Status:7次刷新 龙的传人 结束
1534669043304:Miner12096[C2]Status:8次刷新 龙的传人 结束
1534669047091:Miner12096[C2]Status:9次刷新 龙的传人 结束
1534669049983:Miner12096[C2]Status:10次刷新 龙的传人 结束
1534669051913:Miner12096[C2]Status:11次刷新 龙的传人 结束
1534669055446:Miner12096[C2]Status:12次刷新 龙的传人 结束
1534669058356:Miner12096[C2]Status:13次刷新 龙的传人 结束
1534669061594:Miner12096[C2]Status:14次刷新 龙的传人 结束
1534669065599:Miner12096[C2]Status:15次刷新 龙的传人 结束
1534669069697:Miner12096[C2]Status:16次刷新 龙的传人 结束
1534669073040:Miner12096[C2]Status:17次刷新 龙的传人 结束
1534669076329:Miner12096[C2]Status:18次刷新 龙的传人 结束
1534669079696:Miner12096[C2]Status:19次刷新 龙的传人 结束
1534669083929:Miner12096[C2]Status:20次刷新 龙的传人 结束
1534669087173:Miner12096[C2]Status:21次刷新 龙的传人 结束
1534669091842:Miner12096[C2]Status:22次刷新 龙的传人 结束
1534669095141:Miner12096[C2]Status:23次刷新 龙的传人 结束
1534669098576:Miner12096[C2]Status:24次刷新 龙的传人 结束
1534669102010:Miner12096[C2]Status:25次刷新 龙的传人 结束
1534669105285:Miner12096[C2]Status:26次刷新 龙的传人 结束
1534669108346:Miner12096[C2]Status:27次刷新 龙的传人 结束
1534669111560:Miner12096[C2]Status:28次刷新 龙的传人 结束
1534669115206:Miner12096[C2]Status:29次刷新 龙的传人 结束
1534669118636:Miner12096[C2]Status:30次刷新 龙的传人 结束
1534669122981:Miner12096[C2]Status:31次刷新 龙的传人 结束
1534669125901:Miner12096[C2]Status:32次刷新 龙的传人 结束
1534669130172:Miner12096[C2]Status:33次刷新 龙的传人 结束
1534669135271:Miner12096[C2]Status:34次刷新 龙的传人 结束
1534669138532:Miner12096[C2]Status:35次刷新 龙的传人 结束
1534669141710:Miner12096[C2]Status:36次刷新 龙的传人 结束
1534669144887:Miner12096[C2]Status:37次刷新 龙的传人 结束
1534669149647:Miner12096[C2]Status:38次刷新 龙的传人 结束
1534669152698:Miner12096[C2]Status:39次刷新 龙的传人 结束
1534669155920:Miner12096[C2]Status:40次刷新 龙的传人 结束
1534669158625:Miner12096[C2]Status:41次刷新 龙的传人 结束
1534669161897:Miner12096[C2]Status:42次刷新 龙的传人 结束
1534669165708:Miner12096[C2]Status:43次刷新 龙的传人 结束
