1534669043555:Miner14964[C19]Status:更新设置
1534669043557:Miner14964[C19]Status:目标服务器加载完成,共计1个
1534669043559:Miner14964[C19]Status:已加载ip180.126.78.180:10031
1534669048807:Miner14964[C19]Status:小蛮妖售价过高
1534669048809:Miner14964[C19]Status:2次刷新 似水流年 结束
1534669053104:Miner14964[C19]Status:3次刷新 似水流年 结束
1534669057976:Miner14964[C19]Status:4次刷新 似水流年 结束
1534669060828:Miner14964[C19]Status:5次刷新 似水流年 结束
1534669064011:Miner14964[C19]Status:6次刷新 似水流年 结束
1534669067758:Miner14964[C19]Status:7次刷新 似水流年 结束
1534669071183:Miner14964[C19]Status:8次刷新 似水流年 结束
1534669074170:Miner14964[C19]Status:9次刷新 似水流年 结束
1534669076632:Miner14964[C19]Status:10次刷新 似水流年 结束
1534669079134:Miner14964[C19]Status:11次刷新 似水流年 结束
1534669082742:Miner14964[C19]Status:12次刷新 似水流年 结束
1534669085828:Miner14964[C19]Status:13次刷新 似水流年 结束
1534669088928:Miner14964[C19]Status:14次刷新 似水流年 结束
1534669090941:Miner14964[C19]Status:15次刷新 似水流年 结束
1534669093805:Miner14964[C19]Status:16次刷新 似水流年 结束
1534669096653:Miner14964[C19]Status:17次刷新 似水流年 结束
1534669099090:Miner14964[C19]Status:18次刷新 似水流年 结束
1534669101360:Miner14964[C19]Status:19次刷新 似水流年 结束
1534669104462:Miner14964[C19]Status:20次刷新 似水流年 结束
1534669106949:Miner14964[C19]Status:21次刷新 似水流年 结束
1534669109781:Miner14964[C19]Status:22次刷新 似水流年 结束
1534669112852:Miner14964[C19]Status:23次刷新 似水流年 结束
1534669116498:Miner14964[C19]Status:24次刷新 似水流年 结束
1534669120213:Miner14964[C19]Status:25次刷新 似水流年 结束
1534669123017:Miner14964[C19]Status:26次刷新 似水流年 结束
1534669125488:Miner14964[C19]Status:27次刷新 似水流年 结束
1534669127132:Miner14964[C19]Status:28次刷新 似水流年 结束
1534669131208:Miner14964[C19]Status:29次刷新 似水流年 结束
1534669135254:Miner14964[C19]Status:30次刷新 似水流年 结束
1534669138200:Miner14964[C19]Status:31次刷新 似水流年 结束
1534669141088:Miner14964[C19]Status:32次刷新 似水流年 结束
1534669144590:Miner14964[C19]Status:33次刷新 似水流年 结束
1534669147390:Miner14964[C19]Status:34次刷新 似水流年 结束
1534669150877:Miner14964[C19]Status:35次刷新 似水流年 结束
1534669154021:Miner14964[C19]Status:36次刷新 似水流年 结束
1534669155839:Miner14964[C19]Status:37次刷新 似水流年 结束
1534669158913:Miner14964[C19]Status:38次刷新 似水流年 结束
1534669160780:Miner14964[C19]Status:39次刷新 似水流年 结束
1534669165509:Miner14964[C19]Status:40次刷新 似水流年 结束
