1534667665343:Miner16524[C8]进程加载完成,等待1000ms
1534667666255:Miner16524[C8]Status:更新设置
1534667666259:Miner16524[C8]Status:目标服务器加载完成,共计1个
1534667666502:Miner16524[C8]Status:加载页面失败.
1534667666503:Miner16524[C8]加载页面失败.即将结束:1000
1534668594016:Miner9088[C8]Status:更新设置
1534668594018:Miner9088[C8]Status:目标服务器加载完成,共计1个
1534668594019:Miner9088[C8]加载代理ip失败
1534668970173:Miner10116[C8]Status:更新设置
1534668970174:Miner10116[C8]Status:目标服务器加载完成,共计1个
1534668970175:Miner10116[C8]Status:已加载ip117.82.127.216:10022
1534668974547:Miner10116[C8]Status:飞剑侠售价过高
1534668974548:Miner10116[C8]Status:2次刷新 鹤舞云天 结束
1534668977667:Miner10116[C8]Status:3次刷新 鹤舞云天 结束
1534668980628:Miner10116[C8]Status:4次刷新 鹤舞云天 结束
1534668983333:Miner10116[C8]Status:5次刷新 鹤舞云天 结束
1534668986377:Miner10116[C8]Status:6次刷新 鹤舞云天 结束
1534668989016:Miner10116[C8]Status:7次刷新 鹤舞云天 结束
1534668990891:Miner10116[C8]Status:8次刷新 鹤舞云天 结束
1534668993878:Miner10116[C8]Status:9次刷新 鹤舞云天 结束
1534669029445:Miner11004[C8]Status:更新设置
1534669029447:Miner11004[C8]Status:目标服务器加载完成,共计1个
1534669029448:Miner11004[C8]Status:已加载ip180.115.222.188:10026
1534669033933:Miner11004[C8]Status:无涯子售价过高
1534669033935:Miner11004[C8]Status:2次刷新 尘缘未了 结束
1534669037735:Miner11004[C8]Status:3次刷新 尘缘未了 结束
1534669039210:Miner11004[C8]Status:4次刷新 尘缘未了 结束
1534669041914:Miner11004[C8]Status:5次刷新 尘缘未了 结束
1534669043656:Miner11004[C8]Status:6次刷新 尘缘未了 结束
1534669046208:Miner11004[C8]Status:7次刷新 尘缘未了 结束
1534669050476:Miner11004[C8]Status:8次刷新 尘缘未了 结束
1534669053028:Miner11004[C8]Status:9次刷新 尘缘未了 结束
1534669056110:Miner11004[C8]Status:10次刷新 尘缘未了 结束
1534669060538:Miner11004[C8]Status:11次刷新 尘缘未了 结束
1534669065809:Miner11004[C8]Status:12次刷新 尘缘未了 结束
1534669068606:Miner11004[C8]Status:13次刷新 尘缘未了 结束
1534669071495:Miner11004[C8]Status:14次刷新 尘缘未了 结束
1534669074421:Miner11004[C8]Status:15次刷新 尘缘未了 结束
1534669077247:Miner11004[C8]Status:16次刷新 尘缘未了 结束
1534669080662:Miner11004[C8]Status:17次刷新 尘缘未了 结束
