1534667660977:Miner19084[C4]进程加载完成,等待1000ms
1534667661888:Miner19084[C4]Status:更新设置
1534667661890:Miner19084[C4]Status:目标服务器加载完成,共计1个
1534667662394:Miner19084[C4]Status:加载页面失败.
1534667662395:Miner19084[C4]加载页面失败.即将结束:1000
1534668576065:Miner7240[C4]Status:更新设置
1534668576067:Miner7240[C4]Status:目标服务器加载完成,共计1个
1534668576068:Miner7240[C4]加载代理ip失败
1534668928258:Miner14708[C4]Status:更新设置
1534668928260:Miner14708[C4]Status:目标服务器加载完成,共计1个
1534668928261:Miner14708[C4]Status:已加载ip117.94.23.90:10028
1534668932752:Miner14708[C4]Status:逆天魔售价过高
1534668932753:Miner14708[C4]Status:2次刷新 龙城飞将 结束
1534668935260:Miner14708[C4]Status:3次刷新 龙城飞将 结束
1534668937146:Miner14708[C4]Status:4次刷新 龙城飞将 结束
1534668938716:Miner14708[C4]Status:5次刷新 龙城飞将 结束
1534668940985:Miner14708[C4]Status:6次刷新 龙城飞将 结束
1534668943381:Miner14708[C4]Status:7次刷新 龙城飞将 结束
1534668945782:Miner14708[C4]Status:8次刷新 龙城飞将 结束
1534668948590:Miner14708[C4]Status:9次刷新 龙城飞将 结束
1534668950573:Miner14708[C4]Status:10次刷新 龙城飞将 结束
1534668952985:Miner14708[C4]Status:11次刷新 龙城飞将 结束
1534668955943:Miner14708[C4]Status:12次刷新 龙城飞将 结束
1534668958198:Miner14708[C4]Status:13次刷新 龙城飞将 结束
1534668960395:Miner14708[C4]Status:14次刷新 龙城飞将 结束
1534668962534:Miner14708[C4]Status:15次刷新 龙城飞将 结束
1534668964704:Miner14708[C4]Status:16次刷新 龙城飞将 结束
1534668966177:Miner14708[C4]Status:17次刷新 龙城飞将 结束
1534668969030:Miner14708[C4]Status:18次刷新 龙城飞将 结束
1534668972113:Miner14708[C4]Status:19次刷新 龙城飞将 结束
1534668974475:Miner14708[C4]Status:20次刷新 龙城飞将 结束
1534668976756:Miner14708[C4]Status:21次刷新 龙城飞将 结束
1534668978757:Miner14708[C4]Status:22次刷新 龙城飞将 结束
1534668981653:Miner14708[C4]Status:23次刷新 龙城飞将 结束
1534668983652:Miner14708[C4]Status:24次刷新 龙城飞将 结束
1534668986210:Miner14708[C4]Status:25次刷新 龙城飞将 结束
1534668988273:Miner14708[C4]Status:26次刷新 龙城飞将 结束
1534668990249:Miner14708[C4]Status:27次刷新 龙城飞将 结束
1534668992312:Miner14708[C4]Status:28次刷新 龙城飞将 结束
1534668993806:Miner14708[C4]Status:29次刷新 龙城飞将 结束
1534668995615:Miner14708[C4]Status:30次刷新 龙城飞将 结束
1534669024850:Miner14836[C4]Status:更新设置
1534669024851:Miner14836[C4]Status:目标服务器加载完成,共计1个
1534669024852:Miner14836[C4]Status:已加载ip115.214.20.161:10019
1534669028834:Miner14836[C4]Status:武尊神售价过高
1534669028836:Miner14836[C4]Status:2次刷新 太初幻境 结束
1534669031248:Miner14836[C4]Status:3次刷新 太初幻境 结束
1534669033135:Miner14836[C4]Status:4次刷新 太初幻境 结束
1534669035973:Miner14836[C4]Status:5次刷新 太初幻境 结束
1534669038058:Miner14836[C4]Status:6次刷新 太初幻境 结束
1534669040369:Miner14836[C4]Status:7次刷新 太初幻境 结束
1534669042941:Miner14836[C4]Status:8次刷新 太初幻境 结束
1534669045858:Miner14836[C4]Status:9次刷新 太初幻境 结束
1534669049096:Miner14836[C4]Status:10次刷新 太初幻境 结束
1534669051192:Miner14836[C4]Status:11次刷新 太初幻境 结束
1534669053840:Miner14836[C4]Status:12次刷新 太初幻境 结束
1534669056917:Miner14836[C4]Status:13次刷新 太初幻境 结束
1534669059860:Miner14836[C4]Status:14次刷新 太初幻境 结束
1534669064220:Miner14836[C4]Status:15次刷新 太初幻境 结束
1534669066913:Miner14836[C4]Status:16次刷新 太初幻境 结束
1534669069776:Miner14836[C4]Status:17次刷新 太初幻境 结束
1534669073353:Miner14836[C4]Status:18次刷新 太初幻境 结束
1534669075895:Miner14836[C4]Status:19次刷新 太初幻境 结束
1534669079113:Miner14836[C4]Status:20次刷新 太初幻境 结束
1534669082112:Miner14836[C4]Status:21次刷新 太初幻境 结束
1534669085153:Miner14836[C4]Status:22次刷新 太初幻境 结束
1534669088159:Miner14836[C4]Status:23次刷新 太初幻境 结束
1534669092258:Miner14836[C4]Status:24次刷新 太初幻境 结束
1534669094611:Miner14836[C4]Status:25次刷新 太初幻境 结束
1534669097556:Miner14836[C4]Status:26次刷新 太初幻境 结束
1534669101441:Miner14836[C4]Status:27次刷新 太初幻境 结束
1534669104310:Miner14836[C4]Status:28次刷新 太初幻境 结束
1534669106591:Miner14836[C4]Status:29次刷新 太初幻境 结束
1534669108290:Miner14836[C4]Status:30次刷新 太初幻境 结束
1534669111040:Miner14836[C4]Status:31次刷新 太初幻境 结束
1534669113139:Miner14836[C4]Status:32次刷新 太初幻境 结束
1534669116493:Miner14836[C4]Status:33次刷新 太初幻境 结束
1534669119539:Miner14836[C4]Status:34次刷新 太初幻境 结束
1534669121095:Miner14836[C4]Status:35次刷新 太初幻境 结束
1534669124251:Miner14836[C4]Status:36次刷新 太初幻境 结束
1534669127922:Miner14836[C4]Status:37次刷新 太初幻境 结束
1534669130984:Miner14836[C4]Status:38次刷新 太初幻境 结束
1534669134556:Miner14836[C4]Status:39次刷新 太初幻境 结束
1534669137417:Miner14836[C4]Status:40次刷新 太初幻境 结束
1534669140634:Miner14836[C4]Status:41次刷新 太初幻境 结束
1534669145456:Miner14836[C4]Status:42次刷新 太初幻境 结束
1534669150295:Miner14836[C4]Status:43次刷新 太初幻境 结束
1534669153199:Miner14836[C4]Status:44次刷新 太初幻境 结束
1534669155024:Miner14836[C4]Status:45次刷新 太初幻境 结束
1534669157858:Miner14836[C4]Status:46次刷新 太初幻境 结束
1534669160941:Miner14836[C4]Status:47次刷新 太初幻境 结束
1534669163938:Miner14836[C4]Status:48次刷新 太初幻境 结束
