180902050456:Miner2412[C4]新物品召唤兽种类:

180902050456:Miner2412[C4]人物估价: Max(等级(180),飞升等级=> 天赋(0)+成就(500))+财产(0)+帮派成就(1)+家具回灵(0)
180902050456:Miner2412[C4]共有20件装备
180902050456:Miner2412[C4]不存在的等级规则:1
180902050456:Miner2412[C4]0阶仙器价值0'薄如蝉翼的纱巾，可佩戴在面部，给人一种神秘感。#r【等级】一级#r【耐久度】500#r【最大默契度】无#r【装备部位】面具#r【装备角色】女'
180902050456:Miner2412[C4]不存在的名称蝉翼纱巾
180902050456:Miner2412[C4]符石价值总价:0
180902050456:Miner2412[C4]不存在的等级规则:1
180902050456:Miner2412[C4]0阶仙器价值0'赤血染黄石，焰火永不熄。是用来合成装备的神奇矿石，可打造到武器上。'
180902050456:Miner2412[C4]不存在的名称赤焰石
180902050456:Miner2412[C4]符石价值总价:0
180902050456:Miner2412[C4]不存在的等级规则:1
180902050456:Miner2412[C4]0阶仙器价值0'据说此物是南极仙翁之物，随仙翁便行寰宇三界；解救世人危难。'
180902050456:Miner2412[C4]不存在的名称青藤葫芦
180902050456:Miner2412[C4]符石价值总价:0
180902050456:Miner2412[C4]不存在的等级规则:1
180902050456:Miner2412[C4]0阶仙器价值0'四大天王-魔礼红之物，撑开时天昏地暗，转动时乾坤摇曳！'
180902050456:Miner2412[C4]不存在的名称混元伞
180902050456:Miner2412[C4]符石价值总价:0
180902050456:Miner2412[C4]不存在的等级规则:1
180902050456:Miner2412[C4]0阶仙器价值0'广寒宫至宝，专打世间痴男怨女．'
180902050456:Miner2412[C4]不存在的名称绝情鞭
180902050456:Miner2412[C4]符石价值总价:0
180902050456:Miner2412[C4]不存在的等级规则:1
180902050456:Miner2412[C4]0阶仙器价值0'四大天王-魔礼青之物，挥舞此剑如风雷滚动，威势非凡。'
180902050456:Miner2412[C4]不存在的名称青云剑
180902050456:Miner2412[C4]符石价值总价:0
180902050456:Miner2412[C4]不存在的等级规则:1
180902050456:Miner2412[C4]0阶仙器价值0'至情化蝶，千秋同穴．'
180902050456:Miner2412[C4]不存在的名称化蝶
180902050456:Miner2412[C4]符石价值总价:0
180902050456:Miner2412[C4]不存在的等级规则:1
180902050456:Miner2412[C4]0阶仙器价值0'白骨精历练千年的爪子，能够抓去人的三魂七魄，令人魂飞魄散．'
180902050456:Miner2412[C4]不存在的名称白骨爪
180902050456:Miner2412[C4]符石价值总价:0
180902050456:Miner2412[C4]不存在的等级规则:1
180902050456:Miner2412[C4]0阶仙器价值0'普陀山至宝，仙娥织就，神女机成，有超凡入圣之妙．'
180902050456:Miner2412[C4]不存在的名称锦斓袈裟
180902050456:Miner2412[C4]符石价值总价:0
180902050456:Miner2412[C4]不存在的等级规则:1
180902050456:Miner2412[C4]0阶仙器价值0'混沌初开所成的至宝，能够解除混乱，令人见心明性．'
180902050456:Miner2412[C4]不存在的名称番天印
180902050456:Miner2412[C4]符石价值总价:0
180902050456:Miner2412[C4]不存在的等级规则:1
180902050456:Miner2412[C4]0阶仙器价值0'一顶嵌金花帽，唐僧用来约束孙悟空的法宝．'
180902050456:Miner2412[C4]不存在的名称金箍儿
180902050456:Miner2412[C4]符石价值总价:0
180902050456:Miner2412[C4]不存在的等级规则:1
180902050456:Miner2412[C4]0阶仙器价值0'二郎神的法宝，能够明心见性一体真如．'
180902050456:Miner2412[C4]不存在的名称宝莲灯
180902050456:Miner2412[C4]符石价值总价:0
180902050456:Miner2412[C4]不存在的等级规则:1
180902050456:Miner2412[C4]0阶仙器价值0'用红豆和情丝织就的大网，令世间有情种子在劫难逃．'
180902050456:Miner2412[C4]不存在的名称情网
180902050456:Miner2412[C4]符石价值总价:0
180902050456:Miner2412[C4]不存在的等级规则:1
180902050456:Miner2412[C4]0阶仙器价值0'佛门密宗大手印，渡众生一切苦厄．'
180902050456:Miner2412[C4]不存在的名称大手印
180902050456:Miner2412[C4]符石价值总价:0
180902050456:Miner2412[C4]不存在的等级规则:1
180902050456:Miner2412[C4]0阶仙器价值0'地狱饿鬼的爪子，含沙射影，阴毒无比．'
180902050456:Miner2412[C4]不存在的名称幽冥鬼手
180902050456:Miner2412[C4]符石价值总价:0
180902050456:Miner2412[C4]不存在的等级规则:1
180902050456:Miner2412[C4]0阶仙器价值0'东海孽龙的内丹，具有炼气化神，炼神还虚的神奇功效．'
180902050456:Miner2412[C4]不存在的名称黑龙珠
180902050456:Miner2412[C4]符石价值总价:0
180902050456:Miner2412[C4]不存在的等级规则:1
180902050456:Miner2412[C4]0阶仙器价值0'托塔天王李靖的法宝，能够反震法力伤害．'
180902050456:Miner2412[C4]不存在的名称七宝玲珑塔
180902050456:Miner2412[C4]符石价值总价:0
180902050456:Miner2412[C4]不存在的等级规则:1
180902050456:Miner2412[C4]0阶仙器价值0'大势至菩萨的独门法宝，能破一切魔障．'
180902050456:Miner2412[C4]不存在的名称大势锤
180902050456:Miner2412[C4]符石价值总价:0
180902050456:Miner2412[C4]不存在的等级规则:1
180902050456:Miner2412[C4]0阶仙器价值0'将军府行军打仗的令牌，上书兵法秘要，能够令乾坤挪移．'
180902050456:Miner2412[C4]不存在的名称将军令
180902050456:Miner2412[C4]符石价值总价:0
180902050456:Miner2412[C4]不存在的等级规则:1
180902050456:Miner2412[C4]0阶仙器价值0'紫霞仙子的法宝，能够将转化伤害．'
180902050456:Miner2412[C4]不存在的名称银索金铃
180902050456:Miner2412[C4]符石价值总价:0
180902050456:Miner2412[C4]总估价:(501+0+0=501*100%=501),TimeStamp=1535879096238
